CRITICAL - 2024-04-07 01:27:38 --> Cannot modify header information - headers already sent by (output started at /home/dora30319318/public_html/NewBear/index.php:27)
#0 [internal function]: CodeIgniter\Debug\Exceptions->errorHandler(2, 'Cannot modify h...', '/home/dora30319...', 248, Array)
#1 /home/dora30319318/public_html/NewBear/vendor/codeigniter4/framework/system/Cookie/CookieStore.php(248): setcookie('csrf_cookie_nam...', '9bece8584d69a31...', Array)
#2 /home/dora30319318/public_html/NewBear/vendor/codeigniter4/framework/system/Cookie/CookieStore.php(172): CodeIgniter\Cookie\CookieStore->setCookie('csrf_cookie_nam...', '9bece8584d69a31...', Array)
#3 /home/dora30319318/public_html/NewBear/vendor/codeigniter4/framework/system/Security/Security.php(521): CodeIgniter\Cookie\CookieStore->dispatch()
#4 /home/dora30319318/public_html/NewBear/vendor/codeigniter4/framework/system/Security/Security.php(507): CodeIgniter\Security\Security->doSendCookie()
#5 /home/dora30319318/public_html/NewBear/vendor/codeigniter4/framework/system/Security/Security.php(493): CodeIgniter\Security\Security->sendCookie(Object(CodeIgniter\HTTP\IncomingRequest))
#6 /home/dora30319318/public_html/NewBear/vendor/codeigniter4/framework/system/Security/Security.php(467): CodeIgniter\Security\Security->saveHashInCookie()
#7 /home/dora30319318/public_html/NewBear/vendor/codeigniter4/framework/system/Security/Security.php(188): CodeIgniter\Security\Security->generateHash()
#8 /home/dora30319318/public_html/NewBear/vendor/codeigniter4/framework/system/Config/Services.php(552): CodeIgniter\Security\Security->__construct(Object(Config\App))
#9 /home/dora30319318/public_html/NewBear/vendor/codeigniter4/framework/system/Config/BaseService.php(248): CodeIgniter\Config\Services::security(Object(Config\App), false)
#10 /home/dora30319318/public_html/NewBear/vendor/codeigniter4/framework/system/Config/BaseService.php(189): CodeIgniter\Config\BaseService::__callStatic('security', Array)
#11 /home/dora30319318/public_html/NewBear/vendor/codeigniter4/framework/system/Config/Services.php(547): CodeIgniter\Config\BaseService::getSharedInstance('security', NULL)
#12 /home/dora30319318/public_html/NewBear/vendor/codeigniter4/framework/system/Config/BaseService.php(248): CodeIgniter\Config\Services::security()
#13 /home/dora30319318/public_html/NewBear/vendor/codeigniter4/framework/system/Filters/CSRF.php(50): CodeIgniter\Config\BaseService::__callStatic('security', Array)
#14 /home/dora30319318/public_html/NewBear/vendor/codeigniter4/framework/system/Filters/Filters.php(173): CodeIgniter\Filters\CSRF->before(Object(CodeIgniter\HTTP\IncomingRequest), NULL)
#15 /home/dora30319318/public_html/NewBear/vendor/codeigniter4/framework/system/CodeIgniter.php(384): CodeIgniter\Filters\Filters->run('/', 'before')
#16 /home/dora30319318/public_html/NewBear/vendor/codeigniter4/framework/system/CodeIgniter.php(318): CodeIgniter\CodeIgniter->handleRequest(NULL, Object(Config\Cache), false)
#17 /home/dora30319318/public_html/NewBear/index.php(66): CodeIgniter\CodeIgniter->run()
#18 {main}
CRITICAL - 2024-04-07 01:27:38 --> Uncaught ErrorException: Cannot modify header information - headers already sent by (output started at /home/dora30319318/public_html/NewBear/index.php:27) in /home/dora30319318/public_html/NewBear/vendor/codeigniter4/framework/system/Debug/Exceptions.php:107
Stack trace:
#0 [internal function]: CodeIgniter\Debug\Exceptions->errorHandler(2, 'Cannot modify h...', '/home/dora30319...', 107, Array)
#1 /home/dora30319318/public_html/NewBear/vendor/codeigniter4/framework/system/Debug/Exceptions.php(107): header('HTTP/2.0 500 In...', true, 500)
#2 [internal function]: CodeIgniter\Debug\Exceptions->exceptionHandler(Object(ErrorException))
#3 {main}
  thrown
#0 [internal function]: CodeIgniter\Debug\Exceptions->shutdownHandler()
#1 {main}
CRITICAL - 2024-04-07 01:28:05 --> Cannot modify header information - headers already sent by (output started at /home/dora30319318/public_html/NewBear/index.php:27)
#0 [internal function]: CodeIgniter\Debug\Exceptions->errorHandler(2, 'Cannot modify h...', '/home/dora30319...', 248, Array)
#1 /home/dora30319318/public_html/NewBear/vendor/codeigniter4/framework/system/Cookie/CookieStore.php(248): setcookie('csrf_cookie_nam...', 'f37135e946fa73a...', Array)
#2 /home/dora30319318/public_html/NewBear/vendor/codeigniter4/framework/system/Cookie/CookieStore.php(172): CodeIgniter\Cookie\CookieStore->setCookie('csrf_cookie_nam...', 'f37135e946fa73a...', Array)
#3 /home/dora30319318/public_html/NewBear/vendor/codeigniter4/framework/system/Security/Security.php(521): CodeIgniter\Cookie\CookieStore->dispatch()
#4 /home/dora30319318/public_html/NewBear/vendor/codeigniter4/framework/system/Security/Security.php(507): CodeIgniter\Security\Security->doSendCookie()
#5 /home/dora30319318/public_html/NewBear/vendor/codeigniter4/framework/system/Security/Security.php(493): CodeIgniter\Security\Security->sendCookie(Object(CodeIgniter\HTTP\IncomingRequest))
#6 /home/dora30319318/public_html/NewBear/vendor/codeigniter4/framework/system/Security/Security.php(467): CodeIgniter\Security\Security->saveHashInCookie()
#7 /home/dora30319318/public_html/NewBear/vendor/codeigniter4/framework/system/Security/Security.php(188): CodeIgniter\Security\Security->generateHash()
#8 /home/dora30319318/public_html/NewBear/vendor/codeigniter4/framework/system/Config/Services.php(552): CodeIgniter\Security\Security->__construct(Object(Config\App))
#9 /home/dora30319318/public_html/NewBear/vendor/codeigniter4/framework/system/Config/BaseService.php(248): CodeIgniter\Config\Services::security(Object(Config\App), false)
#10 /home/dora30319318/public_html/NewBear/vendor/codeigniter4/framework/system/Config/BaseService.php(189): CodeIgniter\Config\BaseService::__callStatic('security', Array)
#11 /home/dora30319318/public_html/NewBear/vendor/codeigniter4/framework/system/Config/Services.php(547): CodeIgniter\Config\BaseService::getSharedInstance('security', NULL)
#12 /home/dora30319318/public_html/NewBear/vendor/codeigniter4/framework/system/Config/BaseService.php(248): CodeIgniter\Config\Services::security()
#13 /home/dora30319318/public_html/NewBear/vendor/codeigniter4/framework/system/Filters/CSRF.php(50): CodeIgniter\Config\BaseService::__callStatic('security', Array)
#14 /home/dora30319318/public_html/NewBear/vendor/codeigniter4/framework/system/Filters/Filters.php(173): CodeIgniter\Filters\CSRF->before(Object(CodeIgniter\HTTP\IncomingRequest), NULL)
#15 /home/dora30319318/public_html/NewBear/vendor/codeigniter4/framework/system/CodeIgniter.php(384): CodeIgniter\Filters\Filters->run('/', 'before')
#16 /home/dora30319318/public_html/NewBear/vendor/codeigniter4/framework/system/CodeIgniter.php(318): CodeIgniter\CodeIgniter->handleRequest(NULL, Object(Config\Cache), false)
#17 /home/dora30319318/public_html/NewBear/index.php(66): CodeIgniter\CodeIgniter->run()
#18 {main}
CRITICAL - 2024-04-07 01:28:05 --> Uncaught ErrorException: Cannot modify header information - headers already sent by (output started at /home/dora30319318/public_html/NewBear/index.php:27) in /home/dora30319318/public_html/NewBear/vendor/codeigniter4/framework/system/Debug/Exceptions.php:107
Stack trace:
#0 [internal function]: CodeIgniter\Debug\Exceptions->errorHandler(2, 'Cannot modify h...', '/home/dora30319...', 107, Array)
#1 /home/dora30319318/public_html/NewBear/vendor/codeigniter4/framework/system/Debug/Exceptions.php(107): header('HTTP/2.0 500 In...', true, 500)
#2 [internal function]: CodeIgniter\Debug\Exceptions->exceptionHandler(Object(ErrorException))
#3 {main}
  thrown
#0 [internal function]: CodeIgniter\Debug\Exceptions->shutdownHandler()
#1 {main}
CRITICAL - 2024-04-07 01:30:19 --> Undefined index: Aimbot
#0 /home/dora30319318/public_html/NewBear/app/Controllers/Connect.php(595): CodeIgniter\Debug\Exceptions->errorHandler(8, 'Undefined index...', '/home/dora30319...', 595, Array)
#1 /home/dora30319318/public_html/NewBear/app/Controllers/Connect.php(34): App\Controllers\Connect->index_post()
#2 /home/dora30319318/public_html/NewBear/vendor/codeigniter4/framework/system/CodeIgniter.php(824): App\Controllers\Connect->index()
#3 /home/dora30319318/public_html/NewBear/vendor/codeigniter4/framework/system/CodeIgniter.php(410): CodeIgniter\CodeIgniter->runController(Object(App\Controllers\Connect))
#4 /home/dora30319318/public_html/NewBear/vendor/codeigniter4/framework/system/CodeIgniter.php(318): CodeIgniter\CodeIgniter->handleRequest(NULL, Object(Config\Cache), false)
#5 /home/dora30319318/public_html/NewBear/index.php(37): CodeIgniter\CodeIgniter->run()
#6 {main}
CRITICAL - 2024-04-07 01:33:36 --> Undefined index: Aimbot
#0 /home/dora30319318/public_html/NewBear/app/Controllers/Connect.php(595): CodeIgniter\Debug\Exceptions->errorHandler(8, 'Undefined index...', '/home/dora30319...', 595, Array)
#1 /home/dora30319318/public_html/NewBear/app/Controllers/Connect.php(34): App\Controllers\Connect->index_post()
#2 /home/dora30319318/public_html/NewBear/vendor/codeigniter4/framework/system/CodeIgniter.php(824): App\Controllers\Connect->index()
#3 /home/dora30319318/public_html/NewBear/vendor/codeigniter4/framework/system/CodeIgniter.php(410): CodeIgniter\CodeIgniter->runController(Object(App\Controllers\Connect))
#4 /home/dora30319318/public_html/NewBear/vendor/codeigniter4/framework/system/CodeIgniter.php(318): CodeIgniter\CodeIgniter->handleRequest(NULL, Object(Config\Cache), false)
#5 /home/dora30319318/public_html/NewBear/index.php(37): CodeIgniter\CodeIgniter->run()
#6 {main}
CRITICAL - 2024-04-07 01:34:39 --> Undefined index: Aimbot
#0 /home/dora30319318/public_html/NewBear/app/Controllers/Connect.php(595): CodeIgniter\Debug\Exceptions->errorHandler(8, 'Undefined index...', '/home/dora30319...', 595, Array)
#1 /home/dora30319318/public_html/NewBear/app/Controllers/Connect.php(34): App\Controllers\Connect->index_post()
#2 /home/dora30319318/public_html/NewBear/vendor/codeigniter4/framework/system/CodeIgniter.php(824): App\Controllers\Connect->index()
#3 /home/dora30319318/public_html/NewBear/vendor/codeigniter4/framework/system/CodeIgniter.php(410): CodeIgniter\CodeIgniter->runController(Object(App\Controllers\Connect))
#4 /home/dora30319318/public_html/NewBear/vendor/codeigniter4/framework/system/CodeIgniter.php(318): CodeIgniter\CodeIgniter->handleRequest(NULL, Object(Config\Cache), false)
#5 /home/dora30319318/public_html/NewBear/index.php(37): CodeIgniter\CodeIgniter->run()
#6 {main}
CRITICAL - 2024-04-07 01:34:42 --> Undefined index: Aimbot
#0 /home/dora30319318/public_html/NewBear/app/Controllers/Connect.php(595): CodeIgniter\Debug\Exceptions->errorHandler(8, 'Undefined index...', '/home/dora30319...', 595, Array)
#1 /home/dora30319318/public_html/NewBear/app/Controllers/Connect.php(34): App\Controllers\Connect->index_post()
#2 /home/dora30319318/public_html/NewBear/vendor/codeigniter4/framework/system/CodeIgniter.php(824): App\Controllers\Connect->index()
#3 /home/dora30319318/public_html/NewBear/vendor/codeigniter4/framework/system/CodeIgniter.php(410): CodeIgniter\CodeIgniter->runController(Object(App\Controllers\Connect))
#4 /home/dora30319318/public_html/NewBear/vendor/codeigniter4/framework/system/CodeIgniter.php(318): CodeIgniter\CodeIgniter->handleRequest(NULL, Object(Config\Cache), false)
#5 /home/dora30319318/public_html/NewBear/index.php(37): CodeIgniter\CodeIgniter->run()
#6 {main}
CRITICAL - 2024-04-07 01:35:32 --> Undefined index: Aimbot
#0 /home/dora30319318/public_html/NewBear/app/Controllers/Connect.php(595): CodeIgniter\Debug\Exceptions->errorHandler(8, 'Undefined index...', '/home/dora30319...', 595, Array)
#1 /home/dora30319318/public_html/NewBear/app/Controllers/Connect.php(34): App\Controllers\Connect->index_post()
#2 /home/dora30319318/public_html/NewBear/vendor/codeigniter4/framework/system/CodeIgniter.php(824): App\Controllers\Connect->index()
#3 /home/dora30319318/public_html/NewBear/vendor/codeigniter4/framework/system/CodeIgniter.php(410): CodeIgniter\CodeIgniter->runController(Object(App\Controllers\Connect))
#4 /home/dora30319318/public_html/NewBear/vendor/codeigniter4/framework/system/CodeIgniter.php(318): CodeIgniter\CodeIgniter->handleRequest(NULL, Object(Config\Cache), false)
#5 /home/dora30319318/public_html/NewBear/index.php(37): CodeIgniter\CodeIgniter->run()
#6 {main}
CRITICAL - 2024-04-07 01:36:00 --> Undefined index: Aimbot
#0 /home/dora30319318/public_html/NewBear/app/Controllers/Connect.php(595): CodeIgniter\Debug\Exceptions->errorHandler(8, 'Undefined index...', '/home/dora30319...', 595, Array)
#1 /home/dora30319318/public_html/NewBear/app/Controllers/Connect.php(34): App\Controllers\Connect->index_post()
#2 /home/dora30319318/public_html/NewBear/vendor/codeigniter4/framework/system/CodeIgniter.php(824): App\Controllers\Connect->index()
#3 /home/dora30319318/public_html/NewBear/vendor/codeigniter4/framework/system/CodeIgniter.php(410): CodeIgniter\CodeIgniter->runController(Object(App\Controllers\Connect))
#4 /home/dora30319318/public_html/NewBear/vendor/codeigniter4/framework/system/CodeIgniter.php(318): CodeIgniter\CodeIgniter->handleRequest(NULL, Object(Config\Cache), false)
#5 /home/dora30319318/public_html/NewBear/index.php(37): CodeIgniter\CodeIgniter->run()
#6 {main}
CRITICAL - 2024-04-07 01:36:02 --> Undefined index: Aimbot
#0 /home/dora30319318/public_html/NewBear/app/Controllers/Connect.php(595): CodeIgniter\Debug\Exceptions->errorHandler(8, 'Undefined index...', '/home/dora30319...', 595, Array)
#1 /home/dora30319318/public_html/NewBear/app/Controllers/Connect.php(34): App\Controllers\Connect->index_post()
#2 /home/dora30319318/public_html/NewBear/vendor/codeigniter4/framework/system/CodeIgniter.php(824): App\Controllers\Connect->index()
#3 /home/dora30319318/public_html/NewBear/vendor/codeigniter4/framework/system/CodeIgniter.php(410): CodeIgniter\CodeIgniter->runController(Object(App\Controllers\Connect))
#4 /home/dora30319318/public_html/NewBear/vendor/codeigniter4/framework/system/CodeIgniter.php(318): CodeIgniter\CodeIgniter->handleRequest(NULL, Object(Config\Cache), false)
#5 /home/dora30319318/public_html/NewBear/index.php(37): CodeIgniter\CodeIgniter->run()
#6 {main}
CRITICAL - 2024-04-07 01:36:08 --> Undefined index: Aimbot
#0 /home/dora30319318/public_html/NewBear/app/Controllers/Connect.php(595): CodeIgniter\Debug\Exceptions->errorHandler(8, 'Undefined index...', '/home/dora30319...', 595, Array)
#1 /home/dora30319318/public_html/NewBear/app/Controllers/Connect.php(34): App\Controllers\Connect->index_post()
#2 /home/dora30319318/public_html/NewBear/vendor/codeigniter4/framework/system/CodeIgniter.php(824): App\Controllers\Connect->index()
#3 /home/dora30319318/public_html/NewBear/vendor/codeigniter4/framework/system/CodeIgniter.php(410): CodeIgniter\CodeIgniter->runController(Object(App\Controllers\Connect))
#4 /home/dora30319318/public_html/NewBear/vendor/codeigniter4/framework/system/CodeIgniter.php(318): CodeIgniter\CodeIgniter->handleRequest(NULL, Object(Config\Cache), false)
#5 /home/dora30319318/public_html/NewBear/index.php(37): CodeIgniter\CodeIgniter->run()
#6 {main}
CRITICAL - 2024-04-07 01:36:10 --> Undefined index: Aimbot
#0 /home/dora30319318/public_html/NewBear/app/Controllers/Connect.php(595): CodeIgniter\Debug\Exceptions->errorHandler(8, 'Undefined index...', '/home/dora30319...', 595, Array)
#1 /home/dora30319318/public_html/NewBear/app/Controllers/Connect.php(34): App\Controllers\Connect->index_post()
#2 /home/dora30319318/public_html/NewBear/vendor/codeigniter4/framework/system/CodeIgniter.php(824): App\Controllers\Connect->index()
#3 /home/dora30319318/public_html/NewBear/vendor/codeigniter4/framework/system/CodeIgniter.php(410): CodeIgniter\CodeIgniter->runController(Object(App\Controllers\Connect))
#4 /home/dora30319318/public_html/NewBear/vendor/codeigniter4/framework/system/CodeIgniter.php(318): CodeIgniter\CodeIgniter->handleRequest(NULL, Object(Config\Cache), false)
#5 /home/dora30319318/public_html/NewBear/index.php(37): CodeIgniter\CodeIgniter->run()
#6 {main}
CRITICAL - 2024-04-07 01:36:11 --> Undefined index: Aimbot
#0 /home/dora30319318/public_html/NewBear/app/Controllers/Connect.php(595): CodeIgniter\Debug\Exceptions->errorHandler(8, 'Undefined index...', '/home/dora30319...', 595, Array)
#1 /home/dora30319318/public_html/NewBear/app/Controllers/Connect.php(34): App\Controllers\Connect->index_post()
#2 /home/dora30319318/public_html/NewBear/vendor/codeigniter4/framework/system/CodeIgniter.php(824): App\Controllers\Connect->index()
#3 /home/dora30319318/public_html/NewBear/vendor/codeigniter4/framework/system/CodeIgniter.php(410): CodeIgniter\CodeIgniter->runController(Object(App\Controllers\Connect))
#4 /home/dora30319318/public_html/NewBear/vendor/codeigniter4/framework/system/CodeIgniter.php(318): CodeIgniter\CodeIgniter->handleRequest(NULL, Object(Config\Cache), false)
#5 /home/dora30319318/public_html/NewBear/index.php(37): CodeIgniter\CodeIgniter->run()
#6 {main}
CRITICAL - 2024-04-07 01:36:12 --> Undefined index: Aimbot
#0 /home/dora30319318/public_html/NewBear/app/Controllers/Connect.php(595): CodeIgniter\Debug\Exceptions->errorHandler(8, 'Undefined index...', '/home/dora30319...', 595, Array)
#1 /home/dora30319318/public_html/NewBear/app/Controllers/Connect.php(34): App\Controllers\Connect->index_post()
#2 /home/dora30319318/public_html/NewBear/vendor/codeigniter4/framework/system/CodeIgniter.php(824): App\Controllers\Connect->index()
#3 /home/dora30319318/public_html/NewBear/vendor/codeigniter4/framework/system/CodeIgniter.php(410): CodeIgniter\CodeIgniter->runController(Object(App\Controllers\Connect))
#4 /home/dora30319318/public_html/NewBear/vendor/codeigniter4/framework/system/CodeIgniter.php(318): CodeIgniter\CodeIgniter->handleRequest(NULL, Object(Config\Cache), false)
#5 /home/dora30319318/public_html/NewBear/index.php(37): CodeIgniter\CodeIgniter->run()
#6 {main}
CRITICAL - 2024-04-07 01:36:19 --> Undefined index: Aimbot
#0 /home/dora30319318/public_html/NewBear/app/Controllers/Connect.php(595): CodeIgniter\Debug\Exceptions->errorHandler(8, 'Undefined index...', '/home/dora30319...', 595, Array)
#1 /home/dora30319318/public_html/NewBear/app/Controllers/Connect.php(34): App\Controllers\Connect->index_post()
#2 /home/dora30319318/public_html/NewBear/vendor/codeigniter4/framework/system/CodeIgniter.php(824): App\Controllers\Connect->index()
#3 /home/dora30319318/public_html/NewBear/vendor/codeigniter4/framework/system/CodeIgniter.php(410): CodeIgniter\CodeIgniter->runController(Object(App\Controllers\Connect))
#4 /home/dora30319318/public_html/NewBear/vendor/codeigniter4/framework/system/CodeIgniter.php(318): CodeIgniter\CodeIgniter->handleRequest(NULL, Object(Config\Cache), false)
#5 /home/dora30319318/public_html/NewBear/index.php(37): CodeIgniter\CodeIgniter->run()
#6 {main}
CRITICAL - 2024-04-07 01:36:26 --> Undefined index: Aimbot
#0 /home/dora30319318/public_html/NewBear/app/Controllers/Connect.php(595): CodeIgniter\Debug\Exceptions->errorHandler(8, 'Undefined index...', '/home/dora30319...', 595, Array)
#1 /home/dora30319318/public_html/NewBear/app/Controllers/Connect.php(34): App\Controllers\Connect->index_post()
#2 /home/dora30319318/public_html/NewBear/vendor/codeigniter4/framework/system/CodeIgniter.php(824): App\Controllers\Connect->index()
#3 /home/dora30319318/public_html/NewBear/vendor/codeigniter4/framework/system/CodeIgniter.php(410): CodeIgniter\CodeIgniter->runController(Object(App\Controllers\Connect))
#4 /home/dora30319318/public_html/NewBear/vendor/codeigniter4/framework/system/CodeIgniter.php(318): CodeIgniter\CodeIgniter->handleRequest(NULL, Object(Config\Cache), false)
#5 /home/dora30319318/public_html/NewBear/index.php(37): CodeIgniter\CodeIgniter->run()
#6 {main}
CRITICAL - 2024-04-07 01:49:00 --> Undefined index: Aimbot
#0 /home/dora30319318/public_html/NewBear/app/Controllers/Connect.php(595): CodeIgniter\Debug\Exceptions->errorHandler(8, 'Undefined index...', '/home/dora30319...', 595, Array)
#1 /home/dora30319318/public_html/NewBear/app/Controllers/Connect.php(34): App\Controllers\Connect->index_post()
#2 /home/dora30319318/public_html/NewBear/vendor/codeigniter4/framework/system/CodeIgniter.php(824): App\Controllers\Connect->index()
#3 /home/dora30319318/public_html/NewBear/vendor/codeigniter4/framework/system/CodeIgniter.php(410): CodeIgniter\CodeIgniter->runController(Object(App\Controllers\Connect))
#4 /home/dora30319318/public_html/NewBear/vendor/codeigniter4/framework/system/CodeIgniter.php(318): CodeIgniter\CodeIgniter->handleRequest(NULL, Object(Config\Cache), false)
#5 /home/dora30319318/public_html/NewBear/index.php(37): CodeIgniter\CodeIgniter->run()
#6 {main}
CRITICAL - 2024-04-07 01:49:04 --> Undefined index: Aimbot
#0 /home/dora30319318/public_html/NewBear/app/Controllers/Connect.php(595): CodeIgniter\Debug\Exceptions->errorHandler(8, 'Undefined index...', '/home/dora30319...', 595, Array)
#1 /home/dora30319318/public_html/NewBear/app/Controllers/Connect.php(34): App\Controllers\Connect->index_post()
#2 /home/dora30319318/public_html/NewBear/vendor/codeigniter4/framework/system/CodeIgniter.php(824): App\Controllers\Connect->index()
#3 /home/dora30319318/public_html/NewBear/vendor/codeigniter4/framework/system/CodeIgniter.php(410): CodeIgniter\CodeIgniter->runController(Object(App\Controllers\Connect))
#4 /home/dora30319318/public_html/NewBear/vendor/codeigniter4/framework/system/CodeIgniter.php(318): CodeIgniter\CodeIgniter->handleRequest(NULL, Object(Config\Cache), false)
#5 /home/dora30319318/public_html/NewBear/index.php(37): CodeIgniter\CodeIgniter->run()
#6 {main}
CRITICAL - 2024-04-07 01:49:05 --> Undefined index: Aimbot
#0 /home/dora30319318/public_html/NewBear/app/Controllers/Connect.php(595): CodeIgniter\Debug\Exceptions->errorHandler(8, 'Undefined index...', '/home/dora30319...', 595, Array)
#1 /home/dora30319318/public_html/NewBear/app/Controllers/Connect.php(34): App\Controllers\Connect->index_post()
#2 /home/dora30319318/public_html/NewBear/vendor/codeigniter4/framework/system/CodeIgniter.php(824): App\Controllers\Connect->index()
#3 /home/dora30319318/public_html/NewBear/vendor/codeigniter4/framework/system/CodeIgniter.php(410): CodeIgniter\CodeIgniter->runController(Object(App\Controllers\Connect))
#4 /home/dora30319318/public_html/NewBear/vendor/codeigniter4/framework/system/CodeIgniter.php(318): CodeIgniter\CodeIgniter->handleRequest(NULL, Object(Config\Cache), false)
#5 /home/dora30319318/public_html/NewBear/index.php(37): CodeIgniter\CodeIgniter->run()
#6 {main}
CRITICAL - 2024-04-07 01:49:10 --> Undefined index: Aimbot
#0 /home/dora30319318/public_html/NewBear/app/Controllers/Connect.php(595): CodeIgniter\Debug\Exceptions->errorHandler(8, 'Undefined index...', '/home/dora30319...', 595, Array)
#1 /home/dora30319318/public_html/NewBear/app/Controllers/Connect.php(34): App\Controllers\Connect->index_post()
#2 /home/dora30319318/public_html/NewBear/vendor/codeigniter4/framework/system/CodeIgniter.php(824): App\Controllers\Connect->index()
#3 /home/dora30319318/public_html/NewBear/vendor/codeigniter4/framework/system/CodeIgniter.php(410): CodeIgniter\CodeIgniter->runController(Object(App\Controllers\Connect))
#4 /home/dora30319318/public_html/NewBear/vendor/codeigniter4/framework/system/CodeIgniter.php(318): CodeIgniter\CodeIgniter->handleRequest(NULL, Object(Config\Cache), false)
#5 /home/dora30319318/public_html/NewBear/index.php(37): CodeIgniter\CodeIgniter->run()
#6 {main}
CRITICAL - 2024-04-07 01:49:50 --> Undefined index: Aimbot
#0 /home/dora30319318/public_html/NewBear/app/Controllers/Connect.php(595): CodeIgniter\Debug\Exceptions->errorHandler(8, 'Undefined index...', '/home/dora30319...', 595, Array)
#1 /home/dora30319318/public_html/NewBear/app/Controllers/Connect.php(34): App\Controllers\Connect->index_post()
#2 /home/dora30319318/public_html/NewBear/vendor/codeigniter4/framework/system/CodeIgniter.php(824): App\Controllers\Connect->index()
#3 /home/dora30319318/public_html/NewBear/vendor/codeigniter4/framework/system/CodeIgniter.php(410): CodeIgniter\CodeIgniter->runController(Object(App\Controllers\Connect))
#4 /home/dora30319318/public_html/NewBear/vendor/codeigniter4/framework/system/CodeIgniter.php(318): CodeIgniter\CodeIgniter->handleRequest(NULL, Object(Config\Cache), false)
#5 /home/dora30319318/public_html/NewBear/index.php(37): CodeIgniter\CodeIgniter->run()
#6 {main}
CRITICAL - 2024-04-07 01:50:59 --> Undefined index: Aimbot
#0 /home/dora30319318/public_html/NewBear/app/Controllers/Connect.php(595): CodeIgniter\Debug\Exceptions->errorHandler(8, 'Undefined index...', '/home/dora30319...', 595, Array)
#1 /home/dora30319318/public_html/NewBear/app/Controllers/Connect.php(34): App\Controllers\Connect->index_post()
#2 /home/dora30319318/public_html/NewBear/vendor/codeigniter4/framework/system/CodeIgniter.php(824): App\Controllers\Connect->index()
#3 /home/dora30319318/public_html/NewBear/vendor/codeigniter4/framework/system/CodeIgniter.php(410): CodeIgniter\CodeIgniter->runController(Object(App\Controllers\Connect))
#4 /home/dora30319318/public_html/NewBear/vendor/codeigniter4/framework/system/CodeIgniter.php(318): CodeIgniter\CodeIgniter->handleRequest(NULL, Object(Config\Cache), false)
#5 /home/dora30319318/public_html/NewBear/index.php(37): CodeIgniter\CodeIgniter->run()
#6 {main}
CRITICAL - 2024-04-07 01:52:46 --> Undefined index: Aimbot
#0 /home/dora30319318/public_html/NewBear/app/Controllers/Connect.php(595): CodeIgniter\Debug\Exceptions->errorHandler(8, 'Undefined index...', '/home/dora30319...', 595, Array)
#1 /home/dora30319318/public_html/NewBear/app/Controllers/Connect.php(34): App\Controllers\Connect->index_post()
#2 /home/dora30319318/public_html/NewBear/vendor/codeigniter4/framework/system/CodeIgniter.php(824): App\Controllers\Connect->index()
#3 /home/dora30319318/public_html/NewBear/vendor/codeigniter4/framework/system/CodeIgniter.php(410): CodeIgniter\CodeIgniter->runController(Object(App\Controllers\Connect))
#4 /home/dora30319318/public_html/NewBear/vendor/codeigniter4/framework/system/CodeIgniter.php(318): CodeIgniter\CodeIgniter->handleRequest(NULL, Object(Config\Cache), false)
#5 /home/dora30319318/public_html/NewBear/index.php(37): CodeIgniter\CodeIgniter->run()
#6 {main}
CRITICAL - 2024-04-07 01:55:03 --> Undefined index: Aimbot
#0 /home/dora30319318/public_html/NewBear/app/Controllers/Connect.php(595): CodeIgniter\Debug\Exceptions->errorHandler(8, 'Undefined index...', '/home/dora30319...', 595, Array)
#1 /home/dora30319318/public_html/NewBear/app/Controllers/Connect.php(34): App\Controllers\Connect->index_post()
#2 /home/dora30319318/public_html/NewBear/vendor/codeigniter4/framework/system/CodeIgniter.php(824): App\Controllers\Connect->index()
#3 /home/dora30319318/public_html/NewBear/vendor/codeigniter4/framework/system/CodeIgniter.php(410): CodeIgniter\CodeIgniter->runController(Object(App\Controllers\Connect))
#4 /home/dora30319318/public_html/NewBear/vendor/codeigniter4/framework/system/CodeIgniter.php(318): CodeIgniter\CodeIgniter->handleRequest(NULL, Object(Config\Cache), false)
#5 /home/dora30319318/public_html/NewBear/index.php(37): CodeIgniter\CodeIgniter->run()
#6 {main}
CRITICAL - 2024-04-07 01:57:01 --> Undefined index: Aimbot
#0 /home/dora30319318/public_html/NewBear/app/Controllers/Connect.php(595): CodeIgniter\Debug\Exceptions->errorHandler(8, 'Undefined index...', '/home/dora30319...', 595, Array)
#1 /home/dora30319318/public_html/NewBear/app/Controllers/Connect.php(34): App\Controllers\Connect->index_post()
#2 /home/dora30319318/public_html/NewBear/vendor/codeigniter4/framework/system/CodeIgniter.php(824): App\Controllers\Connect->index()
#3 /home/dora30319318/public_html/NewBear/vendor/codeigniter4/framework/system/CodeIgniter.php(410): CodeIgniter\CodeIgniter->runController(Object(App\Controllers\Connect))
#4 /home/dora30319318/public_html/NewBear/vendor/codeigniter4/framework/system/CodeIgniter.php(318): CodeIgniter\CodeIgniter->handleRequest(NULL, Object(Config\Cache), false)
#5 /home/dora30319318/public_html/NewBear/index.php(37): CodeIgniter\CodeIgniter->run()
#6 {main}
CRITICAL - 2024-04-07 02:03:00 --> Undefined index: Aimbot
#0 /home/dora30319318/public_html/NewBear/app/Controllers/Connect.php(595): CodeIgniter\Debug\Exceptions->errorHandler(8, 'Undefined index...', '/home/dora30319...', 595, Array)
#1 /home/dora30319318/public_html/NewBear/app/Controllers/Connect.php(34): App\Controllers\Connect->index_post()
#2 /home/dora30319318/public_html/NewBear/vendor/codeigniter4/framework/system/CodeIgniter.php(824): App\Controllers\Connect->index()
#3 /home/dora30319318/public_html/NewBear/vendor/codeigniter4/framework/system/CodeIgniter.php(410): CodeIgniter\CodeIgniter->runController(Object(App\Controllers\Connect))
#4 /home/dora30319318/public_html/NewBear/vendor/codeigniter4/framework/system/CodeIgniter.php(318): CodeIgniter\CodeIgniter->handleRequest(NULL, Object(Config\Cache), false)
#5 /home/dora30319318/public_html/NewBear/index.php(37): CodeIgniter\CodeIgniter->run()
#6 {main}
ERROR - 2024-04-07 21:58:54 --> Table 'dora30319318_bearuser.game_list' doesn't exist
CRITICAL - 2024-04-07 21:58:54 --> Table 'dora30319318_bearuser.game_list' doesn't exist
#0 /home/dora30319318/public_html/NewBear/vendor/codeigniter4/framework/system/Database/MySQLi/Connection.php(292): mysqli->query('SELECT `short_n...', 0)
#1 /home/dora30319318/public_html/NewBear/vendor/codeigniter4/framework/system/Database/BaseConnection.php(670): CodeIgniter\Database\MySQLi\Connection->execute('SELECT `short_n...')
#2 /home/dora30319318/public_html/NewBear/vendor/codeigniter4/framework/system/Database/BaseConnection.php(598): CodeIgniter\Database\BaseConnection->simpleQuery('SELECT `short_n...')
#3 /home/dora30319318/public_html/NewBear/vendor/codeigniter4/framework/system/Database/BaseBuilder.php(1443): CodeIgniter\Database\BaseConnection->query('SELECT `short_n...', Array, false)
#4 /home/dora30319318/public_html/NewBear/vendor/codeigniter4/framework/system/Model.php(723): CodeIgniter\Database\BaseBuilder->get()
#5 /home/dora30319318/public_html/NewBear/app/Models/GameModel.php(19): CodeIgniter\Model->__call('get', Array)
#6 /home/dora30319318/public_html/NewBear/app/Controllers/Keys.php(29): App\Models\GameModel->getAll()
#7 /home/dora30319318/public_html/NewBear/vendor/codeigniter4/framework/system/CodeIgniter.php(801): App\Controllers\Keys->__construct()
#8 /home/dora30319318/public_html/NewBear/vendor/codeigniter4/framework/system/CodeIgniter.php(401): CodeIgniter\CodeIgniter->createController()
#9 /home/dora30319318/public_html/NewBear/vendor/codeigniter4/framework/system/CodeIgniter.php(318): CodeIgniter\CodeIgniter->handleRequest(NULL, Object(Config\Cache), false)
#10 /home/dora30319318/public_html/NewBear/index.php(37): CodeIgniter\CodeIgniter->run()
#11 {main}
CRITICAL - 2024-04-07 22:13:16 --> Class 'App\Controllers\Time' not found
#0 /home/dora30319318/public_html/NewBear/app/Controllers/Keys.php(218): App\Controllers\Keys->extend_action()
#1 /home/dora30319318/public_html/NewBear/vendor/codeigniter4/framework/system/CodeIgniter.php(824): App\Controllers\Keys->extend()
#2 /home/dora30319318/public_html/NewBear/vendor/codeigniter4/framework/system/CodeIgniter.php(410): CodeIgniter\CodeIgniter->runController(Object(App\Controllers\Keys))
#3 /home/dora30319318/public_html/NewBear/vendor/codeigniter4/framework/system/CodeIgniter.php(318): CodeIgniter\CodeIgniter->handleRequest(NULL, Object(Config\Cache), false)
#4 /home/dora30319318/public_html/NewBear/index.php(37): CodeIgniter\CodeIgniter->run()
#5 {main}
CRITICAL - 2024-04-07 22:13:47 --> Undefined index: Aimbot
#0 /home/dora30319318/public_html/NewBear/app/Controllers/Connect.php(595): CodeIgniter\Debug\Exceptions->errorHandler(8, 'Undefined index...', '/home/dora30319...', 595, Array)
#1 /home/dora30319318/public_html/NewBear/app/Controllers/Connect.php(34): App\Controllers\Connect->index_post()
#2 /home/dora30319318/public_html/NewBear/vendor/codeigniter4/framework/system/CodeIgniter.php(824): App\Controllers\Connect->index()
#3 /home/dora30319318/public_html/NewBear/vendor/codeigniter4/framework/system/CodeIgniter.php(410): CodeIgniter\CodeIgniter->runController(Object(App\Controllers\Connect))
#4 /home/dora30319318/public_html/NewBear/vendor/codeigniter4/framework/system/CodeIgniter.php(318): CodeIgniter\CodeIgniter->handleRequest(NULL, Object(Config\Cache), false)
#5 /home/dora30319318/public_html/NewBear/index.php(37): CodeIgniter\CodeIgniter->run()
#6 {main}
CRITICAL - 2024-04-07 22:13:51 --> Undefined index: Aimbot
#0 /home/dora30319318/public_html/NewBear/app/Controllers/Connect.php(595): CodeIgniter\Debug\Exceptions->errorHandler(8, 'Undefined index...', '/home/dora30319...', 595, Array)
#1 /home/dora30319318/public_html/NewBear/app/Controllers/Connect.php(34): App\Controllers\Connect->index_post()
#2 /home/dora30319318/public_html/NewBear/vendor/codeigniter4/framework/system/CodeIgniter.php(824): App\Controllers\Connect->index()
#3 /home/dora30319318/public_html/NewBear/vendor/codeigniter4/framework/system/CodeIgniter.php(410): CodeIgniter\CodeIgniter->runController(Object(App\Controllers\Connect))
#4 /home/dora30319318/public_html/NewBear/vendor/codeigniter4/framework/system/CodeIgniter.php(318): CodeIgniter\CodeIgniter->handleRequest(NULL, Object(Config\Cache), false)
#5 /home/dora30319318/public_html/NewBear/index.php(37): CodeIgniter\CodeIgniter->run()
#6 {main}
CRITICAL - 2024-04-07 22:13:52 --> Class 'App\Controllers\Time' not found
#0 /home/dora30319318/public_html/NewBear/app/Controllers/Keys.php(218): App\Controllers\Keys->extend_action()
#1 /home/dora30319318/public_html/NewBear/vendor/codeigniter4/framework/system/CodeIgniter.php(824): App\Controllers\Keys->extend()
#2 /home/dora30319318/public_html/NewBear/vendor/codeigniter4/framework/system/CodeIgniter.php(410): CodeIgniter\CodeIgniter->runController(Object(App\Controllers\Keys))
#3 /home/dora30319318/public_html/NewBear/vendor/codeigniter4/framework/system/CodeIgniter.php(318): CodeIgniter\CodeIgniter->handleRequest(NULL, Object(Config\Cache), false)
#4 /home/dora30319318/public_html/NewBear/index.php(37): CodeIgniter\CodeIgniter->run()
#5 {main}
CRITICAL - 2024-04-07 22:13:58 --> Undefined index: Aimbot
#0 /home/dora30319318/public_html/NewBear/app/Controllers/Connect.php(595): CodeIgniter\Debug\Exceptions->errorHandler(8, 'Undefined index...', '/home/dora30319...', 595, Array)
#1 /home/dora30319318/public_html/NewBear/app/Controllers/Connect.php(34): App\Controllers\Connect->index_post()
#2 /home/dora30319318/public_html/NewBear/vendor/codeigniter4/framework/system/CodeIgniter.php(824): App\Controllers\Connect->index()
#3 /home/dora30319318/public_html/NewBear/vendor/codeigniter4/framework/system/CodeIgniter.php(410): CodeIgniter\CodeIgniter->runController(Object(App\Controllers\Connect))
#4 /home/dora30319318/public_html/NewBear/vendor/codeigniter4/framework/system/CodeIgniter.php(318): CodeIgniter\CodeIgniter->handleRequest(NULL, Object(Config\Cache), false)
#5 /home/dora30319318/public_html/NewBear/index.php(37): CodeIgniter\CodeIgniter->run()
#6 {main}
CRITICAL - 2024-04-07 22:15:00 --> Class 'App\Controllers\Time' not found
#0 /home/dora30319318/public_html/NewBear/app/Controllers/Keys.php(218): App\Controllers\Keys->extend_action()
#1 /home/dora30319318/public_html/NewBear/vendor/codeigniter4/framework/system/CodeIgniter.php(824): App\Controllers\Keys->extend()
#2 /home/dora30319318/public_html/NewBear/vendor/codeigniter4/framework/system/CodeIgniter.php(410): CodeIgniter\CodeIgniter->runController(Object(App\Controllers\Keys))
#3 /home/dora30319318/public_html/NewBear/vendor/codeigniter4/framework/system/CodeIgniter.php(318): CodeIgniter\CodeIgniter->handleRequest(NULL, Object(Config\Cache), false)
#4 /home/dora30319318/public_html/NewBear/index.php(37): CodeIgniter\CodeIgniter->run()
#5 {main}
CRITICAL - 2024-04-07 22:15:13 --> Class 'App\Controllers\Time' not found
#0 /home/dora30319318/public_html/NewBear/app/Controllers/Keys.php(218): App\Controllers\Keys->extend_action()
#1 /home/dora30319318/public_html/NewBear/vendor/codeigniter4/framework/system/CodeIgniter.php(824): App\Controllers\Keys->extend()
#2 /home/dora30319318/public_html/NewBear/vendor/codeigniter4/framework/system/CodeIgniter.php(410): CodeIgniter\CodeIgniter->runController(Object(App\Controllers\Keys))
#3 /home/dora30319318/public_html/NewBear/vendor/codeigniter4/framework/system/CodeIgniter.php(318): CodeIgniter\CodeIgniter->handleRequest(NULL, Object(Config\Cache), false)
#4 /home/dora30319318/public_html/NewBear/index.php(37): CodeIgniter\CodeIgniter->run()
#5 {main}
CRITICAL - 2024-04-07 22:15:48 --> Class 'App\Controllers\Time' not found
#0 /home/dora30319318/public_html/NewBear/app/Controllers/Keys.php(219): App\Controllers\Keys->extend_action()
#1 /home/dora30319318/public_html/NewBear/vendor/codeigniter4/framework/system/CodeIgniter.php(824): App\Controllers\Keys->extend()
#2 /home/dora30319318/public_html/NewBear/vendor/codeigniter4/framework/system/CodeIgniter.php(410): CodeIgniter\CodeIgniter->runController(Object(App\Controllers\Keys))
#3 /home/dora30319318/public_html/NewBear/vendor/codeigniter4/framework/system/CodeIgniter.php(318): CodeIgniter\CodeIgniter->handleRequest(NULL, Object(Config\Cache), false)
#4 /home/dora30319318/public_html/NewBear/index.php(37): CodeIgniter\CodeIgniter->run()
#5 {main}
CRITICAL - 2024-04-07 22:16:55 --> Class 'App\Controllers\Time' not found
#0 /home/dora30319318/public_html/NewBear/app/Controllers/Keys.php(219): App\Controllers\Keys->extend_action()
#1 /home/dora30319318/public_html/NewBear/vendor/codeigniter4/framework/system/CodeIgniter.php(824): App\Controllers\Keys->extend()
#2 /home/dora30319318/public_html/NewBear/vendor/codeigniter4/framework/system/CodeIgniter.php(410): CodeIgniter\CodeIgniter->runController(Object(App\Controllers\Keys))
#3 /home/dora30319318/public_html/NewBear/vendor/codeigniter4/framework/system/CodeIgniter.php(318): CodeIgniter\CodeIgniter->handleRequest(NULL, Object(Config\Cache), false)
#4 /home/dora30319318/public_html/NewBear/index.php(37): CodeIgniter\CodeIgniter->run()
#5 {main}
CRITICAL - 2024-04-07 22:20:17 --> Undefined index: Aimbot
#0 /home/dora30319318/public_html/NewBear/app/Controllers/Connect.php(595): CodeIgniter\Debug\Exceptions->errorHandler(8, 'Undefined index...', '/home/dora30319...', 595, Array)
#1 /home/dora30319318/public_html/NewBear/app/Controllers/Connect.php(34): App\Controllers\Connect->index_post()
#2 /home/dora30319318/public_html/NewBear/vendor/codeigniter4/framework/system/CodeIgniter.php(824): App\Controllers\Connect->index()
#3 /home/dora30319318/public_html/NewBear/vendor/codeigniter4/framework/system/CodeIgniter.php(410): CodeIgniter\CodeIgniter->runController(Object(App\Controllers\Connect))
#4 /home/dora30319318/public_html/NewBear/vendor/codeigniter4/framework/system/CodeIgniter.php(318): CodeIgniter\CodeIgniter->handleRequest(NULL, Object(Config\Cache), false)
#5 /home/dora30319318/public_html/NewBear/index.php(37): CodeIgniter\CodeIgniter->run()
#6 {main}
CRITICAL - 2024-04-07 22:20:19 --> Undefined index: Aimbot
#0 /home/dora30319318/public_html/NewBear/app/Controllers/Connect.php(595): CodeIgniter\Debug\Exceptions->errorHandler(8, 'Undefined index...', '/home/dora30319...', 595, Array)
#1 /home/dora30319318/public_html/NewBear/app/Controllers/Connect.php(34): App\Controllers\Connect->index_post()
#2 /home/dora30319318/public_html/NewBear/vendor/codeigniter4/framework/system/CodeIgniter.php(824): App\Controllers\Connect->index()
#3 /home/dora30319318/public_html/NewBear/vendor/codeigniter4/framework/system/CodeIgniter.php(410): CodeIgniter\CodeIgniter->runController(Object(App\Controllers\Connect))
#4 /home/dora30319318/public_html/NewBear/vendor/codeigniter4/framework/system/CodeIgniter.php(318): CodeIgniter\CodeIgniter->handleRequest(NULL, Object(Config\Cache), false)
#5 /home/dora30319318/public_html/NewBear/index.php(37): CodeIgniter\CodeIgniter->run()
#6 {main}
CRITICAL - 2024-04-07 22:20:25 --> Undefined index: Aimbot
#0 /home/dora30319318/public_html/NewBear/app/Controllers/Connect.php(595): CodeIgniter\Debug\Exceptions->errorHandler(8, 'Undefined index...', '/home/dora30319...', 595, Array)
#1 /home/dora30319318/public_html/NewBear/app/Controllers/Connect.php(34): App\Controllers\Connect->index_post()
#2 /home/dora30319318/public_html/NewBear/vendor/codeigniter4/framework/system/CodeIgniter.php(824): App\Controllers\Connect->index()
#3 /home/dora30319318/public_html/NewBear/vendor/codeigniter4/framework/system/CodeIgniter.php(410): CodeIgniter\CodeIgniter->runController(Object(App\Controllers\Connect))
#4 /home/dora30319318/public_html/NewBear/vendor/codeigniter4/framework/system/CodeIgniter.php(318): CodeIgniter\CodeIgniter->handleRequest(NULL, Object(Config\Cache), false)
#5 /home/dora30319318/public_html/NewBear/index.php(37): CodeIgniter\CodeIgniter->run()
#6 {main}
CRITICAL - 2024-04-07 22:20:27 --> Undefined index: Aimbot
#0 /home/dora30319318/public_html/NewBear/app/Controllers/Connect.php(595): CodeIgniter\Debug\Exceptions->errorHandler(8, 'Undefined index...', '/home/dora30319...', 595, Array)
#1 /home/dora30319318/public_html/NewBear/app/Controllers/Connect.php(34): App\Controllers\Connect->index_post()
#2 /home/dora30319318/public_html/NewBear/vendor/codeigniter4/framework/system/CodeIgniter.php(824): App\Controllers\Connect->index()
#3 /home/dora30319318/public_html/NewBear/vendor/codeigniter4/framework/system/CodeIgniter.php(410): CodeIgniter\CodeIgniter->runController(Object(App\Controllers\Connect))
#4 /home/dora30319318/public_html/NewBear/vendor/codeigniter4/framework/system/CodeIgniter.php(318): CodeIgniter\CodeIgniter->handleRequest(NULL, Object(Config\Cache), false)
#5 /home/dora30319318/public_html/NewBear/index.php(37): CodeIgniter\CodeIgniter->run()
#6 {main}
CRITICAL - 2024-04-07 22:20:34 --> Undefined index: Aimbot
#0 /home/dora30319318/public_html/NewBear/app/Controllers/Connect.php(595): CodeIgniter\Debug\Exceptions->errorHandler(8, 'Undefined index...', '/home/dora30319...', 595, Array)
#1 /home/dora30319318/public_html/NewBear/app/Controllers/Connect.php(34): App\Controllers\Connect->index_post()
#2 /home/dora30319318/public_html/NewBear/vendor/codeigniter4/framework/system/CodeIgniter.php(824): App\Controllers\Connect->index()
#3 /home/dora30319318/public_html/NewBear/vendor/codeigniter4/framework/system/CodeIgniter.php(410): CodeIgniter\CodeIgniter->runController(Object(App\Controllers\Connect))
#4 /home/dora30319318/public_html/NewBear/vendor/codeigniter4/framework/system/CodeIgniter.php(318): CodeIgniter\CodeIgniter->handleRequest(NULL, Object(Config\Cache), false)
#5 /home/dora30319318/public_html/NewBear/index.php(37): CodeIgniter\CodeIgniter->run()
#6 {main}
CRITICAL - 2024-04-07 22:20:47 --> Undefined index: Aimbot
#0 /home/dora30319318/public_html/NewBear/app/Controllers/Connect.php(595): CodeIgniter\Debug\Exceptions->errorHandler(8, 'Undefined index...', '/home/dora30319...', 595, Array)
#1 /home/dora30319318/public_html/NewBear/app/Controllers/Connect.php(34): App\Controllers\Connect->index_post()
#2 /home/dora30319318/public_html/NewBear/vendor/codeigniter4/framework/system/CodeIgniter.php(824): App\Controllers\Connect->index()
#3 /home/dora30319318/public_html/NewBear/vendor/codeigniter4/framework/system/CodeIgniter.php(410): CodeIgniter\CodeIgniter->runController(Object(App\Controllers\Connect))
#4 /home/dora30319318/public_html/NewBear/vendor/codeigniter4/framework/system/CodeIgniter.php(318): CodeIgniter\CodeIgniter->handleRequest(NULL, Object(Config\Cache), false)
#5 /home/dora30319318/public_html/NewBear/index.php(37): CodeIgniter\CodeIgniter->run()
#6 {main}
CRITICAL - 2024-04-07 22:20:50 --> Undefined index: Aimbot
#0 /home/dora30319318/public_html/NewBear/app/Controllers/Connect.php(595): CodeIgniter\Debug\Exceptions->errorHandler(8, 'Undefined index...', '/home/dora30319...', 595, Array)
#1 /home/dora30319318/public_html/NewBear/app/Controllers/Connect.php(34): App\Controllers\Connect->index_post()
#2 /home/dora30319318/public_html/NewBear/vendor/codeigniter4/framework/system/CodeIgniter.php(824): App\Controllers\Connect->index()
#3 /home/dora30319318/public_html/NewBear/vendor/codeigniter4/framework/system/CodeIgniter.php(410): CodeIgniter\CodeIgniter->runController(Object(App\Controllers\Connect))
#4 /home/dora30319318/public_html/NewBear/vendor/codeigniter4/framework/system/CodeIgniter.php(318): CodeIgniter\CodeIgniter->handleRequest(NULL, Object(Config\Cache), false)
#5 /home/dora30319318/public_html/NewBear/index.php(37): CodeIgniter\CodeIgniter->run()
#6 {main}
CRITICAL - 2024-04-07 22:20:55 --> Undefined index: Aimbot
#0 /home/dora30319318/public_html/NewBear/app/Controllers/Connect.php(595): CodeIgniter\Debug\Exceptions->errorHandler(8, 'Undefined index...', '/home/dora30319...', 595, Array)
#1 /home/dora30319318/public_html/NewBear/app/Controllers/Connect.php(34): App\Controllers\Connect->index_post()
#2 /home/dora30319318/public_html/NewBear/vendor/codeigniter4/framework/system/CodeIgniter.php(824): App\Controllers\Connect->index()
#3 /home/dora30319318/public_html/NewBear/vendor/codeigniter4/framework/system/CodeIgniter.php(410): CodeIgniter\CodeIgniter->runController(Object(App\Controllers\Connect))
#4 /home/dora30319318/public_html/NewBear/vendor/codeigniter4/framework/system/CodeIgniter.php(318): CodeIgniter\CodeIgniter->handleRequest(NULL, Object(Config\Cache), false)
#5 /home/dora30319318/public_html/NewBear/index.php(37): CodeIgniter\CodeIgniter->run()
#6 {main}
CRITICAL - 2024-04-07 22:20:56 --> Undefined index: Aimbot
#0 /home/dora30319318/public_html/NewBear/app/Controllers/Connect.php(595): CodeIgniter\Debug\Exceptions->errorHandler(8, 'Undefined index...', '/home/dora30319...', 595, Array)
#1 /home/dora30319318/public_html/NewBear/app/Controllers/Connect.php(34): App\Controllers\Connect->index_post()
#2 /home/dora30319318/public_html/NewBear/vendor/codeigniter4/framework/system/CodeIgniter.php(824): App\Controllers\Connect->index()
#3 /home/dora30319318/public_html/NewBear/vendor/codeigniter4/framework/system/CodeIgniter.php(410): CodeIgniter\CodeIgniter->runController(Object(App\Controllers\Connect))
#4 /home/dora30319318/public_html/NewBear/vendor/codeigniter4/framework/system/CodeIgniter.php(318): CodeIgniter\CodeIgniter->handleRequest(NULL, Object(Config\Cache), false)
#5 /home/dora30319318/public_html/NewBear/index.php(37): CodeIgniter\CodeIgniter->run()
#6 {main}
CRITICAL - 2024-04-07 22:21:41 --> Undefined index: Aimbot
#0 /home/dora30319318/public_html/NewBear/app/Controllers/Connect.php(595): CodeIgniter\Debug\Exceptions->errorHandler(8, 'Undefined index...', '/home/dora30319...', 595, Array)
#1 /home/dora30319318/public_html/NewBear/app/Controllers/Connect.php(34): App\Controllers\Connect->index_post()
#2 /home/dora30319318/public_html/NewBear/vendor/codeigniter4/framework/system/CodeIgniter.php(824): App\Controllers\Connect->index()
#3 /home/dora30319318/public_html/NewBear/vendor/codeigniter4/framework/system/CodeIgniter.php(410): CodeIgniter\CodeIgniter->runController(Object(App\Controllers\Connect))
#4 /home/dora30319318/public_html/NewBear/vendor/codeigniter4/framework/system/CodeIgniter.php(318): CodeIgniter\CodeIgniter->handleRequest(NULL, Object(Config\Cache), false)
#5 /home/dora30319318/public_html/NewBear/index.php(37): CodeIgniter\CodeIgniter->run()
#6 {main}
CRITICAL - 2024-04-07 22:28:53 --> Undefined index: Aimbot
#0 /home/dora30319318/public_html/NewBear/app/Controllers/Connect.php(595): CodeIgniter\Debug\Exceptions->errorHandler(8, 'Undefined index...', '/home/dora30319...', 595, Array)
#1 /home/dora30319318/public_html/NewBear/app/Controllers/Connect.php(34): App\Controllers\Connect->index_post()
#2 /home/dora30319318/public_html/NewBear/vendor/codeigniter4/framework/system/CodeIgniter.php(824): App\Controllers\Connect->index()
#3 /home/dora30319318/public_html/NewBear/vendor/codeigniter4/framework/system/CodeIgniter.php(410): CodeIgniter\CodeIgniter->runController(Object(App\Controllers\Connect))
#4 /home/dora30319318/public_html/NewBear/vendor/codeigniter4/framework/system/CodeIgniter.php(318): CodeIgniter\CodeIgniter->handleRequest(NULL, Object(Config\Cache), false)
#5 /home/dora30319318/public_html/NewBear/index.php(37): CodeIgniter\CodeIgniter->run()
#6 {main}
CRITICAL - 2024-04-07 22:35:14 --> Undefined index: Aimbot
#0 /home/dora30319318/public_html/NewBear/app/Controllers/Connect.php(595): CodeIgniter\Debug\Exceptions->errorHandler(8, 'Undefined index...', '/home/dora30319...', 595, Array)
#1 /home/dora30319318/public_html/NewBear/app/Controllers/Connect.php(34): App\Controllers\Connect->index_post()
#2 /home/dora30319318/public_html/NewBear/vendor/codeigniter4/framework/system/CodeIgniter.php(824): App\Controllers\Connect->index()
#3 /home/dora30319318/public_html/NewBear/vendor/codeigniter4/framework/system/CodeIgniter.php(410): CodeIgniter\CodeIgniter->runController(Object(App\Controllers\Connect))
#4 /home/dora30319318/public_html/NewBear/vendor/codeigniter4/framework/system/CodeIgniter.php(318): CodeIgniter\CodeIgniter->handleRequest(NULL, Object(Config\Cache), false)
#5 /home/dora30319318/public_html/NewBear/index.php(37): CodeIgniter\CodeIgniter->run()
#6 {main}
CRITICAL - 2024-04-07 22:35:54 --> Undefined index: Aimbot
#0 /home/dora30319318/public_html/NewBear/app/Controllers/Connect.php(595): CodeIgniter\Debug\Exceptions->errorHandler(8, 'Undefined index...', '/home/dora30319...', 595, Array)
#1 /home/dora30319318/public_html/NewBear/app/Controllers/Connect.php(34): App\Controllers\Connect->index_post()
#2 /home/dora30319318/public_html/NewBear/vendor/codeigniter4/framework/system/CodeIgniter.php(824): App\Controllers\Connect->index()
#3 /home/dora30319318/public_html/NewBear/vendor/codeigniter4/framework/system/CodeIgniter.php(410): CodeIgniter\CodeIgniter->runController(Object(App\Controllers\Connect))
#4 /home/dora30319318/public_html/NewBear/vendor/codeigniter4/framework/system/CodeIgniter.php(318): CodeIgniter\CodeIgniter->handleRequest(NULL, Object(Config\Cache), false)
#5 /home/dora30319318/public_html/NewBear/index.php(37): CodeIgniter\CodeIgniter->run()
#6 {main}
CRITICAL - 2024-04-07 22:36:16 --> Undefined index: Aimbot
#0 /home/dora30319318/public_html/NewBear/app/Controllers/Connect.php(595): CodeIgniter\Debug\Exceptions->errorHandler(8, 'Undefined index...', '/home/dora30319...', 595, Array)
#1 /home/dora30319318/public_html/NewBear/app/Controllers/Connect.php(34): App\Controllers\Connect->index_post()
#2 /home/dora30319318/public_html/NewBear/vendor/codeigniter4/framework/system/CodeIgniter.php(824): App\Controllers\Connect->index()
#3 /home/dora30319318/public_html/NewBear/vendor/codeigniter4/framework/system/CodeIgniter.php(410): CodeIgniter\CodeIgniter->runController(Object(App\Controllers\Connect))
#4 /home/dora30319318/public_html/NewBear/vendor/codeigniter4/framework/system/CodeIgniter.php(318): CodeIgniter\CodeIgniter->handleRequest(NULL, Object(Config\Cache), false)
#5 /home/dora30319318/public_html/NewBear/index.php(37): CodeIgniter\CodeIgniter->run()
#6 {main}
CRITICAL - 2024-04-07 22:45:30 --> Argument 1 passed to CodeIgniter\I18n\Time::addDays() must be of the type int, null given, called in /home/dora30319318/public_html/NewBear/app/Controllers/User.php on line 89
#0 /home/dora30319318/public_html/NewBear/app/Controllers/User.php(89): CodeIgniter\I18n\Time->addDays(NULL)
#1 /home/dora30319318/public_html/NewBear/app/Controllers/User.php(61): App\Controllers\User->reff_action()
#2 /home/dora30319318/public_html/NewBear/vendor/codeigniter4/framework/system/CodeIgniter.php(824): App\Controllers\User->ref_index()
#3 /home/dora30319318/public_html/NewBear/vendor/codeigniter4/framework/system/CodeIgniter.php(410): CodeIgniter\CodeIgniter->runController(Object(App\Controllers\User))
#4 /home/dora30319318/public_html/NewBear/vendor/codeigniter4/framework/system/CodeIgniter.php(318): CodeIgniter\CodeIgniter->handleRequest(NULL, Object(Config\Cache), false)
#5 /home/dora30319318/public_html/NewBear/index.php(37): CodeIgniter\CodeIgniter->run()
#6 {main}
ERROR - 2024-04-07 22:51:01 --> Duplicate entry '' for key 'email'
CRITICAL - 2024-04-07 22:51:01 --> Duplicate entry '' for key 'email'
#0 /home/dora30319318/public_html/NewBear/vendor/codeigniter4/framework/system/Database/MySQLi/Connection.php(292): mysqli->query('INSERT INTO `us...', 0)
#1 /home/dora30319318/public_html/NewBear/vendor/codeigniter4/framework/system/Database/BaseConnection.php(670): CodeIgniter\Database\MySQLi\Connection->execute('INSERT INTO `us...')
#2 /home/dora30319318/public_html/NewBear/vendor/codeigniter4/framework/system/Database/BaseConnection.php(598): CodeIgniter\Database\BaseConnection->simpleQuery('INSERT INTO `us...')
#3 /home/dora30319318/public_html/NewBear/vendor/codeigniter4/framework/system/Database/BaseBuilder.php(1759): CodeIgniter\Database\BaseConnection->query('INSERT INTO `us...', Array, false)
#4 /home/dora30319318/public_html/NewBear/vendor/codeigniter4/framework/system/Model.php(239): CodeIgniter\Database\BaseBuilder->insert()
#5 /home/dora30319318/public_html/NewBear/vendor/codeigniter4/framework/system/BaseModel.php(738): CodeIgniter\Model->doInsert(Array)
#6 /home/dora30319318/public_html/NewBear/vendor/codeigniter4/framework/system/Model.php(620): CodeIgniter\BaseModel->insert(Array, true)
#7 /home/dora30319318/public_html/NewBear/app/Controllers/Auth.php(188): CodeIgniter\Model->insert(Array, true)
#8 /home/dora30319318/public_html/NewBear/app/Controllers/Auth.php(63): App\Controllers\Auth->register_action()
#9 /home/dora30319318/public_html/NewBear/vendor/codeigniter4/framework/system/CodeIgniter.php(824): App\Controllers\Auth->register()
#10 /home/dora30319318/public_html/NewBear/vendor/codeigniter4/framework/system/CodeIgniter.php(410): CodeIgniter\CodeIgniter->runController(Object(App\Controllers\Auth))
#11 /home/dora30319318/public_html/NewBear/vendor/codeigniter4/framework/system/CodeIgniter.php(318): CodeIgniter\CodeIgniter->handleRequest(NULL, Object(Config\Cache), false)
#12 /home/dora30319318/public_html/NewBear/index.php(37): CodeIgniter\CodeIgniter->run()
#13 {main}
ERROR - 2024-04-07 22:53:06 --> Duplicate entry '' for key 'email'
CRITICAL - 2024-04-07 22:53:06 --> Duplicate entry '' for key 'email'
#0 /home/dora30319318/public_html/NewBear/vendor/codeigniter4/framework/system/Database/MySQLi/Connection.php(292): mysqli->query('INSERT INTO `us...', 0)
#1 /home/dora30319318/public_html/NewBear/vendor/codeigniter4/framework/system/Database/BaseConnection.php(670): CodeIgniter\Database\MySQLi\Connection->execute('INSERT INTO `us...')
#2 /home/dora30319318/public_html/NewBear/vendor/codeigniter4/framework/system/Database/BaseConnection.php(598): CodeIgniter\Database\BaseConnection->simpleQuery('INSERT INTO `us...')
#3 /home/dora30319318/public_html/NewBear/vendor/codeigniter4/framework/system/Database/BaseBuilder.php(1759): CodeIgniter\Database\BaseConnection->query('INSERT INTO `us...', Array, false)
#4 /home/dora30319318/public_html/NewBear/vendor/codeigniter4/framework/system/Model.php(239): CodeIgniter\Database\BaseBuilder->insert()
#5 /home/dora30319318/public_html/NewBear/vendor/codeigniter4/framework/system/BaseModel.php(738): CodeIgniter\Model->doInsert(Array)
#6 /home/dora30319318/public_html/NewBear/vendor/codeigniter4/framework/system/Model.php(620): CodeIgniter\BaseModel->insert(Array, true)
#7 /home/dora30319318/public_html/NewBear/app/Controllers/Auth.php(188): CodeIgniter\Model->insert(Array, true)
#8 /home/dora30319318/public_html/NewBear/app/Controllers/Auth.php(63): App\Controllers\Auth->register_action()
#9 /home/dora30319318/public_html/NewBear/vendor/codeigniter4/framework/system/CodeIgniter.php(824): App\Controllers\Auth->register()
#10 /home/dora30319318/public_html/NewBear/vendor/codeigniter4/framework/system/CodeIgniter.php(410): CodeIgniter\CodeIgniter->runController(Object(App\Controllers\Auth))
#11 /home/dora30319318/public_html/NewBear/vendor/codeigniter4/framework/system/CodeIgniter.php(318): CodeIgniter\CodeIgniter->handleRequest(NULL, Object(Config\Cache), false)
#12 /home/dora30319318/public_html/NewBear/index.php(37): CodeIgniter\CodeIgniter->run()
#13 {main}
ERROR - 2024-04-07 22:56:02 --> Duplicate entry '' for key 'email'
CRITICAL - 2024-04-07 22:56:02 --> Duplicate entry '' for key 'email'
#0 /home/dora30319318/public_html/NewBear/vendor/codeigniter4/framework/system/Database/MySQLi/Connection.php(292): mysqli->query('INSERT INTO `us...', 0)
#1 /home/dora30319318/public_html/NewBear/vendor/codeigniter4/framework/system/Database/BaseConnection.php(670): CodeIgniter\Database\MySQLi\Connection->execute('INSERT INTO `us...')
#2 /home/dora30319318/public_html/NewBear/vendor/codeigniter4/framework/system/Database/BaseConnection.php(598): CodeIgniter\Database\BaseConnection->simpleQuery('INSERT INTO `us...')
#3 /home/dora30319318/public_html/NewBear/vendor/codeigniter4/framework/system/Database/BaseBuilder.php(1759): CodeIgniter\Database\BaseConnection->query('INSERT INTO `us...', Array, false)
#4 /home/dora30319318/public_html/NewBear/vendor/codeigniter4/framework/system/Model.php(239): CodeIgniter\Database\BaseBuilder->insert()
#5 /home/dora30319318/public_html/NewBear/vendor/codeigniter4/framework/system/BaseModel.php(738): CodeIgniter\Model->doInsert(Array)
#6 /home/dora30319318/public_html/NewBear/vendor/codeigniter4/framework/system/Model.php(620): CodeIgniter\BaseModel->insert(Array, true)
#7 /home/dora30319318/public_html/NewBear/app/Controllers/Auth.php(188): CodeIgniter\Model->insert(Array, true)
#8 /home/dora30319318/public_html/NewBear/app/Controllers/Auth.php(63): App\Controllers\Auth->register_action()
#9 /home/dora30319318/public_html/NewBear/vendor/codeigniter4/framework/system/CodeIgniter.php(824): App\Controllers\Auth->register()
#10 /home/dora30319318/public_html/NewBear/vendor/codeigniter4/framework/system/CodeIgniter.php(410): CodeIgniter\CodeIgniter->runController(Object(App\Controllers\Auth))
#11 /home/dora30319318/public_html/NewBear/vendor/codeigniter4/framework/system/CodeIgniter.php(318): CodeIgniter\CodeIgniter->handleRequest(NULL, Object(Config\Cache), false)
#12 /home/dora30319318/public_html/NewBear/index.php(37): CodeIgniter\CodeIgniter->run()
#13 {main}
CRITICAL - 2024-04-07 21:28:15 --> Trying to access array offset on value of type null
#0 /home/dora30319318/public_html/NewBear/app/Views/Server/lib.php(100): CodeIgniter\Debug\Exceptions->errorHandler(8, 'Trying to acces...', '/home/dora30319...', 100, Array)
#1 /home/dora30319318/public_html/NewBear/vendor/codeigniter4/framework/system/View/View.php(214): include('/home/dora30319...')
#2 /home/dora30319318/public_html/NewBear/vendor/codeigniter4/framework/system/View/View.php(217): CodeIgniter\View\View->CodeIgniter\View\{closure}()
#3 /home/dora30319318/public_html/NewBear/vendor/codeigniter4/framework/system/Common.php(1097): CodeIgniter\View\View->render('Server/lib', Array, true)
#4 /home/dora30319318/public_html/NewBear/app/Controllers/User.php(349): view('Server/lib', Array)
#5 /home/dora30319318/public_html/NewBear/vendor/codeigniter4/framework/system/CodeIgniter.php(824): App\Controllers\User->lib()
#6 /home/dora30319318/public_html/NewBear/vendor/codeigniter4/framework/system/CodeIgniter.php(410): CodeIgniter\CodeIgniter->runController(Object(App\Controllers\User))
#7 /home/dora30319318/public_html/NewBear/vendor/codeigniter4/framework/system/CodeIgniter.php(318): CodeIgniter\CodeIgniter->handleRequest(NULL, Object(Config\Cache), false)
#8 /home/dora30319318/public_html/NewBear/index.php(37): CodeIgniter\CodeIgniter->run()
#9 {main}
ERROR - 2024-04-07 22:59:48 --> Duplicate entry '' for key 'email'
CRITICAL - 2024-04-07 22:59:48 --> Duplicate entry '' for key 'email'
#0 /home/dora30319318/public_html/NewBear/vendor/codeigniter4/framework/system/Database/MySQLi/Connection.php(292): mysqli->query('INSERT INTO `us...', 0)
#1 /home/dora30319318/public_html/NewBear/vendor/codeigniter4/framework/system/Database/BaseConnection.php(670): CodeIgniter\Database\MySQLi\Connection->execute('INSERT INTO `us...')
#2 /home/dora30319318/public_html/NewBear/vendor/codeigniter4/framework/system/Database/BaseConnection.php(598): CodeIgniter\Database\BaseConnection->simpleQuery('INSERT INTO `us...')
#3 /home/dora30319318/public_html/NewBear/vendor/codeigniter4/framework/system/Database/BaseBuilder.php(1759): CodeIgniter\Database\BaseConnection->query('INSERT INTO `us...', Array, false)
#4 /home/dora30319318/public_html/NewBear/vendor/codeigniter4/framework/system/Model.php(239): CodeIgniter\Database\BaseBuilder->insert()
#5 /home/dora30319318/public_html/NewBear/vendor/codeigniter4/framework/system/BaseModel.php(738): CodeIgniter\Model->doInsert(Array)
#6 /home/dora30319318/public_html/NewBear/vendor/codeigniter4/framework/system/Model.php(620): CodeIgniter\BaseModel->insert(Array, true)
#7 /home/dora30319318/public_html/NewBear/app/Controllers/Auth.php(198): CodeIgniter\Model->insert(Array, true)
#8 /home/dora30319318/public_html/NewBear/app/Controllers/Auth.php(63): App\Controllers\Auth->register_action()
#9 /home/dora30319318/public_html/NewBear/vendor/codeigniter4/framework/system/CodeIgniter.php(824): App\Controllers\Auth->register()
#10 /home/dora30319318/public_html/NewBear/vendor/codeigniter4/framework/system/CodeIgniter.php(410): CodeIgniter\CodeIgniter->runController(Object(App\Controllers\Auth))
#11 /home/dora30319318/public_html/NewBear/vendor/codeigniter4/framework/system/CodeIgniter.php(318): CodeIgniter\CodeIgniter->handleRequest(NULL, Object(Config\Cache), false)
#12 /home/dora30319318/public_html/NewBear/index.php(37): CodeIgniter\CodeIgniter->run()
#13 {main}
CRITICAL - 2024-04-07 21:32:46 --> Trying to access array offset on value of type null
#0 /home/dora30319318/public_html/NewBear/app/Views/Server/lib.php(100): CodeIgniter\Debug\Exceptions->errorHandler(8, 'Trying to acces...', '/home/dora30319...', 100, Array)
#1 /home/dora30319318/public_html/NewBear/vendor/codeigniter4/framework/system/View/View.php(214): include('/home/dora30319...')
#2 /home/dora30319318/public_html/NewBear/vendor/codeigniter4/framework/system/View/View.php(217): CodeIgniter\View\View->CodeIgniter\View\{closure}()
#3 /home/dora30319318/public_html/NewBear/vendor/codeigniter4/framework/system/Common.php(1097): CodeIgniter\View\View->render('Server/lib', Array, true)
#4 /home/dora30319318/public_html/NewBear/app/Controllers/User.php(349): view('Server/lib', Array)
#5 /home/dora30319318/public_html/NewBear/vendor/codeigniter4/framework/system/CodeIgniter.php(824): App\Controllers\User->lib()
#6 /home/dora30319318/public_html/NewBear/vendor/codeigniter4/framework/system/CodeIgniter.php(410): CodeIgniter\CodeIgniter->runController(Object(App\Controllers\User))
#7 /home/dora30319318/public_html/NewBear/vendor/codeigniter4/framework/system/CodeIgniter.php(318): CodeIgniter\CodeIgniter->handleRequest(NULL, Object(Config\Cache), false)
#8 /home/dora30319318/public_html/NewBear/index.php(37): CodeIgniter\CodeIgniter->run()
#9 {main}
CRITICAL - 2024-04-07 23:05:16 --> syntax error, unexpected ')'
#0 /home/dora30319318/public_html/NewBear/vendor/codeigniter4/framework/system/Autoloader/Autoloader.php(241): CodeIgniter\Autoloader\Autoloader->includeFile('/home/dora30319...')
#1 /home/dora30319318/public_html/NewBear/vendor/codeigniter4/framework/system/Autoloader/Autoloader.php(219): CodeIgniter\Autoloader\Autoloader->loadInNamespace('App\\Controllers...')
#2 [internal function]: CodeIgniter\Autoloader\Autoloader->loadClass('App\\Controllers...')
#3 [internal function]: spl_autoload_call('App\\Controllers...')
#4 /home/dora30319318/public_html/NewBear/vendor/codeigniter4/framework/system/CodeIgniter.php(789): class_exists('\\App\\Controller...', true)
#5 /home/dora30319318/public_html/NewBear/vendor/codeigniter4/framework/system/CodeIgniter.php(397): CodeIgniter\CodeIgniter->startController()
#6 /home/dora30319318/public_html/NewBear/vendor/codeigniter4/framework/system/CodeIgniter.php(318): CodeIgniter\CodeIgniter->handleRequest(NULL, Object(Config\Cache), false)
#7 /home/dora30319318/public_html/NewBear/index.php(37): CodeIgniter\CodeIgniter->run()
#8 {main}
CRITICAL - 2024-04-07 23:05:19 --> syntax error, unexpected ')'
#0 /home/dora30319318/public_html/NewBear/vendor/codeigniter4/framework/system/Autoloader/Autoloader.php(241): CodeIgniter\Autoloader\Autoloader->includeFile('/home/dora30319...')
#1 /home/dora30319318/public_html/NewBear/vendor/codeigniter4/framework/system/Autoloader/Autoloader.php(219): CodeIgniter\Autoloader\Autoloader->loadInNamespace('App\\Controllers...')
#2 [internal function]: CodeIgniter\Autoloader\Autoloader->loadClass('App\\Controllers...')
#3 [internal function]: spl_autoload_call('App\\Controllers...')
#4 /home/dora30319318/public_html/NewBear/vendor/codeigniter4/framework/system/CodeIgniter.php(789): class_exists('\\App\\Controller...', true)
#5 /home/dora30319318/public_html/NewBear/vendor/codeigniter4/framework/system/CodeIgniter.php(397): CodeIgniter\CodeIgniter->startController()
#6 /home/dora30319318/public_html/NewBear/vendor/codeigniter4/framework/system/CodeIgniter.php(318): CodeIgniter\CodeIgniter->handleRequest(NULL, Object(Config\Cache), false)
#7 /home/dora30319318/public_html/NewBear/index.php(37): CodeIgniter\CodeIgniter->run()
#8 {main}
CRITICAL - 2024-04-07 23:05:43 --> syntax error, unexpected ')'
#0 /home/dora30319318/public_html/NewBear/vendor/codeigniter4/framework/system/Autoloader/Autoloader.php(241): CodeIgniter\Autoloader\Autoloader->includeFile('/home/dora30319...')
#1 /home/dora30319318/public_html/NewBear/vendor/codeigniter4/framework/system/Autoloader/Autoloader.php(219): CodeIgniter\Autoloader\Autoloader->loadInNamespace('App\\Controllers...')
#2 [internal function]: CodeIgniter\Autoloader\Autoloader->loadClass('App\\Controllers...')
#3 [internal function]: spl_autoload_call('App\\Controllers...')
#4 /home/dora30319318/public_html/NewBear/vendor/codeigniter4/framework/system/CodeIgniter.php(789): class_exists('\\App\\Controller...', true)
#5 /home/dora30319318/public_html/NewBear/vendor/codeigniter4/framework/system/CodeIgniter.php(397): CodeIgniter\CodeIgniter->startController()
#6 /home/dora30319318/public_html/NewBear/vendor/codeigniter4/framework/system/CodeIgniter.php(318): CodeIgniter\CodeIgniter->handleRequest(NULL, Object(Config\Cache), false)
#7 /home/dora30319318/public_html/NewBear/index.php(37): CodeIgniter\CodeIgniter->run()
#8 {main}
CRITICAL - 2024-04-07 23:05:47 --> syntax error, unexpected ')'
#0 /home/dora30319318/public_html/NewBear/vendor/codeigniter4/framework/system/Autoloader/Autoloader.php(241): CodeIgniter\Autoloader\Autoloader->includeFile('/home/dora30319...')
#1 /home/dora30319318/public_html/NewBear/vendor/codeigniter4/framework/system/Autoloader/Autoloader.php(219): CodeIgniter\Autoloader\Autoloader->loadInNamespace('App\\Controllers...')
#2 [internal function]: CodeIgniter\Autoloader\Autoloader->loadClass('App\\Controllers...')
#3 [internal function]: spl_autoload_call('App\\Controllers...')
#4 /home/dora30319318/public_html/NewBear/vendor/codeigniter4/framework/system/CodeIgniter.php(789): class_exists('\\App\\Controller...', true)
#5 /home/dora30319318/public_html/NewBear/vendor/codeigniter4/framework/system/CodeIgniter.php(397): CodeIgniter\CodeIgniter->startController()
#6 /home/dora30319318/public_html/NewBear/vendor/codeigniter4/framework/system/CodeIgniter.php(318): CodeIgniter\CodeIgniter->handleRequest(NULL, Object(Config\Cache), false)
#7 /home/dora30319318/public_html/NewBear/index.php(37): CodeIgniter\CodeIgniter->run()
#8 {main}
CRITICAL - 2024-04-07 23:06:50 --> syntax error, unexpected ')'
#0 /home/dora30319318/public_html/NewBear/vendor/codeigniter4/framework/system/Autoloader/Autoloader.php(241): CodeIgniter\Autoloader\Autoloader->includeFile('/home/dora30319...')
#1 /home/dora30319318/public_html/NewBear/vendor/codeigniter4/framework/system/Autoloader/Autoloader.php(219): CodeIgniter\Autoloader\Autoloader->loadInNamespace('App\\Controllers...')
#2 [internal function]: CodeIgniter\Autoloader\Autoloader->loadClass('App\\Controllers...')
#3 [internal function]: spl_autoload_call('App\\Controllers...')
#4 /home/dora30319318/public_html/NewBear/vendor/codeigniter4/framework/system/CodeIgniter.php(789): class_exists('\\App\\Controller...', true)
#5 /home/dora30319318/public_html/NewBear/vendor/codeigniter4/framework/system/CodeIgniter.php(397): CodeIgniter\CodeIgniter->startController()
#6 /home/dora30319318/public_html/NewBear/vendor/codeigniter4/framework/system/CodeIgniter.php(318): CodeIgniter\CodeIgniter->handleRequest(NULL, Object(Config\Cache), false)
#7 /home/dora30319318/public_html/NewBear/index.php(37): CodeIgniter\CodeIgniter->run()
#8 {main}
