CRITICAL - 2022-06-02 15:39:18 --> exec() has been disabled for security reasons
#0 [internal function]: CodeIgniter\Debug\Exceptions->errorHandler()
#1 /storage/ssd1/780/17265780/public_html/app/Views/Server/Server.php(32): exec()
#2 /storage/ssd1/780/17265780/public_html/vendor/codeigniter4/framework/system/View/View.php(214): include('/storage/ssd1/7...')
#3 /storage/ssd1/780/17265780/public_html/vendor/codeigniter4/framework/system/View/View.php(217): CodeIgniter\View\View->CodeIgniter\View\{closure}()
#4 /storage/ssd1/780/17265780/public_html/vendor/codeigniter4/framework/system/Common.php(1097): CodeIgniter\View\View->render()
#5 /storage/ssd1/780/17265780/public_html/app/Controllers/User.php(275): view()
#6 /storage/ssd1/780/17265780/public_html/vendor/codeigniter4/framework/system/CodeIgniter.php(824): App\Controllers\User->Server()
#7 /storage/ssd1/780/17265780/public_html/vendor/codeigniter4/framework/system/CodeIgniter.php(410): CodeIgniter\CodeIgniter->runController()
#8 /storage/ssd1/780/17265780/public_html/vendor/codeigniter4/framework/system/CodeIgniter.php(318): CodeIgniter\CodeIgniter->handleRequest()
#9 /storage/ssd1/780/17265780/public_html/public/index.php(37): CodeIgniter\CodeIgniter->run()
#10 {main}
CRITICAL - 2022-06-02 15:40:30 --> exec() has been disabled for security reasons
#0 [internal function]: CodeIgniter\Debug\Exceptions->errorHandler()
#1 /storage/ssd1/780/17265780/public_html/app/Views/Server/Server.php(32): exec()
#2 /storage/ssd1/780/17265780/public_html/vendor/codeigniter4/framework/system/View/View.php(214): include('/storage/ssd1/7...')
#3 /storage/ssd1/780/17265780/public_html/vendor/codeigniter4/framework/system/View/View.php(217): CodeIgniter\View\View->CodeIgniter\View\{closure}()
#4 /storage/ssd1/780/17265780/public_html/vendor/codeigniter4/framework/system/Common.php(1097): CodeIgniter\View\View->render()
#5 /storage/ssd1/780/17265780/public_html/app/Controllers/User.php(275): view()
#6 /storage/ssd1/780/17265780/public_html/vendor/codeigniter4/framework/system/CodeIgniter.php(824): App\Controllers\User->Server()
#7 /storage/ssd1/780/17265780/public_html/vendor/codeigniter4/framework/system/CodeIgniter.php(410): CodeIgniter\CodeIgniter->runController()
#8 /storage/ssd1/780/17265780/public_html/vendor/codeigniter4/framework/system/CodeIgniter.php(318): CodeIgniter\CodeIgniter->handleRequest()
#9 /storage/ssd1/780/17265780/public_html/public/index.php(37): CodeIgniter\CodeIgniter->run()
#10 {main}
CRITICAL - 2022-06-02 17:36:25 --> Undefined variable: user_ip
#0 /storage/ssd1/780/17265780/public_html/app/Controllers/Auth.php(85): CodeIgniter\Debug\Exceptions->errorHandler()
#1 /storage/ssd1/780/17265780/public_html/app/Controllers/Auth.php(31): App\Controllers\Auth->login_action()
#2 /storage/ssd1/780/17265780/public_html/vendor/codeigniter4/framework/system/CodeIgniter.php(824): App\Controllers\Auth->login()
#3 /storage/ssd1/780/17265780/public_html/vendor/codeigniter4/framework/system/CodeIgniter.php(410): CodeIgniter\CodeIgniter->runController()
#4 /storage/ssd1/780/17265780/public_html/vendor/codeigniter4/framework/system/CodeIgniter.php(318): CodeIgniter\CodeIgniter->handleRequest()
#5 /storage/ssd1/780/17265780/public_html/public/index.php(37): CodeIgniter\CodeIgniter->run()
#6 {main}
CRITICAL - 2022-06-02 17:37:08 --> Undefined variable: user_ip
#0 /storage/ssd1/780/17265780/public_html/app/Controllers/Auth.php(85): CodeIgniter\Debug\Exceptions->errorHandler()
#1 /storage/ssd1/780/17265780/public_html/app/Controllers/Auth.php(31): App\Controllers\Auth->login_action()
#2 /storage/ssd1/780/17265780/public_html/vendor/codeigniter4/framework/system/CodeIgniter.php(824): App\Controllers\Auth->login()
#3 /storage/ssd1/780/17265780/public_html/vendor/codeigniter4/framework/system/CodeIgniter.php(410): CodeIgniter\CodeIgniter->runController()
#4 /storage/ssd1/780/17265780/public_html/vendor/codeigniter4/framework/system/CodeIgniter.php(318): CodeIgniter\CodeIgniter->handleRequest()
#5 /storage/ssd1/780/17265780/public_html/public/index.php(37): CodeIgniter\CodeIgniter->run()
#6 {main}
CRITICAL - 2022-06-02 17:44:55 --> Undefined variable: user_ip
#0 /storage/ssd1/780/17265780/public_html/app/Controllers/Auth.php(85): CodeIgniter\Debug\Exceptions->errorHandler()
#1 /storage/ssd1/780/17265780/public_html/app/Controllers/Auth.php(31): App\Controllers\Auth->login_action()
#2 /storage/ssd1/780/17265780/public_html/vendor/codeigniter4/framework/system/CodeIgniter.php(824): App\Controllers\Auth->login()
#3 /storage/ssd1/780/17265780/public_html/vendor/codeigniter4/framework/system/CodeIgniter.php(410): CodeIgniter\CodeIgniter->runController()
#4 /storage/ssd1/780/17265780/public_html/vendor/codeigniter4/framework/system/CodeIgniter.php(318): CodeIgniter\CodeIgniter->handleRequest()
#5 /storage/ssd1/780/17265780/public_html/public/index.php(37): CodeIgniter\CodeIgniter->run()
#6 {main}
