CRITICAL - 2022-12-18 01:42:21 --> Undefined variable: user
#0 /home/darkesp1/dark-esp-yt.tk/app/Controllers/User.php(269): CodeIgniter\Debug\Exceptions->errorHandler(8, 'Undefined varia...', '/home/darkesp1/...', 269, Array)
#1 /home/darkesp1/dark-esp-yt.tk/vendor/codeigniter4/framework/system/CodeIgniter.php(824): App\Controllers\User->lib()
#2 /home/darkesp1/dark-esp-yt.tk/vendor/codeigniter4/framework/system/CodeIgniter.php(410): CodeIgniter\CodeIgniter->runController(Object(App\Controllers\User))
#3 /home/darkesp1/dark-esp-yt.tk/vendor/codeigniter4/framework/system/CodeIgniter.php(318): CodeIgniter\CodeIgniter->handleRequest(NULL, Object(Config\Cache), false)
#4 /home/darkesp1/dark-esp-yt.tk/index.php(37): CodeIgniter\CodeIgniter->run()
#5 {main}
CRITICAL - 2022-12-18 02:13:45 --> syntax error, unexpected 'endif' (T_ENDIF), expecting end of file
#0 /home/darkesp1/dark-esp-yt.tk/vendor/codeigniter4/framework/system/View/View.php(217): CodeIgniter\View\View->CodeIgniter\View\{closure}()
#1 /home/darkesp1/dark-esp-yt.tk/vendor/codeigniter4/framework/system/Common.php(1097): CodeIgniter\View\View->render('Server/lib', Array, true)
#2 /home/darkesp1/dark-esp-yt.tk/app/Controllers/User.php(283): view('Server/lib', Array)
#3 /home/darkesp1/dark-esp-yt.tk/vendor/codeigniter4/framework/system/CodeIgniter.php(824): App\Controllers\User->lib()
#4 /home/darkesp1/dark-esp-yt.tk/vendor/codeigniter4/framework/system/CodeIgniter.php(410): CodeIgniter\CodeIgniter->runController(Object(App\Controllers\User))
#5 /home/darkesp1/dark-esp-yt.tk/vendor/codeigniter4/framework/system/CodeIgniter.php(318): CodeIgniter\CodeIgniter->handleRequest(NULL, Object(Config\Cache), false)
#6 /home/darkesp1/dark-esp-yt.tk/index.php(37): CodeIgniter\CodeIgniter->run()
#7 {main}
CRITICAL - 2022-12-18 03:05:44 --> Undefined variable: user
#0 /home/darkesp1/dark-esp-yt.tk/app/Controllers/User.php(246): CodeIgniter\Debug\Exceptions->errorHandler(8, 'Undefined varia...', '/home/darkesp1/...', 246, Array)
#1 /home/darkesp1/dark-esp-yt.tk/vendor/codeigniter4/framework/system/CodeIgniter.php(824): App\Controllers\User->settings()
#2 /home/darkesp1/dark-esp-yt.tk/vendor/codeigniter4/framework/system/CodeIgniter.php(410): CodeIgniter\CodeIgniter->runController(Object(App\Controllers\User))
#3 /home/darkesp1/dark-esp-yt.tk/vendor/codeigniter4/framework/system/CodeIgniter.php(318): CodeIgniter\CodeIgniter->handleRequest(NULL, Object(Config\Cache), false)
#4 /home/darkesp1/dark-esp-yt.tk/index.php(37): CodeIgniter\CodeIgniter->run()
#5 {main}
CRITICAL - 2022-12-18 03:10:54 --> Undefined variable: libName
#0 /home/darkesp1/dark-esp-yt.tk/app/Views/Server/lib.php(97): CodeIgniter\Debug\Exceptions->errorHandler(8, 'Undefined varia...', '/home/darkesp1/...', 97, Array)
#1 /home/darkesp1/dark-esp-yt.tk/vendor/codeigniter4/framework/system/View/View.php(214): include('/home/darkesp1/...')
#2 /home/darkesp1/dark-esp-yt.tk/vendor/codeigniter4/framework/system/View/View.php(217): CodeIgniter\View\View->CodeIgniter\View\{closure}()
#3 /home/darkesp1/dark-esp-yt.tk/vendor/codeigniter4/framework/system/Common.php(1097): CodeIgniter\View\View->render('Server/lib', Array, true)
#4 /home/darkesp1/dark-esp-yt.tk/app/Controllers/User.php(284): view('Server/lib', Array)
#5 /home/darkesp1/dark-esp-yt.tk/vendor/codeigniter4/framework/system/CodeIgniter.php(824): App\Controllers\User->lib()
#6 /home/darkesp1/dark-esp-yt.tk/vendor/codeigniter4/framework/system/CodeIgniter.php(410): CodeIgniter\CodeIgniter->runController(Object(App\Controllers\User))
#7 /home/darkesp1/dark-esp-yt.tk/vendor/codeigniter4/framework/system/CodeIgniter.php(318): CodeIgniter\CodeIgniter->handleRequest(NULL, Object(Config\Cache), false)
#8 /home/darkesp1/dark-esp-yt.tk/index.php(37): CodeIgniter\CodeIgniter->run()
#9 {main}
CRITICAL - 2022-12-18 03:29:27 --> syntax error, unexpected '?>'
#0 /home/darkesp1/dark-esp-yt.tk/vendor/codeigniter4/framework/system/View/View.php(217): CodeIgniter\View\View->CodeIgniter\View\{closure}()
#1 /home/darkesp1/dark-esp-yt.tk/vendor/codeigniter4/framework/system/Common.php(1097): CodeIgniter\View\View->render('Server/lib', Array, true)
#2 /home/darkesp1/dark-esp-yt.tk/app/Controllers/User.php(284): view('Server/lib', Array)
#3 /home/darkesp1/dark-esp-yt.tk/vendor/codeigniter4/framework/system/CodeIgniter.php(824): App\Controllers\User->lib()
#4 /home/darkesp1/dark-esp-yt.tk/vendor/codeigniter4/framework/system/CodeIgniter.php(410): CodeIgniter\CodeIgniter->runController(Object(App\Controllers\User))
#5 /home/darkesp1/dark-esp-yt.tk/vendor/codeigniter4/framework/system/CodeIgniter.php(318): CodeIgniter\CodeIgniter->handleRequest(NULL, Object(Config\Cache), false)
#6 /home/darkesp1/dark-esp-yt.tk/index.php(37): CodeIgniter\CodeIgniter->run()
#7 {main}
CRITICAL - 2022-12-18 04:24:33 --> Invalid file: Lib/lib.php
#0 /home/darkesp1/dark-esp-yt.tk/vendor/codeigniter4/framework/system/View/View.php(198): CodeIgniter\Exceptions\FrameworkException::forInvalidFile('Lib/lib.php')
#1 /home/darkesp1/dark-esp-yt.tk/vendor/codeigniter4/framework/system/Common.php(1097): CodeIgniter\View\View->render('Lib/lib', Array, true)
#2 /home/darkesp1/dark-esp-yt.tk/app/Controllers/User.php(284): view('Lib/lib', Array)
#3 /home/darkesp1/dark-esp-yt.tk/vendor/codeigniter4/framework/system/CodeIgniter.php(824): App\Controllers\User->lib()
#4 /home/darkesp1/dark-esp-yt.tk/vendor/codeigniter4/framework/system/CodeIgniter.php(410): CodeIgniter\CodeIgniter->runController(Object(App\Controllers\User))
#5 /home/darkesp1/dark-esp-yt.tk/vendor/codeigniter4/framework/system/CodeIgniter.php(318): CodeIgniter\CodeIgniter->handleRequest(NULL, Object(Config\Cache), false)
#6 /home/darkesp1/dark-esp-yt.tk/index.php(37): CodeIgniter\CodeIgniter->run()
#7 {main}
CRITICAL - 2022-12-18 05:14:38 --> syntax error, unexpected '<'
#0 /home/darkesp1/dark-esp-yt.tk/vendor/codeigniter4/framework/system/View/View.php(217): CodeIgniter\View\View->CodeIgniter\View\{closure}()
#1 /home/darkesp1/dark-esp-yt.tk/vendor/codeigniter4/framework/system/Common.php(1097): CodeIgniter\View\View->render('Server/lib', Array, true)
#2 /home/darkesp1/dark-esp-yt.tk/app/Controllers/User.php(284): view('Server/lib', Array)
#3 /home/darkesp1/dark-esp-yt.tk/vendor/codeigniter4/framework/system/CodeIgniter.php(824): App\Controllers\User->lib()
#4 /home/darkesp1/dark-esp-yt.tk/vendor/codeigniter4/framework/system/CodeIgniter.php(410): CodeIgniter\CodeIgniter->runController(Object(App\Controllers\User))
#5 /home/darkesp1/dark-esp-yt.tk/vendor/codeigniter4/framework/system/CodeIgniter.php(318): CodeIgniter\CodeIgniter->handleRequest(NULL, Object(Config\Cache), false)
#6 /home/darkesp1/dark-esp-yt.tk/index.php(37): CodeIgniter\CodeIgniter->run()
#7 {main}
CRITICAL - 2022-12-18 05:16:14 --> syntax error, unexpected '' (T_ENCAPSED_AND_WHITESPACE), expecting '-' or identifier (T_STRING) or variable (T_VARIABLE) or number (T_NUM_STRING)
#0 /home/darkesp1/dark-esp-yt.tk/vendor/codeigniter4/framework/system/View/View.php(217): CodeIgniter\View\View->CodeIgniter\View\{closure}()
#1 /home/darkesp1/dark-esp-yt.tk/vendor/codeigniter4/framework/system/Common.php(1097): CodeIgniter\View\View->render('Server/lib', Array, true)
#2 /home/darkesp1/dark-esp-yt.tk/app/Controllers/User.php(284): view('Server/lib', Array)
#3 /home/darkesp1/dark-esp-yt.tk/vendor/codeigniter4/framework/system/CodeIgniter.php(824): App\Controllers\User->lib()
#4 /home/darkesp1/dark-esp-yt.tk/vendor/codeigniter4/framework/system/CodeIgniter.php(410): CodeIgniter\CodeIgniter->runController(Object(App\Controllers\User))
#5 /home/darkesp1/dark-esp-yt.tk/vendor/codeigniter4/framework/system/CodeIgniter.php(318): CodeIgniter\CodeIgniter->handleRequest(NULL, Object(Config\Cache), false)
#6 /home/darkesp1/dark-esp-yt.tk/index.php(37): CodeIgniter\CodeIgniter->run()
#7 {main}
CRITICAL - 2022-12-18 15:53:33 --> syntax error, unexpected '$result2' (T_VARIABLE)
#0 /home/darkesp1/dark-esp-yt.tk/vendor/codeigniter4/framework/system/View/View.php(217): CodeIgniter\View\View->CodeIgniter\View\{closure}()
#1 /home/darkesp1/dark-esp-yt.tk/vendor/codeigniter4/framework/system/Common.php(1097): CodeIgniter\View\View->render('Server/lib', Array, true)
#2 /home/darkesp1/dark-esp-yt.tk/app/Controllers/User.php(284): view('Server/lib', Array)
#3 /home/darkesp1/dark-esp-yt.tk/vendor/codeigniter4/framework/system/CodeIgniter.php(824): App\Controllers\User->lib()
#4 /home/darkesp1/dark-esp-yt.tk/vendor/codeigniter4/framework/system/CodeIgniter.php(410): CodeIgniter\CodeIgniter->runController(Object(App\Controllers\User))
#5 /home/darkesp1/dark-esp-yt.tk/vendor/codeigniter4/framework/system/CodeIgniter.php(318): CodeIgniter\CodeIgniter->handleRequest(NULL, Object(Config\Cache), false)
#6 /home/darkesp1/dark-esp-yt.tk/index.php(37): CodeIgniter\CodeIgniter->run()
#7 {main}
CRITICAL - 2022-12-18 15:54:42 --> syntax error, unexpected '$result2' (T_VARIABLE)
#0 /home/darkesp1/dark-esp-yt.tk/vendor/codeigniter4/framework/system/View/View.php(217): CodeIgniter\View\View->CodeIgniter\View\{closure}()
#1 /home/darkesp1/dark-esp-yt.tk/vendor/codeigniter4/framework/system/Common.php(1097): CodeIgniter\View\View->render('Server/lib', Array, true)
#2 /home/darkesp1/dark-esp-yt.tk/app/Controllers/User.php(284): view('Server/lib', Array)
#3 /home/darkesp1/dark-esp-yt.tk/vendor/codeigniter4/framework/system/CodeIgniter.php(824): App\Controllers\User->lib()
#4 /home/darkesp1/dark-esp-yt.tk/vendor/codeigniter4/framework/system/CodeIgniter.php(410): CodeIgniter\CodeIgniter->runController(Object(App\Controllers\User))
#5 /home/darkesp1/dark-esp-yt.tk/vendor/codeigniter4/framework/system/CodeIgniter.php(318): CodeIgniter\CodeIgniter->handleRequest(NULL, Object(Config\Cache), false)
#6 /home/darkesp1/dark-esp-yt.tk/index.php(37): CodeIgniter\CodeIgniter->run()
#7 {main}
CRITICAL - 2022-12-18 15:55:39 --> syntax error, unexpected '$result2' (T_VARIABLE)
#0 /home/darkesp1/dark-esp-yt.tk/vendor/codeigniter4/framework/system/View/View.php(217): CodeIgniter\View\View->CodeIgniter\View\{closure}()
#1 /home/darkesp1/dark-esp-yt.tk/vendor/codeigniter4/framework/system/Common.php(1097): CodeIgniter\View\View->render('Server/lib', Array, true)
#2 /home/darkesp1/dark-esp-yt.tk/app/Controllers/User.php(284): view('Server/lib', Array)
#3 /home/darkesp1/dark-esp-yt.tk/vendor/codeigniter4/framework/system/CodeIgniter.php(824): App\Controllers\User->lib()
#4 /home/darkesp1/dark-esp-yt.tk/vendor/codeigniter4/framework/system/CodeIgniter.php(410): CodeIgniter\CodeIgniter->runController(Object(App\Controllers\User))
#5 /home/darkesp1/dark-esp-yt.tk/vendor/codeigniter4/framework/system/CodeIgniter.php(318): CodeIgniter\CodeIgniter->handleRequest(NULL, Object(Config\Cache), false)
#6 /home/darkesp1/dark-esp-yt.tk/index.php(37): CodeIgniter\CodeIgniter->run()
#7 {main}
CRITICAL - 2022-12-18 15:58:38 --> Undefined index: time
#0 /home/darkesp1/dark-esp-yt.tk/app/Views/Server/lib.php(79): CodeIgniter\Debug\Exceptions->errorHandler(8, 'Undefined index...', '/home/darkesp1/...', 79, Array)
#1 /home/darkesp1/dark-esp-yt.tk/vendor/codeigniter4/framework/system/View/View.php(214): include('/home/darkesp1/...')
#2 /home/darkesp1/dark-esp-yt.tk/vendor/codeigniter4/framework/system/View/View.php(217): CodeIgniter\View\View->CodeIgniter\View\{closure}()
#3 /home/darkesp1/dark-esp-yt.tk/vendor/codeigniter4/framework/system/Common.php(1097): CodeIgniter\View\View->render('Server/lib', Array, true)
#4 /home/darkesp1/dark-esp-yt.tk/app/Controllers/User.php(284): view('Server/lib', Array)
#5 /home/darkesp1/dark-esp-yt.tk/vendor/codeigniter4/framework/system/CodeIgniter.php(824): App\Controllers\User->lib()
#6 /home/darkesp1/dark-esp-yt.tk/vendor/codeigniter4/framework/system/CodeIgniter.php(410): CodeIgniter\CodeIgniter->runController(Object(App\Controllers\User))
#7 /home/darkesp1/dark-esp-yt.tk/vendor/codeigniter4/framework/system/CodeIgniter.php(318): CodeIgniter\CodeIgniter->handleRequest(NULL, Object(Config\Cache), false)
#8 /home/darkesp1/dark-esp-yt.tk/index.php(37): CodeIgniter\CodeIgniter->run()
#9 {main}
CRITICAL - 2022-12-18 15:59:27 --> Undefined index: time
#0 /home/darkesp1/dark-esp-yt.tk/app/Views/Server/lib.php(79): CodeIgniter\Debug\Exceptions->errorHandler(8, 'Undefined index...', '/home/darkesp1/...', 79, Array)
#1 /home/darkesp1/dark-esp-yt.tk/vendor/codeigniter4/framework/system/View/View.php(214): include('/home/darkesp1/...')
#2 /home/darkesp1/dark-esp-yt.tk/vendor/codeigniter4/framework/system/View/View.php(217): CodeIgniter\View\View->CodeIgniter\View\{closure}()
#3 /home/darkesp1/dark-esp-yt.tk/vendor/codeigniter4/framework/system/Common.php(1097): CodeIgniter\View\View->render('Server/lib', Array, true)
#4 /home/darkesp1/dark-esp-yt.tk/app/Controllers/User.php(284): view('Server/lib', Array)
#5 /home/darkesp1/dark-esp-yt.tk/vendor/codeigniter4/framework/system/CodeIgniter.php(824): App\Controllers\User->lib()
#6 /home/darkesp1/dark-esp-yt.tk/vendor/codeigniter4/framework/system/CodeIgniter.php(410): CodeIgniter\CodeIgniter->runController(Object(App\Controllers\User))
#7 /home/darkesp1/dark-esp-yt.tk/vendor/codeigniter4/framework/system/CodeIgniter.php(318): CodeIgniter\CodeIgniter->handleRequest(NULL, Object(Config\Cache), false)
#8 /home/darkesp1/dark-esp-yt.tk/index.php(37): CodeIgniter\CodeIgniter->run()
#9 {main}
CRITICAL - 2022-12-18 16:08:27 --> Use of undefined constant _CURRENT_TIMESTAMP - assumed '_CURRENT_TIMESTAMP' (this will throw an Error in a future version of PHP)
#0 /home/darkesp1/dark-esp-yt.tk/app/Views/Server/lib.php(83): CodeIgniter\Debug\Exceptions->errorHandler(2, 'Use of undefine...', '/home/darkesp1/...', 83, Array)
#1 /home/darkesp1/dark-esp-yt.tk/vendor/codeigniter4/framework/system/View/View.php(214): include('/home/darkesp1/...')
#2 /home/darkesp1/dark-esp-yt.tk/vendor/codeigniter4/framework/system/View/View.php(217): CodeIgniter\View\View->CodeIgniter\View\{closure}()
#3 /home/darkesp1/dark-esp-yt.tk/vendor/codeigniter4/framework/system/Common.php(1097): CodeIgniter\View\View->render('Server/lib', Array, true)
#4 /home/darkesp1/dark-esp-yt.tk/app/Controllers/User.php(284): view('Server/lib', Array)
#5 /home/darkesp1/dark-esp-yt.tk/vendor/codeigniter4/framework/system/CodeIgniter.php(824): App\Controllers\User->lib()
#6 /home/darkesp1/dark-esp-yt.tk/vendor/codeigniter4/framework/system/CodeIgniter.php(410): CodeIgniter\CodeIgniter->runController(Object(App\Controllers\User))
#7 /home/darkesp1/dark-esp-yt.tk/vendor/codeigniter4/framework/system/CodeIgniter.php(318): CodeIgniter\CodeIgniter->handleRequest(NULL, Object(Config\Cache), false)
#8 /home/darkesp1/dark-esp-yt.tk/index.php(37): CodeIgniter\CodeIgniter->run()
#9 {main}
