CRITICAL - 2022-12-11 10:26:16 --> Access denied for user 'linuxedu_linuxedu_lib2'@'localhost' (using password: YES)
#0 /home/darkesp1/dark-esp-yt.tk/app/Views/Server/conn.php(8): mysqli_connect('localhost', 'linuxedu_linuxe...', 'linuxedu_linuxe...', 'linuxedu_linuxe...')
#1 /home/darkesp1/dark-esp-yt.tk/app/Views/Server/Server.php(3): include('/home/darkesp1/...')
#2 /home/darkesp1/dark-esp-yt.tk/vendor/codeigniter4/framework/system/View/View.php(214): include('/home/darkesp1/...')
#3 /home/darkesp1/dark-esp-yt.tk/vendor/codeigniter4/framework/system/View/View.php(217): CodeIgniter\View\View->CodeIgniter\View\{closure}()
#4 /home/darkesp1/dark-esp-yt.tk/vendor/codeigniter4/framework/system/Common.php(1097): CodeIgniter\View\View->render('Server/Server', Array, true)
#5 /home/darkesp1/dark-esp-yt.tk/app/Controllers/User.php(312): view('Server/Server', Array)
#6 /home/darkesp1/dark-esp-yt.tk/vendor/codeigniter4/framework/system/CodeIgniter.php(824): App\Controllers\User->Server()
#7 /home/darkesp1/dark-esp-yt.tk/vendor/codeigniter4/framework/system/CodeIgniter.php(410): CodeIgniter\CodeIgniter->runController(Object(App\Controllers\User))
#8 /home/darkesp1/dark-esp-yt.tk/vendor/codeigniter4/framework/system/CodeIgniter.php(318): CodeIgniter\CodeIgniter->handleRequest(NULL, Object(Config\Cache), false)
#9 /home/darkesp1/dark-esp-yt.tk/index.php(37): CodeIgniter\CodeIgniter->run()
#10 {main}
CRITICAL - 2022-12-11 10:26:53 --> Trying to access array offset on value of type null
#0 /home/darkesp1/dark-esp-yt.tk/app/Views/Server/Server.php(54): CodeIgniter\Debug\Exceptions->errorHandler(8, 'Trying to acces...', '/home/darkesp1/...', 54, Array)
#1 /home/darkesp1/dark-esp-yt.tk/vendor/codeigniter4/framework/system/View/View.php(214): include('/home/darkesp1/...')
#2 /home/darkesp1/dark-esp-yt.tk/vendor/codeigniter4/framework/system/View/View.php(217): CodeIgniter\View\View->CodeIgniter\View\{closure}()
#3 /home/darkesp1/dark-esp-yt.tk/vendor/codeigniter4/framework/system/Common.php(1097): CodeIgniter\View\View->render('Server/Server', Array, true)
#4 /home/darkesp1/dark-esp-yt.tk/app/Controllers/User.php(312): view('Server/Server', Array)
#5 /home/darkesp1/dark-esp-yt.tk/vendor/codeigniter4/framework/system/CodeIgniter.php(824): App\Controllers\User->Server()
#6 /home/darkesp1/dark-esp-yt.tk/vendor/codeigniter4/framework/system/CodeIgniter.php(410): CodeIgniter\CodeIgniter->runController(Object(App\Controllers\User))
#7 /home/darkesp1/dark-esp-yt.tk/vendor/codeigniter4/framework/system/CodeIgniter.php(318): CodeIgniter\CodeIgniter->handleRequest(NULL, Object(Config\Cache), false)
#8 /home/darkesp1/dark-esp-yt.tk/index.php(37): CodeIgniter\CodeIgniter->run()
#9 {main}
CRITICAL - 2022-12-11 11:47:14 --> include(conn.php): failed to open stream: No such file or directory
#0 /home/darkesp1/dark-esp-yt.tk/app/Views/Auth/login.php(3): CodeIgniter\Debug\Exceptions->errorHandler(2, 'include(conn.ph...', '/home/darkesp1/...', 3, Array)
#1 /home/darkesp1/dark-esp-yt.tk/app/Views/Auth/login.php(3): include()
#2 /home/darkesp1/dark-esp-yt.tk/vendor/codeigniter4/framework/system/View/View.php(214): include('/home/darkesp1/...')
#3 /home/darkesp1/dark-esp-yt.tk/vendor/codeigniter4/framework/system/View/View.php(217): CodeIgniter\View\View->CodeIgniter\View\{closure}()
#4 /home/darkesp1/dark-esp-yt.tk/vendor/codeigniter4/framework/system/Common.php(1097): CodeIgniter\View\View->render('Auth/login', Array, true)
#5 /home/darkesp1/dark-esp-yt.tk/app/Controllers/Auth.php(37): view('Auth/login', Array)
#6 /home/darkesp1/dark-esp-yt.tk/vendor/codeigniter4/framework/system/CodeIgniter.php(824): App\Controllers\Auth->login()
#7 /home/darkesp1/dark-esp-yt.tk/vendor/codeigniter4/framework/system/CodeIgniter.php(410): CodeIgniter\CodeIgniter->runController(Object(App\Controllers\Auth))
#8 /home/darkesp1/dark-esp-yt.tk/vendor/codeigniter4/framework/system/CodeIgniter.php(318): CodeIgniter\CodeIgniter->handleRequest(NULL, Object(Config\Cache), false)
#9 /home/darkesp1/dark-esp-yt.tk/index.php(37): CodeIgniter\CodeIgniter->run()
#10 {main}
