CRITICAL - 2023-03-08 12:52:16 --> Undefined property: App\Controllers\Connect::$espFeature
#0 /home/darkesp1/public_html/app/Controllers/Connect.php(48): CodeIgniter\Debug\Exceptions->errorHandler(8, 'Undefined prope...', '/home/darkesp1/...', 48, Array)
#1 /home/darkesp1/public_html/vendor/codeigniter4/framework/system/CodeIgniter.php(801): App\Controllers\Connect->__construct()
#2 /home/darkesp1/public_html/vendor/codeigniter4/framework/system/CodeIgniter.php(401): CodeIgniter\CodeIgniter->createController()
#3 /home/darkesp1/public_html/vendor/codeigniter4/framework/system/CodeIgniter.php(318): CodeIgniter\CodeIgniter->handleRequest(NULL, Object(Config\Cache), false)
#4 /home/darkesp1/public_html/index.php(71): CodeIgniter\CodeIgniter->run()
#5 {main}
CRITICAL - 2023-03-08 12:52:18 --> Undefined property: App\Controllers\Connect::$espFeature
#0 /home/darkesp1/public_html/app/Controllers/Connect.php(48): CodeIgniter\Debug\Exceptions->errorHandler(8, 'Undefined prope...', '/home/darkesp1/...', 48, Array)
#1 /home/darkesp1/public_html/vendor/codeigniter4/framework/system/CodeIgniter.php(801): App\Controllers\Connect->__construct()
#2 /home/darkesp1/public_html/vendor/codeigniter4/framework/system/CodeIgniter.php(401): CodeIgniter\CodeIgniter->createController()
#3 /home/darkesp1/public_html/vendor/codeigniter4/framework/system/CodeIgniter.php(318): CodeIgniter\CodeIgniter->handleRequest(NULL, Object(Config\Cache), false)
#4 /home/darkesp1/public_html/index.php(71): CodeIgniter\CodeIgniter->run()
#5 {main}
CRITICAL - 2023-03-08 12:52:20 --> Undefined property: App\Controllers\Connect::$espFeature
#0 /home/darkesp1/public_html/app/Controllers/Connect.php(48): CodeIgniter\Debug\Exceptions->errorHandler(8, 'Undefined prope...', '/home/darkesp1/...', 48, Array)
#1 /home/darkesp1/public_html/vendor/codeigniter4/framework/system/CodeIgniter.php(801): App\Controllers\Connect->__construct()
#2 /home/darkesp1/public_html/vendor/codeigniter4/framework/system/CodeIgniter.php(401): CodeIgniter\CodeIgniter->createController()
#3 /home/darkesp1/public_html/vendor/codeigniter4/framework/system/CodeIgniter.php(318): CodeIgniter\CodeIgniter->handleRequest(NULL, Object(Config\Cache), false)
#4 /home/darkesp1/public_html/index.php(71): CodeIgniter\CodeIgniter->run()
#5 {main}
CRITICAL - 2023-03-08 12:52:22 --> Undefined property: App\Controllers\Connect::$espFeature
#0 /home/darkesp1/public_html/app/Controllers/Connect.php(48): CodeIgniter\Debug\Exceptions->errorHandler(8, 'Undefined prope...', '/home/darkesp1/...', 48, Array)
#1 /home/darkesp1/public_html/vendor/codeigniter4/framework/system/CodeIgniter.php(801): App\Controllers\Connect->__construct()
#2 /home/darkesp1/public_html/vendor/codeigniter4/framework/system/CodeIgniter.php(401): CodeIgniter\CodeIgniter->createController()
#3 /home/darkesp1/public_html/vendor/codeigniter4/framework/system/CodeIgniter.php(318): CodeIgniter\CodeIgniter->handleRequest(NULL, Object(Config\Cache), false)
#4 /home/darkesp1/public_html/index.php(71): CodeIgniter\CodeIgniter->run()
#5 {main}
CRITICAL - 2023-03-08 12:52:24 --> Undefined property: App\Controllers\Connect::$espFeature
#0 /home/darkesp1/public_html/app/Controllers/Connect.php(48): CodeIgniter\Debug\Exceptions->errorHandler(8, 'Undefined prope...', '/home/darkesp1/...', 48, Array)
#1 /home/darkesp1/public_html/vendor/codeigniter4/framework/system/CodeIgniter.php(801): App\Controllers\Connect->__construct()
#2 /home/darkesp1/public_html/vendor/codeigniter4/framework/system/CodeIgniter.php(401): CodeIgniter\CodeIgniter->createController()
#3 /home/darkesp1/public_html/vendor/codeigniter4/framework/system/CodeIgniter.php(318): CodeIgniter\CodeIgniter->handleRequest(NULL, Object(Config\Cache), false)
#4 /home/darkesp1/public_html/index.php(71): CodeIgniter\CodeIgniter->run()
#5 {main}
CRITICAL - 2023-03-08 12:52:25 --> Undefined property: App\Controllers\Connect::$espFeature
#0 /home/darkesp1/public_html/app/Controllers/Connect.php(48): CodeIgniter\Debug\Exceptions->errorHandler(8, 'Undefined prope...', '/home/darkesp1/...', 48, Array)
#1 /home/darkesp1/public_html/vendor/codeigniter4/framework/system/CodeIgniter.php(801): App\Controllers\Connect->__construct()
#2 /home/darkesp1/public_html/vendor/codeigniter4/framework/system/CodeIgniter.php(401): CodeIgniter\CodeIgniter->createController()
#3 /home/darkesp1/public_html/vendor/codeigniter4/framework/system/CodeIgniter.php(318): CodeIgniter\CodeIgniter->handleRequest(NULL, Object(Config\Cache), false)
#4 /home/darkesp1/public_html/index.php(71): CodeIgniter\CodeIgniter->run()
#5 {main}
CRITICAL - 2023-03-08 12:52:27 --> Undefined property: App\Controllers\Connect::$espFeature
#0 /home/darkesp1/public_html/app/Controllers/Connect.php(48): CodeIgniter\Debug\Exceptions->errorHandler(8, 'Undefined prope...', '/home/darkesp1/...', 48, Array)
#1 /home/darkesp1/public_html/vendor/codeigniter4/framework/system/CodeIgniter.php(801): App\Controllers\Connect->__construct()
#2 /home/darkesp1/public_html/vendor/codeigniter4/framework/system/CodeIgniter.php(401): CodeIgniter\CodeIgniter->createController()
#3 /home/darkesp1/public_html/vendor/codeigniter4/framework/system/CodeIgniter.php(318): CodeIgniter\CodeIgniter->handleRequest(NULL, Object(Config\Cache), false)
#4 /home/darkesp1/public_html/index.php(71): CodeIgniter\CodeIgniter->run()
#5 {main}
CRITICAL - 2023-03-08 12:52:29 --> Undefined property: App\Controllers\Connect::$espFeature
#0 /home/darkesp1/public_html/app/Controllers/Connect.php(48): CodeIgniter\Debug\Exceptions->errorHandler(8, 'Undefined prope...', '/home/darkesp1/...', 48, Array)
#1 /home/darkesp1/public_html/vendor/codeigniter4/framework/system/CodeIgniter.php(801): App\Controllers\Connect->__construct()
#2 /home/darkesp1/public_html/vendor/codeigniter4/framework/system/CodeIgniter.php(401): CodeIgniter\CodeIgniter->createController()
#3 /home/darkesp1/public_html/vendor/codeigniter4/framework/system/CodeIgniter.php(318): CodeIgniter\CodeIgniter->handleRequest(NULL, Object(Config\Cache), false)
#4 /home/darkesp1/public_html/index.php(71): CodeIgniter\CodeIgniter->run()
#5 {main}
CRITICAL - 2023-03-08 12:52:30 --> Undefined property: App\Controllers\Connect::$espFeature
#0 /home/darkesp1/public_html/app/Controllers/Connect.php(48): CodeIgniter\Debug\Exceptions->errorHandler(8, 'Undefined prope...', '/home/darkesp1/...', 48, Array)
#1 /home/darkesp1/public_html/vendor/codeigniter4/framework/system/CodeIgniter.php(801): App\Controllers\Connect->__construct()
#2 /home/darkesp1/public_html/vendor/codeigniter4/framework/system/CodeIgniter.php(401): CodeIgniter\CodeIgniter->createController()
#3 /home/darkesp1/public_html/vendor/codeigniter4/framework/system/CodeIgniter.php(318): CodeIgniter\CodeIgniter->handleRequest(NULL, Object(Config\Cache), false)
#4 /home/darkesp1/public_html/index.php(71): CodeIgniter\CodeIgniter->run()
#5 {main}
CRITICAL - 2023-03-08 12:52:32 --> Undefined property: App\Controllers\Connect::$espFeature
#0 /home/darkesp1/public_html/app/Controllers/Connect.php(48): CodeIgniter\Debug\Exceptions->errorHandler(8, 'Undefined prope...', '/home/darkesp1/...', 48, Array)
#1 /home/darkesp1/public_html/vendor/codeigniter4/framework/system/CodeIgniter.php(801): App\Controllers\Connect->__construct()
#2 /home/darkesp1/public_html/vendor/codeigniter4/framework/system/CodeIgniter.php(401): CodeIgniter\CodeIgniter->createController()
#3 /home/darkesp1/public_html/vendor/codeigniter4/framework/system/CodeIgniter.php(318): CodeIgniter\CodeIgniter->handleRequest(NULL, Object(Config\Cache), false)
#4 /home/darkesp1/public_html/index.php(71): CodeIgniter\CodeIgniter->run()
#5 {main}
CRITICAL - 2023-03-08 12:52:33 --> Undefined property: App\Controllers\Connect::$espFeature
#0 /home/darkesp1/public_html/app/Controllers/Connect.php(48): CodeIgniter\Debug\Exceptions->errorHandler(8, 'Undefined prope...', '/home/darkesp1/...', 48, Array)
#1 /home/darkesp1/public_html/vendor/codeigniter4/framework/system/CodeIgniter.php(801): App\Controllers\Connect->__construct()
#2 /home/darkesp1/public_html/vendor/codeigniter4/framework/system/CodeIgniter.php(401): CodeIgniter\CodeIgniter->createController()
#3 /home/darkesp1/public_html/vendor/codeigniter4/framework/system/CodeIgniter.php(318): CodeIgniter\CodeIgniter->handleRequest(NULL, Object(Config\Cache), false)
#4 /home/darkesp1/public_html/index.php(71): CodeIgniter\CodeIgniter->run()
#5 {main}
CRITICAL - 2023-03-08 12:52:35 --> Undefined property: App\Controllers\Connect::$espFeature
#0 /home/darkesp1/public_html/app/Controllers/Connect.php(48): CodeIgniter\Debug\Exceptions->errorHandler(8, 'Undefined prope...', '/home/darkesp1/...', 48, Array)
#1 /home/darkesp1/public_html/vendor/codeigniter4/framework/system/CodeIgniter.php(801): App\Controllers\Connect->__construct()
#2 /home/darkesp1/public_html/vendor/codeigniter4/framework/system/CodeIgniter.php(401): CodeIgniter\CodeIgniter->createController()
#3 /home/darkesp1/public_html/vendor/codeigniter4/framework/system/CodeIgniter.php(318): CodeIgniter\CodeIgniter->handleRequest(NULL, Object(Config\Cache), false)
#4 /home/darkesp1/public_html/index.php(71): CodeIgniter\CodeIgniter->run()
#5 {main}
CRITICAL - 2023-03-08 12:52:37 --> Undefined property: App\Controllers\Connect::$espFeature
#0 /home/darkesp1/public_html/app/Controllers/Connect.php(48): CodeIgniter\Debug\Exceptions->errorHandler(8, 'Undefined prope...', '/home/darkesp1/...', 48, Array)
#1 /home/darkesp1/public_html/vendor/codeigniter4/framework/system/CodeIgniter.php(801): App\Controllers\Connect->__construct()
#2 /home/darkesp1/public_html/vendor/codeigniter4/framework/system/CodeIgniter.php(401): CodeIgniter\CodeIgniter->createController()
#3 /home/darkesp1/public_html/vendor/codeigniter4/framework/system/CodeIgniter.php(318): CodeIgniter\CodeIgniter->handleRequest(NULL, Object(Config\Cache), false)
#4 /home/darkesp1/public_html/index.php(71): CodeIgniter\CodeIgniter->run()
#5 {main}
CRITICAL - 2023-03-08 12:52:38 --> Undefined property: App\Controllers\Connect::$espFeature
#0 /home/darkesp1/public_html/app/Controllers/Connect.php(48): CodeIgniter\Debug\Exceptions->errorHandler(8, 'Undefined prope...', '/home/darkesp1/...', 48, Array)
#1 /home/darkesp1/public_html/vendor/codeigniter4/framework/system/CodeIgniter.php(801): App\Controllers\Connect->__construct()
#2 /home/darkesp1/public_html/vendor/codeigniter4/framework/system/CodeIgniter.php(401): CodeIgniter\CodeIgniter->createController()
#3 /home/darkesp1/public_html/vendor/codeigniter4/framework/system/CodeIgniter.php(318): CodeIgniter\CodeIgniter->handleRequest(NULL, Object(Config\Cache), false)
#4 /home/darkesp1/public_html/index.php(71): CodeIgniter\CodeIgniter->run()
#5 {main}
CRITICAL - 2023-03-08 12:52:40 --> Undefined property: App\Controllers\Connect::$espFeature
#0 /home/darkesp1/public_html/app/Controllers/Connect.php(48): CodeIgniter\Debug\Exceptions->errorHandler(8, 'Undefined prope...', '/home/darkesp1/...', 48, Array)
#1 /home/darkesp1/public_html/vendor/codeigniter4/framework/system/CodeIgniter.php(801): App\Controllers\Connect->__construct()
#2 /home/darkesp1/public_html/vendor/codeigniter4/framework/system/CodeIgniter.php(401): CodeIgniter\CodeIgniter->createController()
#3 /home/darkesp1/public_html/vendor/codeigniter4/framework/system/CodeIgniter.php(318): CodeIgniter\CodeIgniter->handleRequest(NULL, Object(Config\Cache), false)
#4 /home/darkesp1/public_html/index.php(71): CodeIgniter\CodeIgniter->run()
#5 {main}
CRITICAL - 2023-03-08 12:52:41 --> Undefined property: App\Controllers\Connect::$espFeature
#0 /home/darkesp1/public_html/app/Controllers/Connect.php(48): CodeIgniter\Debug\Exceptions->errorHandler(8, 'Undefined prope...', '/home/darkesp1/...', 48, Array)
#1 /home/darkesp1/public_html/vendor/codeigniter4/framework/system/CodeIgniter.php(801): App\Controllers\Connect->__construct()
#2 /home/darkesp1/public_html/vendor/codeigniter4/framework/system/CodeIgniter.php(401): CodeIgniter\CodeIgniter->createController()
#3 /home/darkesp1/public_html/vendor/codeigniter4/framework/system/CodeIgniter.php(318): CodeIgniter\CodeIgniter->handleRequest(NULL, Object(Config\Cache), false)
#4 /home/darkesp1/public_html/index.php(71): CodeIgniter\CodeIgniter->run()
#5 {main}
CRITICAL - 2023-03-08 12:52:43 --> Undefined property: App\Controllers\Connect::$espFeature
#0 /home/darkesp1/public_html/app/Controllers/Connect.php(48): CodeIgniter\Debug\Exceptions->errorHandler(8, 'Undefined prope...', '/home/darkesp1/...', 48, Array)
#1 /home/darkesp1/public_html/vendor/codeigniter4/framework/system/CodeIgniter.php(801): App\Controllers\Connect->__construct()
#2 /home/darkesp1/public_html/vendor/codeigniter4/framework/system/CodeIgniter.php(401): CodeIgniter\CodeIgniter->createController()
#3 /home/darkesp1/public_html/vendor/codeigniter4/framework/system/CodeIgniter.php(318): CodeIgniter\CodeIgniter->handleRequest(NULL, Object(Config\Cache), false)
#4 /home/darkesp1/public_html/index.php(71): CodeIgniter\CodeIgniter->run()
#5 {main}
CRITICAL - 2023-03-08 12:52:45 --> Undefined property: App\Controllers\Connect::$espFeature
#0 /home/darkesp1/public_html/app/Controllers/Connect.php(48): CodeIgniter\Debug\Exceptions->errorHandler(8, 'Undefined prope...', '/home/darkesp1/...', 48, Array)
#1 /home/darkesp1/public_html/vendor/codeigniter4/framework/system/CodeIgniter.php(801): App\Controllers\Connect->__construct()
#2 /home/darkesp1/public_html/vendor/codeigniter4/framework/system/CodeIgniter.php(401): CodeIgniter\CodeIgniter->createController()
#3 /home/darkesp1/public_html/vendor/codeigniter4/framework/system/CodeIgniter.php(318): CodeIgniter\CodeIgniter->handleRequest(NULL, Object(Config\Cache), false)
#4 /home/darkesp1/public_html/index.php(71): CodeIgniter\CodeIgniter->run()
#5 {main}
CRITICAL - 2023-03-08 12:52:46 --> Undefined property: App\Controllers\Connect::$espFeature
#0 /home/darkesp1/public_html/app/Controllers/Connect.php(48): CodeIgniter\Debug\Exceptions->errorHandler(8, 'Undefined prope...', '/home/darkesp1/...', 48, Array)
#1 /home/darkesp1/public_html/vendor/codeigniter4/framework/system/CodeIgniter.php(801): App\Controllers\Connect->__construct()
#2 /home/darkesp1/public_html/vendor/codeigniter4/framework/system/CodeIgniter.php(401): CodeIgniter\CodeIgniter->createController()
#3 /home/darkesp1/public_html/vendor/codeigniter4/framework/system/CodeIgniter.php(318): CodeIgniter\CodeIgniter->handleRequest(NULL, Object(Config\Cache), false)
#4 /home/darkesp1/public_html/index.php(71): CodeIgniter\CodeIgniter->run()
#5 {main}
CRITICAL - 2023-03-08 12:52:48 --> Undefined property: App\Controllers\Connect::$espFeature
#0 /home/darkesp1/public_html/app/Controllers/Connect.php(48): CodeIgniter\Debug\Exceptions->errorHandler(8, 'Undefined prope...', '/home/darkesp1/...', 48, Array)
#1 /home/darkesp1/public_html/vendor/codeigniter4/framework/system/CodeIgniter.php(801): App\Controllers\Connect->__construct()
#2 /home/darkesp1/public_html/vendor/codeigniter4/framework/system/CodeIgniter.php(401): CodeIgniter\CodeIgniter->createController()
#3 /home/darkesp1/public_html/vendor/codeigniter4/framework/system/CodeIgniter.php(318): CodeIgniter\CodeIgniter->handleRequest(NULL, Object(Config\Cache), false)
#4 /home/darkesp1/public_html/index.php(71): CodeIgniter\CodeIgniter->run()
#5 {main}
CRITICAL - 2023-03-08 12:52:49 --> Undefined property: App\Controllers\Connect::$espFeature
#0 /home/darkesp1/public_html/app/Controllers/Connect.php(48): CodeIgniter\Debug\Exceptions->errorHandler(8, 'Undefined prope...', '/home/darkesp1/...', 48, Array)
#1 /home/darkesp1/public_html/vendor/codeigniter4/framework/system/CodeIgniter.php(801): App\Controllers\Connect->__construct()
#2 /home/darkesp1/public_html/vendor/codeigniter4/framework/system/CodeIgniter.php(401): CodeIgniter\CodeIgniter->createController()
#3 /home/darkesp1/public_html/vendor/codeigniter4/framework/system/CodeIgniter.php(318): CodeIgniter\CodeIgniter->handleRequest(NULL, Object(Config\Cache), false)
#4 /home/darkesp1/public_html/index.php(71): CodeIgniter\CodeIgniter->run()
#5 {main}
CRITICAL - 2023-03-08 12:52:51 --> Undefined property: App\Controllers\Connect::$espFeature
#0 /home/darkesp1/public_html/app/Controllers/Connect.php(48): CodeIgniter\Debug\Exceptions->errorHandler(8, 'Undefined prope...', '/home/darkesp1/...', 48, Array)
#1 /home/darkesp1/public_html/vendor/codeigniter4/framework/system/CodeIgniter.php(801): App\Controllers\Connect->__construct()
#2 /home/darkesp1/public_html/vendor/codeigniter4/framework/system/CodeIgniter.php(401): CodeIgniter\CodeIgniter->createController()
#3 /home/darkesp1/public_html/vendor/codeigniter4/framework/system/CodeIgniter.php(318): CodeIgniter\CodeIgniter->handleRequest(NULL, Object(Config\Cache), false)
#4 /home/darkesp1/public_html/index.php(71): CodeIgniter\CodeIgniter->run()
#5 {main}
CRITICAL - 2023-03-08 12:52:53 --> Undefined property: App\Controllers\Connect::$espFeature
#0 /home/darkesp1/public_html/app/Controllers/Connect.php(48): CodeIgniter\Debug\Exceptions->errorHandler(8, 'Undefined prope...', '/home/darkesp1/...', 48, Array)
#1 /home/darkesp1/public_html/vendor/codeigniter4/framework/system/CodeIgniter.php(801): App\Controllers\Connect->__construct()
#2 /home/darkesp1/public_html/vendor/codeigniter4/framework/system/CodeIgniter.php(401): CodeIgniter\CodeIgniter->createController()
#3 /home/darkesp1/public_html/vendor/codeigniter4/framework/system/CodeIgniter.php(318): CodeIgniter\CodeIgniter->handleRequest(NULL, Object(Config\Cache), false)
#4 /home/darkesp1/public_html/index.php(71): CodeIgniter\CodeIgniter->run()
#5 {main}
CRITICAL - 2023-03-08 12:52:55 --> Undefined property: App\Controllers\Connect::$espFeature
#0 /home/darkesp1/public_html/app/Controllers/Connect.php(48): CodeIgniter\Debug\Exceptions->errorHandler(8, 'Undefined prope...', '/home/darkesp1/...', 48, Array)
#1 /home/darkesp1/public_html/vendor/codeigniter4/framework/system/CodeIgniter.php(801): App\Controllers\Connect->__construct()
#2 /home/darkesp1/public_html/vendor/codeigniter4/framework/system/CodeIgniter.php(401): CodeIgniter\CodeIgniter->createController()
#3 /home/darkesp1/public_html/vendor/codeigniter4/framework/system/CodeIgniter.php(318): CodeIgniter\CodeIgniter->handleRequest(NULL, Object(Config\Cache), false)
#4 /home/darkesp1/public_html/index.php(71): CodeIgniter\CodeIgniter->run()
#5 {main}
CRITICAL - 2023-03-08 13:23:48 --> Undefined property: App\Controllers\Connect::$espFeature
#0 /home/darkesp1/public_html/app/Controllers/Connect.php(46): CodeIgniter\Debug\Exceptions->errorHandler(8, 'Undefined prope...', '/home/darkesp1/...', 46, Array)
#1 /home/darkesp1/public_html/vendor/codeigniter4/framework/system/CodeIgniter.php(801): App\Controllers\Connect->__construct()
#2 /home/darkesp1/public_html/vendor/codeigniter4/framework/system/CodeIgniter.php(401): CodeIgniter\CodeIgniter->createController()
#3 /home/darkesp1/public_html/vendor/codeigniter4/framework/system/CodeIgniter.php(318): CodeIgniter\CodeIgniter->handleRequest(NULL, Object(Config\Cache), false)
#4 /home/darkesp1/public_html/index.php(71): CodeIgniter\CodeIgniter->run()
#5 {main}
CRITICAL - 2023-03-08 13:23:49 --> Undefined property: App\Controllers\Connect::$espFeature
#0 /home/darkesp1/public_html/app/Controllers/Connect.php(46): CodeIgniter\Debug\Exceptions->errorHandler(8, 'Undefined prope...', '/home/darkesp1/...', 46, Array)
#1 /home/darkesp1/public_html/vendor/codeigniter4/framework/system/CodeIgniter.php(801): App\Controllers\Connect->__construct()
#2 /home/darkesp1/public_html/vendor/codeigniter4/framework/system/CodeIgniter.php(401): CodeIgniter\CodeIgniter->createController()
#3 /home/darkesp1/public_html/vendor/codeigniter4/framework/system/CodeIgniter.php(318): CodeIgniter\CodeIgniter->handleRequest(NULL, Object(Config\Cache), false)
#4 /home/darkesp1/public_html/index.php(71): CodeIgniter\CodeIgniter->run()
#5 {main}
CRITICAL - 2023-03-08 13:23:51 --> Undefined property: App\Controllers\Connect::$espFeature
#0 /home/darkesp1/public_html/app/Controllers/Connect.php(46): CodeIgniter\Debug\Exceptions->errorHandler(8, 'Undefined prope...', '/home/darkesp1/...', 46, Array)
#1 /home/darkesp1/public_html/vendor/codeigniter4/framework/system/CodeIgniter.php(801): App\Controllers\Connect->__construct()
#2 /home/darkesp1/public_html/vendor/codeigniter4/framework/system/CodeIgniter.php(401): CodeIgniter\CodeIgniter->createController()
#3 /home/darkesp1/public_html/vendor/codeigniter4/framework/system/CodeIgniter.php(318): CodeIgniter\CodeIgniter->handleRequest(NULL, Object(Config\Cache), false)
#4 /home/darkesp1/public_html/index.php(71): CodeIgniter\CodeIgniter->run()
#5 {main}
CRITICAL - 2023-03-08 13:23:53 --> Undefined property: App\Controllers\Connect::$espFeature
#0 /home/darkesp1/public_html/app/Controllers/Connect.php(46): CodeIgniter\Debug\Exceptions->errorHandler(8, 'Undefined prope...', '/home/darkesp1/...', 46, Array)
#1 /home/darkesp1/public_html/vendor/codeigniter4/framework/system/CodeIgniter.php(801): App\Controllers\Connect->__construct()
#2 /home/darkesp1/public_html/vendor/codeigniter4/framework/system/CodeIgniter.php(401): CodeIgniter\CodeIgniter->createController()
#3 /home/darkesp1/public_html/vendor/codeigniter4/framework/system/CodeIgniter.php(318): CodeIgniter\CodeIgniter->handleRequest(NULL, Object(Config\Cache), false)
#4 /home/darkesp1/public_html/index.php(71): CodeIgniter\CodeIgniter->run()
#5 {main}
CRITICAL - 2023-03-08 13:23:54 --> Undefined property: App\Controllers\Connect::$espFeature
#0 /home/darkesp1/public_html/app/Controllers/Connect.php(46): CodeIgniter\Debug\Exceptions->errorHandler(8, 'Undefined prope...', '/home/darkesp1/...', 46, Array)
#1 /home/darkesp1/public_html/vendor/codeigniter4/framework/system/CodeIgniter.php(801): App\Controllers\Connect->__construct()
#2 /home/darkesp1/public_html/vendor/codeigniter4/framework/system/CodeIgniter.php(401): CodeIgniter\CodeIgniter->createController()
#3 /home/darkesp1/public_html/vendor/codeigniter4/framework/system/CodeIgniter.php(318): CodeIgniter\CodeIgniter->handleRequest(NULL, Object(Config\Cache), false)
#4 /home/darkesp1/public_html/index.php(71): CodeIgniter\CodeIgniter->run()
#5 {main}
CRITICAL - 2023-03-08 13:23:56 --> Undefined property: App\Controllers\Connect::$espFeature
#0 /home/darkesp1/public_html/app/Controllers/Connect.php(46): CodeIgniter\Debug\Exceptions->errorHandler(8, 'Undefined prope...', '/home/darkesp1/...', 46, Array)
#1 /home/darkesp1/public_html/vendor/codeigniter4/framework/system/CodeIgniter.php(801): App\Controllers\Connect->__construct()
#2 /home/darkesp1/public_html/vendor/codeigniter4/framework/system/CodeIgniter.php(401): CodeIgniter\CodeIgniter->createController()
#3 /home/darkesp1/public_html/vendor/codeigniter4/framework/system/CodeIgniter.php(318): CodeIgniter\CodeIgniter->handleRequest(NULL, Object(Config\Cache), false)
#4 /home/darkesp1/public_html/index.php(71): CodeIgniter\CodeIgniter->run()
#5 {main}
CRITICAL - 2023-03-08 13:23:58 --> Undefined property: App\Controllers\Connect::$espFeature
#0 /home/darkesp1/public_html/app/Controllers/Connect.php(46): CodeIgniter\Debug\Exceptions->errorHandler(8, 'Undefined prope...', '/home/darkesp1/...', 46, Array)
#1 /home/darkesp1/public_html/vendor/codeigniter4/framework/system/CodeIgniter.php(801): App\Controllers\Connect->__construct()
#2 /home/darkesp1/public_html/vendor/codeigniter4/framework/system/CodeIgniter.php(401): CodeIgniter\CodeIgniter->createController()
#3 /home/darkesp1/public_html/vendor/codeigniter4/framework/system/CodeIgniter.php(318): CodeIgniter\CodeIgniter->handleRequest(NULL, Object(Config\Cache), false)
#4 /home/darkesp1/public_html/index.php(71): CodeIgniter\CodeIgniter->run()
#5 {main}
CRITICAL - 2023-03-08 13:24:00 --> Undefined property: App\Controllers\Connect::$espFeature
#0 /home/darkesp1/public_html/app/Controllers/Connect.php(46): CodeIgniter\Debug\Exceptions->errorHandler(8, 'Undefined prope...', '/home/darkesp1/...', 46, Array)
#1 /home/darkesp1/public_html/vendor/codeigniter4/framework/system/CodeIgniter.php(801): App\Controllers\Connect->__construct()
#2 /home/darkesp1/public_html/vendor/codeigniter4/framework/system/CodeIgniter.php(401): CodeIgniter\CodeIgniter->createController()
#3 /home/darkesp1/public_html/vendor/codeigniter4/framework/system/CodeIgniter.php(318): CodeIgniter\CodeIgniter->handleRequest(NULL, Object(Config\Cache), false)
#4 /home/darkesp1/public_html/index.php(71): CodeIgniter\CodeIgniter->run()
#5 {main}
CRITICAL - 2023-03-08 13:24:01 --> Undefined property: App\Controllers\Connect::$espFeature
#0 /home/darkesp1/public_html/app/Controllers/Connect.php(46): CodeIgniter\Debug\Exceptions->errorHandler(8, 'Undefined prope...', '/home/darkesp1/...', 46, Array)
#1 /home/darkesp1/public_html/vendor/codeigniter4/framework/system/CodeIgniter.php(801): App\Controllers\Connect->__construct()
#2 /home/darkesp1/public_html/vendor/codeigniter4/framework/system/CodeIgniter.php(401): CodeIgniter\CodeIgniter->createController()
#3 /home/darkesp1/public_html/vendor/codeigniter4/framework/system/CodeIgniter.php(318): CodeIgniter\CodeIgniter->handleRequest(NULL, Object(Config\Cache), false)
#4 /home/darkesp1/public_html/index.php(71): CodeIgniter\CodeIgniter->run()
#5 {main}
CRITICAL - 2023-03-08 13:24:04 --> Undefined property: App\Controllers\Connect::$espFeature
#0 /home/darkesp1/public_html/app/Controllers/Connect.php(46): CodeIgniter\Debug\Exceptions->errorHandler(8, 'Undefined prope...', '/home/darkesp1/...', 46, Array)
#1 /home/darkesp1/public_html/vendor/codeigniter4/framework/system/CodeIgniter.php(801): App\Controllers\Connect->__construct()
#2 /home/darkesp1/public_html/vendor/codeigniter4/framework/system/CodeIgniter.php(401): CodeIgniter\CodeIgniter->createController()
#3 /home/darkesp1/public_html/vendor/codeigniter4/framework/system/CodeIgniter.php(318): CodeIgniter\CodeIgniter->handleRequest(NULL, Object(Config\Cache), false)
#4 /home/darkesp1/public_html/index.php(71): CodeIgniter\CodeIgniter->run()
#5 {main}
CRITICAL - 2023-03-08 13:24:05 --> Undefined property: App\Controllers\Connect::$espFeature
#0 /home/darkesp1/public_html/app/Controllers/Connect.php(46): CodeIgniter\Debug\Exceptions->errorHandler(8, 'Undefined prope...', '/home/darkesp1/...', 46, Array)
#1 /home/darkesp1/public_html/vendor/codeigniter4/framework/system/CodeIgniter.php(801): App\Controllers\Connect->__construct()
#2 /home/darkesp1/public_html/vendor/codeigniter4/framework/system/CodeIgniter.php(401): CodeIgniter\CodeIgniter->createController()
#3 /home/darkesp1/public_html/vendor/codeigniter4/framework/system/CodeIgniter.php(318): CodeIgniter\CodeIgniter->handleRequest(NULL, Object(Config\Cache), false)
#4 /home/darkesp1/public_html/index.php(71): CodeIgniter\CodeIgniter->run()
#5 {main}
CRITICAL - 2023-03-08 13:24:07 --> Undefined property: App\Controllers\Connect::$espFeature
#0 /home/darkesp1/public_html/app/Controllers/Connect.php(46): CodeIgniter\Debug\Exceptions->errorHandler(8, 'Undefined prope...', '/home/darkesp1/...', 46, Array)
#1 /home/darkesp1/public_html/vendor/codeigniter4/framework/system/CodeIgniter.php(801): App\Controllers\Connect->__construct()
#2 /home/darkesp1/public_html/vendor/codeigniter4/framework/system/CodeIgniter.php(401): CodeIgniter\CodeIgniter->createController()
#3 /home/darkesp1/public_html/vendor/codeigniter4/framework/system/CodeIgniter.php(318): CodeIgniter\CodeIgniter->handleRequest(NULL, Object(Config\Cache), false)
#4 /home/darkesp1/public_html/index.php(71): CodeIgniter\CodeIgniter->run()
#5 {main}
CRITICAL - 2023-03-08 13:24:09 --> Undefined property: App\Controllers\Connect::$espFeature
#0 /home/darkesp1/public_html/app/Controllers/Connect.php(46): CodeIgniter\Debug\Exceptions->errorHandler(8, 'Undefined prope...', '/home/darkesp1/...', 46, Array)
#1 /home/darkesp1/public_html/vendor/codeigniter4/framework/system/CodeIgniter.php(801): App\Controllers\Connect->__construct()
#2 /home/darkesp1/public_html/vendor/codeigniter4/framework/system/CodeIgniter.php(401): CodeIgniter\CodeIgniter->createController()
#3 /home/darkesp1/public_html/vendor/codeigniter4/framework/system/CodeIgniter.php(318): CodeIgniter\CodeIgniter->handleRequest(NULL, Object(Config\Cache), false)
#4 /home/darkesp1/public_html/index.php(71): CodeIgniter\CodeIgniter->run()
#5 {main}
CRITICAL - 2023-03-08 13:24:11 --> Undefined property: App\Controllers\Connect::$espFeature
#0 /home/darkesp1/public_html/app/Controllers/Connect.php(46): CodeIgniter\Debug\Exceptions->errorHandler(8, 'Undefined prope...', '/home/darkesp1/...', 46, Array)
#1 /home/darkesp1/public_html/vendor/codeigniter4/framework/system/CodeIgniter.php(801): App\Controllers\Connect->__construct()
#2 /home/darkesp1/public_html/vendor/codeigniter4/framework/system/CodeIgniter.php(401): CodeIgniter\CodeIgniter->createController()
#3 /home/darkesp1/public_html/vendor/codeigniter4/framework/system/CodeIgniter.php(318): CodeIgniter\CodeIgniter->handleRequest(NULL, Object(Config\Cache), false)
#4 /home/darkesp1/public_html/index.php(71): CodeIgniter\CodeIgniter->run()
#5 {main}
CRITICAL - 2023-03-08 13:24:13 --> Undefined property: App\Controllers\Connect::$espFeature
#0 /home/darkesp1/public_html/app/Controllers/Connect.php(46): CodeIgniter\Debug\Exceptions->errorHandler(8, 'Undefined prope...', '/home/darkesp1/...', 46, Array)
#1 /home/darkesp1/public_html/vendor/codeigniter4/framework/system/CodeIgniter.php(801): App\Controllers\Connect->__construct()
#2 /home/darkesp1/public_html/vendor/codeigniter4/framework/system/CodeIgniter.php(401): CodeIgniter\CodeIgniter->createController()
#3 /home/darkesp1/public_html/vendor/codeigniter4/framework/system/CodeIgniter.php(318): CodeIgniter\CodeIgniter->handleRequest(NULL, Object(Config\Cache), false)
#4 /home/darkesp1/public_html/index.php(71): CodeIgniter\CodeIgniter->run()
#5 {main}
CRITICAL - 2023-03-08 13:24:14 --> Undefined property: App\Controllers\Connect::$espFeature
#0 /home/darkesp1/public_html/app/Controllers/Connect.php(46): CodeIgniter\Debug\Exceptions->errorHandler(8, 'Undefined prope...', '/home/darkesp1/...', 46, Array)
#1 /home/darkesp1/public_html/vendor/codeigniter4/framework/system/CodeIgniter.php(801): App\Controllers\Connect->__construct()
#2 /home/darkesp1/public_html/vendor/codeigniter4/framework/system/CodeIgniter.php(401): CodeIgniter\CodeIgniter->createController()
#3 /home/darkesp1/public_html/vendor/codeigniter4/framework/system/CodeIgniter.php(318): CodeIgniter\CodeIgniter->handleRequest(NULL, Object(Config\Cache), false)
#4 /home/darkesp1/public_html/index.php(71): CodeIgniter\CodeIgniter->run()
#5 {main}
CRITICAL - 2023-03-08 13:24:16 --> Undefined property: App\Controllers\Connect::$espFeature
#0 /home/darkesp1/public_html/app/Controllers/Connect.php(46): CodeIgniter\Debug\Exceptions->errorHandler(8, 'Undefined prope...', '/home/darkesp1/...', 46, Array)
#1 /home/darkesp1/public_html/vendor/codeigniter4/framework/system/CodeIgniter.php(801): App\Controllers\Connect->__construct()
#2 /home/darkesp1/public_html/vendor/codeigniter4/framework/system/CodeIgniter.php(401): CodeIgniter\CodeIgniter->createController()
#3 /home/darkesp1/public_html/vendor/codeigniter4/framework/system/CodeIgniter.php(318): CodeIgniter\CodeIgniter->handleRequest(NULL, Object(Config\Cache), false)
#4 /home/darkesp1/public_html/index.php(71): CodeIgniter\CodeIgniter->run()
#5 {main}
CRITICAL - 2023-03-08 13:24:18 --> Undefined property: App\Controllers\Connect::$espFeature
#0 /home/darkesp1/public_html/app/Controllers/Connect.php(46): CodeIgniter\Debug\Exceptions->errorHandler(8, 'Undefined prope...', '/home/darkesp1/...', 46, Array)
#1 /home/darkesp1/public_html/vendor/codeigniter4/framework/system/CodeIgniter.php(801): App\Controllers\Connect->__construct()
#2 /home/darkesp1/public_html/vendor/codeigniter4/framework/system/CodeIgniter.php(401): CodeIgniter\CodeIgniter->createController()
#3 /home/darkesp1/public_html/vendor/codeigniter4/framework/system/CodeIgniter.php(318): CodeIgniter\CodeIgniter->handleRequest(NULL, Object(Config\Cache), false)
#4 /home/darkesp1/public_html/index.php(71): CodeIgniter\CodeIgniter->run()
#5 {main}
CRITICAL - 2023-03-08 13:24:19 --> Undefined property: App\Controllers\Connect::$espFeature
#0 /home/darkesp1/public_html/app/Controllers/Connect.php(46): CodeIgniter\Debug\Exceptions->errorHandler(8, 'Undefined prope...', '/home/darkesp1/...', 46, Array)
#1 /home/darkesp1/public_html/vendor/codeigniter4/framework/system/CodeIgniter.php(801): App\Controllers\Connect->__construct()
#2 /home/darkesp1/public_html/vendor/codeigniter4/framework/system/CodeIgniter.php(401): CodeIgniter\CodeIgniter->createController()
#3 /home/darkesp1/public_html/vendor/codeigniter4/framework/system/CodeIgniter.php(318): CodeIgniter\CodeIgniter->handleRequest(NULL, Object(Config\Cache), false)
#4 /home/darkesp1/public_html/index.php(71): CodeIgniter\CodeIgniter->run()
#5 {main}
CRITICAL - 2023-03-08 13:24:21 --> Undefined property: App\Controllers\Connect::$espFeature
#0 /home/darkesp1/public_html/app/Controllers/Connect.php(46): CodeIgniter\Debug\Exceptions->errorHandler(8, 'Undefined prope...', '/home/darkesp1/...', 46, Array)
#1 /home/darkesp1/public_html/vendor/codeigniter4/framework/system/CodeIgniter.php(801): App\Controllers\Connect->__construct()
#2 /home/darkesp1/public_html/vendor/codeigniter4/framework/system/CodeIgniter.php(401): CodeIgniter\CodeIgniter->createController()
#3 /home/darkesp1/public_html/vendor/codeigniter4/framework/system/CodeIgniter.php(318): CodeIgniter\CodeIgniter->handleRequest(NULL, Object(Config\Cache), false)
#4 /home/darkesp1/public_html/index.php(71): CodeIgniter\CodeIgniter->run()
#5 {main}
CRITICAL - 2023-03-08 13:24:23 --> Undefined property: App\Controllers\Connect::$espFeature
#0 /home/darkesp1/public_html/app/Controllers/Connect.php(46): CodeIgniter\Debug\Exceptions->errorHandler(8, 'Undefined prope...', '/home/darkesp1/...', 46, Array)
#1 /home/darkesp1/public_html/vendor/codeigniter4/framework/system/CodeIgniter.php(801): App\Controllers\Connect->__construct()
#2 /home/darkesp1/public_html/vendor/codeigniter4/framework/system/CodeIgniter.php(401): CodeIgniter\CodeIgniter->createController()
#3 /home/darkesp1/public_html/vendor/codeigniter4/framework/system/CodeIgniter.php(318): CodeIgniter\CodeIgniter->handleRequest(NULL, Object(Config\Cache), false)
#4 /home/darkesp1/public_html/index.php(71): CodeIgniter\CodeIgniter->run()
#5 {main}
CRITICAL - 2023-03-08 13:24:25 --> Undefined property: App\Controllers\Connect::$espFeature
#0 /home/darkesp1/public_html/app/Controllers/Connect.php(46): CodeIgniter\Debug\Exceptions->errorHandler(8, 'Undefined prope...', '/home/darkesp1/...', 46, Array)
#1 /home/darkesp1/public_html/vendor/codeigniter4/framework/system/CodeIgniter.php(801): App\Controllers\Connect->__construct()
#2 /home/darkesp1/public_html/vendor/codeigniter4/framework/system/CodeIgniter.php(401): CodeIgniter\CodeIgniter->createController()
#3 /home/darkesp1/public_html/vendor/codeigniter4/framework/system/CodeIgniter.php(318): CodeIgniter\CodeIgniter->handleRequest(NULL, Object(Config\Cache), false)
#4 /home/darkesp1/public_html/index.php(71): CodeIgniter\CodeIgniter->run()
#5 {main}
CRITICAL - 2023-03-08 13:24:27 --> Undefined property: App\Controllers\Connect::$espFeature
#0 /home/darkesp1/public_html/app/Controllers/Connect.php(46): CodeIgniter\Debug\Exceptions->errorHandler(8, 'Undefined prope...', '/home/darkesp1/...', 46, Array)
#1 /home/darkesp1/public_html/vendor/codeigniter4/framework/system/CodeIgniter.php(801): App\Controllers\Connect->__construct()
#2 /home/darkesp1/public_html/vendor/codeigniter4/framework/system/CodeIgniter.php(401): CodeIgniter\CodeIgniter->createController()
#3 /home/darkesp1/public_html/vendor/codeigniter4/framework/system/CodeIgniter.php(318): CodeIgniter\CodeIgniter->handleRequest(NULL, Object(Config\Cache), false)
#4 /home/darkesp1/public_html/index.php(71): CodeIgniter\CodeIgniter->run()
#5 {main}
CRITICAL - 2023-03-08 13:24:28 --> Undefined property: App\Controllers\Connect::$espFeature
#0 /home/darkesp1/public_html/app/Controllers/Connect.php(46): CodeIgniter\Debug\Exceptions->errorHandler(8, 'Undefined prope...', '/home/darkesp1/...', 46, Array)
#1 /home/darkesp1/public_html/vendor/codeigniter4/framework/system/CodeIgniter.php(801): App\Controllers\Connect->__construct()
#2 /home/darkesp1/public_html/vendor/codeigniter4/framework/system/CodeIgniter.php(401): CodeIgniter\CodeIgniter->createController()
#3 /home/darkesp1/public_html/vendor/codeigniter4/framework/system/CodeIgniter.php(318): CodeIgniter\CodeIgniter->handleRequest(NULL, Object(Config\Cache), false)
#4 /home/darkesp1/public_html/index.php(71): CodeIgniter\CodeIgniter->run()
#5 {main}
CRITICAL - 2023-03-08 13:24:30 --> Undefined property: App\Controllers\Connect::$espFeature
#0 /home/darkesp1/public_html/app/Controllers/Connect.php(46): CodeIgniter\Debug\Exceptions->errorHandler(8, 'Undefined prope...', '/home/darkesp1/...', 46, Array)
#1 /home/darkesp1/public_html/vendor/codeigniter4/framework/system/CodeIgniter.php(801): App\Controllers\Connect->__construct()
#2 /home/darkesp1/public_html/vendor/codeigniter4/framework/system/CodeIgniter.php(401): CodeIgniter\CodeIgniter->createController()
#3 /home/darkesp1/public_html/vendor/codeigniter4/framework/system/CodeIgniter.php(318): CodeIgniter\CodeIgniter->handleRequest(NULL, Object(Config\Cache), false)
#4 /home/darkesp1/public_html/index.php(71): CodeIgniter\CodeIgniter->run()
#5 {main}
CRITICAL - 2023-03-08 13:24:31 --> Undefined property: App\Controllers\Connect::$espFeature
#0 /home/darkesp1/public_html/app/Controllers/Connect.php(46): CodeIgniter\Debug\Exceptions->errorHandler(8, 'Undefined prope...', '/home/darkesp1/...', 46, Array)
#1 /home/darkesp1/public_html/vendor/codeigniter4/framework/system/CodeIgniter.php(801): App\Controllers\Connect->__construct()
#2 /home/darkesp1/public_html/vendor/codeigniter4/framework/system/CodeIgniter.php(401): CodeIgniter\CodeIgniter->createController()
#3 /home/darkesp1/public_html/vendor/codeigniter4/framework/system/CodeIgniter.php(318): CodeIgniter\CodeIgniter->handleRequest(NULL, Object(Config\Cache), false)
#4 /home/darkesp1/public_html/index.php(71): CodeIgniter\CodeIgniter->run()
#5 {main}
CRITICAL - 2023-03-08 13:24:33 --> Undefined property: App\Controllers\Connect::$espFeature
#0 /home/darkesp1/public_html/app/Controllers/Connect.php(46): CodeIgniter\Debug\Exceptions->errorHandler(8, 'Undefined prope...', '/home/darkesp1/...', 46, Array)
#1 /home/darkesp1/public_html/vendor/codeigniter4/framework/system/CodeIgniter.php(801): App\Controllers\Connect->__construct()
#2 /home/darkesp1/public_html/vendor/codeigniter4/framework/system/CodeIgniter.php(401): CodeIgniter\CodeIgniter->createController()
#3 /home/darkesp1/public_html/vendor/codeigniter4/framework/system/CodeIgniter.php(318): CodeIgniter\CodeIgniter->handleRequest(NULL, Object(Config\Cache), false)
#4 /home/darkesp1/public_html/index.php(71): CodeIgniter\CodeIgniter->run()
#5 {main}
CRITICAL - 2023-03-08 13:24:35 --> Undefined property: App\Controllers\Connect::$espFeature
#0 /home/darkesp1/public_html/app/Controllers/Connect.php(46): CodeIgniter\Debug\Exceptions->errorHandler(8, 'Undefined prope...', '/home/darkesp1/...', 46, Array)
#1 /home/darkesp1/public_html/vendor/codeigniter4/framework/system/CodeIgniter.php(801): App\Controllers\Connect->__construct()
#2 /home/darkesp1/public_html/vendor/codeigniter4/framework/system/CodeIgniter.php(401): CodeIgniter\CodeIgniter->createController()
#3 /home/darkesp1/public_html/vendor/codeigniter4/framework/system/CodeIgniter.php(318): CodeIgniter\CodeIgniter->handleRequest(NULL, Object(Config\Cache), false)
#4 /home/darkesp1/public_html/index.php(71): CodeIgniter\CodeIgniter->run()
#5 {main}
CRITICAL - 2023-03-08 13:24:36 --> Undefined property: App\Controllers\Connect::$espFeature
#0 /home/darkesp1/public_html/app/Controllers/Connect.php(46): CodeIgniter\Debug\Exceptions->errorHandler(8, 'Undefined prope...', '/home/darkesp1/...', 46, Array)
#1 /home/darkesp1/public_html/vendor/codeigniter4/framework/system/CodeIgniter.php(801): App\Controllers\Connect->__construct()
#2 /home/darkesp1/public_html/vendor/codeigniter4/framework/system/CodeIgniter.php(401): CodeIgniter\CodeIgniter->createController()
#3 /home/darkesp1/public_html/vendor/codeigniter4/framework/system/CodeIgniter.php(318): CodeIgniter\CodeIgniter->handleRequest(NULL, Object(Config\Cache), false)
#4 /home/darkesp1/public_html/index.php(71): CodeIgniter\CodeIgniter->run()
#5 {main}
CRITICAL - 2023-03-08 13:24:37 --> Undefined property: App\Controllers\Connect::$espFeature
#0 /home/darkesp1/public_html/app/Controllers/Connect.php(46): CodeIgniter\Debug\Exceptions->errorHandler(8, 'Undefined prope...', '/home/darkesp1/...', 46, Array)
#1 /home/darkesp1/public_html/vendor/codeigniter4/framework/system/CodeIgniter.php(801): App\Controllers\Connect->__construct()
#2 /home/darkesp1/public_html/vendor/codeigniter4/framework/system/CodeIgniter.php(401): CodeIgniter\CodeIgniter->createController()
#3 /home/darkesp1/public_html/vendor/codeigniter4/framework/system/CodeIgniter.php(318): CodeIgniter\CodeIgniter->handleRequest(NULL, Object(Config\Cache), false)
#4 /home/darkesp1/public_html/index.php(71): CodeIgniter\CodeIgniter->run()
#5 {main}
CRITICAL - 2023-03-08 13:24:39 --> Undefined property: App\Controllers\Connect::$espFeature
#0 /home/darkesp1/public_html/app/Controllers/Connect.php(46): CodeIgniter\Debug\Exceptions->errorHandler(8, 'Undefined prope...', '/home/darkesp1/...', 46, Array)
#1 /home/darkesp1/public_html/vendor/codeigniter4/framework/system/CodeIgniter.php(801): App\Controllers\Connect->__construct()
#2 /home/darkesp1/public_html/vendor/codeigniter4/framework/system/CodeIgniter.php(401): CodeIgniter\CodeIgniter->createController()
#3 /home/darkesp1/public_html/vendor/codeigniter4/framework/system/CodeIgniter.php(318): CodeIgniter\CodeIgniter->handleRequest(NULL, Object(Config\Cache), false)
#4 /home/darkesp1/public_html/index.php(71): CodeIgniter\CodeIgniter->run()
#5 {main}
CRITICAL - 2023-03-08 13:24:41 --> Undefined property: App\Controllers\Connect::$espFeature
#0 /home/darkesp1/public_html/app/Controllers/Connect.php(46): CodeIgniter\Debug\Exceptions->errorHandler(8, 'Undefined prope...', '/home/darkesp1/...', 46, Array)
#1 /home/darkesp1/public_html/vendor/codeigniter4/framework/system/CodeIgniter.php(801): App\Controllers\Connect->__construct()
#2 /home/darkesp1/public_html/vendor/codeigniter4/framework/system/CodeIgniter.php(401): CodeIgniter\CodeIgniter->createController()
#3 /home/darkesp1/public_html/vendor/codeigniter4/framework/system/CodeIgniter.php(318): CodeIgniter\CodeIgniter->handleRequest(NULL, Object(Config\Cache), false)
#4 /home/darkesp1/public_html/index.php(71): CodeIgniter\CodeIgniter->run()
#5 {main}
CRITICAL - 2023-03-08 13:24:42 --> Undefined property: App\Controllers\Connect::$espFeature
#0 /home/darkesp1/public_html/app/Controllers/Connect.php(46): CodeIgniter\Debug\Exceptions->errorHandler(8, 'Undefined prope...', '/home/darkesp1/...', 46, Array)
#1 /home/darkesp1/public_html/vendor/codeigniter4/framework/system/CodeIgniter.php(801): App\Controllers\Connect->__construct()
#2 /home/darkesp1/public_html/vendor/codeigniter4/framework/system/CodeIgniter.php(401): CodeIgniter\CodeIgniter->createController()
#3 /home/darkesp1/public_html/vendor/codeigniter4/framework/system/CodeIgniter.php(318): CodeIgniter\CodeIgniter->handleRequest(NULL, Object(Config\Cache), false)
#4 /home/darkesp1/public_html/index.php(71): CodeIgniter\CodeIgniter->run()
#5 {main}
CRITICAL - 2023-03-08 13:24:44 --> Undefined property: App\Controllers\Connect::$espFeature
#0 /home/darkesp1/public_html/app/Controllers/Connect.php(46): CodeIgniter\Debug\Exceptions->errorHandler(8, 'Undefined prope...', '/home/darkesp1/...', 46, Array)
#1 /home/darkesp1/public_html/vendor/codeigniter4/framework/system/CodeIgniter.php(801): App\Controllers\Connect->__construct()
#2 /home/darkesp1/public_html/vendor/codeigniter4/framework/system/CodeIgniter.php(401): CodeIgniter\CodeIgniter->createController()
#3 /home/darkesp1/public_html/vendor/codeigniter4/framework/system/CodeIgniter.php(318): CodeIgniter\CodeIgniter->handleRequest(NULL, Object(Config\Cache), false)
#4 /home/darkesp1/public_html/index.php(71): CodeIgniter\CodeIgniter->run()
#5 {main}
CRITICAL - 2023-03-08 13:24:45 --> Undefined property: App\Controllers\Connect::$espFeature
#0 /home/darkesp1/public_html/app/Controllers/Connect.php(46): CodeIgniter\Debug\Exceptions->errorHandler(8, 'Undefined prope...', '/home/darkesp1/...', 46, Array)
#1 /home/darkesp1/public_html/vendor/codeigniter4/framework/system/CodeIgniter.php(801): App\Controllers\Connect->__construct()
#2 /home/darkesp1/public_html/vendor/codeigniter4/framework/system/CodeIgniter.php(401): CodeIgniter\CodeIgniter->createController()
#3 /home/darkesp1/public_html/vendor/codeigniter4/framework/system/CodeIgniter.php(318): CodeIgniter\CodeIgniter->handleRequest(NULL, Object(Config\Cache), false)
#4 /home/darkesp1/public_html/index.php(71): CodeIgniter\CodeIgniter->run()
#5 {main}
CRITICAL - 2023-03-08 13:24:47 --> Undefined property: App\Controllers\Connect::$espFeature
#0 /home/darkesp1/public_html/app/Controllers/Connect.php(46): CodeIgniter\Debug\Exceptions->errorHandler(8, 'Undefined prope...', '/home/darkesp1/...', 46, Array)
#1 /home/darkesp1/public_html/vendor/codeigniter4/framework/system/CodeIgniter.php(801): App\Controllers\Connect->__construct()
#2 /home/darkesp1/public_html/vendor/codeigniter4/framework/system/CodeIgniter.php(401): CodeIgniter\CodeIgniter->createController()
#3 /home/darkesp1/public_html/vendor/codeigniter4/framework/system/CodeIgniter.php(318): CodeIgniter\CodeIgniter->handleRequest(NULL, Object(Config\Cache), false)
#4 /home/darkesp1/public_html/index.php(71): CodeIgniter\CodeIgniter->run()
#5 {main}
CRITICAL - 2023-03-08 13:24:49 --> Undefined property: App\Controllers\Connect::$espFeature
#0 /home/darkesp1/public_html/app/Controllers/Connect.php(46): CodeIgniter\Debug\Exceptions->errorHandler(8, 'Undefined prope...', '/home/darkesp1/...', 46, Array)
#1 /home/darkesp1/public_html/vendor/codeigniter4/framework/system/CodeIgniter.php(801): App\Controllers\Connect->__construct()
#2 /home/darkesp1/public_html/vendor/codeigniter4/framework/system/CodeIgniter.php(401): CodeIgniter\CodeIgniter->createController()
#3 /home/darkesp1/public_html/vendor/codeigniter4/framework/system/CodeIgniter.php(318): CodeIgniter\CodeIgniter->handleRequest(NULL, Object(Config\Cache), false)
#4 /home/darkesp1/public_html/index.php(71): CodeIgniter\CodeIgniter->run()
#5 {main}
CRITICAL - 2023-03-08 13:24:50 --> Undefined property: App\Controllers\Connect::$espFeature
#0 /home/darkesp1/public_html/app/Controllers/Connect.php(46): CodeIgniter\Debug\Exceptions->errorHandler(8, 'Undefined prope...', '/home/darkesp1/...', 46, Array)
#1 /home/darkesp1/public_html/vendor/codeigniter4/framework/system/CodeIgniter.php(801): App\Controllers\Connect->__construct()
#2 /home/darkesp1/public_html/vendor/codeigniter4/framework/system/CodeIgniter.php(401): CodeIgniter\CodeIgniter->createController()
#3 /home/darkesp1/public_html/vendor/codeigniter4/framework/system/CodeIgniter.php(318): CodeIgniter\CodeIgniter->handleRequest(NULL, Object(Config\Cache), false)
#4 /home/darkesp1/public_html/index.php(71): CodeIgniter\CodeIgniter->run()
#5 {main}
CRITICAL - 2023-03-08 13:24:52 --> Undefined property: App\Controllers\Connect::$espFeature
#0 /home/darkesp1/public_html/app/Controllers/Connect.php(46): CodeIgniter\Debug\Exceptions->errorHandler(8, 'Undefined prope...', '/home/darkesp1/...', 46, Array)
#1 /home/darkesp1/public_html/vendor/codeigniter4/framework/system/CodeIgniter.php(801): App\Controllers\Connect->__construct()
#2 /home/darkesp1/public_html/vendor/codeigniter4/framework/system/CodeIgniter.php(401): CodeIgniter\CodeIgniter->createController()
#3 /home/darkesp1/public_html/vendor/codeigniter4/framework/system/CodeIgniter.php(318): CodeIgniter\CodeIgniter->handleRequest(NULL, Object(Config\Cache), false)
#4 /home/darkesp1/public_html/index.php(71): CodeIgniter\CodeIgniter->run()
#5 {main}
CRITICAL - 2023-03-08 13:24:53 --> Undefined property: App\Controllers\Connect::$espFeature
#0 /home/darkesp1/public_html/app/Controllers/Connect.php(46): CodeIgniter\Debug\Exceptions->errorHandler(8, 'Undefined prope...', '/home/darkesp1/...', 46, Array)
#1 /home/darkesp1/public_html/vendor/codeigniter4/framework/system/CodeIgniter.php(801): App\Controllers\Connect->__construct()
#2 /home/darkesp1/public_html/vendor/codeigniter4/framework/system/CodeIgniter.php(401): CodeIgniter\CodeIgniter->createController()
#3 /home/darkesp1/public_html/vendor/codeigniter4/framework/system/CodeIgniter.php(318): CodeIgniter\CodeIgniter->handleRequest(NULL, Object(Config\Cache), false)
#4 /home/darkesp1/public_html/index.php(71): CodeIgniter\CodeIgniter->run()
#5 {main}
CRITICAL - 2023-03-08 13:41:14 --> Undefined index: esp
#0 /home/darkesp1/public_html/app/Controllers/Connect.php(93): CodeIgniter\Debug\Exceptions->errorHandler(8, 'Undefined index...', '/home/darkesp1/...', 93, Array)
#1 /home/darkesp1/public_html/vendor/codeigniter4/framework/system/CodeIgniter.php(801): App\Controllers\Connect->__construct()
#2 /home/darkesp1/public_html/vendor/codeigniter4/framework/system/CodeIgniter.php(401): CodeIgniter\CodeIgniter->createController()
#3 /home/darkesp1/public_html/vendor/codeigniter4/framework/system/CodeIgniter.php(318): CodeIgniter\CodeIgniter->handleRequest(NULL, Object(Config\Cache), false)
#4 /home/darkesp1/public_html/index.php(71): CodeIgniter\CodeIgniter->run()
#5 {main}
CRITICAL - 2023-03-08 13:41:18 --> Undefined index: esp
#0 /home/darkesp1/public_html/app/Controllers/Connect.php(93): CodeIgniter\Debug\Exceptions->errorHandler(8, 'Undefined index...', '/home/darkesp1/...', 93, Array)
#1 /home/darkesp1/public_html/vendor/codeigniter4/framework/system/CodeIgniter.php(801): App\Controllers\Connect->__construct()
#2 /home/darkesp1/public_html/vendor/codeigniter4/framework/system/CodeIgniter.php(401): CodeIgniter\CodeIgniter->createController()
#3 /home/darkesp1/public_html/vendor/codeigniter4/framework/system/CodeIgniter.php(318): CodeIgniter\CodeIgniter->handleRequest(NULL, Object(Config\Cache), false)
#4 /home/darkesp1/public_html/index.php(71): CodeIgniter\CodeIgniter->run()
#5 {main}
CRITICAL - 2023-03-08 13:41:20 --> Undefined index: esp
#0 /home/darkesp1/public_html/app/Controllers/Connect.php(93): CodeIgniter\Debug\Exceptions->errorHandler(8, 'Undefined index...', '/home/darkesp1/...', 93, Array)
#1 /home/darkesp1/public_html/vendor/codeigniter4/framework/system/CodeIgniter.php(801): App\Controllers\Connect->__construct()
#2 /home/darkesp1/public_html/vendor/codeigniter4/framework/system/CodeIgniter.php(401): CodeIgniter\CodeIgniter->createController()
#3 /home/darkesp1/public_html/vendor/codeigniter4/framework/system/CodeIgniter.php(318): CodeIgniter\CodeIgniter->handleRequest(NULL, Object(Config\Cache), false)
#4 /home/darkesp1/public_html/index.php(71): CodeIgniter\CodeIgniter->run()
#5 {main}
CRITICAL - 2023-03-08 13:41:22 --> Undefined index: esp
#0 /home/darkesp1/public_html/app/Controllers/Connect.php(93): CodeIgniter\Debug\Exceptions->errorHandler(8, 'Undefined index...', '/home/darkesp1/...', 93, Array)
#1 /home/darkesp1/public_html/vendor/codeigniter4/framework/system/CodeIgniter.php(801): App\Controllers\Connect->__construct()
#2 /home/darkesp1/public_html/vendor/codeigniter4/framework/system/CodeIgniter.php(401): CodeIgniter\CodeIgniter->createController()
#3 /home/darkesp1/public_html/vendor/codeigniter4/framework/system/CodeIgniter.php(318): CodeIgniter\CodeIgniter->handleRequest(NULL, Object(Config\Cache), false)
#4 /home/darkesp1/public_html/index.php(71): CodeIgniter\CodeIgniter->run()
#5 {main}
CRITICAL - 2023-03-08 13:41:24 --> Undefined index: esp
#0 /home/darkesp1/public_html/app/Controllers/Connect.php(93): CodeIgniter\Debug\Exceptions->errorHandler(8, 'Undefined index...', '/home/darkesp1/...', 93, Array)
#1 /home/darkesp1/public_html/vendor/codeigniter4/framework/system/CodeIgniter.php(801): App\Controllers\Connect->__construct()
#2 /home/darkesp1/public_html/vendor/codeigniter4/framework/system/CodeIgniter.php(401): CodeIgniter\CodeIgniter->createController()
#3 /home/darkesp1/public_html/vendor/codeigniter4/framework/system/CodeIgniter.php(318): CodeIgniter\CodeIgniter->handleRequest(NULL, Object(Config\Cache), false)
#4 /home/darkesp1/public_html/index.php(71): CodeIgniter\CodeIgniter->run()
#5 {main}
CRITICAL - 2023-03-08 13:41:26 --> Undefined index: esp
#0 /home/darkesp1/public_html/app/Controllers/Connect.php(93): CodeIgniter\Debug\Exceptions->errorHandler(8, 'Undefined index...', '/home/darkesp1/...', 93, Array)
#1 /home/darkesp1/public_html/vendor/codeigniter4/framework/system/CodeIgniter.php(801): App\Controllers\Connect->__construct()
#2 /home/darkesp1/public_html/vendor/codeigniter4/framework/system/CodeIgniter.php(401): CodeIgniter\CodeIgniter->createController()
#3 /home/darkesp1/public_html/vendor/codeigniter4/framework/system/CodeIgniter.php(318): CodeIgniter\CodeIgniter->handleRequest(NULL, Object(Config\Cache), false)
#4 /home/darkesp1/public_html/index.php(71): CodeIgniter\CodeIgniter->run()
#5 {main}
CRITICAL - 2023-03-08 13:42:03 --> Undefined index: esp
#0 /home/darkesp1/public_html/app/Controllers/Connect.php(93): CodeIgniter\Debug\Exceptions->errorHandler(8, 'Undefined index...', '/home/darkesp1/...', 93, Array)
#1 /home/darkesp1/public_html/vendor/codeigniter4/framework/system/CodeIgniter.php(801): App\Controllers\Connect->__construct()
#2 /home/darkesp1/public_html/vendor/codeigniter4/framework/system/CodeIgniter.php(401): CodeIgniter\CodeIgniter->createController()
#3 /home/darkesp1/public_html/vendor/codeigniter4/framework/system/CodeIgniter.php(318): CodeIgniter\CodeIgniter->handleRequest(NULL, Object(Config\Cache), false)
#4 /home/darkesp1/public_html/index.php(71): CodeIgniter\CodeIgniter->run()
#5 {main}
CRITICAL - 2023-03-08 13:42:05 --> Undefined index: esp
#0 /home/darkesp1/public_html/app/Controllers/Connect.php(93): CodeIgniter\Debug\Exceptions->errorHandler(8, 'Undefined index...', '/home/darkesp1/...', 93, Array)
#1 /home/darkesp1/public_html/vendor/codeigniter4/framework/system/CodeIgniter.php(801): App\Controllers\Connect->__construct()
#2 /home/darkesp1/public_html/vendor/codeigniter4/framework/system/CodeIgniter.php(401): CodeIgniter\CodeIgniter->createController()
#3 /home/darkesp1/public_html/vendor/codeigniter4/framework/system/CodeIgniter.php(318): CodeIgniter\CodeIgniter->handleRequest(NULL, Object(Config\Cache), false)
#4 /home/darkesp1/public_html/index.php(71): CodeIgniter\CodeIgniter->run()
#5 {main}
CRITICAL - 2023-03-08 13:42:07 --> Undefined index: esp
#0 /home/darkesp1/public_html/app/Controllers/Connect.php(93): CodeIgniter\Debug\Exceptions->errorHandler(8, 'Undefined index...', '/home/darkesp1/...', 93, Array)
#1 /home/darkesp1/public_html/vendor/codeigniter4/framework/system/CodeIgniter.php(801): App\Controllers\Connect->__construct()
#2 /home/darkesp1/public_html/vendor/codeigniter4/framework/system/CodeIgniter.php(401): CodeIgniter\CodeIgniter->createController()
#3 /home/darkesp1/public_html/vendor/codeigniter4/framework/system/CodeIgniter.php(318): CodeIgniter\CodeIgniter->handleRequest(NULL, Object(Config\Cache), false)
#4 /home/darkesp1/public_html/index.php(71): CodeIgniter\CodeIgniter->run()
#5 {main}
CRITICAL - 2023-03-08 13:42:08 --> Undefined index: esp
#0 /home/darkesp1/public_html/app/Controllers/Connect.php(93): CodeIgniter\Debug\Exceptions->errorHandler(8, 'Undefined index...', '/home/darkesp1/...', 93, Array)
#1 /home/darkesp1/public_html/vendor/codeigniter4/framework/system/CodeIgniter.php(801): App\Controllers\Connect->__construct()
#2 /home/darkesp1/public_html/vendor/codeigniter4/framework/system/CodeIgniter.php(401): CodeIgniter\CodeIgniter->createController()
#3 /home/darkesp1/public_html/vendor/codeigniter4/framework/system/CodeIgniter.php(318): CodeIgniter\CodeIgniter->handleRequest(NULL, Object(Config\Cache), false)
#4 /home/darkesp1/public_html/index.php(71): CodeIgniter\CodeIgniter->run()
#5 {main}
CRITICAL - 2023-03-08 13:42:10 --> Undefined index: esp
#0 /home/darkesp1/public_html/app/Controllers/Connect.php(93): CodeIgniter\Debug\Exceptions->errorHandler(8, 'Undefined index...', '/home/darkesp1/...', 93, Array)
#1 /home/darkesp1/public_html/vendor/codeigniter4/framework/system/CodeIgniter.php(801): App\Controllers\Connect->__construct()
#2 /home/darkesp1/public_html/vendor/codeigniter4/framework/system/CodeIgniter.php(401): CodeIgniter\CodeIgniter->createController()
#3 /home/darkesp1/public_html/vendor/codeigniter4/framework/system/CodeIgniter.php(318): CodeIgniter\CodeIgniter->handleRequest(NULL, Object(Config\Cache), false)
#4 /home/darkesp1/public_html/index.php(71): CodeIgniter\CodeIgniter->run()
#5 {main}
CRITICAL - 2023-03-08 13:42:11 --> Undefined index: esp
#0 /home/darkesp1/public_html/app/Controllers/Connect.php(93): CodeIgniter\Debug\Exceptions->errorHandler(8, 'Undefined index...', '/home/darkesp1/...', 93, Array)
#1 /home/darkesp1/public_html/vendor/codeigniter4/framework/system/CodeIgniter.php(801): App\Controllers\Connect->__construct()
#2 /home/darkesp1/public_html/vendor/codeigniter4/framework/system/CodeIgniter.php(401): CodeIgniter\CodeIgniter->createController()
#3 /home/darkesp1/public_html/vendor/codeigniter4/framework/system/CodeIgniter.php(318): CodeIgniter\CodeIgniter->handleRequest(NULL, Object(Config\Cache), false)
#4 /home/darkesp1/public_html/index.php(71): CodeIgniter\CodeIgniter->run()
#5 {main}
CRITICAL - 2023-03-08 13:42:13 --> Undefined index: esp
#0 /home/darkesp1/public_html/app/Controllers/Connect.php(93): CodeIgniter\Debug\Exceptions->errorHandler(8, 'Undefined index...', '/home/darkesp1/...', 93, Array)
#1 /home/darkesp1/public_html/vendor/codeigniter4/framework/system/CodeIgniter.php(801): App\Controllers\Connect->__construct()
#2 /home/darkesp1/public_html/vendor/codeigniter4/framework/system/CodeIgniter.php(401): CodeIgniter\CodeIgniter->createController()
#3 /home/darkesp1/public_html/vendor/codeigniter4/framework/system/CodeIgniter.php(318): CodeIgniter\CodeIgniter->handleRequest(NULL, Object(Config\Cache), false)
#4 /home/darkesp1/public_html/index.php(71): CodeIgniter\CodeIgniter->run()
#5 {main}
CRITICAL - 2023-03-08 13:42:15 --> Undefined index: esp
#0 /home/darkesp1/public_html/app/Controllers/Connect.php(93): CodeIgniter\Debug\Exceptions->errorHandler(8, 'Undefined index...', '/home/darkesp1/...', 93, Array)
#1 /home/darkesp1/public_html/vendor/codeigniter4/framework/system/CodeIgniter.php(801): App\Controllers\Connect->__construct()
#2 /home/darkesp1/public_html/vendor/codeigniter4/framework/system/CodeIgniter.php(401): CodeIgniter\CodeIgniter->createController()
#3 /home/darkesp1/public_html/vendor/codeigniter4/framework/system/CodeIgniter.php(318): CodeIgniter\CodeIgniter->handleRequest(NULL, Object(Config\Cache), false)
#4 /home/darkesp1/public_html/index.php(71): CodeIgniter\CodeIgniter->run()
#5 {main}
CRITICAL - 2023-03-08 13:42:16 --> Undefined index: esp
#0 /home/darkesp1/public_html/app/Controllers/Connect.php(93): CodeIgniter\Debug\Exceptions->errorHandler(8, 'Undefined index...', '/home/darkesp1/...', 93, Array)
#1 /home/darkesp1/public_html/vendor/codeigniter4/framework/system/CodeIgniter.php(801): App\Controllers\Connect->__construct()
#2 /home/darkesp1/public_html/vendor/codeigniter4/framework/system/CodeIgniter.php(401): CodeIgniter\CodeIgniter->createController()
#3 /home/darkesp1/public_html/vendor/codeigniter4/framework/system/CodeIgniter.php(318): CodeIgniter\CodeIgniter->handleRequest(NULL, Object(Config\Cache), false)
#4 /home/darkesp1/public_html/index.php(71): CodeIgniter\CodeIgniter->run()
#5 {main}
CRITICAL - 2023-03-08 13:42:18 --> Undefined index: esp
#0 /home/darkesp1/public_html/app/Controllers/Connect.php(93): CodeIgniter\Debug\Exceptions->errorHandler(8, 'Undefined index...', '/home/darkesp1/...', 93, Array)
#1 /home/darkesp1/public_html/vendor/codeigniter4/framework/system/CodeIgniter.php(801): App\Controllers\Connect->__construct()
#2 /home/darkesp1/public_html/vendor/codeigniter4/framework/system/CodeIgniter.php(401): CodeIgniter\CodeIgniter->createController()
#3 /home/darkesp1/public_html/vendor/codeigniter4/framework/system/CodeIgniter.php(318): CodeIgniter\CodeIgniter->handleRequest(NULL, Object(Config\Cache), false)
#4 /home/darkesp1/public_html/index.php(71): CodeIgniter\CodeIgniter->run()
#5 {main}
CRITICAL - 2023-03-08 13:42:20 --> Undefined index: esp
#0 /home/darkesp1/public_html/app/Controllers/Connect.php(93): CodeIgniter\Debug\Exceptions->errorHandler(8, 'Undefined index...', '/home/darkesp1/...', 93, Array)
#1 /home/darkesp1/public_html/vendor/codeigniter4/framework/system/CodeIgniter.php(801): App\Controllers\Connect->__construct()
#2 /home/darkesp1/public_html/vendor/codeigniter4/framework/system/CodeIgniter.php(401): CodeIgniter\CodeIgniter->createController()
#3 /home/darkesp1/public_html/vendor/codeigniter4/framework/system/CodeIgniter.php(318): CodeIgniter\CodeIgniter->handleRequest(NULL, Object(Config\Cache), false)
#4 /home/darkesp1/public_html/index.php(71): CodeIgniter\CodeIgniter->run()
#5 {main}
CRITICAL - 2023-03-08 13:42:21 --> Undefined index: esp
#0 /home/darkesp1/public_html/app/Controllers/Connect.php(93): CodeIgniter\Debug\Exceptions->errorHandler(8, 'Undefined index...', '/home/darkesp1/...', 93, Array)
#1 /home/darkesp1/public_html/vendor/codeigniter4/framework/system/CodeIgniter.php(801): App\Controllers\Connect->__construct()
#2 /home/darkesp1/public_html/vendor/codeigniter4/framework/system/CodeIgniter.php(401): CodeIgniter\CodeIgniter->createController()
#3 /home/darkesp1/public_html/vendor/codeigniter4/framework/system/CodeIgniter.php(318): CodeIgniter\CodeIgniter->handleRequest(NULL, Object(Config\Cache), false)
#4 /home/darkesp1/public_html/index.php(71): CodeIgniter\CodeIgniter->run()
#5 {main}
CRITICAL - 2023-03-08 13:42:23 --> Undefined index: esp
#0 /home/darkesp1/public_html/app/Controllers/Connect.php(93): CodeIgniter\Debug\Exceptions->errorHandler(8, 'Undefined index...', '/home/darkesp1/...', 93, Array)
#1 /home/darkesp1/public_html/vendor/codeigniter4/framework/system/CodeIgniter.php(801): App\Controllers\Connect->__construct()
#2 /home/darkesp1/public_html/vendor/codeigniter4/framework/system/CodeIgniter.php(401): CodeIgniter\CodeIgniter->createController()
#3 /home/darkesp1/public_html/vendor/codeigniter4/framework/system/CodeIgniter.php(318): CodeIgniter\CodeIgniter->handleRequest(NULL, Object(Config\Cache), false)
#4 /home/darkesp1/public_html/index.php(71): CodeIgniter\CodeIgniter->run()
#5 {main}
CRITICAL - 2023-03-08 13:42:25 --> Undefined index: esp
#0 /home/darkesp1/public_html/app/Controllers/Connect.php(93): CodeIgniter\Debug\Exceptions->errorHandler(8, 'Undefined index...', '/home/darkesp1/...', 93, Array)
#1 /home/darkesp1/public_html/vendor/codeigniter4/framework/system/CodeIgniter.php(801): App\Controllers\Connect->__construct()
#2 /home/darkesp1/public_html/vendor/codeigniter4/framework/system/CodeIgniter.php(401): CodeIgniter\CodeIgniter->createController()
#3 /home/darkesp1/public_html/vendor/codeigniter4/framework/system/CodeIgniter.php(318): CodeIgniter\CodeIgniter->handleRequest(NULL, Object(Config\Cache), false)
#4 /home/darkesp1/public_html/index.php(71): CodeIgniter\CodeIgniter->run()
#5 {main}
CRITICAL - 2023-03-08 13:42:26 --> Undefined index: esp
#0 /home/darkesp1/public_html/app/Controllers/Connect.php(93): CodeIgniter\Debug\Exceptions->errorHandler(8, 'Undefined index...', '/home/darkesp1/...', 93, Array)
#1 /home/darkesp1/public_html/vendor/codeigniter4/framework/system/CodeIgniter.php(801): App\Controllers\Connect->__construct()
#2 /home/darkesp1/public_html/vendor/codeigniter4/framework/system/CodeIgniter.php(401): CodeIgniter\CodeIgniter->createController()
#3 /home/darkesp1/public_html/vendor/codeigniter4/framework/system/CodeIgniter.php(318): CodeIgniter\CodeIgniter->handleRequest(NULL, Object(Config\Cache), false)
#4 /home/darkesp1/public_html/index.php(71): CodeIgniter\CodeIgniter->run()
#5 {main}
CRITICAL - 2023-03-08 13:42:28 --> Undefined index: esp
#0 /home/darkesp1/public_html/app/Controllers/Connect.php(93): CodeIgniter\Debug\Exceptions->errorHandler(8, 'Undefined index...', '/home/darkesp1/...', 93, Array)
#1 /home/darkesp1/public_html/vendor/codeigniter4/framework/system/CodeIgniter.php(801): App\Controllers\Connect->__construct()
#2 /home/darkesp1/public_html/vendor/codeigniter4/framework/system/CodeIgniter.php(401): CodeIgniter\CodeIgniter->createController()
#3 /home/darkesp1/public_html/vendor/codeigniter4/framework/system/CodeIgniter.php(318): CodeIgniter\CodeIgniter->handleRequest(NULL, Object(Config\Cache), false)
#4 /home/darkesp1/public_html/index.php(71): CodeIgniter\CodeIgniter->run()
#5 {main}
CRITICAL - 2023-03-08 13:42:30 --> Undefined index: esp
#0 /home/darkesp1/public_html/app/Controllers/Connect.php(93): CodeIgniter\Debug\Exceptions->errorHandler(8, 'Undefined index...', '/home/darkesp1/...', 93, Array)
#1 /home/darkesp1/public_html/vendor/codeigniter4/framework/system/CodeIgniter.php(801): App\Controllers\Connect->__construct()
#2 /home/darkesp1/public_html/vendor/codeigniter4/framework/system/CodeIgniter.php(401): CodeIgniter\CodeIgniter->createController()
#3 /home/darkesp1/public_html/vendor/codeigniter4/framework/system/CodeIgniter.php(318): CodeIgniter\CodeIgniter->handleRequest(NULL, Object(Config\Cache), false)
#4 /home/darkesp1/public_html/index.php(71): CodeIgniter\CodeIgniter->run()
#5 {main}
CRITICAL - 2023-03-08 13:42:31 --> Undefined index: esp
#0 /home/darkesp1/public_html/app/Controllers/Connect.php(93): CodeIgniter\Debug\Exceptions->errorHandler(8, 'Undefined index...', '/home/darkesp1/...', 93, Array)
#1 /home/darkesp1/public_html/vendor/codeigniter4/framework/system/CodeIgniter.php(801): App\Controllers\Connect->__construct()
#2 /home/darkesp1/public_html/vendor/codeigniter4/framework/system/CodeIgniter.php(401): CodeIgniter\CodeIgniter->createController()
#3 /home/darkesp1/public_html/vendor/codeigniter4/framework/system/CodeIgniter.php(318): CodeIgniter\CodeIgniter->handleRequest(NULL, Object(Config\Cache), false)
#4 /home/darkesp1/public_html/index.php(71): CodeIgniter\CodeIgniter->run()
#5 {main}
CRITICAL - 2023-03-08 13:42:33 --> Undefined index: esp
#0 /home/darkesp1/public_html/app/Controllers/Connect.php(93): CodeIgniter\Debug\Exceptions->errorHandler(8, 'Undefined index...', '/home/darkesp1/...', 93, Array)
#1 /home/darkesp1/public_html/vendor/codeigniter4/framework/system/CodeIgniter.php(801): App\Controllers\Connect->__construct()
#2 /home/darkesp1/public_html/vendor/codeigniter4/framework/system/CodeIgniter.php(401): CodeIgniter\CodeIgniter->createController()
#3 /home/darkesp1/public_html/vendor/codeigniter4/framework/system/CodeIgniter.php(318): CodeIgniter\CodeIgniter->handleRequest(NULL, Object(Config\Cache), false)
#4 /home/darkesp1/public_html/index.php(71): CodeIgniter\CodeIgniter->run()
#5 {main}
CRITICAL - 2023-03-08 13:42:34 --> Undefined index: esp
#0 /home/darkesp1/public_html/app/Controllers/Connect.php(93): CodeIgniter\Debug\Exceptions->errorHandler(8, 'Undefined index...', '/home/darkesp1/...', 93, Array)
#1 /home/darkesp1/public_html/vendor/codeigniter4/framework/system/CodeIgniter.php(801): App\Controllers\Connect->__construct()
#2 /home/darkesp1/public_html/vendor/codeigniter4/framework/system/CodeIgniter.php(401): CodeIgniter\CodeIgniter->createController()
#3 /home/darkesp1/public_html/vendor/codeigniter4/framework/system/CodeIgniter.php(318): CodeIgniter\CodeIgniter->handleRequest(NULL, Object(Config\Cache), false)
#4 /home/darkesp1/public_html/index.php(71): CodeIgniter\CodeIgniter->run()
#5 {main}
CRITICAL - 2023-03-08 13:42:36 --> Undefined index: esp
#0 /home/darkesp1/public_html/app/Controllers/Connect.php(93): CodeIgniter\Debug\Exceptions->errorHandler(8, 'Undefined index...', '/home/darkesp1/...', 93, Array)
#1 /home/darkesp1/public_html/vendor/codeigniter4/framework/system/CodeIgniter.php(801): App\Controllers\Connect->__construct()
#2 /home/darkesp1/public_html/vendor/codeigniter4/framework/system/CodeIgniter.php(401): CodeIgniter\CodeIgniter->createController()
#3 /home/darkesp1/public_html/vendor/codeigniter4/framework/system/CodeIgniter.php(318): CodeIgniter\CodeIgniter->handleRequest(NULL, Object(Config\Cache), false)
#4 /home/darkesp1/public_html/index.php(71): CodeIgniter\CodeIgniter->run()
#5 {main}
CRITICAL - 2023-03-08 13:42:37 --> Undefined index: esp
#0 /home/darkesp1/public_html/app/Controllers/Connect.php(93): CodeIgniter\Debug\Exceptions->errorHandler(8, 'Undefined index...', '/home/darkesp1/...', 93, Array)
#1 /home/darkesp1/public_html/vendor/codeigniter4/framework/system/CodeIgniter.php(801): App\Controllers\Connect->__construct()
#2 /home/darkesp1/public_html/vendor/codeigniter4/framework/system/CodeIgniter.php(401): CodeIgniter\CodeIgniter->createController()
#3 /home/darkesp1/public_html/vendor/codeigniter4/framework/system/CodeIgniter.php(318): CodeIgniter\CodeIgniter->handleRequest(NULL, Object(Config\Cache), false)
#4 /home/darkesp1/public_html/index.php(71): CodeIgniter\CodeIgniter->run()
#5 {main}
CRITICAL - 2023-03-08 13:42:39 --> Undefined index: esp
#0 /home/darkesp1/public_html/app/Controllers/Connect.php(93): CodeIgniter\Debug\Exceptions->errorHandler(8, 'Undefined index...', '/home/darkesp1/...', 93, Array)
#1 /home/darkesp1/public_html/vendor/codeigniter4/framework/system/CodeIgniter.php(801): App\Controllers\Connect->__construct()
#2 /home/darkesp1/public_html/vendor/codeigniter4/framework/system/CodeIgniter.php(401): CodeIgniter\CodeIgniter->createController()
#3 /home/darkesp1/public_html/vendor/codeigniter4/framework/system/CodeIgniter.php(318): CodeIgniter\CodeIgniter->handleRequest(NULL, Object(Config\Cache), false)
#4 /home/darkesp1/public_html/index.php(71): CodeIgniter\CodeIgniter->run()
#5 {main}
CRITICAL - 2023-03-08 13:52:24 --> Undefined index: esp
#0 /home/darkesp1/public_html/app/Controllers/Connect.php(93): CodeIgniter\Debug\Exceptions->errorHandler(8, 'Undefined index...', '/home/darkesp1/...', 93, Array)
#1 /home/darkesp1/public_html/vendor/codeigniter4/framework/system/CodeIgniter.php(801): App\Controllers\Connect->__construct()
#2 /home/darkesp1/public_html/vendor/codeigniter4/framework/system/CodeIgniter.php(401): CodeIgniter\CodeIgniter->createController()
#3 /home/darkesp1/public_html/vendor/codeigniter4/framework/system/CodeIgniter.php(318): CodeIgniter\CodeIgniter->handleRequest(NULL, Object(Config\Cache), false)
#4 /home/darkesp1/public_html/index.php(71): CodeIgniter\CodeIgniter->run()
#5 {main}
