CRITICAL - 2023-02-21 04:49:19 --> Trying to access array offset on value of type null
#0 /home/darkesp1/public_html/app/Views/User/reset.php(144): CodeIgniter\Debug\Exceptions->errorHandler(8, 'Trying to acces...', '/home/darkesp1/...', 144, Array)
#1 /home/darkesp1/public_html/vendor/codeigniter4/framework/system/View/View.php(214): include('/home/darkesp1/...')
#2 /home/darkesp1/public_html/vendor/codeigniter4/framework/system/View/View.php(217): CodeIgniter\View\View->CodeIgniter\View\{closure}()
#3 /home/darkesp1/public_html/vendor/codeigniter4/framework/system/Common.php(1097): CodeIgniter\View\View->render('User/reset', Array, true)
#4 /home/darkesp1/public_html/app/Controllers/User.php(299): view('User/reset', Array)
#5 /home/darkesp1/public_html/vendor/codeigniter4/framework/system/CodeIgniter.php(824): App\Controllers\User->reset()
#6 /home/darkesp1/public_html/vendor/codeigniter4/framework/system/CodeIgniter.php(410): CodeIgniter\CodeIgniter->runController(Object(App\Controllers\User))
#7 /home/darkesp1/public_html/vendor/codeigniter4/framework/system/CodeIgniter.php(318): CodeIgniter\CodeIgniter->handleRequest(NULL, Object(Config\Cache), false)
#8 /home/darkesp1/public_html/index.php(71): CodeIgniter\CodeIgniter->run()
#9 {main}
CRITICAL - 2023-02-21 04:52:04 --> syntax error, unexpected '<'
#0 /home/darkesp1/public_html/vendor/codeigniter4/framework/system/View/View.php(217): CodeIgniter\View\View->CodeIgniter\View\{closure}()
#1 /home/darkesp1/public_html/vendor/codeigniter4/framework/system/Common.php(1097): CodeIgniter\View\View->render('User/reset', Array, true)
#2 /home/darkesp1/public_html/app/Controllers/User.php(299): view('User/reset', Array)
#3 /home/darkesp1/public_html/vendor/codeigniter4/framework/system/CodeIgniter.php(824): App\Controllers\User->reset()
#4 /home/darkesp1/public_html/vendor/codeigniter4/framework/system/CodeIgniter.php(410): CodeIgniter\CodeIgniter->runController(Object(App\Controllers\User))
#5 /home/darkesp1/public_html/vendor/codeigniter4/framework/system/CodeIgniter.php(318): CodeIgniter\CodeIgniter->handleRequest(NULL, Object(Config\Cache), false)
#6 /home/darkesp1/public_html/index.php(71): CodeIgniter\CodeIgniter->run()
#7 {main}
CRITICAL - 2023-02-21 04:54:06 --> syntax error, unexpected end of file
#0 /home/darkesp1/public_html/vendor/codeigniter4/framework/system/View/View.php(217): CodeIgniter\View\View->CodeIgniter\View\{closure}()
#1 /home/darkesp1/public_html/vendor/codeigniter4/framework/system/Common.php(1097): CodeIgniter\View\View->render('User/reset', Array, true)
#2 /home/darkesp1/public_html/app/Controllers/User.php(299): view('User/reset', Array)
#3 /home/darkesp1/public_html/vendor/codeigniter4/framework/system/CodeIgniter.php(824): App\Controllers\User->reset()
#4 /home/darkesp1/public_html/vendor/codeigniter4/framework/system/CodeIgniter.php(410): CodeIgniter\CodeIgniter->runController(Object(App\Controllers\User))
#5 /home/darkesp1/public_html/vendor/codeigniter4/framework/system/CodeIgniter.php(318): CodeIgniter\CodeIgniter->handleRequest(NULL, Object(Config\Cache), false)
#6 /home/darkesp1/public_html/index.php(71): CodeIgniter\CodeIgniter->run()
#7 {main}
CRITICAL - 2023-02-21 04:55:42 --> syntax error, unexpected end of file
#0 /home/darkesp1/public_html/vendor/codeigniter4/framework/system/View/View.php(217): CodeIgniter\View\View->CodeIgniter\View\{closure}()
#1 /home/darkesp1/public_html/vendor/codeigniter4/framework/system/Common.php(1097): CodeIgniter\View\View->render('User/reset', Array, true)
#2 /home/darkesp1/public_html/app/Controllers/User.php(299): view('User/reset', Array)
#3 /home/darkesp1/public_html/vendor/codeigniter4/framework/system/CodeIgniter.php(824): App\Controllers\User->reset()
#4 /home/darkesp1/public_html/vendor/codeigniter4/framework/system/CodeIgniter.php(410): CodeIgniter\CodeIgniter->runController(Object(App\Controllers\User))
#5 /home/darkesp1/public_html/vendor/codeigniter4/framework/system/CodeIgniter.php(318): CodeIgniter\CodeIgniter->handleRequest(NULL, Object(Config\Cache), false)
#6 /home/darkesp1/public_html/index.php(71): CodeIgniter\CodeIgniter->run()
#7 {main}
CRITICAL - 2023-02-21 04:57:11 --> syntax error, unexpected '<'
#0 /home/darkesp1/public_html/vendor/codeigniter4/framework/system/View/View.php(217): CodeIgniter\View\View->CodeIgniter\View\{closure}()
#1 /home/darkesp1/public_html/vendor/codeigniter4/framework/system/Common.php(1097): CodeIgniter\View\View->render('User/reset', Array, true)
#2 /home/darkesp1/public_html/app/Controllers/User.php(299): view('User/reset', Array)
#3 /home/darkesp1/public_html/vendor/codeigniter4/framework/system/CodeIgniter.php(824): App\Controllers\User->reset()
#4 /home/darkesp1/public_html/vendor/codeigniter4/framework/system/CodeIgniter.php(410): CodeIgniter\CodeIgniter->runController(Object(App\Controllers\User))
#5 /home/darkesp1/public_html/vendor/codeigniter4/framework/system/CodeIgniter.php(318): CodeIgniter\CodeIgniter->handleRequest(NULL, Object(Config\Cache), false)
#6 /home/darkesp1/public_html/index.php(71): CodeIgniter\CodeIgniter->run()
#7 {main}
CRITICAL - 2023-02-21 04:59:49 --> syntax error, unexpected '<'
#0 /home/darkesp1/public_html/vendor/codeigniter4/framework/system/View/View.php(217): CodeIgniter\View\View->CodeIgniter\View\{closure}()
#1 /home/darkesp1/public_html/vendor/codeigniter4/framework/system/Common.php(1097): CodeIgniter\View\View->render('User/reset', Array, true)
#2 /home/darkesp1/public_html/app/Controllers/User.php(299): view('User/reset', Array)
#3 /home/darkesp1/public_html/vendor/codeigniter4/framework/system/CodeIgniter.php(824): App\Controllers\User->reset()
#4 /home/darkesp1/public_html/vendor/codeigniter4/framework/system/CodeIgniter.php(410): CodeIgniter\CodeIgniter->runController(Object(App\Controllers\User))
#5 /home/darkesp1/public_html/vendor/codeigniter4/framework/system/CodeIgniter.php(318): CodeIgniter\CodeIgniter->handleRequest(NULL, Object(Config\Cache), false)
#6 /home/darkesp1/public_html/index.php(71): CodeIgniter\CodeIgniter->run()
#7 {main}
CRITICAL - 2023-02-21 05:01:04 --> Undefined index: key
#0 /home/darkesp1/public_html/app/Views/User/reset.php(8): CodeIgniter\Debug\Exceptions->errorHandler(8, 'Undefined index...', '/home/darkesp1/...', 8, Array)
#1 /home/darkesp1/public_html/vendor/codeigniter4/framework/system/View/View.php(214): include('/home/darkesp1/...')
#2 /home/darkesp1/public_html/vendor/codeigniter4/framework/system/View/View.php(217): CodeIgniter\View\View->CodeIgniter\View\{closure}()
#3 /home/darkesp1/public_html/vendor/codeigniter4/framework/system/Common.php(1097): CodeIgniter\View\View->render('User/reset', Array, true)
#4 /home/darkesp1/public_html/app/Controllers/User.php(299): view('User/reset', Array)
#5 /home/darkesp1/public_html/vendor/codeigniter4/framework/system/CodeIgniter.php(824): App\Controllers\User->reset()
#6 /home/darkesp1/public_html/vendor/codeigniter4/framework/system/CodeIgniter.php(410): CodeIgniter\CodeIgniter->runController(Object(App\Controllers\User))
#7 /home/darkesp1/public_html/vendor/codeigniter4/framework/system/CodeIgniter.php(318): CodeIgniter\CodeIgniter->handleRequest(NULL, Object(Config\Cache), false)
#8 /home/darkesp1/public_html/index.php(71): CodeIgniter\CodeIgniter->run()
#9 {main}
CRITICAL - 2023-02-21 05:04:22 --> Undefined index: email
#0 /home/darkesp1/public_html/app/Views/User/reset.php(8): CodeIgniter\Debug\Exceptions->errorHandler(8, 'Undefined index...', '/home/darkesp1/...', 8, Array)
#1 /home/darkesp1/public_html/vendor/codeigniter4/framework/system/View/View.php(214): include('/home/darkesp1/...')
#2 /home/darkesp1/public_html/vendor/codeigniter4/framework/system/View/View.php(217): CodeIgniter\View\View->CodeIgniter\View\{closure}()
#3 /home/darkesp1/public_html/vendor/codeigniter4/framework/system/Common.php(1097): CodeIgniter\View\View->render('User/reset', Array, true)
#4 /home/darkesp1/public_html/app/Controllers/User.php(299): view('User/reset', Array)
#5 /home/darkesp1/public_html/vendor/codeigniter4/framework/system/CodeIgniter.php(824): App\Controllers\User->reset()
#6 /home/darkesp1/public_html/vendor/codeigniter4/framework/system/CodeIgniter.php(410): CodeIgniter\CodeIgniter->runController(Object(App\Controllers\User))
#7 /home/darkesp1/public_html/vendor/codeigniter4/framework/system/CodeIgniter.php(318): CodeIgniter\CodeIgniter->handleRequest(NULL, Object(Config\Cache), false)
#8 /home/darkesp1/public_html/index.php(71): CodeIgniter\CodeIgniter->run()
#9 {main}
CRITICAL - 2023-02-21 05:30:24 --> Undefined index: email
#0 /home/darkesp1/public_html/app/Views/User/reset.php(8): CodeIgniter\Debug\Exceptions->errorHandler(8, 'Undefined index...', '/home/darkesp1/...', 8, Array)
#1 /home/darkesp1/public_html/vendor/codeigniter4/framework/system/View/View.php(214): include('/home/darkesp1/...')
#2 /home/darkesp1/public_html/vendor/codeigniter4/framework/system/View/View.php(217): CodeIgniter\View\View->CodeIgniter\View\{closure}()
#3 /home/darkesp1/public_html/vendor/codeigniter4/framework/system/Common.php(1097): CodeIgniter\View\View->render('User/reset', Array, true)
#4 /home/darkesp1/public_html/app/Controllers/User.php(294): view('User/reset', Array)
#5 /home/darkesp1/public_html/vendor/codeigniter4/framework/system/CodeIgniter.php(824): App\Controllers\User->reset()
#6 /home/darkesp1/public_html/vendor/codeigniter4/framework/system/CodeIgniter.php(410): CodeIgniter\CodeIgniter->runController(Object(App\Controllers\User))
#7 /home/darkesp1/public_html/vendor/codeigniter4/framework/system/CodeIgniter.php(318): CodeIgniter\CodeIgniter->handleRequest(NULL, Object(Config\Cache), false)
#8 /home/darkesp1/public_html/index.php(71): CodeIgniter\CodeIgniter->run()
#9 {main}
CRITICAL - 2023-02-21 05:31:06 --> Undefined index: token
#0 /home/darkesp1/public_html/app/Views/User/reset.php(8): CodeIgniter\Debug\Exceptions->errorHandler(8, 'Undefined index...', '/home/darkesp1/...', 8, Array)
#1 /home/darkesp1/public_html/vendor/codeigniter4/framework/system/View/View.php(214): include('/home/darkesp1/...')
#2 /home/darkesp1/public_html/vendor/codeigniter4/framework/system/View/View.php(217): CodeIgniter\View\View->CodeIgniter\View\{closure}()
#3 /home/darkesp1/public_html/vendor/codeigniter4/framework/system/Common.php(1097): CodeIgniter\View\View->render('User/reset', Array, true)
#4 /home/darkesp1/public_html/app/Controllers/User.php(294): view('User/reset', Array)
#5 /home/darkesp1/public_html/vendor/codeigniter4/framework/system/CodeIgniter.php(824): App\Controllers\User->reset()
#6 /home/darkesp1/public_html/vendor/codeigniter4/framework/system/CodeIgniter.php(410): CodeIgniter\CodeIgniter->runController(Object(App\Controllers\User))
#7 /home/darkesp1/public_html/vendor/codeigniter4/framework/system/CodeIgniter.php(318): CodeIgniter\CodeIgniter->handleRequest(NULL, Object(Config\Cache), false)
#8 /home/darkesp1/public_html/index.php(71): CodeIgniter\CodeIgniter->run()
#9 {main}
CRITICAL - 2023-02-21 05:33:39 --> Undefined index: email
#0 /home/darkesp1/public_html/app/Views/User/reset.php(8): CodeIgniter\Debug\Exceptions->errorHandler(8, 'Undefined index...', '/home/darkesp1/...', 8, Array)
#1 /home/darkesp1/public_html/vendor/codeigniter4/framework/system/View/View.php(214): include('/home/darkesp1/...')
#2 /home/darkesp1/public_html/vendor/codeigniter4/framework/system/View/View.php(217): CodeIgniter\View\View->CodeIgniter\View\{closure}()
#3 /home/darkesp1/public_html/vendor/codeigniter4/framework/system/Common.php(1097): CodeIgniter\View\View->render('User/reset', Array, true)
#4 /home/darkesp1/public_html/app/Controllers/User.php(294): view('User/reset', Array)
#5 /home/darkesp1/public_html/vendor/codeigniter4/framework/system/CodeIgniter.php(824): App\Controllers\User->reset()
#6 /home/darkesp1/public_html/vendor/codeigniter4/framework/system/CodeIgniter.php(410): CodeIgniter\CodeIgniter->runController(Object(App\Controllers\User))
#7 /home/darkesp1/public_html/vendor/codeigniter4/framework/system/CodeIgniter.php(318): CodeIgniter\CodeIgniter->handleRequest(NULL, Object(Config\Cache), false)
#8 /home/darkesp1/public_html/index.php(71): CodeIgniter\CodeIgniter->run()
#9 {main}
CRITICAL - 2023-02-21 05:45:50 --> Undefined index: key
#0 /home/darkesp1/public_html/app/Views/User/reset.php(8): CodeIgniter\Debug\Exceptions->errorHandler(8, 'Undefined index...', '/home/darkesp1/...', 8, Array)
#1 /home/darkesp1/public_html/vendor/codeigniter4/framework/system/View/View.php(214): include('/home/darkesp1/...')
#2 /home/darkesp1/public_html/vendor/codeigniter4/framework/system/View/View.php(217): CodeIgniter\View\View->CodeIgniter\View\{closure}()
#3 /home/darkesp1/public_html/vendor/codeigniter4/framework/system/Common.php(1097): CodeIgniter\View\View->render('User/reset', Array, true)
#4 /home/darkesp1/public_html/app/Controllers/User.php(294): view('User/reset', Array)
#5 /home/darkesp1/public_html/vendor/codeigniter4/framework/system/CodeIgniter.php(824): App\Controllers\User->reset()
#6 /home/darkesp1/public_html/vendor/codeigniter4/framework/system/CodeIgniter.php(410): CodeIgniter\CodeIgniter->runController(Object(App\Controllers\User))
#7 /home/darkesp1/public_html/vendor/codeigniter4/framework/system/CodeIgniter.php(318): CodeIgniter\CodeIgniter->handleRequest(NULL, Object(Config\Cache), false)
#8 /home/darkesp1/public_html/index.php(71): CodeIgniter\CodeIgniter->run()
#9 {main}
CRITICAL - 2023-02-21 06:08:18 --> Undefined index: key
#0 /home/darkesp1/public_html/app/Views/User/reset.php(8): CodeIgniter\Debug\Exceptions->errorHandler(8, 'Undefined index...', '/home/darkesp1/...', 8, Array)
#1 /home/darkesp1/public_html/vendor/codeigniter4/framework/system/View/View.php(214): include('/home/darkesp1/...')
#2 /home/darkesp1/public_html/vendor/codeigniter4/framework/system/View/View.php(217): CodeIgniter\View\View->CodeIgniter\View\{closure}()
#3 /home/darkesp1/public_html/vendor/codeigniter4/framework/system/Common.php(1097): CodeIgniter\View\View->render('User/reset', Array, true)
#4 /home/darkesp1/public_html/app/Controllers/User.php(294): view('User/reset', Array)
#5 /home/darkesp1/public_html/vendor/codeigniter4/framework/system/CodeIgniter.php(824): App\Controllers\User->reset()
#6 /home/darkesp1/public_html/vendor/codeigniter4/framework/system/CodeIgniter.php(410): CodeIgniter\CodeIgniter->runController(Object(App\Controllers\User))
#7 /home/darkesp1/public_html/vendor/codeigniter4/framework/system/CodeIgniter.php(318): CodeIgniter\CodeIgniter->handleRequest(NULL, Object(Config\Cache), false)
#8 /home/darkesp1/public_html/index.php(71): CodeIgniter\CodeIgniter->run()
#9 {main}
CRITICAL - 2023-02-21 06:09:29 --> syntax error, unexpected '<'
#0 /home/darkesp1/public_html/vendor/codeigniter4/framework/system/View/View.php(217): CodeIgniter\View\View->CodeIgniter\View\{closure}()
#1 /home/darkesp1/public_html/vendor/codeigniter4/framework/system/Common.php(1097): CodeIgniter\View\View->render('User/reset', Array, true)
#2 /home/darkesp1/public_html/app/Controllers/User.php(294): view('User/reset', Array)
#3 /home/darkesp1/public_html/vendor/codeigniter4/framework/system/CodeIgniter.php(824): App\Controllers\User->reset()
#4 /home/darkesp1/public_html/vendor/codeigniter4/framework/system/CodeIgniter.php(410): CodeIgniter\CodeIgniter->runController(Object(App\Controllers\User))
#5 /home/darkesp1/public_html/vendor/codeigniter4/framework/system/CodeIgniter.php(318): CodeIgniter\CodeIgniter->handleRequest(NULL, Object(Config\Cache), false)
#6 /home/darkesp1/public_html/index.php(71): CodeIgniter\CodeIgniter->run()
#7 {main}
CRITICAL - 2023-02-21 06:09:40 --> syntax error, unexpected '<'
#0 /home/darkesp1/public_html/vendor/codeigniter4/framework/system/View/View.php(217): CodeIgniter\View\View->CodeIgniter\View\{closure}()
#1 /home/darkesp1/public_html/vendor/codeigniter4/framework/system/Common.php(1097): CodeIgniter\View\View->render('User/reset', Array, true)
#2 /home/darkesp1/public_html/app/Controllers/User.php(294): view('User/reset', Array)
#3 /home/darkesp1/public_html/vendor/codeigniter4/framework/system/CodeIgniter.php(824): App\Controllers\User->reset()
#4 /home/darkesp1/public_html/vendor/codeigniter4/framework/system/CodeIgniter.php(410): CodeIgniter\CodeIgniter->runController(Object(App\Controllers\User))
#5 /home/darkesp1/public_html/vendor/codeigniter4/framework/system/CodeIgniter.php(318): CodeIgniter\CodeIgniter->handleRequest(NULL, Object(Config\Cache), false)
#6 /home/darkesp1/public_html/index.php(71): CodeIgniter\CodeIgniter->run()
#7 {main}
CRITICAL - 2023-02-21 06:11:30 --> syntax error, unexpected '<'
#0 /home/darkesp1/public_html/vendor/codeigniter4/framework/system/View/View.php(217): CodeIgniter\View\View->CodeIgniter\View\{closure}()
#1 /home/darkesp1/public_html/vendor/codeigniter4/framework/system/Common.php(1097): CodeIgniter\View\View->render('User/reset', Array, true)
#2 /home/darkesp1/public_html/app/Controllers/User.php(294): view('User/reset', Array)
#3 /home/darkesp1/public_html/vendor/codeigniter4/framework/system/CodeIgniter.php(824): App\Controllers\User->reset()
#4 /home/darkesp1/public_html/vendor/codeigniter4/framework/system/CodeIgniter.php(410): CodeIgniter\CodeIgniter->runController(Object(App\Controllers\User))
#5 /home/darkesp1/public_html/vendor/codeigniter4/framework/system/CodeIgniter.php(318): CodeIgniter\CodeIgniter->handleRequest(NULL, Object(Config\Cache), false)
#6 /home/darkesp1/public_html/index.php(71): CodeIgniter\CodeIgniter->run()
#7 {main}
CRITICAL - 2023-02-21 06:12:20 --> syntax error, unexpected '<'
#0 /home/darkesp1/public_html/vendor/codeigniter4/framework/system/View/View.php(217): CodeIgniter\View\View->CodeIgniter\View\{closure}()
#1 /home/darkesp1/public_html/vendor/codeigniter4/framework/system/Common.php(1097): CodeIgniter\View\View->render('User/reset', Array, true)
#2 /home/darkesp1/public_html/app/Controllers/User.php(294): view('User/reset', Array)
#3 /home/darkesp1/public_html/vendor/codeigniter4/framework/system/CodeIgniter.php(824): App\Controllers\User->reset()
#4 /home/darkesp1/public_html/vendor/codeigniter4/framework/system/CodeIgniter.php(410): CodeIgniter\CodeIgniter->runController(Object(App\Controllers\User))
#5 /home/darkesp1/public_html/vendor/codeigniter4/framework/system/CodeIgniter.php(318): CodeIgniter\CodeIgniter->handleRequest(NULL, Object(Config\Cache), false)
#6 /home/darkesp1/public_html/index.php(71): CodeIgniter\CodeIgniter->run()
#7 {main}
CRITICAL - 2023-02-21 06:12:56 --> syntax error, unexpected '<'
#0 /home/darkesp1/public_html/vendor/codeigniter4/framework/system/View/View.php(217): CodeIgniter\View\View->CodeIgniter\View\{closure}()
#1 /home/darkesp1/public_html/vendor/codeigniter4/framework/system/Common.php(1097): CodeIgniter\View\View->render('User/reset', Array, true)
#2 /home/darkesp1/public_html/app/Controllers/User.php(294): view('User/reset', Array)
#3 /home/darkesp1/public_html/vendor/codeigniter4/framework/system/CodeIgniter.php(824): App\Controllers\User->reset()
#4 /home/darkesp1/public_html/vendor/codeigniter4/framework/system/CodeIgniter.php(410): CodeIgniter\CodeIgniter->runController(Object(App\Controllers\User))
#5 /home/darkesp1/public_html/vendor/codeigniter4/framework/system/CodeIgniter.php(318): CodeIgniter\CodeIgniter->handleRequest(NULL, Object(Config\Cache), false)
#6 /home/darkesp1/public_html/index.php(71): CodeIgniter\CodeIgniter->run()
#7 {main}
CRITICAL - 2023-02-21 06:13:06 --> syntax error, unexpected '<'
#0 /home/darkesp1/public_html/vendor/codeigniter4/framework/system/View/View.php(217): CodeIgniter\View\View->CodeIgniter\View\{closure}()
#1 /home/darkesp1/public_html/vendor/codeigniter4/framework/system/Common.php(1097): CodeIgniter\View\View->render('User/reset', Array, true)
#2 /home/darkesp1/public_html/app/Controllers/User.php(294): view('User/reset', Array)
#3 /home/darkesp1/public_html/vendor/codeigniter4/framework/system/CodeIgniter.php(824): App\Controllers\User->reset()
#4 /home/darkesp1/public_html/vendor/codeigniter4/framework/system/CodeIgniter.php(410): CodeIgniter\CodeIgniter->runController(Object(App\Controllers\User))
#5 /home/darkesp1/public_html/vendor/codeigniter4/framework/system/CodeIgniter.php(318): CodeIgniter\CodeIgniter->handleRequest(NULL, Object(Config\Cache), false)
#6 /home/darkesp1/public_html/index.php(71): CodeIgniter\CodeIgniter->run()
#7 {main}
CRITICAL - 2023-02-21 06:19:29 --> syntax error, unexpected '<'
#0 /home/darkesp1/public_html/vendor/codeigniter4/framework/system/View/View.php(217): CodeIgniter\View\View->CodeIgniter\View\{closure}()
#1 /home/darkesp1/public_html/vendor/codeigniter4/framework/system/Common.php(1097): CodeIgniter\View\View->render('User/reset', Array, true)
#2 /home/darkesp1/public_html/app/Controllers/User.php(294): view('User/reset', Array)
#3 /home/darkesp1/public_html/vendor/codeigniter4/framework/system/CodeIgniter.php(824): App\Controllers\User->reset()
#4 /home/darkesp1/public_html/vendor/codeigniter4/framework/system/CodeIgniter.php(410): CodeIgniter\CodeIgniter->runController(Object(App\Controllers\User))
#5 /home/darkesp1/public_html/vendor/codeigniter4/framework/system/CodeIgniter.php(318): CodeIgniter\CodeIgniter->handleRequest(NULL, Object(Config\Cache), false)
#6 /home/darkesp1/public_html/index.php(71): CodeIgniter\CodeIgniter->run()
#7 {main}
CRITICAL - 2023-02-21 06:19:30 --> syntax error, unexpected '<'
#0 /home/darkesp1/public_html/vendor/codeigniter4/framework/system/View/View.php(217): CodeIgniter\View\View->CodeIgniter\View\{closure}()
#1 /home/darkesp1/public_html/vendor/codeigniter4/framework/system/Common.php(1097): CodeIgniter\View\View->render('User/reset', Array, true)
#2 /home/darkesp1/public_html/app/Controllers/User.php(294): view('User/reset', Array)
#3 /home/darkesp1/public_html/vendor/codeigniter4/framework/system/CodeIgniter.php(824): App\Controllers\User->reset()
#4 /home/darkesp1/public_html/vendor/codeigniter4/framework/system/CodeIgniter.php(410): CodeIgniter\CodeIgniter->runController(Object(App\Controllers\User))
#5 /home/darkesp1/public_html/vendor/codeigniter4/framework/system/CodeIgniter.php(318): CodeIgniter\CodeIgniter->handleRequest(NULL, Object(Config\Cache), false)
#6 /home/darkesp1/public_html/index.php(71): CodeIgniter\CodeIgniter->run()
#7 {main}
CRITICAL - 2023-02-21 06:22:39 --> syntax error, unexpected '<'
#0 /home/darkesp1/public_html/vendor/codeigniter4/framework/system/View/View.php(217): CodeIgniter\View\View->CodeIgniter\View\{closure}()
#1 /home/darkesp1/public_html/vendor/codeigniter4/framework/system/Common.php(1097): CodeIgniter\View\View->render('User/reset', Array, true)
#2 /home/darkesp1/public_html/app/Controllers/User.php(294): view('User/reset', Array)
#3 /home/darkesp1/public_html/vendor/codeigniter4/framework/system/CodeIgniter.php(824): App\Controllers\User->reset()
#4 /home/darkesp1/public_html/vendor/codeigniter4/framework/system/CodeIgniter.php(410): CodeIgniter\CodeIgniter->runController(Object(App\Controllers\User))
#5 /home/darkesp1/public_html/vendor/codeigniter4/framework/system/CodeIgniter.php(318): CodeIgniter\CodeIgniter->handleRequest(NULL, Object(Config\Cache), false)
#6 /home/darkesp1/public_html/index.php(71): CodeIgniter\CodeIgniter->run()
#7 {main}
CRITICAL - 2023-02-21 06:22:47 --> syntax error, unexpected '<'
#0 /home/darkesp1/public_html/vendor/codeigniter4/framework/system/View/View.php(217): CodeIgniter\View\View->CodeIgniter\View\{closure}()
#1 /home/darkesp1/public_html/vendor/codeigniter4/framework/system/Common.php(1097): CodeIgniter\View\View->render('User/reset', Array, true)
#2 /home/darkesp1/public_html/app/Controllers/User.php(294): view('User/reset', Array)
#3 /home/darkesp1/public_html/vendor/codeigniter4/framework/system/CodeIgniter.php(824): App\Controllers\User->reset()
#4 /home/darkesp1/public_html/vendor/codeigniter4/framework/system/CodeIgniter.php(410): CodeIgniter\CodeIgniter->runController(Object(App\Controllers\User))
#5 /home/darkesp1/public_html/vendor/codeigniter4/framework/system/CodeIgniter.php(318): CodeIgniter\CodeIgniter->handleRequest(NULL, Object(Config\Cache), false)
#6 /home/darkesp1/public_html/index.php(71): CodeIgniter\CodeIgniter->run()
#7 {main}
CRITICAL - 2023-02-21 16:25:13 --> syntax error, unexpected '<'
#0 /home/darkesp1/public_html/vendor/codeigniter4/framework/system/View/View.php(217): CodeIgniter\View\View->CodeIgniter\View\{closure}()
#1 /home/darkesp1/public_html/vendor/codeigniter4/framework/system/Common.php(1097): CodeIgniter\View\View->render('User/reset', Array, true)
#2 /home/darkesp1/public_html/app/Controllers/User.php(294): view('User/reset', Array)
#3 /home/darkesp1/public_html/vendor/codeigniter4/framework/system/CodeIgniter.php(824): App\Controllers\User->reset()
#4 /home/darkesp1/public_html/vendor/codeigniter4/framework/system/CodeIgniter.php(410): CodeIgniter\CodeIgniter->runController(Object(App\Controllers\User))
#5 /home/darkesp1/public_html/vendor/codeigniter4/framework/system/CodeIgniter.php(318): CodeIgniter\CodeIgniter->handleRequest(NULL, Object(Config\Cache), false)
#6 /home/darkesp1/public_html/index.php(71): CodeIgniter\CodeIgniter->run()
#7 {main}
CRITICAL - 2023-02-21 16:40:33 --> syntax error, unexpected end of file
#0 /home/darkesp1/public_html/vendor/codeigniter4/framework/system/View/View.php(217): CodeIgniter\View\View->CodeIgniter\View\{closure}()
#1 /home/darkesp1/public_html/vendor/codeigniter4/framework/system/Common.php(1097): CodeIgniter\View\View->render('User/reset', Array, true)
#2 /home/darkesp1/public_html/app/Controllers/User.php(294): view('User/reset', Array)
#3 /home/darkesp1/public_html/vendor/codeigniter4/framework/system/CodeIgniter.php(824): App\Controllers\User->reset()
#4 /home/darkesp1/public_html/vendor/codeigniter4/framework/system/CodeIgniter.php(410): CodeIgniter\CodeIgniter->runController(Object(App\Controllers\User))
#5 /home/darkesp1/public_html/vendor/codeigniter4/framework/system/CodeIgniter.php(318): CodeIgniter\CodeIgniter->handleRequest(NULL, Object(Config\Cache), false)
#6 /home/darkesp1/public_html/index.php(71): CodeIgniter\CodeIgniter->run()
#7 {main}
CRITICAL - 2023-02-21 17:02:46 --> syntax error, unexpected ')'
#0 /home/darkesp1/public_html/vendor/codeigniter4/framework/system/View/View.php(217): CodeIgniter\View\View->CodeIgniter\View\{closure}()
#1 /home/darkesp1/public_html/vendor/codeigniter4/framework/system/Common.php(1097): CodeIgniter\View\View->render('User/reset', Array, true)
#2 /home/darkesp1/public_html/app/Controllers/User.php(294): view('User/reset', Array)
#3 /home/darkesp1/public_html/vendor/codeigniter4/framework/system/CodeIgniter.php(824): App\Controllers\User->reset()
#4 /home/darkesp1/public_html/vendor/codeigniter4/framework/system/CodeIgniter.php(410): CodeIgniter\CodeIgniter->runController(Object(App\Controllers\User))
#5 /home/darkesp1/public_html/vendor/codeigniter4/framework/system/CodeIgniter.php(318): CodeIgniter\CodeIgniter->handleRequest(NULL, Object(Config\Cache), false)
#6 /home/darkesp1/public_html/index.php(71): CodeIgniter\CodeIgniter->run()
#7 {main}
CRITICAL - 2023-02-21 17:04:01 --> syntax error, unexpected ')'
#0 /home/darkesp1/public_html/vendor/codeigniter4/framework/system/View/View.php(217): CodeIgniter\View\View->CodeIgniter\View\{closure}()
#1 /home/darkesp1/public_html/vendor/codeigniter4/framework/system/Common.php(1097): CodeIgniter\View\View->render('User/reset', Array, true)
#2 /home/darkesp1/public_html/app/Controllers/User.php(294): view('User/reset', Array)
#3 /home/darkesp1/public_html/vendor/codeigniter4/framework/system/CodeIgniter.php(824): App\Controllers\User->reset()
#4 /home/darkesp1/public_html/vendor/codeigniter4/framework/system/CodeIgniter.php(410): CodeIgniter\CodeIgniter->runController(Object(App\Controllers\User))
#5 /home/darkesp1/public_html/vendor/codeigniter4/framework/system/CodeIgniter.php(318): CodeIgniter\CodeIgniter->handleRequest(NULL, Object(Config\Cache), false)
#6 /home/darkesp1/public_html/index.php(71): CodeIgniter\CodeIgniter->run()
#7 {main}
CRITICAL - 2023-02-21 17:04:16 --> syntax error, unexpected ')'
#0 /home/darkesp1/public_html/vendor/codeigniter4/framework/system/View/View.php(217): CodeIgniter\View\View->CodeIgniter\View\{closure}()
#1 /home/darkesp1/public_html/vendor/codeigniter4/framework/system/Common.php(1097): CodeIgniter\View\View->render('User/reset', Array, true)
#2 /home/darkesp1/public_html/app/Controllers/User.php(294): view('User/reset', Array)
#3 /home/darkesp1/public_html/vendor/codeigniter4/framework/system/CodeIgniter.php(824): App\Controllers\User->reset()
#4 /home/darkesp1/public_html/vendor/codeigniter4/framework/system/CodeIgniter.php(410): CodeIgniter\CodeIgniter->runController(Object(App\Controllers\User))
#5 /home/darkesp1/public_html/vendor/codeigniter4/framework/system/CodeIgniter.php(318): CodeIgniter\CodeIgniter->handleRequest(NULL, Object(Config\Cache), false)
#6 /home/darkesp1/public_html/index.php(71): CodeIgniter\CodeIgniter->run()
#7 {main}
CRITICAL - 2023-02-21 17:05:27 --> You have an error in your SQL syntax; check the manual that corresponds to your MariaDB server version for the right syntax to use near '@gmail.com' at line 1
#0 /home/darkesp1/public_html/app/Views/User/reset.php(11): mysqli_query(Object(mysqli), 'SELECT password...')
#1 /home/darkesp1/public_html/vendor/codeigniter4/framework/system/View/View.php(214): include('/home/darkesp1/...')
#2 /home/darkesp1/public_html/vendor/codeigniter4/framework/system/View/View.php(217): CodeIgniter\View\View->CodeIgniter\View\{closure}()
#3 /home/darkesp1/public_html/vendor/codeigniter4/framework/system/Common.php(1097): CodeIgniter\View\View->render('User/reset', Array, true)
#4 /home/darkesp1/public_html/app/Controllers/User.php(294): view('User/reset', Array)
#5 /home/darkesp1/public_html/vendor/codeigniter4/framework/system/CodeIgniter.php(824): App\Controllers\User->reset()
#6 /home/darkesp1/public_html/vendor/codeigniter4/framework/system/CodeIgniter.php(410): CodeIgniter\CodeIgniter->runController(Object(App\Controllers\User))
#7 /home/darkesp1/public_html/vendor/codeigniter4/framework/system/CodeIgniter.php(318): CodeIgniter\CodeIgniter->handleRequest(NULL, Object(Config\Cache), false)
#8 /home/darkesp1/public_html/index.php(71): CodeIgniter\CodeIgniter->run()
#9 {main}
CRITICAL - 2023-02-21 17:09:10 --> syntax error, unexpected '' (T_ENCAPSED_AND_WHITESPACE), expecting '-' or identifier (T_STRING) or variable (T_VARIABLE) or number (T_NUM_STRING)
#0 /home/darkesp1/public_html/vendor/codeigniter4/framework/system/View/View.php(217): CodeIgniter\View\View->CodeIgniter\View\{closure}()
#1 /home/darkesp1/public_html/vendor/codeigniter4/framework/system/Common.php(1097): CodeIgniter\View\View->render('User/reset', Array, true)
#2 /home/darkesp1/public_html/app/Controllers/User.php(294): view('User/reset', Array)
#3 /home/darkesp1/public_html/vendor/codeigniter4/framework/system/CodeIgniter.php(824): App\Controllers\User->reset()
#4 /home/darkesp1/public_html/vendor/codeigniter4/framework/system/CodeIgniter.php(410): CodeIgniter\CodeIgniter->runController(Object(App\Controllers\User))
#5 /home/darkesp1/public_html/vendor/codeigniter4/framework/system/CodeIgniter.php(318): CodeIgniter\CodeIgniter->handleRequest(NULL, Object(Config\Cache), false)
#6 /home/darkesp1/public_html/index.php(71): CodeIgniter\CodeIgniter->run()
#7 {main}
CRITICAL - 2023-02-21 18:55:54 --> syntax error, unexpected '' (T_ENCAPSED_AND_WHITESPACE), expecting '-' or identifier (T_STRING) or variable (T_VARIABLE) or number (T_NUM_STRING)
#0 /home/darkesp1/public_html/vendor/codeigniter4/framework/system/View/View.php(217): CodeIgniter\View\View->CodeIgniter\View\{closure}()
#1 /home/darkesp1/public_html/vendor/codeigniter4/framework/system/Common.php(1097): CodeIgniter\View\View->render('User/reset', Array, true)
#2 /home/darkesp1/public_html/app/Controllers/User.php(294): view('User/reset', Array)
#3 /home/darkesp1/public_html/vendor/codeigniter4/framework/system/CodeIgniter.php(824): App\Controllers\User->reset()
#4 /home/darkesp1/public_html/vendor/codeigniter4/framework/system/CodeIgniter.php(410): CodeIgniter\CodeIgniter->runController(Object(App\Controllers\User))
#5 /home/darkesp1/public_html/vendor/codeigniter4/framework/system/CodeIgniter.php(318): CodeIgniter\CodeIgniter->handleRequest(NULL, Object(Config\Cache), false)
#6 /home/darkesp1/public_html/index.php(71): CodeIgniter\CodeIgniter->run()
#7 {main}
CRITICAL - 2023-02-21 18:57:50 --> Call to undefined function dehash()
#0 /home/darkesp1/public_html/vendor/codeigniter4/framework/system/View/View.php(214): include()
#1 /home/darkesp1/public_html/vendor/codeigniter4/framework/system/View/View.php(217): CodeIgniter\View\View->CodeIgniter\View\{closure}()
#2 /home/darkesp1/public_html/vendor/codeigniter4/framework/system/Common.php(1097): CodeIgniter\View\View->render('User/reset', Array, true)
#3 /home/darkesp1/public_html/app/Controllers/User.php(294): view('User/reset', Array)
#4 /home/darkesp1/public_html/vendor/codeigniter4/framework/system/CodeIgniter.php(824): App\Controllers\User->reset()
#5 /home/darkesp1/public_html/vendor/codeigniter4/framework/system/CodeIgniter.php(410): CodeIgniter\CodeIgniter->runController(Object(App\Controllers\User))
#6 /home/darkesp1/public_html/vendor/codeigniter4/framework/system/CodeIgniter.php(318): CodeIgniter\CodeIgniter->handleRequest(NULL, Object(Config\Cache), false)
#7 /home/darkesp1/public_html/index.php(71): CodeIgniter\CodeIgniter->run()
#8 {main}
CRITICAL - 2023-02-21 18:59:49 --> Call to undefined function dehash()
#0 /home/darkesp1/public_html/vendor/codeigniter4/framework/system/View/View.php(214): include()
#1 /home/darkesp1/public_html/vendor/codeigniter4/framework/system/View/View.php(217): CodeIgniter\View\View->CodeIgniter\View\{closure}()
#2 /home/darkesp1/public_html/vendor/codeigniter4/framework/system/Common.php(1097): CodeIgniter\View\View->render('User/reset', Array, true)
#3 /home/darkesp1/public_html/app/Controllers/User.php(294): view('User/reset', Array)
#4 /home/darkesp1/public_html/vendor/codeigniter4/framework/system/CodeIgniter.php(824): App\Controllers\User->reset()
#5 /home/darkesp1/public_html/vendor/codeigniter4/framework/system/CodeIgniter.php(410): CodeIgniter\CodeIgniter->runController(Object(App\Controllers\User))
#6 /home/darkesp1/public_html/vendor/codeigniter4/framework/system/CodeIgniter.php(318): CodeIgniter\CodeIgniter->handleRequest(NULL, Object(Config\Cache), false)
#7 /home/darkesp1/public_html/index.php(71): CodeIgniter\CodeIgniter->run()
#8 {main}
CRITICAL - 2023-02-21 19:32:09 --> Undefined index: reset_link_token
#0 /home/darkesp1/public_html/app/Views/User/update.php(2): CodeIgniter\Debug\Exceptions->errorHandler(8, 'Undefined index...', '/home/darkesp1/...', 2, Array)
#1 /home/darkesp1/public_html/vendor/codeigniter4/framework/system/View/View.php(214): include('/home/darkesp1/...')
#2 /home/darkesp1/public_html/vendor/codeigniter4/framework/system/View/View.php(217): CodeIgniter\View\View->CodeIgniter\View\{closure}()
#3 /home/darkesp1/public_html/vendor/codeigniter4/framework/system/Common.php(1097): CodeIgniter\View\View->render('User/update', Array, true)
#4 /home/darkesp1/public_html/app/Controllers/User.php(335): view('User/update', Array)
#5 /home/darkesp1/public_html/vendor/codeigniter4/framework/system/CodeIgniter.php(824): App\Controllers\User->update()
#6 /home/darkesp1/public_html/vendor/codeigniter4/framework/system/CodeIgniter.php(410): CodeIgniter\CodeIgniter->runController(Object(App\Controllers\User))
#7 /home/darkesp1/public_html/vendor/codeigniter4/framework/system/CodeIgniter.php(318): CodeIgniter\CodeIgniter->handleRequest(NULL, Object(Config\Cache), false)
#8 /home/darkesp1/public_html/index.php(71): CodeIgniter\CodeIgniter->run()
#9 {main}
CRITICAL - 2023-02-21 19:34:08 --> Undefined index: reset_link_token
#0 /home/darkesp1/public_html/app/Views/User/update.php(2): CodeIgniter\Debug\Exceptions->errorHandler(8, 'Undefined index...', '/home/darkesp1/...', 2, Array)
#1 /home/darkesp1/public_html/vendor/codeigniter4/framework/system/View/View.php(214): include('/home/darkesp1/...')
#2 /home/darkesp1/public_html/vendor/codeigniter4/framework/system/View/View.php(217): CodeIgniter\View\View->CodeIgniter\View\{closure}()
#3 /home/darkesp1/public_html/vendor/codeigniter4/framework/system/Common.php(1097): CodeIgniter\View\View->render('User/update', Array, true)
#4 /home/darkesp1/public_html/app/Controllers/User.php(335): view('User/update', Array)
#5 /home/darkesp1/public_html/vendor/codeigniter4/framework/system/CodeIgniter.php(824): App\Controllers\User->update()
#6 /home/darkesp1/public_html/vendor/codeigniter4/framework/system/CodeIgniter.php(410): CodeIgniter\CodeIgniter->runController(Object(App\Controllers\User))
#7 /home/darkesp1/public_html/vendor/codeigniter4/framework/system/CodeIgniter.php(318): CodeIgniter\CodeIgniter->handleRequest(NULL, Object(Config\Cache), false)
#8 /home/darkesp1/public_html/index.php(71): CodeIgniter\CodeIgniter->run()
#9 {main}
CRITICAL - 2023-02-21 19:34:52 --> Undefined index: reset_link_token
#0 /home/darkesp1/public_html/app/Views/User/update.php(2): CodeIgniter\Debug\Exceptions->errorHandler(8, 'Undefined index...', '/home/darkesp1/...', 2, Array)
#1 /home/darkesp1/public_html/vendor/codeigniter4/framework/system/View/View.php(214): include('/home/darkesp1/...')
#2 /home/darkesp1/public_html/vendor/codeigniter4/framework/system/View/View.php(217): CodeIgniter\View\View->CodeIgniter\View\{closure}()
#3 /home/darkesp1/public_html/vendor/codeigniter4/framework/system/Common.php(1097): CodeIgniter\View\View->render('User/update', Array, true)
#4 /home/darkesp1/public_html/app/Controllers/User.php(335): view('User/update', Array)
#5 /home/darkesp1/public_html/vendor/codeigniter4/framework/system/CodeIgniter.php(824): App\Controllers\User->update()
#6 /home/darkesp1/public_html/vendor/codeigniter4/framework/system/CodeIgniter.php(410): CodeIgniter\CodeIgniter->runController(Object(App\Controllers\User))
#7 /home/darkesp1/public_html/vendor/codeigniter4/framework/system/CodeIgniter.php(318): CodeIgniter\CodeIgniter->handleRequest(NULL, Object(Config\Cache), false)
#8 /home/darkesp1/public_html/index.php(71): CodeIgniter\CodeIgniter->run()
#9 {main}
CRITICAL - 2023-02-21 19:35:07 --> Undefined index: email
#0 /home/darkesp1/public_html/app/Views/User/update.php(2): CodeIgniter\Debug\Exceptions->errorHandler(8, 'Undefined index...', '/home/darkesp1/...', 2, Array)
#1 /home/darkesp1/public_html/vendor/codeigniter4/framework/system/View/View.php(214): include('/home/darkesp1/...')
#2 /home/darkesp1/public_html/vendor/codeigniter4/framework/system/View/View.php(217): CodeIgniter\View\View->CodeIgniter\View\{closure}()
#3 /home/darkesp1/public_html/vendor/codeigniter4/framework/system/Common.php(1097): CodeIgniter\View\View->render('User/update', Array, true)
#4 /home/darkesp1/public_html/app/Controllers/User.php(335): view('User/update', Array)
#5 /home/darkesp1/public_html/vendor/codeigniter4/framework/system/CodeIgniter.php(824): App\Controllers\User->update()
#6 /home/darkesp1/public_html/vendor/codeigniter4/framework/system/CodeIgniter.php(410): CodeIgniter\CodeIgniter->runController(Object(App\Controllers\User))
#7 /home/darkesp1/public_html/vendor/codeigniter4/framework/system/CodeIgniter.php(318): CodeIgniter\CodeIgniter->handleRequest(NULL, Object(Config\Cache), false)
#8 /home/darkesp1/public_html/index.php(71): CodeIgniter\CodeIgniter->run()
#9 {main}
CRITICAL - 2023-02-21 19:35:24 --> Undefined index: email
#0 /home/darkesp1/public_html/app/Views/User/update.php(2): CodeIgniter\Debug\Exceptions->errorHandler(8, 'Undefined index...', '/home/darkesp1/...', 2, Array)
#1 /home/darkesp1/public_html/vendor/codeigniter4/framework/system/View/View.php(214): include('/home/darkesp1/...')
#2 /home/darkesp1/public_html/vendor/codeigniter4/framework/system/View/View.php(217): CodeIgniter\View\View->CodeIgniter\View\{closure}()
#3 /home/darkesp1/public_html/vendor/codeigniter4/framework/system/Common.php(1097): CodeIgniter\View\View->render('User/update', Array, true)
#4 /home/darkesp1/public_html/app/Controllers/User.php(335): view('User/update', Array)
#5 /home/darkesp1/public_html/vendor/codeigniter4/framework/system/CodeIgniter.php(824): App\Controllers\User->update()
#6 /home/darkesp1/public_html/vendor/codeigniter4/framework/system/CodeIgniter.php(410): CodeIgniter\CodeIgniter->runController(Object(App\Controllers\User))
#7 /home/darkesp1/public_html/vendor/codeigniter4/framework/system/CodeIgniter.php(318): CodeIgniter\CodeIgniter->handleRequest(NULL, Object(Config\Cache), false)
#8 /home/darkesp1/public_html/index.php(71): CodeIgniter\CodeIgniter->run()
#9 {main}
CRITICAL - 2023-02-21 19:35:50 --> Undefined index: email
#0 /home/darkesp1/public_html/app/Views/User/update.php(2): CodeIgniter\Debug\Exceptions->errorHandler(8, 'Undefined index...', '/home/darkesp1/...', 2, Array)
#1 /home/darkesp1/public_html/vendor/codeigniter4/framework/system/View/View.php(214): include('/home/darkesp1/...')
#2 /home/darkesp1/public_html/vendor/codeigniter4/framework/system/View/View.php(217): CodeIgniter\View\View->CodeIgniter\View\{closure}()
#3 /home/darkesp1/public_html/vendor/codeigniter4/framework/system/Common.php(1097): CodeIgniter\View\View->render('User/update', Array, true)
#4 /home/darkesp1/public_html/app/Controllers/User.php(335): view('User/update', Array)
#5 /home/darkesp1/public_html/vendor/codeigniter4/framework/system/CodeIgniter.php(824): App\Controllers\User->update()
#6 /home/darkesp1/public_html/vendor/codeigniter4/framework/system/CodeIgniter.php(410): CodeIgniter\CodeIgniter->runController(Object(App\Controllers\User))
#7 /home/darkesp1/public_html/vendor/codeigniter4/framework/system/CodeIgniter.php(318): CodeIgniter\CodeIgniter->handleRequest(NULL, Object(Config\Cache), false)
#8 /home/darkesp1/public_html/index.php(71): CodeIgniter\CodeIgniter->run()
#9 {main}
CRITICAL - 2023-02-21 19:37:11 --> hash() expects at least 2 parameters, 1 given
#0 [internal function]: CodeIgniter\Debug\Exceptions->errorHandler(2, 'hash() expects ...', '/home/darkesp1/...', 8, Array)
#1 /home/darkesp1/public_html/app/Views/User/update.php(8): hash('@DARKESPYT')
#2 /home/darkesp1/public_html/vendor/codeigniter4/framework/system/View/View.php(214): include('/home/darkesp1/...')
#3 /home/darkesp1/public_html/vendor/codeigniter4/framework/system/View/View.php(217): CodeIgniter\View\View->CodeIgniter\View\{closure}()
#4 /home/darkesp1/public_html/vendor/codeigniter4/framework/system/Common.php(1097): CodeIgniter\View\View->render('User/update', Array, true)
#5 /home/darkesp1/public_html/app/Controllers/User.php(335): view('User/update', Array)
#6 /home/darkesp1/public_html/vendor/codeigniter4/framework/system/CodeIgniter.php(824): App\Controllers\User->update()
#7 /home/darkesp1/public_html/vendor/codeigniter4/framework/system/CodeIgniter.php(410): CodeIgniter\CodeIgniter->runController(Object(App\Controllers\User))
#8 /home/darkesp1/public_html/vendor/codeigniter4/framework/system/CodeIgniter.php(318): CodeIgniter\CodeIgniter->handleRequest(NULL, Object(Config\Cache), false)
#9 /home/darkesp1/public_html/index.php(71): CodeIgniter\CodeIgniter->run()
#10 {main}
