ERROR - 2022-12-10 16:33:54 --> Error connecting to the database: Access denied for user '****'@'localhost' (using password: YES)
CRITICAL - 2022-12-10 16:33:54 --> Unable to connect to the database.
Main connection [MySQLi]: Access denied for user '****'@'localhost' (using password: YES)
#0 /home/darkesp1/darkesp.me/vendor/codeigniter4/framework/system/Database/BaseConnection.php(577): CodeIgniter\Database\BaseConnection->initialize()
#1 /home/darkesp1/darkesp.me/vendor/codeigniter4/framework/system/Database/BaseBuilder.php(1443): CodeIgniter\Database\BaseConnection->query('SELECT 1\nFROM `...', Array, false)
#2 /home/darkesp1/darkesp.me/vendor/codeigniter4/framework/system/Validation/Rules.php(116): CodeIgniter\Database\BaseBuilder->get()
#3 /home/darkesp1/darkesp.me/vendor/codeigniter4/framework/system/Validation/Validation.php(277): CodeIgniter\Validation\Rules->is_not_unique('DARKESPYT', 'username', Array, NULL)
#4 /home/darkesp1/darkesp.me/vendor/codeigniter4/framework/system/Validation/Validation.php(151): CodeIgniter\Validation\Validation->processRules('username', 'username', 'DARKESPYT', Array, Array)
#5 /home/darkesp1/darkesp.me/vendor/codeigniter4/framework/system/Controller.php(160): CodeIgniter\Validation\Validation->run()
#6 /home/darkesp1/darkesp.me/app/Controllers/Auth.php(77): CodeIgniter\Controller->validate(Array)
#7 /home/darkesp1/darkesp.me/app/Controllers/Auth.php(31): App\Controllers\Auth->login_action()
#8 /home/darkesp1/darkesp.me/vendor/codeigniter4/framework/system/CodeIgniter.php(824): App\Controllers\Auth->login()
#9 /home/darkesp1/darkesp.me/vendor/codeigniter4/framework/system/CodeIgniter.php(410): CodeIgniter\CodeIgniter->runController(Object(App\Controllers\Auth))
#10 /home/darkesp1/darkesp.me/vendor/codeigniter4/framework/system/CodeIgniter.php(318): CodeIgniter\CodeIgniter->handleRequest(NULL, Object(Config\Cache), false)
#11 /home/darkesp1/darkesp.me/index.php(37): CodeIgniter\CodeIgniter->run()
#12 {main}
ERROR - 2022-12-10 16:35:17 --> Error connecting to the database: Access denied for user '****'@'localhost' (using password: YES)
CRITICAL - 2022-12-10 16:35:17 --> Unable to connect to the database.
Main connection [MySQLi]: Access denied for user '****'@'localhost' (using password: YES)
#0 /home/darkesp1/darkesp.me/vendor/codeigniter4/framework/system/Database/BaseConnection.php(577): CodeIgniter\Database\BaseConnection->initialize()
#1 /home/darkesp1/darkesp.me/vendor/codeigniter4/framework/system/Database/BaseBuilder.php(1443): CodeIgniter\Database\BaseConnection->query('SELECT 1\nFROM `...', Array, false)
#2 /home/darkesp1/darkesp.me/vendor/codeigniter4/framework/system/Validation/Rules.php(116): CodeIgniter\Database\BaseBuilder->get()
#3 /home/darkesp1/darkesp.me/vendor/codeigniter4/framework/system/Validation/Validation.php(277): CodeIgniter\Validation\Rules->is_not_unique('DARKESPYT', 'username', Array, NULL)
#4 /home/darkesp1/darkesp.me/vendor/codeigniter4/framework/system/Validation/Validation.php(151): CodeIgniter\Validation\Validation->processRules('username', 'username', 'DARKESPYT', Array, Array)
#5 /home/darkesp1/darkesp.me/vendor/codeigniter4/framework/system/Controller.php(160): CodeIgniter\Validation\Validation->run()
#6 /home/darkesp1/darkesp.me/app/Controllers/Auth.php(77): CodeIgniter\Controller->validate(Array)
#7 /home/darkesp1/darkesp.me/app/Controllers/Auth.php(31): App\Controllers\Auth->login_action()
#8 /home/darkesp1/darkesp.me/vendor/codeigniter4/framework/system/CodeIgniter.php(824): App\Controllers\Auth->login()
#9 /home/darkesp1/darkesp.me/vendor/codeigniter4/framework/system/CodeIgniter.php(410): CodeIgniter\CodeIgniter->runController(Object(App\Controllers\Auth))
#10 /home/darkesp1/darkesp.me/vendor/codeigniter4/framework/system/CodeIgniter.php(318): CodeIgniter\CodeIgniter->handleRequest(NULL, Object(Config\Cache), false)
#11 /home/darkesp1/darkesp.me/index.php(37): CodeIgniter\CodeIgniter->run()
#12 {main}
CRITICAL - 2022-12-10 16:38:19 --> Access denied for user 'linuxedu_linuxedu_lib2'@'localhost' (using password: YES)
#0 /home/darkesp1/darkesp.me/app/Views/Server/conn.php(8): mysqli_connect('localhost', 'linuxedu_linuxe...', 'linuxedu_linuxe...', 'linuxedu_linuxe...')
#1 /home/darkesp1/darkesp.me/app/Views/Server/Server.php(3): include('/home/darkesp1/...')
#2 /home/darkesp1/darkesp.me/vendor/codeigniter4/framework/system/View/View.php(214): include('/home/darkesp1/...')
#3 /home/darkesp1/darkesp.me/vendor/codeigniter4/framework/system/View/View.php(217): CodeIgniter\View\View->CodeIgniter\View\{closure}()
#4 /home/darkesp1/darkesp.me/vendor/codeigniter4/framework/system/Common.php(1097): CodeIgniter\View\View->render('Server/Server', Array, true)
#5 /home/darkesp1/darkesp.me/app/Controllers/User.php(312): view('Server/Server', Array)
#6 /home/darkesp1/darkesp.me/vendor/codeigniter4/framework/system/CodeIgniter.php(824): App\Controllers\User->Server()
#7 /home/darkesp1/darkesp.me/vendor/codeigniter4/framework/system/CodeIgniter.php(410): CodeIgniter\CodeIgniter->runController(Object(App\Controllers\User))
#8 /home/darkesp1/darkesp.me/vendor/codeigniter4/framework/system/CodeIgniter.php(318): CodeIgniter\CodeIgniter->handleRequest(NULL, Object(Config\Cache), false)
#9 /home/darkesp1/darkesp.me/index.php(37): CodeIgniter\CodeIgniter->run()
#10 {main}
