CRITICAL - 2022-06-01 14:36:35 --> Invalid file: Server/Server.php
#0 /storage/ssd1/780/17265780/public_html/vendor/codeigniter4/framework/system/View/View.php(198): CodeIgniter\Exceptions\FrameworkException::forInvalidFile()
#1 /storage/ssd1/780/17265780/public_html/vendor/codeigniter4/framework/system/Common.php(1097): CodeIgniter\View\View->render()
#2 /storage/ssd1/780/17265780/public_html/app/Controllers/User.php(35): view()
#3 /storage/ssd1/780/17265780/public_html/vendor/codeigniter4/framework/system/CodeIgniter.php(824): App\Controllers\User->server()
#4 /storage/ssd1/780/17265780/public_html/vendor/codeigniter4/framework/system/CodeIgniter.php(410): CodeIgniter\CodeIgniter->runController()
#5 /storage/ssd1/780/17265780/public_html/vendor/codeigniter4/framework/system/CodeIgniter.php(318): CodeIgniter\CodeIgniter->handleRequest()
#6 /storage/ssd1/780/17265780/public_html/public/index.php(37): CodeIgniter\CodeIgniter->run()
#7 {main}
CRITICAL - 2022-06-01 14:38:27 --> Invalid file: Server/Server.php
#0 /storage/ssd1/780/17265780/public_html/vendor/codeigniter4/framework/system/View/View.php(198): CodeIgniter\Exceptions\FrameworkException::forInvalidFile()
#1 /storage/ssd1/780/17265780/public_html/vendor/codeigniter4/framework/system/Common.php(1097): CodeIgniter\View\View->render()
#2 /storage/ssd1/780/17265780/public_html/app/Controllers/User.php(242): view()
#3 /storage/ssd1/780/17265780/public_html/vendor/codeigniter4/framework/system/CodeIgniter.php(824): App\Controllers\User->server()
#4 /storage/ssd1/780/17265780/public_html/vendor/codeigniter4/framework/system/CodeIgniter.php(410): CodeIgniter\CodeIgniter->runController()
#5 /storage/ssd1/780/17265780/public_html/vendor/codeigniter4/framework/system/CodeIgniter.php(318): CodeIgniter\CodeIgniter->handleRequest()
#6 /storage/ssd1/780/17265780/public_html/public/index.php(37): CodeIgniter\CodeIgniter->run()
#7 {main}
CRITICAL - 2022-06-01 14:41:22 --> Invalid file: Server/Server.php
#0 /storage/ssd1/780/17265780/public_html/vendor/codeigniter4/framework/system/View/View.php(198): CodeIgniter\Exceptions\FrameworkException::forInvalidFile()
#1 /storage/ssd1/780/17265780/public_html/vendor/codeigniter4/framework/system/Common.php(1097): CodeIgniter\View\View->render()
#2 /storage/ssd1/780/17265780/public_html/app/Controllers/User.php(242): view()
#3 /storage/ssd1/780/17265780/public_html/vendor/codeigniter4/framework/system/CodeIgniter.php(824): App\Controllers\User->server()
#4 /storage/ssd1/780/17265780/public_html/vendor/codeigniter4/framework/system/CodeIgniter.php(410): CodeIgniter\CodeIgniter->runController()
#5 /storage/ssd1/780/17265780/public_html/vendor/codeigniter4/framework/system/CodeIgniter.php(318): CodeIgniter\CodeIgniter->handleRequest()
#6 /storage/ssd1/780/17265780/public_html/public/index.php(37): CodeIgniter\CodeIgniter->run()
#7 {main}
CRITICAL - 2022-06-01 14:43:04 --> Invalid file: Server/Server.php
#0 /storage/ssd1/780/17265780/public_html/vendor/codeigniter4/framework/system/View/View.php(198): CodeIgniter\Exceptions\FrameworkException::forInvalidFile()
#1 /storage/ssd1/780/17265780/public_html/vendor/codeigniter4/framework/system/Common.php(1097): CodeIgniter\View\View->render()
#2 /storage/ssd1/780/17265780/public_html/app/Controllers/User.php(242): view()
#3 /storage/ssd1/780/17265780/public_html/vendor/codeigniter4/framework/system/CodeIgniter.php(824): App\Controllers\User->Server()
#4 /storage/ssd1/780/17265780/public_html/vendor/codeigniter4/framework/system/CodeIgniter.php(410): CodeIgniter\CodeIgniter->runController()
#5 /storage/ssd1/780/17265780/public_html/vendor/codeigniter4/framework/system/CodeIgniter.php(318): CodeIgniter\CodeIgniter->handleRequest()
#6 /storage/ssd1/780/17265780/public_html/public/index.php(37): CodeIgniter\CodeIgniter->run()
#7 {main}
CRITICAL - 2022-06-01 14:43:21 --> Invalid file: Server/Server.php
#0 /storage/ssd1/780/17265780/public_html/vendor/codeigniter4/framework/system/View/View.php(198): CodeIgniter\Exceptions\FrameworkException::forInvalidFile()
#1 /storage/ssd1/780/17265780/public_html/vendor/codeigniter4/framework/system/Common.php(1097): CodeIgniter\View\View->render()
#2 /storage/ssd1/780/17265780/public_html/app/Controllers/User.php(242): view()
#3 /storage/ssd1/780/17265780/public_html/vendor/codeigniter4/framework/system/CodeIgniter.php(824): App\Controllers\User->Server()
#4 /storage/ssd1/780/17265780/public_html/vendor/codeigniter4/framework/system/CodeIgniter.php(410): CodeIgniter\CodeIgniter->runController()
#5 /storage/ssd1/780/17265780/public_html/vendor/codeigniter4/framework/system/CodeIgniter.php(318): CodeIgniter\CodeIgniter->handleRequest()
#6 /storage/ssd1/780/17265780/public_html/public/index.php(37): CodeIgniter\CodeIgniter->run()
#7 {main}
CRITICAL - 2022-06-01 14:44:10 --> Invalid file: Server/Server.php
#0 /storage/ssd1/780/17265780/public_html/vendor/codeigniter4/framework/system/View/View.php(198): CodeIgniter\Exceptions\FrameworkException::forInvalidFile()
#1 /storage/ssd1/780/17265780/public_html/vendor/codeigniter4/framework/system/Common.php(1097): CodeIgniter\View\View->render()
#2 /storage/ssd1/780/17265780/public_html/app/Controllers/User.php(242): view()
#3 /storage/ssd1/780/17265780/public_html/vendor/codeigniter4/framework/system/CodeIgniter.php(824): App\Controllers\User->Server()
#4 /storage/ssd1/780/17265780/public_html/vendor/codeigniter4/framework/system/CodeIgniter.php(410): CodeIgniter\CodeIgniter->runController()
#5 /storage/ssd1/780/17265780/public_html/vendor/codeigniter4/framework/system/CodeIgniter.php(318): CodeIgniter\CodeIgniter->handleRequest()
#6 /storage/ssd1/780/17265780/public_html/public/index.php(37): CodeIgniter\CodeIgniter->run()
#7 {main}
CRITICAL - 2022-06-01 16:08:44 --> Undefined variable: user
#0 /storage/ssd1/780/17265780/public_html/app/Views/Layout/msgStatus.php(21): CodeIgniter\Debug\Exceptions->errorHandler()
#1 /storage/ssd1/780/17265780/public_html/vendor/codeigniter4/framework/system/View/View.php(214): include('/storage/ssd1/7...')
#2 /storage/ssd1/780/17265780/public_html/vendor/codeigniter4/framework/system/View/View.php(217): CodeIgniter\View\View->CodeIgniter\View\{closure}()
#3 /storage/ssd1/780/17265780/public_html/vendor/codeigniter4/framework/system/View/View.php(432): CodeIgniter\View\View->render()
#4 /storage/ssd1/780/17265780/public_html/app/Views/Server/Server.php(7): CodeIgniter\View\View->include()
#5 /storage/ssd1/780/17265780/public_html/vendor/codeigniter4/framework/system/View/View.php(214): include('/storage/ssd1/7...')
#6 /storage/ssd1/780/17265780/public_html/vendor/codeigniter4/framework/system/View/View.php(217): CodeIgniter\View\View->CodeIgniter\View\{closure}()
#7 /storage/ssd1/780/17265780/public_html/vendor/codeigniter4/framework/system/Common.php(1097): CodeIgniter\View\View->render()
#8 /storage/ssd1/780/17265780/public_html/app/Controllers/User.php(242): view()
#9 /storage/ssd1/780/17265780/public_html/vendor/codeigniter4/framework/system/CodeIgniter.php(824): App\Controllers\User->Server()
#10 /storage/ssd1/780/17265780/public_html/vendor/codeigniter4/framework/system/CodeIgniter.php(410): CodeIgniter\CodeIgniter->runController()
#11 /storage/ssd1/780/17265780/public_html/vendor/codeigniter4/framework/system/CodeIgniter.php(318): CodeIgniter\CodeIgniter->handleRequest()
#12 /storage/ssd1/780/17265780/public_html/public/index.php(37): CodeIgniter\CodeIgniter->run()
#13 {main}
CRITICAL - 2022-06-01 16:10:50 --> Undefined variable: validation
#0 /storage/ssd1/780/17265780/public_html/app/Controllers/User.php(247): CodeIgniter\Debug\Exceptions->errorHandler()
#1 /storage/ssd1/780/17265780/public_html/vendor/codeigniter4/framework/system/CodeIgniter.php(824): App\Controllers\User->Server()
#2 /storage/ssd1/780/17265780/public_html/vendor/codeigniter4/framework/system/CodeIgniter.php(410): CodeIgniter\CodeIgniter->runController()
#3 /storage/ssd1/780/17265780/public_html/vendor/codeigniter4/framework/system/CodeIgniter.php(318): CodeIgniter\CodeIgniter->handleRequest()
#4 /storage/ssd1/780/17265780/public_html/public/index.php(37): CodeIgniter\CodeIgniter->run()
#5 {main}
CRITICAL - 2022-06-01 16:11:15 --> Undefined variable: validation
#0 /storage/ssd1/780/17265780/public_html/app/Controllers/User.php(254): CodeIgniter\Debug\Exceptions->errorHandler()
#1 /storage/ssd1/780/17265780/public_html/vendor/codeigniter4/framework/system/CodeIgniter.php(824): App\Controllers\User->Server()
#2 /storage/ssd1/780/17265780/public_html/vendor/codeigniter4/framework/system/CodeIgniter.php(410): CodeIgniter\CodeIgniter->runController()
#3 /storage/ssd1/780/17265780/public_html/vendor/codeigniter4/framework/system/CodeIgniter.php(318): CodeIgniter\CodeIgniter->handleRequest()
#4 /storage/ssd1/780/17265780/public_html/public/index.php(37): CodeIgniter\CodeIgniter->run()
#5 {main}
CRITICAL - 2022-06-01 16:11:28 --> Undefined variable: validation
#0 /storage/ssd1/780/17265780/public_html/app/Controllers/User.php(254): CodeIgniter\Debug\Exceptions->errorHandler()
#1 /storage/ssd1/780/17265780/public_html/vendor/codeigniter4/framework/system/CodeIgniter.php(824): App\Controllers\User->Server()
#2 /storage/ssd1/780/17265780/public_html/vendor/codeigniter4/framework/system/CodeIgniter.php(410): CodeIgniter\CodeIgniter->runController()
#3 /storage/ssd1/780/17265780/public_html/vendor/codeigniter4/framework/system/CodeIgniter.php(318): CodeIgniter\CodeIgniter->handleRequest()
#4 /storage/ssd1/780/17265780/public_html/public/index.php(37): CodeIgniter\CodeIgniter->run()
#5 {main}
CRITICAL - 2022-06-01 16:12:04 --> Undefined variable: validation
#0 /storage/ssd1/780/17265780/public_html/app/Views/Server/Server.php(21): CodeIgniter\Debug\Exceptions->errorHandler()
#1 /storage/ssd1/780/17265780/public_html/vendor/codeigniter4/framework/system/View/View.php(214): include('/storage/ssd1/7...')
#2 /storage/ssd1/780/17265780/public_html/vendor/codeigniter4/framework/system/View/View.php(217): CodeIgniter\View\View->CodeIgniter\View\{closure}()
#3 /storage/ssd1/780/17265780/public_html/vendor/codeigniter4/framework/system/Common.php(1097): CodeIgniter\View\View->render()
#4 /storage/ssd1/780/17265780/public_html/app/Controllers/User.php(250): view()
#5 /storage/ssd1/780/17265780/public_html/vendor/codeigniter4/framework/system/CodeIgniter.php(824): App\Controllers\User->Server()
#6 /storage/ssd1/780/17265780/public_html/vendor/codeigniter4/framework/system/CodeIgniter.php(410): CodeIgniter\CodeIgniter->runController()
#7 /storage/ssd1/780/17265780/public_html/vendor/codeigniter4/framework/system/CodeIgniter.php(318): CodeIgniter\CodeIgniter->handleRequest()
#8 /storage/ssd1/780/17265780/public_html/public/index.php(37): CodeIgniter\CodeIgniter->run()
#9 {main}
CRITICAL - 2022-06-01 16:51:51 --> Cannot redeclare App\Models\UserModel::$table
#0 [internal function]: CodeIgniter\Debug\Exceptions->shutdownHandler()
#1 {main}
CRITICAL - 2022-06-01 16:56:59 --> Undefined variable: modname
#0 /storage/ssd1/780/17265780/public_html/app/Views/Server/Server.php(49): CodeIgniter\Debug\Exceptions->errorHandler()
#1 /storage/ssd1/780/17265780/public_html/vendor/codeigniter4/framework/system/View/View.php(214): include('/storage/ssd1/7...')
#2 /storage/ssd1/780/17265780/public_html/vendor/codeigniter4/framework/system/View/View.php(217): CodeIgniter\View\View->CodeIgniter\View\{closure}()
#3 /storage/ssd1/780/17265780/public_html/vendor/codeigniter4/framework/system/Common.php(1097): CodeIgniter\View\View->render()
#4 /storage/ssd1/780/17265780/public_html/app/Controllers/User.php(261): view()
#5 /storage/ssd1/780/17265780/public_html/vendor/codeigniter4/framework/system/CodeIgniter.php(824): App\Controllers\User->Server()
#6 /storage/ssd1/780/17265780/public_html/vendor/codeigniter4/framework/system/CodeIgniter.php(410): CodeIgniter\CodeIgniter->runController()
#7 /storage/ssd1/780/17265780/public_html/vendor/codeigniter4/framework/system/CodeIgniter.php(318): CodeIgniter\CodeIgniter->handleRequest()
#8 /storage/ssd1/780/17265780/public_html/public/index.php(37): CodeIgniter\CodeIgniter->run()
#9 {main}
CRITICAL - 2022-06-01 17:00:28 --> Undefined variable: modname
#0 /storage/ssd1/780/17265780/public_html/app/Views/Server/Server.php(49): CodeIgniter\Debug\Exceptions->errorHandler()
#1 /storage/ssd1/780/17265780/public_html/vendor/codeigniter4/framework/system/View/View.php(214): include('/storage/ssd1/7...')
#2 /storage/ssd1/780/17265780/public_html/vendor/codeigniter4/framework/system/View/View.php(217): CodeIgniter\View\View->CodeIgniter\View\{closure}()
#3 /storage/ssd1/780/17265780/public_html/vendor/codeigniter4/framework/system/Common.php(1097): CodeIgniter\View\View->render()
#4 /storage/ssd1/780/17265780/public_html/app/Controllers/User.php(263): view()
#5 /storage/ssd1/780/17265780/public_html/vendor/codeigniter4/framework/system/CodeIgniter.php(824): App\Controllers\User->Server()
#6 /storage/ssd1/780/17265780/public_html/vendor/codeigniter4/framework/system/CodeIgniter.php(410): CodeIgniter\CodeIgniter->runController()
#7 /storage/ssd1/780/17265780/public_html/vendor/codeigniter4/framework/system/CodeIgniter.php(318): CodeIgniter\CodeIgniter->handleRequest()
#8 /storage/ssd1/780/17265780/public_html/public/index.php(37): CodeIgniter\CodeIgniter->run()
#9 {main}
CRITICAL - 2022-06-01 17:00:59 --> Undefined variable: modname
#0 /storage/ssd1/780/17265780/public_html/app/Views/Server/Server.php(49): CodeIgniter\Debug\Exceptions->errorHandler()
#1 /storage/ssd1/780/17265780/public_html/vendor/codeigniter4/framework/system/View/View.php(214): include('/storage/ssd1/7...')
#2 /storage/ssd1/780/17265780/public_html/vendor/codeigniter4/framework/system/View/View.php(217): CodeIgniter\View\View->CodeIgniter\View\{closure}()
#3 /storage/ssd1/780/17265780/public_html/vendor/codeigniter4/framework/system/Common.php(1097): CodeIgniter\View\View->render()
#4 /storage/ssd1/780/17265780/public_html/app/Controllers/User.php(263): view()
#5 /storage/ssd1/780/17265780/public_html/vendor/codeigniter4/framework/system/CodeIgniter.php(824): App\Controllers\User->Server()
#6 /storage/ssd1/780/17265780/public_html/vendor/codeigniter4/framework/system/CodeIgniter.php(410): CodeIgniter\CodeIgniter->runController()
#7 /storage/ssd1/780/17265780/public_html/vendor/codeigniter4/framework/system/CodeIgniter.php(318): CodeIgniter\CodeIgniter->handleRequest()
#8 /storage/ssd1/780/17265780/public_html/public/index.php(37): CodeIgniter\CodeIgniter->run()
#9 {main}
CRITICAL - 2022-06-01 17:02:58 --> Undefined property: stdClass::$modname
#0 /storage/ssd1/780/17265780/public_html/app/Views/Server/Server.php(49): CodeIgniter\Debug\Exceptions->errorHandler()
#1 /storage/ssd1/780/17265780/public_html/vendor/codeigniter4/framework/system/View/View.php(214): include('/storage/ssd1/7...')
#2 /storage/ssd1/780/17265780/public_html/vendor/codeigniter4/framework/system/View/View.php(217): CodeIgniter\View\View->CodeIgniter\View\{closure}()
#3 /storage/ssd1/780/17265780/public_html/vendor/codeigniter4/framework/system/Common.php(1097): CodeIgniter\View\View->render()
#4 /storage/ssd1/780/17265780/public_html/app/Controllers/User.php(264): view()
#5 /storage/ssd1/780/17265780/public_html/vendor/codeigniter4/framework/system/CodeIgniter.php(824): App\Controllers\User->Server()
#6 /storage/ssd1/780/17265780/public_html/vendor/codeigniter4/framework/system/CodeIgniter.php(410): CodeIgniter\CodeIgniter->runController()
#7 /storage/ssd1/780/17265780/public_html/vendor/codeigniter4/framework/system/CodeIgniter.php(318): CodeIgniter\CodeIgniter->handleRequest()
#8 /storage/ssd1/780/17265780/public_html/public/index.php(37): CodeIgniter\CodeIgniter->run()
#9 {main}
ERROR - 2022-06-01 17:11:22 --> Unknown column 'id' in 'where clause'
CRITICAL - 2022-06-01 17:11:22 --> Unknown column 'id' in 'where clause'
#0 /storage/ssd1/780/17265780/public_html/vendor/codeigniter4/framework/system/Database/MySQLi/Connection.php(292): mysqli->query()
#1 /storage/ssd1/780/17265780/public_html/vendor/codeigniter4/framework/system/Database/BaseConnection.php(670): CodeIgniter\Database\MySQLi\Connection->execute()
#2 /storage/ssd1/780/17265780/public_html/vendor/codeigniter4/framework/system/Database/BaseConnection.php(598): CodeIgniter\Database\BaseConnection->simpleQuery()
#3 /storage/ssd1/780/17265780/public_html/vendor/codeigniter4/framework/system/Database/BaseBuilder.php(1443): CodeIgniter\Database\BaseConnection->query()
#4 /storage/ssd1/780/17265780/public_html/vendor/codeigniter4/framework/system/Model.php(210): CodeIgniter\Database\BaseBuilder->get()
#5 /storage/ssd1/780/17265780/public_html/vendor/codeigniter4/framework/system/BaseModel.php(622): CodeIgniter\Model->doFirst()
#6 /storage/ssd1/780/17265780/public_html/app/Controllers/User.php(251): CodeIgniter\BaseModel->first()
#7 /storage/ssd1/780/17265780/public_html/vendor/codeigniter4/framework/system/CodeIgniter.php(824): App\Controllers\User->Server()
#8 /storage/ssd1/780/17265780/public_html/vendor/codeigniter4/framework/system/CodeIgniter.php(410): CodeIgniter\CodeIgniter->runController()
#9 /storage/ssd1/780/17265780/public_html/vendor/codeigniter4/framework/system/CodeIgniter.php(318): CodeIgniter\CodeIgniter->handleRequest()
#10 /storage/ssd1/780/17265780/public_html/public/index.php(37): CodeIgniter\CodeIgniter->run()
#11 {main}
ERROR - 2022-06-01 17:15:48 --> Unknown column 'id' in 'where clause'
CRITICAL - 2022-06-01 17:15:48 --> Unknown column 'id' in 'where clause'
#0 /storage/ssd1/780/17265780/public_html/vendor/codeigniter4/framework/system/Database/MySQLi/Connection.php(292): mysqli->query()
#1 /storage/ssd1/780/17265780/public_html/vendor/codeigniter4/framework/system/Database/BaseConnection.php(670): CodeIgniter\Database\MySQLi\Connection->execute()
#2 /storage/ssd1/780/17265780/public_html/vendor/codeigniter4/framework/system/Database/BaseConnection.php(598): CodeIgniter\Database\BaseConnection->simpleQuery()
#3 /storage/ssd1/780/17265780/public_html/vendor/codeigniter4/framework/system/Database/BaseBuilder.php(1443): CodeIgniter\Database\BaseConnection->query()
#4 /storage/ssd1/780/17265780/public_html/vendor/codeigniter4/framework/system/Model.php(210): CodeIgniter\Database\BaseBuilder->get()
#5 /storage/ssd1/780/17265780/public_html/vendor/codeigniter4/framework/system/BaseModel.php(622): CodeIgniter\Model->doFirst()
#6 /storage/ssd1/780/17265780/public_html/app/Controllers/User.php(248): CodeIgniter\BaseModel->first()
#7 /storage/ssd1/780/17265780/public_html/vendor/codeigniter4/framework/system/CodeIgniter.php(824): App\Controllers\User->Server()
#8 /storage/ssd1/780/17265780/public_html/vendor/codeigniter4/framework/system/CodeIgniter.php(410): CodeIgniter\CodeIgniter->runController()
#9 /storage/ssd1/780/17265780/public_html/vendor/codeigniter4/framework/system/CodeIgniter.php(318): CodeIgniter\CodeIgniter->handleRequest()
#10 /storage/ssd1/780/17265780/public_html/public/index.php(37): CodeIgniter\CodeIgniter->run()
#11 {main}
CRITICAL - 2022-06-01 17:29:22 --> Undefined variable: user
#0 /storage/ssd1/780/17265780/public_html/app/Views/Layout/msgStatus.php(21): CodeIgniter\Debug\Exceptions->errorHandler()
#1 /storage/ssd1/780/17265780/public_html/vendor/codeigniter4/framework/system/View/View.php(214): include('/storage/ssd1/7...')
#2 /storage/ssd1/780/17265780/public_html/vendor/codeigniter4/framework/system/View/View.php(217): CodeIgniter\View\View->CodeIgniter\View\{closure}()
#3 /storage/ssd1/780/17265780/public_html/vendor/codeigniter4/framework/system/View/View.php(432): CodeIgniter\View\View->render()
#4 /storage/ssd1/780/17265780/public_html/app/Views/Server/Server.php(7): CodeIgniter\View\View->include()
#5 /storage/ssd1/780/17265780/public_html/vendor/codeigniter4/framework/system/View/View.php(214): include('/storage/ssd1/7...')
#6 /storage/ssd1/780/17265780/public_html/vendor/codeigniter4/framework/system/View/View.php(217): CodeIgniter\View\View->CodeIgniter\View\{closure}()
#7 /storage/ssd1/780/17265780/public_html/vendor/codeigniter4/framework/system/Common.php(1097): CodeIgniter\View\View->render()
#8 /storage/ssd1/780/17265780/public_html/app/Controllers/User.php(245): view()
#9 /storage/ssd1/780/17265780/public_html/vendor/codeigniter4/framework/system/CodeIgniter.php(824): App\Controllers\User->Server()
#10 /storage/ssd1/780/17265780/public_html/vendor/codeigniter4/framework/system/CodeIgniter.php(410): CodeIgniter\CodeIgniter->runController()
#11 /storage/ssd1/780/17265780/public_html/vendor/codeigniter4/framework/system/CodeIgniter.php(318): CodeIgniter\CodeIgniter->handleRequest()
#12 /storage/ssd1/780/17265780/public_html/public/index.php(37): CodeIgniter\CodeIgniter->run()
#13 {main}
CRITICAL - 2022-06-01 17:30:09 --> Undefined variable: user
#0 /storage/ssd1/780/17265780/public_html/app/Views/Layout/msgStatus.php(21): CodeIgniter\Debug\Exceptions->errorHandler()
#1 /storage/ssd1/780/17265780/public_html/vendor/codeigniter4/framework/system/View/View.php(214): include('/storage/ssd1/7...')
#2 /storage/ssd1/780/17265780/public_html/vendor/codeigniter4/framework/system/View/View.php(217): CodeIgniter\View\View->CodeIgniter\View\{closure}()
#3 /storage/ssd1/780/17265780/public_html/vendor/codeigniter4/framework/system/View/View.php(432): CodeIgniter\View\View->render()
#4 /storage/ssd1/780/17265780/public_html/app/Views/Server/Server.php(7): CodeIgniter\View\View->include()
#5 /storage/ssd1/780/17265780/public_html/vendor/codeigniter4/framework/system/View/View.php(214): include('/storage/ssd1/7...')
#6 /storage/ssd1/780/17265780/public_html/vendor/codeigniter4/framework/system/View/View.php(217): CodeIgniter\View\View->CodeIgniter\View\{closure}()
#7 /storage/ssd1/780/17265780/public_html/vendor/codeigniter4/framework/system/Common.php(1097): CodeIgniter\View\View->render()
#8 /storage/ssd1/780/17265780/public_html/app/Controllers/User.php(249): view()
#9 /storage/ssd1/780/17265780/public_html/vendor/codeigniter4/framework/system/CodeIgniter.php(824): App\Controllers\User->Server()
#10 /storage/ssd1/780/17265780/public_html/vendor/codeigniter4/framework/system/CodeIgniter.php(410): CodeIgniter\CodeIgniter->runController()
#11 /storage/ssd1/780/17265780/public_html/vendor/codeigniter4/framework/system/CodeIgniter.php(318): CodeIgniter\CodeIgniter->handleRequest()
#12 /storage/ssd1/780/17265780/public_html/public/index.php(37): CodeIgniter\CodeIgniter->run()
#13 {main}
CRITICAL - 2022-06-01 17:31:27 --> Undefined variable: modname
#0 /storage/ssd1/780/17265780/public_html/app/Views/Server/Server.php(49): CodeIgniter\Debug\Exceptions->errorHandler()
#1 /storage/ssd1/780/17265780/public_html/vendor/codeigniter4/framework/system/View/View.php(214): include('/storage/ssd1/7...')
#2 /storage/ssd1/780/17265780/public_html/vendor/codeigniter4/framework/system/View/View.php(217): CodeIgniter\View\View->CodeIgniter\View\{closure}()
#3 /storage/ssd1/780/17265780/public_html/vendor/codeigniter4/framework/system/Common.php(1097): CodeIgniter\View\View->render()
#4 /storage/ssd1/780/17265780/public_html/app/Controllers/User.php(259): view()
#5 /storage/ssd1/780/17265780/public_html/vendor/codeigniter4/framework/system/CodeIgniter.php(824): App\Controllers\User->Server()
#6 /storage/ssd1/780/17265780/public_html/vendor/codeigniter4/framework/system/CodeIgniter.php(410): CodeIgniter\CodeIgniter->runController()
#7 /storage/ssd1/780/17265780/public_html/vendor/codeigniter4/framework/system/CodeIgniter.php(318): CodeIgniter\CodeIgniter->handleRequest()
#8 /storage/ssd1/780/17265780/public_html/public/index.php(37): CodeIgniter\CodeIgniter->run()
#9 {main}
CRITICAL - 2022-06-01 17:38:33 --> Undefined variable: row
#0 /storage/ssd1/780/17265780/public_html/app/Views/Server/Server.php(13): CodeIgniter\Debug\Exceptions->errorHandler()
#1 /storage/ssd1/780/17265780/public_html/vendor/codeigniter4/framework/system/View/View.php(214): include('/storage/ssd1/7...')
#2 /storage/ssd1/780/17265780/public_html/vendor/codeigniter4/framework/system/View/View.php(217): CodeIgniter\View\View->CodeIgniter\View\{closure}()
#3 /storage/ssd1/780/17265780/public_html/vendor/codeigniter4/framework/system/Common.php(1097): CodeIgniter\View\View->render()
#4 /storage/ssd1/780/17265780/public_html/app/Controllers/User.php(259): view()
#5 /storage/ssd1/780/17265780/public_html/vendor/codeigniter4/framework/system/CodeIgniter.php(824): App\Controllers\User->Server()
#6 /storage/ssd1/780/17265780/public_html/vendor/codeigniter4/framework/system/CodeIgniter.php(410): CodeIgniter\CodeIgniter->runController()
#7 /storage/ssd1/780/17265780/public_html/vendor/codeigniter4/framework/system/CodeIgniter.php(318): CodeIgniter\CodeIgniter->handleRequest()
#8 /storage/ssd1/780/17265780/public_html/public/index.php(37): CodeIgniter\CodeIgniter->run()
#9 {main}
CRITICAL - 2022-06-01 17:42:30 --> Undefined variable: row
#0 /storage/ssd1/780/17265780/public_html/app/Views/Server/Server.php(13): CodeIgniter\Debug\Exceptions->errorHandler()
#1 /storage/ssd1/780/17265780/public_html/vendor/codeigniter4/framework/system/View/View.php(214): include('/storage/ssd1/7...')
#2 /storage/ssd1/780/17265780/public_html/vendor/codeigniter4/framework/system/View/View.php(217): CodeIgniter\View\View->CodeIgniter\View\{closure}()
#3 /storage/ssd1/780/17265780/public_html/vendor/codeigniter4/framework/system/Common.php(1097): CodeIgniter\View\View->render()
#4 /storage/ssd1/780/17265780/public_html/app/Controllers/User.php(259): view()
#5 /storage/ssd1/780/17265780/public_html/vendor/codeigniter4/framework/system/CodeIgniter.php(824): App\Controllers\User->Server()
#6 /storage/ssd1/780/17265780/public_html/vendor/codeigniter4/framework/system/CodeIgniter.php(410): CodeIgniter\CodeIgniter->runController()
#7 /storage/ssd1/780/17265780/public_html/vendor/codeigniter4/framework/system/CodeIgniter.php(318): CodeIgniter\CodeIgniter->handleRequest()
#8 /storage/ssd1/780/17265780/public_html/public/index.php(37): CodeIgniter\CodeIgniter->run()
#9 {main}
CRITICAL - 2022-06-01 17:43:51 --> Cannot declare class App\Controllers\Server because the name is already in use
#0 [internal function]: CodeIgniter\Debug\Exceptions->shutdownHandler()
#1 {main}
CRITICAL - 2022-06-01 17:45:43 --> Cannot declare class App\Controllers\Server because the name is already in use
#0 [internal function]: CodeIgniter\Debug\Exceptions->shutdownHandler()
#1 {main}
CRITICAL - 2022-06-01 17:48:12 --> Undefined variable: user
#0 /storage/ssd1/780/17265780/public_html/app/Views/Layout/msgStatus.php(21): CodeIgniter\Debug\Exceptions->errorHandler()
#1 /storage/ssd1/780/17265780/public_html/vendor/codeigniter4/framework/system/View/View.php(214): include('/storage/ssd1/7...')
#2 /storage/ssd1/780/17265780/public_html/vendor/codeigniter4/framework/system/View/View.php(217): CodeIgniter\View\View->CodeIgniter\View\{closure}()
#3 /storage/ssd1/780/17265780/public_html/vendor/codeigniter4/framework/system/View/View.php(432): CodeIgniter\View\View->render()
#4 /storage/ssd1/780/17265780/public_html/app/Views/Server/Server.php(7): CodeIgniter\View\View->include()
#5 /storage/ssd1/780/17265780/public_html/vendor/codeigniter4/framework/system/View/View.php(214): include('/storage/ssd1/7...')
#6 /storage/ssd1/780/17265780/public_html/vendor/codeigniter4/framework/system/View/View.php(217): CodeIgniter\View\View->CodeIgniter\View\{closure}()
#7 /storage/ssd1/780/17265780/public_html/vendor/codeigniter4/framework/system/Common.php(1097): CodeIgniter\View\View->render()
#8 /storage/ssd1/780/17265780/public_html/app/Controllers/Home.php(14): view()
#9 /storage/ssd1/780/17265780/public_html/vendor/codeigniter4/framework/system/CodeIgniter.php(824): App\Controllers\Home->index()
#10 /storage/ssd1/780/17265780/public_html/vendor/codeigniter4/framework/system/CodeIgniter.php(410): CodeIgniter\CodeIgniter->runController()
#11 /storage/ssd1/780/17265780/public_html/vendor/codeigniter4/framework/system/CodeIgniter.php(318): CodeIgniter\CodeIgniter->handleRequest()
#12 /storage/ssd1/780/17265780/public_html/public/index.php(37): CodeIgniter\CodeIgniter->run()
#13 {main}
CRITICAL - 2022-06-01 17:49:34 --> Undefined variable: user
#0 /storage/ssd1/780/17265780/public_html/app/Views/Layout/msgStatus.php(21): CodeIgniter\Debug\Exceptions->errorHandler()
#1 /storage/ssd1/780/17265780/public_html/vendor/codeigniter4/framework/system/View/View.php(214): include('/storage/ssd1/7...')
#2 /storage/ssd1/780/17265780/public_html/vendor/codeigniter4/framework/system/View/View.php(217): CodeIgniter\View\View->CodeIgniter\View\{closure}()
#3 /storage/ssd1/780/17265780/public_html/vendor/codeigniter4/framework/system/View/View.php(432): CodeIgniter\View\View->render()
#4 /storage/ssd1/780/17265780/public_html/app/Views/Server/Server.php(7): CodeIgniter\View\View->include()
#5 /storage/ssd1/780/17265780/public_html/vendor/codeigniter4/framework/system/View/View.php(214): include('/storage/ssd1/7...')
#6 /storage/ssd1/780/17265780/public_html/vendor/codeigniter4/framework/system/View/View.php(217): CodeIgniter\View\View->CodeIgniter\View\{closure}()
#7 /storage/ssd1/780/17265780/public_html/vendor/codeigniter4/framework/system/Common.php(1097): CodeIgniter\View\View->render()
#8 /storage/ssd1/780/17265780/public_html/app/Controllers/Home.php(25): view()
#9 /storage/ssd1/780/17265780/public_html/vendor/codeigniter4/framework/system/CodeIgniter.php(824): App\Controllers\Home->index()
#10 /storage/ssd1/780/17265780/public_html/vendor/codeigniter4/framework/system/CodeIgniter.php(410): CodeIgniter\CodeIgniter->runController()
#11 /storage/ssd1/780/17265780/public_html/vendor/codeigniter4/framework/system/CodeIgniter.php(318): CodeIgniter\CodeIgniter->handleRequest()
#12 /storage/ssd1/780/17265780/public_html/public/index.php(37): CodeIgniter\CodeIgniter->run()
#13 {main}
CRITICAL - 2022-06-01 17:50:26 --> Class 'App\Controllers\Services' not found
#0 /storage/ssd1/780/17265780/public_html/vendor/codeigniter4/framework/system/CodeIgniter.php(824): App\Controllers\Home->index()
#1 /storage/ssd1/780/17265780/public_html/vendor/codeigniter4/framework/system/CodeIgniter.php(410): CodeIgniter\CodeIgniter->runController()
#2 /storage/ssd1/780/17265780/public_html/vendor/codeigniter4/framework/system/CodeIgniter.php(318): CodeIgniter\CodeIgniter->handleRequest()
#3 /storage/ssd1/780/17265780/public_html/public/index.php(37): CodeIgniter\CodeIgniter->run()
#4 {main}
CRITICAL - 2022-06-01 17:51:00 --> Undefined variable: row
#0 /storage/ssd1/780/17265780/public_html/app/Views/Server/Server.php(13): CodeIgniter\Debug\Exceptions->errorHandler()
#1 /storage/ssd1/780/17265780/public_html/vendor/codeigniter4/framework/system/View/View.php(214): include('/storage/ssd1/7...')
#2 /storage/ssd1/780/17265780/public_html/vendor/codeigniter4/framework/system/View/View.php(217): CodeIgniter\View\View->CodeIgniter\View\{closure}()
#3 /storage/ssd1/780/17265780/public_html/vendor/codeigniter4/framework/system/Common.php(1097): CodeIgniter\View\View->render()
#4 /storage/ssd1/780/17265780/public_html/app/Controllers/Home.php(37): view()
#5 /storage/ssd1/780/17265780/public_html/vendor/codeigniter4/framework/system/CodeIgniter.php(824): App\Controllers\Home->index()
#6 /storage/ssd1/780/17265780/public_html/vendor/codeigniter4/framework/system/CodeIgniter.php(410): CodeIgniter\CodeIgniter->runController()
#7 /storage/ssd1/780/17265780/public_html/vendor/codeigniter4/framework/system/CodeIgniter.php(318): CodeIgniter\CodeIgniter->handleRequest()
#8 /storage/ssd1/780/17265780/public_html/public/index.php(37): CodeIgniter\CodeIgniter->run()
#9 {main}
CRITICAL - 2022-06-01 17:56:10 --> Undefined variable: user
#0 /storage/ssd1/780/17265780/public_html/app/Views/Layout/msgStatus.php(21): CodeIgniter\Debug\Exceptions->errorHandler()
#1 /storage/ssd1/780/17265780/public_html/vendor/codeigniter4/framework/system/View/View.php(214): include('/storage/ssd1/7...')
#2 /storage/ssd1/780/17265780/public_html/vendor/codeigniter4/framework/system/View/View.php(217): CodeIgniter\View\View->CodeIgniter\View\{closure}()
#3 /storage/ssd1/780/17265780/public_html/vendor/codeigniter4/framework/system/View/View.php(432): CodeIgniter\View\View->render()
#4 /storage/ssd1/780/17265780/public_html/app/Views/Server/Server.php(7): CodeIgniter\View\View->include()
#5 /storage/ssd1/780/17265780/public_html/vendor/codeigniter4/framework/system/View/View.php(214): include('/storage/ssd1/7...')
#6 /storage/ssd1/780/17265780/public_html/vendor/codeigniter4/framework/system/View/View.php(217): CodeIgniter\View\View->CodeIgniter\View\{closure}()
#7 /storage/ssd1/780/17265780/public_html/vendor/codeigniter4/framework/system/Common.php(1097): CodeIgniter\View\View->render()
#8 /storage/ssd1/780/17265780/public_html/app/Controllers/Home.php(37): view()
#9 /storage/ssd1/780/17265780/public_html/vendor/codeigniter4/framework/system/CodeIgniter.php(824): App\Controllers\Home->index()
#10 /storage/ssd1/780/17265780/public_html/vendor/codeigniter4/framework/system/CodeIgniter.php(410): CodeIgniter\CodeIgniter->runController()
#11 /storage/ssd1/780/17265780/public_html/vendor/codeigniter4/framework/system/CodeIgniter.php(318): CodeIgniter\CodeIgniter->handleRequest()
#12 /storage/ssd1/780/17265780/public_html/public/index.php(37): CodeIgniter\CodeIgniter->run()
#13 {main}
CRITICAL - 2022-06-01 17:56:59 --> Undefined index: fullname
#0 /storage/ssd1/780/17265780/public_html/app/Views/Server/Server.php(21): CodeIgniter\Debug\Exceptions->errorHandler()
#1 /storage/ssd1/780/17265780/public_html/vendor/codeigniter4/framework/system/View/View.php(214): include('/storage/ssd1/7...')
#2 /storage/ssd1/780/17265780/public_html/vendor/codeigniter4/framework/system/View/View.php(217): CodeIgniter\View\View->CodeIgniter\View\{closure}()
#3 /storage/ssd1/780/17265780/public_html/vendor/codeigniter4/framework/system/Common.php(1097): CodeIgniter\View\View->render()
#4 /storage/ssd1/780/17265780/public_html/app/Controllers/Home.php(37): view()
#5 /storage/ssd1/780/17265780/public_html/vendor/codeigniter4/framework/system/CodeIgniter.php(824): App\Controllers\Home->index()
#6 /storage/ssd1/780/17265780/public_html/vendor/codeigniter4/framework/system/CodeIgniter.php(410): CodeIgniter\CodeIgniter->runController()
#7 /storage/ssd1/780/17265780/public_html/vendor/codeigniter4/framework/system/CodeIgniter.php(318): CodeIgniter\CodeIgniter->handleRequest()
#8 /storage/ssd1/780/17265780/public_html/public/index.php(37): CodeIgniter\CodeIgniter->run()
#9 {main}
CRITICAL - 2022-06-01 18:04:02 --> Undefined variable: user
#0 /storage/ssd1/780/17265780/public_html/app/Views/Layout/msgStatus.php(21): CodeIgniter\Debug\Exceptions->errorHandler()
#1 /storage/ssd1/780/17265780/public_html/vendor/codeigniter4/framework/system/View/View.php(214): include('/storage/ssd1/7...')
#2 /storage/ssd1/780/17265780/public_html/vendor/codeigniter4/framework/system/View/View.php(217): CodeIgniter\View\View->CodeIgniter\View\{closure}()
#3 /storage/ssd1/780/17265780/public_html/vendor/codeigniter4/framework/system/View/View.php(432): CodeIgniter\View\View->render()
#4 /storage/ssd1/780/17265780/public_html/app/Views/Server/Server.php(7): CodeIgniter\View\View->include()
#5 /storage/ssd1/780/17265780/public_html/vendor/codeigniter4/framework/system/View/View.php(214): include('/storage/ssd1/7...')
#6 /storage/ssd1/780/17265780/public_html/vendor/codeigniter4/framework/system/View/View.php(217): CodeIgniter\View\View->CodeIgniter\View\{closure}()
#7 /storage/ssd1/780/17265780/public_html/vendor/codeigniter4/framework/system/Common.php(1097): CodeIgniter\View\View->render()
#8 /storage/ssd1/780/17265780/public_html/app/Controllers/Home.php(37): view()
#9 /storage/ssd1/780/17265780/public_html/vendor/codeigniter4/framework/system/CodeIgniter.php(824): App\Controllers\Home->index()
#10 /storage/ssd1/780/17265780/public_html/vendor/codeigniter4/framework/system/CodeIgniter.php(410): CodeIgniter\CodeIgniter->runController()
#11 /storage/ssd1/780/17265780/public_html/vendor/codeigniter4/framework/system/CodeIgniter.php(318): CodeIgniter\CodeIgniter->handleRequest()
#12 /storage/ssd1/780/17265780/public_html/public/index.php(37): CodeIgniter\CodeIgniter->run()
#13 {main}
CRITICAL - 2022-06-01 18:04:48 --> Undefined variable: user
#0 /storage/ssd1/780/17265780/public_html/app/Views/Layout/msgStatus.php(21): CodeIgniter\Debug\Exceptions->errorHandler()
#1 /storage/ssd1/780/17265780/public_html/vendor/codeigniter4/framework/system/View/View.php(214): include('/storage/ssd1/7...')
#2 /storage/ssd1/780/17265780/public_html/vendor/codeigniter4/framework/system/View/View.php(217): CodeIgniter\View\View->CodeIgniter\View\{closure}()
#3 /storage/ssd1/780/17265780/public_html/vendor/codeigniter4/framework/system/View/View.php(432): CodeIgniter\View\View->render()
#4 /storage/ssd1/780/17265780/public_html/app/Views/Server/Server.php(7): CodeIgniter\View\View->include()
#5 /storage/ssd1/780/17265780/public_html/vendor/codeigniter4/framework/system/View/View.php(214): include('/storage/ssd1/7...')
#6 /storage/ssd1/780/17265780/public_html/vendor/codeigniter4/framework/system/View/View.php(217): CodeIgniter\View\View->CodeIgniter\View\{closure}()
#7 /storage/ssd1/780/17265780/public_html/vendor/codeigniter4/framework/system/Common.php(1097): CodeIgniter\View\View->render()
#8 /storage/ssd1/780/17265780/public_html/app/Controllers/Home.php(37): view()
#9 /storage/ssd1/780/17265780/public_html/vendor/codeigniter4/framework/system/CodeIgniter.php(824): App\Controllers\Home->index()
#10 /storage/ssd1/780/17265780/public_html/vendor/codeigniter4/framework/system/CodeIgniter.php(410): CodeIgniter\CodeIgniter->runController()
#11 /storage/ssd1/780/17265780/public_html/vendor/codeigniter4/framework/system/CodeIgniter.php(318): CodeIgniter\CodeIgniter->handleRequest()
#12 /storage/ssd1/780/17265780/public_html/public/index.php(37): CodeIgniter\CodeIgniter->run()
#13 {main}
CRITICAL - 2022-06-01 18:23:32 --> Undefined variable: user
#0 /storage/ssd1/780/17265780/public_html/app/Views/Layout/msgStatus.php(21): CodeIgniter\Debug\Exceptions->errorHandler()
#1 /storage/ssd1/780/17265780/public_html/vendor/codeigniter4/framework/system/View/View.php(214): include('/storage/ssd1/7...')
#2 /storage/ssd1/780/17265780/public_html/vendor/codeigniter4/framework/system/View/View.php(217): CodeIgniter\View\View->CodeIgniter\View\{closure}()
#3 /storage/ssd1/780/17265780/public_html/vendor/codeigniter4/framework/system/View/View.php(432): CodeIgniter\View\View->render()
#4 /storage/ssd1/780/17265780/public_html/app/Views/Server/Server.php(7): CodeIgniter\View\View->include()
#5 /storage/ssd1/780/17265780/public_html/vendor/codeigniter4/framework/system/View/View.php(214): include('/storage/ssd1/7...')
#6 /storage/ssd1/780/17265780/public_html/vendor/codeigniter4/framework/system/View/View.php(217): CodeIgniter\View\View->CodeIgniter\View\{closure}()
#7 /storage/ssd1/780/17265780/public_html/vendor/codeigniter4/framework/system/Common.php(1097): CodeIgniter\View\View->render()
#8 /storage/ssd1/780/17265780/public_html/app/Controllers/User.php(266): view()
#9 /storage/ssd1/780/17265780/public_html/vendor/codeigniter4/framework/system/CodeIgniter.php(824): App\Controllers\User->Server()
#10 /storage/ssd1/780/17265780/public_html/vendor/codeigniter4/framework/system/CodeIgniter.php(410): CodeIgniter\CodeIgniter->runController()
#11 /storage/ssd1/780/17265780/public_html/vendor/codeigniter4/framework/system/CodeIgniter.php(318): CodeIgniter\CodeIgniter->handleRequest()
#12 /storage/ssd1/780/17265780/public_html/public/index.php(37): CodeIgniter\CodeIgniter->run()
#13 {main}
CRITICAL - 2022-06-01 18:31:59 --> Undefined variable: row
#0 /storage/ssd1/780/17265780/public_html/app/Controllers/User.php(286): CodeIgniter\Debug\Exceptions->errorHandler()
#1 /storage/ssd1/780/17265780/public_html/app/Controllers/User.php(246): App\Controllers\User->modname_act()
#2 /storage/ssd1/780/17265780/public_html/vendor/codeigniter4/framework/system/CodeIgniter.php(824): App\Controllers\User->Server()
#3 /storage/ssd1/780/17265780/public_html/vendor/codeigniter4/framework/system/CodeIgniter.php(410): CodeIgniter\CodeIgniter->runController()
#4 /storage/ssd1/780/17265780/public_html/vendor/codeigniter4/framework/system/CodeIgniter.php(318): CodeIgniter\CodeIgniter->handleRequest()
#5 /storage/ssd1/780/17265780/public_html/public/index.php(37): CodeIgniter\CodeIgniter->run()
#6 {main}
CRITICAL - 2022-06-01 20:36:02 --> Undefined index: status
#0 /storage/ssd1/780/17265780/public_html/app/Views/Server/Server.php(21): CodeIgniter\Debug\Exceptions->errorHandler()
#1 /storage/ssd1/780/17265780/public_html/vendor/codeigniter4/framework/system/View/View.php(214): include('/storage/ssd1/7...')
#2 /storage/ssd1/780/17265780/public_html/vendor/codeigniter4/framework/system/View/View.php(217): CodeIgniter\View\View->CodeIgniter\View\{closure}()
#3 /storage/ssd1/780/17265780/public_html/vendor/codeigniter4/framework/system/Common.php(1097): CodeIgniter\View\View->render()
#4 /storage/ssd1/780/17265780/public_html/app/Controllers/User.php(272): view()
#5 /storage/ssd1/780/17265780/public_html/vendor/codeigniter4/framework/system/CodeIgniter.php(824): App\Controllers\User->Server()
#6 /storage/ssd1/780/17265780/public_html/vendor/codeigniter4/framework/system/CodeIgniter.php(410): CodeIgniter\CodeIgniter->runController()
#7 /storage/ssd1/780/17265780/public_html/vendor/codeigniter4/framework/system/CodeIgniter.php(318): CodeIgniter\CodeIgniter->handleRequest()
#8 /storage/ssd1/780/17265780/public_html/public/index.php(37): CodeIgniter\CodeIgniter->run()
#9 {main}
CRITICAL - 2022-06-01 20:38:36 --> Undefined variable: row1
#0 /storage/ssd1/780/17265780/public_html/app/Views/Server/Server.php(21): CodeIgniter\Debug\Exceptions->errorHandler()
#1 /storage/ssd1/780/17265780/public_html/vendor/codeigniter4/framework/system/View/View.php(214): include('/storage/ssd1/7...')
#2 /storage/ssd1/780/17265780/public_html/vendor/codeigniter4/framework/system/View/View.php(217): CodeIgniter\View\View->CodeIgniter\View\{closure}()
#3 /storage/ssd1/780/17265780/public_html/vendor/codeigniter4/framework/system/Common.php(1097): CodeIgniter\View\View->render()
#4 /storage/ssd1/780/17265780/public_html/app/Controllers/User.php(272): view()
#5 /storage/ssd1/780/17265780/public_html/vendor/codeigniter4/framework/system/CodeIgniter.php(824): App\Controllers\User->Server()
#6 /storage/ssd1/780/17265780/public_html/vendor/codeigniter4/framework/system/CodeIgniter.php(410): CodeIgniter\CodeIgniter->runController()
#7 /storage/ssd1/780/17265780/public_html/vendor/codeigniter4/framework/system/CodeIgniter.php(318): CodeIgniter\CodeIgniter->handleRequest()
#8 /storage/ssd1/780/17265780/public_html/public/index.php(37): CodeIgniter\CodeIgniter->run()
#9 {main}
CRITICAL - 2022-06-01 20:39:18 --> Undefined variable: row1
#0 /storage/ssd1/780/17265780/public_html/app/Views/Server/Server.php(21): CodeIgniter\Debug\Exceptions->errorHandler()
#1 /storage/ssd1/780/17265780/public_html/vendor/codeigniter4/framework/system/View/View.php(214): include('/storage/ssd1/7...')
#2 /storage/ssd1/780/17265780/public_html/vendor/codeigniter4/framework/system/View/View.php(217): CodeIgniter\View\View->CodeIgniter\View\{closure}()
#3 /storage/ssd1/780/17265780/public_html/vendor/codeigniter4/framework/system/Common.php(1097): CodeIgniter\View\View->render()
#4 /storage/ssd1/780/17265780/public_html/app/Controllers/User.php(272): view()
#5 /storage/ssd1/780/17265780/public_html/vendor/codeigniter4/framework/system/CodeIgniter.php(824): App\Controllers\User->Server()
#6 /storage/ssd1/780/17265780/public_html/vendor/codeigniter4/framework/system/CodeIgniter.php(410): CodeIgniter\CodeIgniter->runController()
#7 /storage/ssd1/780/17265780/public_html/vendor/codeigniter4/framework/system/CodeIgniter.php(318): CodeIgniter\CodeIgniter->handleRequest()
#8 /storage/ssd1/780/17265780/public_html/public/index.php(37): CodeIgniter\CodeIgniter->run()
#9 {main}
CRITICAL - 2022-06-01 20:40:50 --> Undefined index: status
#0 /storage/ssd1/780/17265780/public_html/app/Views/Server/Server.php(21): CodeIgniter\Debug\Exceptions->errorHandler()
#1 /storage/ssd1/780/17265780/public_html/vendor/codeigniter4/framework/system/View/View.php(214): include('/storage/ssd1/7...')
#2 /storage/ssd1/780/17265780/public_html/vendor/codeigniter4/framework/system/View/View.php(217): CodeIgniter\View\View->CodeIgniter\View\{closure}()
#3 /storage/ssd1/780/17265780/public_html/vendor/codeigniter4/framework/system/Common.php(1097): CodeIgniter\View\View->render()
#4 /storage/ssd1/780/17265780/public_html/app/Controllers/User.php(272): view()
#5 /storage/ssd1/780/17265780/public_html/vendor/codeigniter4/framework/system/CodeIgniter.php(824): App\Controllers\User->Server()
#6 /storage/ssd1/780/17265780/public_html/vendor/codeigniter4/framework/system/CodeIgniter.php(410): CodeIgniter\CodeIgniter->runController()
#7 /storage/ssd1/780/17265780/public_html/vendor/codeigniter4/framework/system/CodeIgniter.php(318): CodeIgniter\CodeIgniter->handleRequest()
#8 /storage/ssd1/780/17265780/public_html/public/index.php(37): CodeIgniter\CodeIgniter->run()
#9 {main}
CRITICAL - 2022-06-01 20:49:28 --> Undefined variable: hello
#0 /storage/ssd1/780/17265780/public_html/app/Views/Server/Server.php(21): CodeIgniter\Debug\Exceptions->errorHandler()
#1 /storage/ssd1/780/17265780/public_html/vendor/codeigniter4/framework/system/View/View.php(214): include('/storage/ssd1/7...')
#2 /storage/ssd1/780/17265780/public_html/vendor/codeigniter4/framework/system/View/View.php(217): CodeIgniter\View\View->CodeIgniter\View\{closure}()
#3 /storage/ssd1/780/17265780/public_html/vendor/codeigniter4/framework/system/Common.php(1097): CodeIgniter\View\View->render()
#4 /storage/ssd1/780/17265780/public_html/app/Controllers/User.php(272): view()
#5 /storage/ssd1/780/17265780/public_html/vendor/codeigniter4/framework/system/CodeIgniter.php(824): App\Controllers\User->Server()
#6 /storage/ssd1/780/17265780/public_html/vendor/codeigniter4/framework/system/CodeIgniter.php(410): CodeIgniter\CodeIgniter->runController()
#7 /storage/ssd1/780/17265780/public_html/vendor/codeigniter4/framework/system/CodeIgniter.php(318): CodeIgniter\CodeIgniter->handleRequest()
#8 /storage/ssd1/780/17265780/public_html/public/index.php(37): CodeIgniter\CodeIgniter->run()
#9 {main}
CRITICAL - 2022-06-01 21:07:26 --> Cannot redeclare App\Controllers\User::modname_act()
#0 [internal function]: CodeIgniter\Debug\Exceptions->shutdownHandler()
#1 {main}
CRITICAL - 2022-06-01 21:07:27 --> Cannot redeclare App\Controllers\User::modname_act()
#0 [internal function]: CodeIgniter\Debug\Exceptions->shutdownHandler()
#1 {main}
CRITICAL - 2022-06-01 21:30:42 --> Undefined variable: wow
#0 /storage/ssd1/780/17265780/public_html/app/Controllers/User.php(304): CodeIgniter\Debug\Exceptions->errorHandler()
#1 /storage/ssd1/780/17265780/public_html/app/Controllers/User.php(250): App\Controllers\User->status_act()
#2 /storage/ssd1/780/17265780/public_html/vendor/codeigniter4/framework/system/CodeIgniter.php(824): App\Controllers\User->Server()
#3 /storage/ssd1/780/17265780/public_html/vendor/codeigniter4/framework/system/CodeIgniter.php(410): CodeIgniter\CodeIgniter->runController()
#4 /storage/ssd1/780/17265780/public_html/vendor/codeigniter4/framework/system/CodeIgniter.php(318): CodeIgniter\CodeIgniter->handleRequest()
#5 /storage/ssd1/780/17265780/public_html/public/index.php(37): CodeIgniter\CodeIgniter->run()
#6 {main}
CRITICAL - 2022-06-01 22:22:41 --> Undefined variable: wow
#0 /storage/ssd1/780/17265780/public_html/app/Controllers/User.php(304): CodeIgniter\Debug\Exceptions->errorHandler()
#1 /storage/ssd1/780/17265780/public_html/app/Controllers/User.php(250): App\Controllers\User->status_act()
#2 /storage/ssd1/780/17265780/public_html/vendor/codeigniter4/framework/system/CodeIgniter.php(824): App\Controllers\User->Server()
#3 /storage/ssd1/780/17265780/public_html/vendor/codeigniter4/framework/system/CodeIgniter.php(410): CodeIgniter\CodeIgniter->runController()
#4 /storage/ssd1/780/17265780/public_html/vendor/codeigniter4/framework/system/CodeIgniter.php(318): CodeIgniter\CodeIgniter->handleRequest()
#5 /storage/ssd1/780/17265780/public_html/public/index.php(37): CodeIgniter\CodeIgniter->run()
#6 {main}
CRITICAL - 2022-06-01 22:22:56 --> Undefined variable: wow
#0 /storage/ssd1/780/17265780/public_html/app/Controllers/User.php(304): CodeIgniter\Debug\Exceptions->errorHandler()
#1 /storage/ssd1/780/17265780/public_html/app/Controllers/User.php(250): App\Controllers\User->status_act()
#2 /storage/ssd1/780/17265780/public_html/vendor/codeigniter4/framework/system/CodeIgniter.php(824): App\Controllers\User->Server()
#3 /storage/ssd1/780/17265780/public_html/vendor/codeigniter4/framework/system/CodeIgniter.php(410): CodeIgniter\CodeIgniter->runController()
#4 /storage/ssd1/780/17265780/public_html/vendor/codeigniter4/framework/system/CodeIgniter.php(318): CodeIgniter\CodeIgniter->handleRequest()
#5 /storage/ssd1/780/17265780/public_html/public/index.php(37): CodeIgniter\CodeIgniter->run()
#6 {main}
CRITICAL - 2022-06-01 22:23:54 --> Undefined variable: wow
#0 /storage/ssd1/780/17265780/public_html/app/Controllers/User.php(304): CodeIgniter\Debug\Exceptions->errorHandler()
#1 /storage/ssd1/780/17265780/public_html/app/Controllers/User.php(250): App\Controllers\User->status_act()
#2 /storage/ssd1/780/17265780/public_html/vendor/codeigniter4/framework/system/CodeIgniter.php(824): App\Controllers\User->Server()
#3 /storage/ssd1/780/17265780/public_html/vendor/codeigniter4/framework/system/CodeIgniter.php(410): CodeIgniter\CodeIgniter->runController()
#4 /storage/ssd1/780/17265780/public_html/vendor/codeigniter4/framework/system/CodeIgniter.php(318): CodeIgniter\CodeIgniter->handleRequest()
#5 /storage/ssd1/780/17265780/public_html/public/index.php(37): CodeIgniter\CodeIgniter->run()
#6 {main}
CRITICAL - 2022-06-01 22:24:00 --> Undefined variable: wow
#0 /storage/ssd1/780/17265780/public_html/app/Controllers/User.php(304): CodeIgniter\Debug\Exceptions->errorHandler()
#1 /storage/ssd1/780/17265780/public_html/app/Controllers/User.php(250): App\Controllers\User->status_act()
#2 /storage/ssd1/780/17265780/public_html/vendor/codeigniter4/framework/system/CodeIgniter.php(824): App\Controllers\User->Server()
#3 /storage/ssd1/780/17265780/public_html/vendor/codeigniter4/framework/system/CodeIgniter.php(410): CodeIgniter\CodeIgniter->runController()
#4 /storage/ssd1/780/17265780/public_html/vendor/codeigniter4/framework/system/CodeIgniter.php(318): CodeIgniter\CodeIgniter->handleRequest()
#5 /storage/ssd1/780/17265780/public_html/public/index.php(37): CodeIgniter\CodeIgniter->run()
#6 {main}
CRITICAL - 2022-06-01 22:24:41 --> Undefined variable: wow
#0 /storage/ssd1/780/17265780/public_html/app/Controllers/User.php(304): CodeIgniter\Debug\Exceptions->errorHandler()
#1 /storage/ssd1/780/17265780/public_html/app/Controllers/User.php(250): App\Controllers\User->status_act()
#2 /storage/ssd1/780/17265780/public_html/vendor/codeigniter4/framework/system/CodeIgniter.php(824): App\Controllers\User->Server()
#3 /storage/ssd1/780/17265780/public_html/vendor/codeigniter4/framework/system/CodeIgniter.php(410): CodeIgniter\CodeIgniter->runController()
#4 /storage/ssd1/780/17265780/public_html/vendor/codeigniter4/framework/system/CodeIgniter.php(318): CodeIgniter\CodeIgniter->handleRequest()
#5 /storage/ssd1/780/17265780/public_html/public/index.php(37): CodeIgniter\CodeIgniter->run()
#6 {main}
