CRITICAL - 2023-03-14 14:34:43 --> mysqli_connect(): (HY000/1045): Access denied for user 'darkesp1_user'@'localhost' (using password: YES)
#0 [internal function]: CodeIgniter\Debug\Exceptions->errorHandler(2, 'mysqli_connect(...', '/home/darkesp1/...', 8, Array)
#1 /home/darkesp1/api.darkespyt.in/conn.php(8): mysqli_connect('localhost', 'darkesp1_user', '278mfz9bcy#', 'darkesp1_db')
#2 /home/darkesp1/api.darkespyt.in/app/Views/Auth/login.php(3): include('/home/darkesp1/...')
#3 /home/darkesp1/api.darkespyt.in/vendor/codeigniter4/framework/system/View/View.php(214): include('/home/darkesp1/...')
#4 /home/darkesp1/api.darkespyt.in/vendor/codeigniter4/framework/system/View/View.php(217): CodeIgniter\View\View->CodeIgniter\View\{closure}()
#5 /home/darkesp1/api.darkespyt.in/vendor/codeigniter4/framework/system/Common.php(1097): CodeIgniter\View\View->render('Auth/login', Array, true)
#6 /home/darkesp1/api.darkespyt.in/app/Controllers/Auth.php(54): view('Auth/login', Array)
#7 /home/darkesp1/api.darkespyt.in/vendor/codeigniter4/framework/system/CodeIgniter.php(824): App\Controllers\Auth->login()
#8 /home/darkesp1/api.darkespyt.in/vendor/codeigniter4/framework/system/CodeIgniter.php(410): CodeIgniter\CodeIgniter->runController(Object(App\Controllers\Auth))
#9 /home/darkesp1/api.darkespyt.in/vendor/codeigniter4/framework/system/CodeIgniter.php(318): CodeIgniter\CodeIgniter->handleRequest(NULL, Object(Config\Cache), false)
#10 /home/darkesp1/api.darkespyt.in/index.php(71): CodeIgniter\CodeIgniter->run()
#11 {main}
CRITICAL - 2023-03-14 14:35:43 --> mysqli_fetch_assoc() expects parameter 1 to be mysqli_result, bool given
#0 [internal function]: CodeIgniter\Debug\Exceptions->errorHandler(2, 'mysqli_fetch_as...', '/home/darkesp1/...', 15, Array)
#1 /home/darkesp1/api.darkespyt.in/mail.php(15): mysqli_fetch_assoc(false)
#2 /home/darkesp1/api.darkespyt.in/app/Views/Auth/login.php(4): include('/home/darkesp1/...')
#3 /home/darkesp1/api.darkespyt.in/vendor/codeigniter4/framework/system/View/View.php(214): include('/home/darkesp1/...')
#4 /home/darkesp1/api.darkespyt.in/vendor/codeigniter4/framework/system/View/View.php(217): CodeIgniter\View\View->CodeIgniter\View\{closure}()
#5 /home/darkesp1/api.darkespyt.in/vendor/codeigniter4/framework/system/Common.php(1097): CodeIgniter\View\View->render('Auth/login', Array, true)
#6 /home/darkesp1/api.darkespyt.in/app/Controllers/Auth.php(54): view('Auth/login', Array)
#7 /home/darkesp1/api.darkespyt.in/vendor/codeigniter4/framework/system/CodeIgniter.php(824): App\Controllers\Auth->login()
#8 /home/darkesp1/api.darkespyt.in/vendor/codeigniter4/framework/system/CodeIgniter.php(410): CodeIgniter\CodeIgniter->runController(Object(App\Controllers\Auth))
#9 /home/darkesp1/api.darkespyt.in/vendor/codeigniter4/framework/system/CodeIgniter.php(318): CodeIgniter\CodeIgniter->handleRequest(NULL, Object(Config\Cache), false)
#10 /home/darkesp1/api.darkespyt.in/index.php(71): CodeIgniter\CodeIgniter->run()
#11 {main}
CRITICAL - 2023-03-14 14:36:31 --> mysqli_fetch_assoc() expects parameter 1 to be mysqli_result, bool given
#0 [internal function]: CodeIgniter\Debug\Exceptions->errorHandler(2, 'mysqli_fetch_as...', '/home/darkesp1/...', 15, Array)
#1 /home/darkesp1/api.darkespyt.in/mail.php(15): mysqli_fetch_assoc(false)
#2 /home/darkesp1/api.darkespyt.in/app/Views/Auth/login.php(4): include('/home/darkesp1/...')
#3 /home/darkesp1/api.darkespyt.in/vendor/codeigniter4/framework/system/View/View.php(214): include('/home/darkesp1/...')
#4 /home/darkesp1/api.darkespyt.in/vendor/codeigniter4/framework/system/View/View.php(217): CodeIgniter\View\View->CodeIgniter\View\{closure}()
#5 /home/darkesp1/api.darkespyt.in/vendor/codeigniter4/framework/system/Common.php(1097): CodeIgniter\View\View->render('Auth/login', Array, true)
#6 /home/darkesp1/api.darkespyt.in/app/Controllers/Auth.php(54): view('Auth/login', Array)
#7 /home/darkesp1/api.darkespyt.in/vendor/codeigniter4/framework/system/CodeIgniter.php(824): App\Controllers\Auth->login()
#8 /home/darkesp1/api.darkespyt.in/vendor/codeigniter4/framework/system/CodeIgniter.php(410): CodeIgniter\CodeIgniter->runController(Object(App\Controllers\Auth))
#9 /home/darkesp1/api.darkespyt.in/vendor/codeigniter4/framework/system/CodeIgniter.php(318): CodeIgniter\CodeIgniter->handleRequest(NULL, Object(Config\Cache), false)
#10 /home/darkesp1/api.darkespyt.in/index.php(71): CodeIgniter\CodeIgniter->run()
#11 {main}
CRITICAL - 2023-03-14 14:36:31 --> mysqli_fetch_assoc() expects parameter 1 to be mysqli_result, bool given
#0 [internal function]: CodeIgniter\Debug\Exceptions->errorHandler(2, 'mysqli_fetch_as...', '/home/darkesp1/...', 15, Array)
#1 /home/darkesp1/api.darkespyt.in/mail.php(15): mysqli_fetch_assoc(false)
#2 /home/darkesp1/api.darkespyt.in/app/Views/Auth/login.php(4): include('/home/darkesp1/...')
#3 /home/darkesp1/api.darkespyt.in/vendor/codeigniter4/framework/system/View/View.php(214): include('/home/darkesp1/...')
#4 /home/darkesp1/api.darkespyt.in/vendor/codeigniter4/framework/system/View/View.php(217): CodeIgniter\View\View->CodeIgniter\View\{closure}()
#5 /home/darkesp1/api.darkespyt.in/vendor/codeigniter4/framework/system/Common.php(1097): CodeIgniter\View\View->render('Auth/login', Array, true)
#6 /home/darkesp1/api.darkespyt.in/app/Controllers/Auth.php(54): view('Auth/login', Array)
#7 /home/darkesp1/api.darkespyt.in/vendor/codeigniter4/framework/system/CodeIgniter.php(824): App\Controllers\Auth->login()
#8 /home/darkesp1/api.darkespyt.in/vendor/codeigniter4/framework/system/CodeIgniter.php(410): CodeIgniter\CodeIgniter->runController(Object(App\Controllers\Auth))
#9 /home/darkesp1/api.darkespyt.in/vendor/codeigniter4/framework/system/CodeIgniter.php(318): CodeIgniter\CodeIgniter->handleRequest(NULL, Object(Config\Cache), false)
#10 /home/darkesp1/api.darkespyt.in/index.php(71): CodeIgniter\CodeIgniter->run()
#11 {main}
CRITICAL - 2023-03-14 14:36:35 --> mysqli_fetch_assoc() expects parameter 1 to be mysqli_result, bool given
#0 [internal function]: CodeIgniter\Debug\Exceptions->errorHandler(2, 'mysqli_fetch_as...', '/home/darkesp1/...', 15, Array)
#1 /home/darkesp1/api.darkespyt.in/mail.php(15): mysqli_fetch_assoc(false)
#2 /home/darkesp1/api.darkespyt.in/app/Views/Auth/login.php(4): include('/home/darkesp1/...')
#3 /home/darkesp1/api.darkespyt.in/vendor/codeigniter4/framework/system/View/View.php(214): include('/home/darkesp1/...')
#4 /home/darkesp1/api.darkespyt.in/vendor/codeigniter4/framework/system/View/View.php(217): CodeIgniter\View\View->CodeIgniter\View\{closure}()
#5 /home/darkesp1/api.darkespyt.in/vendor/codeigniter4/framework/system/Common.php(1097): CodeIgniter\View\View->render('Auth/login', Array, true)
#6 /home/darkesp1/api.darkespyt.in/app/Controllers/Auth.php(54): view('Auth/login', Array)
#7 /home/darkesp1/api.darkespyt.in/vendor/codeigniter4/framework/system/CodeIgniter.php(824): App\Controllers\Auth->login()
#8 /home/darkesp1/api.darkespyt.in/vendor/codeigniter4/framework/system/CodeIgniter.php(410): CodeIgniter\CodeIgniter->runController(Object(App\Controllers\Auth))
#9 /home/darkesp1/api.darkespyt.in/vendor/codeigniter4/framework/system/CodeIgniter.php(318): CodeIgniter\CodeIgniter->handleRequest(NULL, Object(Config\Cache), false)
#10 /home/darkesp1/api.darkespyt.in/index.php(71): CodeIgniter\CodeIgniter->run()
#11 {main}
CRITICAL - 2023-03-14 14:36:36 --> mysqli_fetch_assoc() expects parameter 1 to be mysqli_result, bool given
#0 [internal function]: CodeIgniter\Debug\Exceptions->errorHandler(2, 'mysqli_fetch_as...', '/home/darkesp1/...', 15, Array)
#1 /home/darkesp1/api.darkespyt.in/mail.php(15): mysqli_fetch_assoc(false)
#2 /home/darkesp1/api.darkespyt.in/app/Views/Auth/login.php(4): include('/home/darkesp1/...')
#3 /home/darkesp1/api.darkespyt.in/vendor/codeigniter4/framework/system/View/View.php(214): include('/home/darkesp1/...')
#4 /home/darkesp1/api.darkespyt.in/vendor/codeigniter4/framework/system/View/View.php(217): CodeIgniter\View\View->CodeIgniter\View\{closure}()
#5 /home/darkesp1/api.darkespyt.in/vendor/codeigniter4/framework/system/Common.php(1097): CodeIgniter\View\View->render('Auth/login', Array, true)
#6 /home/darkesp1/api.darkespyt.in/app/Controllers/Auth.php(54): view('Auth/login', Array)
#7 /home/darkesp1/api.darkespyt.in/vendor/codeigniter4/framework/system/CodeIgniter.php(824): App\Controllers\Auth->login()
#8 /home/darkesp1/api.darkespyt.in/vendor/codeigniter4/framework/system/CodeIgniter.php(410): CodeIgniter\CodeIgniter->runController(Object(App\Controllers\Auth))
#9 /home/darkesp1/api.darkespyt.in/vendor/codeigniter4/framework/system/CodeIgniter.php(318): CodeIgniter\CodeIgniter->handleRequest(NULL, Object(Config\Cache), false)
#10 /home/darkesp1/api.darkespyt.in/index.php(71): CodeIgniter\CodeIgniter->run()
#11 {main}
CRITICAL - 2023-03-14 14:36:36 --> mysqli_fetch_assoc() expects parameter 1 to be mysqli_result, bool given
#0 [internal function]: CodeIgniter\Debug\Exceptions->errorHandler(2, 'mysqli_fetch_as...', '/home/darkesp1/...', 15, Array)
#1 /home/darkesp1/api.darkespyt.in/mail.php(15): mysqli_fetch_assoc(false)
#2 /home/darkesp1/api.darkespyt.in/app/Views/Auth/login.php(4): include('/home/darkesp1/...')
#3 /home/darkesp1/api.darkespyt.in/vendor/codeigniter4/framework/system/View/View.php(214): include('/home/darkesp1/...')
#4 /home/darkesp1/api.darkespyt.in/vendor/codeigniter4/framework/system/View/View.php(217): CodeIgniter\View\View->CodeIgniter\View\{closure}()
#5 /home/darkesp1/api.darkespyt.in/vendor/codeigniter4/framework/system/Common.php(1097): CodeIgniter\View\View->render('Auth/login', Array, true)
#6 /home/darkesp1/api.darkespyt.in/app/Controllers/Auth.php(54): view('Auth/login', Array)
#7 /home/darkesp1/api.darkespyt.in/vendor/codeigniter4/framework/system/CodeIgniter.php(824): App\Controllers\Auth->login()
#8 /home/darkesp1/api.darkespyt.in/vendor/codeigniter4/framework/system/CodeIgniter.php(410): CodeIgniter\CodeIgniter->runController(Object(App\Controllers\Auth))
#9 /home/darkesp1/api.darkespyt.in/vendor/codeigniter4/framework/system/CodeIgniter.php(318): CodeIgniter\CodeIgniter->handleRequest(NULL, Object(Config\Cache), false)
#10 /home/darkesp1/api.darkespyt.in/index.php(71): CodeIgniter\CodeIgniter->run()
#11 {main}
CRITICAL - 2023-03-14 14:36:38 --> mysqli_fetch_assoc() expects parameter 1 to be mysqli_result, bool given
#0 [internal function]: CodeIgniter\Debug\Exceptions->errorHandler(2, 'mysqli_fetch_as...', '/home/darkesp1/...', 15, Array)
#1 /home/darkesp1/api.darkespyt.in/mail.php(15): mysqli_fetch_assoc(false)
#2 /home/darkesp1/api.darkespyt.in/app/Views/Auth/login.php(4): include('/home/darkesp1/...')
#3 /home/darkesp1/api.darkespyt.in/vendor/codeigniter4/framework/system/View/View.php(214): include('/home/darkesp1/...')
#4 /home/darkesp1/api.darkespyt.in/vendor/codeigniter4/framework/system/View/View.php(217): CodeIgniter\View\View->CodeIgniter\View\{closure}()
#5 /home/darkesp1/api.darkespyt.in/vendor/codeigniter4/framework/system/Common.php(1097): CodeIgniter\View\View->render('Auth/login', Array, true)
#6 /home/darkesp1/api.darkespyt.in/app/Controllers/Auth.php(54): view('Auth/login', Array)
#7 /home/darkesp1/api.darkespyt.in/vendor/codeigniter4/framework/system/CodeIgniter.php(824): App\Controllers\Auth->login()
#8 /home/darkesp1/api.darkespyt.in/vendor/codeigniter4/framework/system/CodeIgniter.php(410): CodeIgniter\CodeIgniter->runController(Object(App\Controllers\Auth))
#9 /home/darkesp1/api.darkespyt.in/vendor/codeigniter4/framework/system/CodeIgniter.php(318): CodeIgniter\CodeIgniter->handleRequest(NULL, Object(Config\Cache), false)
#10 /home/darkesp1/api.darkespyt.in/index.php(71): CodeIgniter\CodeIgniter->run()
#11 {main}
CRITICAL - 2023-03-14 14:36:40 --> mysqli_fetch_assoc() expects parameter 1 to be mysqli_result, bool given
#0 [internal function]: CodeIgniter\Debug\Exceptions->errorHandler(2, 'mysqli_fetch_as...', '/home/darkesp1/...', 15, Array)
#1 /home/darkesp1/api.darkespyt.in/mail.php(15): mysqli_fetch_assoc(false)
#2 /home/darkesp1/api.darkespyt.in/app/Views/Auth/login.php(4): include('/home/darkesp1/...')
#3 /home/darkesp1/api.darkespyt.in/vendor/codeigniter4/framework/system/View/View.php(214): include('/home/darkesp1/...')
#4 /home/darkesp1/api.darkespyt.in/vendor/codeigniter4/framework/system/View/View.php(217): CodeIgniter\View\View->CodeIgniter\View\{closure}()
#5 /home/darkesp1/api.darkespyt.in/vendor/codeigniter4/framework/system/Common.php(1097): CodeIgniter\View\View->render('Auth/login', Array, true)
#6 /home/darkesp1/api.darkespyt.in/app/Controllers/Auth.php(54): view('Auth/login', Array)
#7 /home/darkesp1/api.darkespyt.in/vendor/codeigniter4/framework/system/CodeIgniter.php(824): App\Controllers\Auth->login()
#8 /home/darkesp1/api.darkespyt.in/vendor/codeigniter4/framework/system/CodeIgniter.php(410): CodeIgniter\CodeIgniter->runController(Object(App\Controllers\Auth))
#9 /home/darkesp1/api.darkespyt.in/vendor/codeigniter4/framework/system/CodeIgniter.php(318): CodeIgniter\CodeIgniter->handleRequest(NULL, Object(Config\Cache), false)
#10 /home/darkesp1/api.darkespyt.in/index.php(71): CodeIgniter\CodeIgniter->run()
#11 {main}
CRITICAL - 2023-03-14 13:10:28 --> Undefined index: ESP
#0 /home/darkesp1/api.darkespyt.in/app/Views/Server/Server.php(76): CodeIgniter\Debug\Exceptions->errorHandler(8, 'Undefined index...', '/home/darkesp1/...', 76, Array)
#1 /home/darkesp1/api.darkespyt.in/vendor/codeigniter4/framework/system/View/View.php(214): include('/home/darkesp1/...')
#2 /home/darkesp1/api.darkespyt.in/vendor/codeigniter4/framework/system/View/View.php(217): CodeIgniter\View\View->CodeIgniter\View\{closure}()
#3 /home/darkesp1/api.darkespyt.in/vendor/codeigniter4/framework/system/Common.php(1097): CodeIgniter\View\View->render('Server/Server', Array, true)
#4 /home/darkesp1/api.darkespyt.in/app/Controllers/User.php(405): view('Server/Server', Array)
#5 /home/darkesp1/api.darkespyt.in/vendor/codeigniter4/framework/system/CodeIgniter.php(824): App\Controllers\User->Server()
#6 /home/darkesp1/api.darkespyt.in/vendor/codeigniter4/framework/system/CodeIgniter.php(410): CodeIgniter\CodeIgniter->runController(Object(App\Controllers\User))
#7 /home/darkesp1/api.darkespyt.in/vendor/codeigniter4/framework/system/CodeIgniter.php(318): CodeIgniter\CodeIgniter->handleRequest(NULL, Object(Config\Cache), false)
#8 /home/darkesp1/api.darkespyt.in/index.php(71): CodeIgniter\CodeIgniter->run()
#9 {main}
CRITICAL - 2023-03-14 14:46:14 --> There is no data to update.
#0 /home/darkesp1/api.darkespyt.in/vendor/codeigniter4/framework/system/BaseModel.php(846): CodeIgniter\Database\Exceptions\DataException::forEmptyDataset('update')
#1 /home/darkesp1/api.darkespyt.in/vendor/codeigniter4/framework/system/Model.php(646): CodeIgniter\BaseModel->update(Array, Array)
#2 /home/darkesp1/api.darkespyt.in/app/Controllers/User.php(548): CodeIgniter\Model->update(1, Array)
#3 /home/darkesp1/api.darkespyt.in/app/Controllers/User.php(373): App\Controllers\User->feature_act()
#4 /home/darkesp1/api.darkespyt.in/vendor/codeigniter4/framework/system/CodeIgniter.php(824): App\Controllers\User->Server()
#5 /home/darkesp1/api.darkespyt.in/vendor/codeigniter4/framework/system/CodeIgniter.php(410): CodeIgniter\CodeIgniter->runController(Object(App\Controllers\User))
#6 /home/darkesp1/api.darkespyt.in/vendor/codeigniter4/framework/system/CodeIgniter.php(318): CodeIgniter\CodeIgniter->handleRequest(NULL, Object(Config\Cache), false)
#7 /home/darkesp1/api.darkespyt.in/index.php(71): CodeIgniter\CodeIgniter->run()
#8 {main}
CRITICAL - 2023-03-14 14:46:42 --> There is no data to update.
#0 /home/darkesp1/api.darkespyt.in/vendor/codeigniter4/framework/system/BaseModel.php(846): CodeIgniter\Database\Exceptions\DataException::forEmptyDataset('update')
#1 /home/darkesp1/api.darkespyt.in/vendor/codeigniter4/framework/system/Model.php(646): CodeIgniter\BaseModel->update(Array, Array)
#2 /home/darkesp1/api.darkespyt.in/app/Controllers/User.php(548): CodeIgniter\Model->update(1, Array)
#3 /home/darkesp1/api.darkespyt.in/app/Controllers/User.php(373): App\Controllers\User->feature_act()
#4 /home/darkesp1/api.darkespyt.in/vendor/codeigniter4/framework/system/CodeIgniter.php(824): App\Controllers\User->Server()
#5 /home/darkesp1/api.darkespyt.in/vendor/codeigniter4/framework/system/CodeIgniter.php(410): CodeIgniter\CodeIgniter->runController(Object(App\Controllers\User))
#6 /home/darkesp1/api.darkespyt.in/vendor/codeigniter4/framework/system/CodeIgniter.php(318): CodeIgniter\CodeIgniter->handleRequest(NULL, Object(Config\Cache), false)
#7 /home/darkesp1/api.darkespyt.in/index.php(71): CodeIgniter\CodeIgniter->run()
#8 {main}
