CRITICAL - 2023-03-25 16:28:19 --> syntax error, unexpected end of file
#0 /home/darkesp1/public_html/app/Controllers/Auth.php(49): App\Controllers\Auth->login_action()
#1 /home/darkesp1/public_html/vendor/codeigniter4/framework/system/CodeIgniter.php(824): App\Controllers\Auth->login()
#2 /home/darkesp1/public_html/vendor/codeigniter4/framework/system/CodeIgniter.php(410): CodeIgniter\CodeIgniter->runController(Object(App\Controllers\Auth))
#3 /home/darkesp1/public_html/vendor/codeigniter4/framework/system/CodeIgniter.php(318): CodeIgniter\CodeIgniter->handleRequest(NULL, Object(Config\Cache), false)
#4 /home/darkesp1/public_html/index.php(71): CodeIgniter\CodeIgniter->run()
#5 {main}
CRITICAL - 2023-03-25 14:59:13 --> Trying to get property 'fullname' of non-object
#0 /home/darkesp1/public_html/app/Helpers/nata_helper.php(21): CodeIgniter\Debug\Exceptions->errorHandler(8, 'Trying to get p...', '/home/darkesp1/...', 21, Array)
#1 /home/darkesp1/public_html/UserMail.php(14): getName(NULL)
#2 /home/darkesp1/public_html/app/Views/User/dashboard.php(5): include('/home/darkesp1/...')
#3 /home/darkesp1/public_html/vendor/codeigniter4/framework/system/View/View.php(214): include('/home/darkesp1/...')
#4 /home/darkesp1/public_html/vendor/codeigniter4/framework/system/View/View.php(217): CodeIgniter\View\View->CodeIgniter\View\{closure}()
#5 /home/darkesp1/public_html/vendor/codeigniter4/framework/system/Common.php(1097): CodeIgniter\View\View->render('User/dashboard', Array, true)
#6 /home/darkesp1/public_html/app/Controllers/User.php(37): view('User/dashboard', Array)
#7 /home/darkesp1/public_html/vendor/codeigniter4/framework/system/CodeIgniter.php(824): App\Controllers\User->index()
#8 /home/darkesp1/public_html/vendor/codeigniter4/framework/system/CodeIgniter.php(410): CodeIgniter\CodeIgniter->runController(Object(App\Controllers\User))
#9 /home/darkesp1/public_html/vendor/codeigniter4/framework/system/CodeIgniter.php(318): CodeIgniter\CodeIgniter->handleRequest(NULL, Object(Config\Cache), false)
#10 /home/darkesp1/public_html/index.php(71): CodeIgniter\CodeIgniter->run()
#11 {main}
CRITICAL - 2023-03-25 15:00:41 --> Trying to get property 'fullname' of non-object
#0 /home/darkesp1/public_html/app/Helpers/nata_helper.php(21): CodeIgniter\Debug\Exceptions->errorHandler(8, 'Trying to get p...', '/home/darkesp1/...', 21, Array)
#1 /home/darkesp1/public_html/UserMail.php(14): getName(NULL)
#2 /home/darkesp1/public_html/app/Views/User/dashboard.php(5): include('/home/darkesp1/...')
#3 /home/darkesp1/public_html/vendor/codeigniter4/framework/system/View/View.php(214): include('/home/darkesp1/...')
#4 /home/darkesp1/public_html/vendor/codeigniter4/framework/system/View/View.php(217): CodeIgniter\View\View->CodeIgniter\View\{closure}()
#5 /home/darkesp1/public_html/vendor/codeigniter4/framework/system/Common.php(1097): CodeIgniter\View\View->render('User/dashboard', Array, true)
#6 /home/darkesp1/public_html/app/Controllers/User.php(37): view('User/dashboard', Array)
#7 /home/darkesp1/public_html/vendor/codeigniter4/framework/system/CodeIgniter.php(824): App\Controllers\User->index()
#8 /home/darkesp1/public_html/vendor/codeigniter4/framework/system/CodeIgniter.php(410): CodeIgniter\CodeIgniter->runController(Object(App\Controllers\User))
#9 /home/darkesp1/public_html/vendor/codeigniter4/framework/system/CodeIgniter.php(318): CodeIgniter\CodeIgniter->handleRequest(NULL, Object(Config\Cache), false)
#10 /home/darkesp1/public_html/index.php(71): CodeIgniter\CodeIgniter->run()
#11 {main}
CRITICAL - 2023-03-25 15:01:14 --> Undefined property: CodeIgniter\View\View::$user
#0 /home/darkesp1/public_html/UserMail.php(13): CodeIgniter\Debug\Exceptions->errorHandler(8, 'Undefined prope...', '/home/darkesp1/...', 13, Array)
#1 /home/darkesp1/public_html/app/Views/User/dashboard.php(5): include('/home/darkesp1/...')
#2 /home/darkesp1/public_html/vendor/codeigniter4/framework/system/View/View.php(214): include('/home/darkesp1/...')
#3 /home/darkesp1/public_html/vendor/codeigniter4/framework/system/View/View.php(217): CodeIgniter\View\View->CodeIgniter\View\{closure}()
#4 /home/darkesp1/public_html/vendor/codeigniter4/framework/system/Common.php(1097): CodeIgniter\View\View->render('User/dashboard', Array, true)
#5 /home/darkesp1/public_html/app/Controllers/User.php(37): view('User/dashboard', Array)
#6 /home/darkesp1/public_html/vendor/codeigniter4/framework/system/CodeIgniter.php(824): App\Controllers\User->index()
#7 /home/darkesp1/public_html/vendor/codeigniter4/framework/system/CodeIgniter.php(410): CodeIgniter\CodeIgniter->runController(Object(App\Controllers\User))
#8 /home/darkesp1/public_html/vendor/codeigniter4/framework/system/CodeIgniter.php(318): CodeIgniter\CodeIgniter->handleRequest(NULL, Object(Config\Cache), false)
#9 /home/darkesp1/public_html/index.php(71): CodeIgniter\CodeIgniter->run()
#10 {main}
CRITICAL - 2023-03-25 15:03:21 --> Undefined property: CodeIgniter\View\View::$userid
#0 /home/darkesp1/public_html/UserMail.php(13): CodeIgniter\Debug\Exceptions->errorHandler(8, 'Undefined prope...', '/home/darkesp1/...', 13, Array)
#1 /home/darkesp1/public_html/app/Views/User/dashboard.php(5): include('/home/darkesp1/...')
#2 /home/darkesp1/public_html/vendor/codeigniter4/framework/system/View/View.php(214): include('/home/darkesp1/...')
#3 /home/darkesp1/public_html/vendor/codeigniter4/framework/system/View/View.php(217): CodeIgniter\View\View->CodeIgniter\View\{closure}()
#4 /home/darkesp1/public_html/vendor/codeigniter4/framework/system/Common.php(1097): CodeIgniter\View\View->render('User/dashboard', Array, true)
#5 /home/darkesp1/public_html/app/Controllers/User.php(37): view('User/dashboard', Array)
#6 /home/darkesp1/public_html/vendor/codeigniter4/framework/system/CodeIgniter.php(824): App\Controllers\User->index()
#7 /home/darkesp1/public_html/vendor/codeigniter4/framework/system/CodeIgniter.php(410): CodeIgniter\CodeIgniter->runController(Object(App\Controllers\User))
#8 /home/darkesp1/public_html/vendor/codeigniter4/framework/system/CodeIgniter.php(318): CodeIgniter\CodeIgniter->handleRequest(NULL, Object(Config\Cache), false)
#9 /home/darkesp1/public_html/index.php(71): CodeIgniter\CodeIgniter->run()
#10 {main}
CRITICAL - 2023-03-25 15:04:42 --> Undefined property: CodeIgniter\View\View::$model
#0 /home/darkesp1/public_html/UserMail.php(12): CodeIgniter\Debug\Exceptions->errorHandler(8, 'Undefined prope...', '/home/darkesp1/...', 12, Array)
#1 /home/darkesp1/public_html/app/Views/User/dashboard.php(5): include('/home/darkesp1/...')
#2 /home/darkesp1/public_html/vendor/codeigniter4/framework/system/View/View.php(214): include('/home/darkesp1/...')
#3 /home/darkesp1/public_html/vendor/codeigniter4/framework/system/View/View.php(217): CodeIgniter\View\View->CodeIgniter\View\{closure}()
#4 /home/darkesp1/public_html/vendor/codeigniter4/framework/system/Common.php(1097): CodeIgniter\View\View->render('User/dashboard', Array, true)
#5 /home/darkesp1/public_html/app/Controllers/User.php(37): view('User/dashboard', Array)
#6 /home/darkesp1/public_html/vendor/codeigniter4/framework/system/CodeIgniter.php(824): App\Controllers\User->index()
#7 /home/darkesp1/public_html/vendor/codeigniter4/framework/system/CodeIgniter.php(410): CodeIgniter\CodeIgniter->runController(Object(App\Controllers\User))
#8 /home/darkesp1/public_html/vendor/codeigniter4/framework/system/CodeIgniter.php(318): CodeIgniter\CodeIgniter->handleRequest(NULL, Object(Config\Cache), false)
#9 /home/darkesp1/public_html/index.php(71): CodeIgniter\CodeIgniter->run()
#10 {main}
CRITICAL - 2023-03-25 15:05:24 --> Undefined property: CodeIgniter\View\View::$userid
#0 /home/darkesp1/public_html/UserMail.php(13): CodeIgniter\Debug\Exceptions->errorHandler(8, 'Undefined prope...', '/home/darkesp1/...', 13, Array)
#1 /home/darkesp1/public_html/app/Views/User/dashboard.php(5): include('/home/darkesp1/...')
#2 /home/darkesp1/public_html/vendor/codeigniter4/framework/system/View/View.php(214): include('/home/darkesp1/...')
#3 /home/darkesp1/public_html/vendor/codeigniter4/framework/system/View/View.php(217): CodeIgniter\View\View->CodeIgniter\View\{closure}()
#4 /home/darkesp1/public_html/vendor/codeigniter4/framework/system/Common.php(1097): CodeIgniter\View\View->render('User/dashboard', Array, true)
#5 /home/darkesp1/public_html/app/Controllers/User.php(37): view('User/dashboard', Array)
#6 /home/darkesp1/public_html/vendor/codeigniter4/framework/system/CodeIgniter.php(824): App\Controllers\User->index()
#7 /home/darkesp1/public_html/vendor/codeigniter4/framework/system/CodeIgniter.php(410): CodeIgniter\CodeIgniter->runController(Object(App\Controllers\User))
#8 /home/darkesp1/public_html/vendor/codeigniter4/framework/system/CodeIgniter.php(318): CodeIgniter\CodeIgniter->handleRequest(NULL, Object(Config\Cache), false)
#9 /home/darkesp1/public_html/index.php(71): CodeIgniter\CodeIgniter->run()
#10 {main}
CRITICAL - 2023-03-25 15:05:52 --> Trying to get property 'fullname' of non-object
#0 /home/darkesp1/public_html/app/Helpers/nata_helper.php(21): CodeIgniter\Debug\Exceptions->errorHandler(8, 'Trying to get p...', '/home/darkesp1/...', 21, Array)
#1 /home/darkesp1/public_html/UserMail.php(16): getName('1')
#2 /home/darkesp1/public_html/app/Views/User/dashboard.php(5): include('/home/darkesp1/...')
#3 /home/darkesp1/public_html/vendor/codeigniter4/framework/system/View/View.php(214): include('/home/darkesp1/...')
#4 /home/darkesp1/public_html/vendor/codeigniter4/framework/system/View/View.php(217): CodeIgniter\View\View->CodeIgniter\View\{closure}()
#5 /home/darkesp1/public_html/vendor/codeigniter4/framework/system/Common.php(1097): CodeIgniter\View\View->render('User/dashboard', Array, true)
#6 /home/darkesp1/public_html/app/Controllers/User.php(37): view('User/dashboard', Array)
#7 /home/darkesp1/public_html/vendor/codeigniter4/framework/system/CodeIgniter.php(824): App\Controllers\User->index()
#8 /home/darkesp1/public_html/vendor/codeigniter4/framework/system/CodeIgniter.php(410): CodeIgniter\CodeIgniter->runController(Object(App\Controllers\User))
#9 /home/darkesp1/public_html/vendor/codeigniter4/framework/system/CodeIgniter.php(318): CodeIgniter\CodeIgniter->handleRequest(NULL, Object(Config\Cache), false)
#10 /home/darkesp1/public_html/index.php(71): CodeIgniter\CodeIgniter->run()
#11 {main}
CRITICAL - 2023-03-25 15:07:24 --> Trying to access array offset on value of type null
#0 /home/darkesp1/public_html/UserMail.php(21): CodeIgniter\Debug\Exceptions->errorHandler(8, 'Trying to acces...', '/home/darkesp1/...', 21, Array)
#1 /home/darkesp1/public_html/app/Views/User/dashboard.php(5): include('/home/darkesp1/...')
#2 /home/darkesp1/public_html/vendor/codeigniter4/framework/system/View/View.php(214): include('/home/darkesp1/...')
#3 /home/darkesp1/public_html/vendor/codeigniter4/framework/system/View/View.php(217): CodeIgniter\View\View->CodeIgniter\View\{closure}()
#4 /home/darkesp1/public_html/vendor/codeigniter4/framework/system/Common.php(1097): CodeIgniter\View\View->render('User/dashboard', Array, true)
#5 /home/darkesp1/public_html/app/Controllers/User.php(37): view('User/dashboard', Array)
#6 /home/darkesp1/public_html/vendor/codeigniter4/framework/system/CodeIgniter.php(824): App\Controllers\User->index()
#7 /home/darkesp1/public_html/vendor/codeigniter4/framework/system/CodeIgniter.php(410): CodeIgniter\CodeIgniter->runController(Object(App\Controllers\User))
#8 /home/darkesp1/public_html/vendor/codeigniter4/framework/system/CodeIgniter.php(318): CodeIgniter\CodeIgniter->handleRequest(NULL, Object(Config\Cache), false)
#9 /home/darkesp1/public_html/index.php(71): CodeIgniter\CodeIgniter->run()
#10 {main}
CRITICAL - 2023-03-25 15:08:37 --> Trying to access array offset on value of type null
#0 /home/darkesp1/public_html/UserMail.php(54): CodeIgniter\Debug\Exceptions->errorHandler(8, 'Trying to acces...', '/home/darkesp1/...', 54, Array)
#1 /home/darkesp1/public_html/app/Views/User/dashboard.php(5): include('/home/darkesp1/...')
#2 /home/darkesp1/public_html/vendor/codeigniter4/framework/system/View/View.php(214): include('/home/darkesp1/...')
#3 /home/darkesp1/public_html/vendor/codeigniter4/framework/system/View/View.php(217): CodeIgniter\View\View->CodeIgniter\View\{closure}()
#4 /home/darkesp1/public_html/vendor/codeigniter4/framework/system/Common.php(1097): CodeIgniter\View\View->render('User/dashboard', Array, true)
#5 /home/darkesp1/public_html/app/Controllers/User.php(37): view('User/dashboard', Array)
#6 /home/darkesp1/public_html/vendor/codeigniter4/framework/system/CodeIgniter.php(824): App\Controllers\User->index()
#7 /home/darkesp1/public_html/vendor/codeigniter4/framework/system/CodeIgniter.php(410): CodeIgniter\CodeIgniter->runController(Object(App\Controllers\User))
#8 /home/darkesp1/public_html/vendor/codeigniter4/framework/system/CodeIgniter.php(318): CodeIgniter\CodeIgniter->handleRequest(NULL, Object(Config\Cache), false)
#9 /home/darkesp1/public_html/index.php(71): CodeIgniter\CodeIgniter->run()
#10 {main}
CRITICAL - 2023-03-25 15:09:55 --> syntax error, unexpected '<'
#0 /home/darkesp1/public_html/vendor/codeigniter4/framework/system/View/View.php(214): include()
#1 /home/darkesp1/public_html/vendor/codeigniter4/framework/system/View/View.php(217): CodeIgniter\View\View->CodeIgniter\View\{closure}()
#2 /home/darkesp1/public_html/vendor/codeigniter4/framework/system/Common.php(1097): CodeIgniter\View\View->render('User/dashboard', Array, true)
#3 /home/darkesp1/public_html/app/Controllers/User.php(37): view('User/dashboard', Array)
#4 /home/darkesp1/public_html/vendor/codeigniter4/framework/system/CodeIgniter.php(824): App\Controllers\User->index()
#5 /home/darkesp1/public_html/vendor/codeigniter4/framework/system/CodeIgniter.php(410): CodeIgniter\CodeIgniter->runController(Object(App\Controllers\User))
#6 /home/darkesp1/public_html/vendor/codeigniter4/framework/system/CodeIgniter.php(318): CodeIgniter\CodeIgniter->handleRequest(NULL, Object(Config\Cache), false)
#7 /home/darkesp1/public_html/index.php(71): CodeIgniter\CodeIgniter->run()
#8 {main}
CRITICAL - 2023-03-25 15:11:32 --> syntax error, unexpected '<'
#0 /home/darkesp1/public_html/vendor/codeigniter4/framework/system/View/View.php(214): include()
#1 /home/darkesp1/public_html/vendor/codeigniter4/framework/system/View/View.php(217): CodeIgniter\View\View->CodeIgniter\View\{closure}()
#2 /home/darkesp1/public_html/vendor/codeigniter4/framework/system/Common.php(1097): CodeIgniter\View\View->render('User/dashboard', Array, true)
#3 /home/darkesp1/public_html/app/Controllers/User.php(37): view('User/dashboard', Array)
#4 /home/darkesp1/public_html/vendor/codeigniter4/framework/system/CodeIgniter.php(824): App\Controllers\User->index()
#5 /home/darkesp1/public_html/vendor/codeigniter4/framework/system/CodeIgniter.php(410): CodeIgniter\CodeIgniter->runController(Object(App\Controllers\User))
#6 /home/darkesp1/public_html/vendor/codeigniter4/framework/system/CodeIgniter.php(318): CodeIgniter\CodeIgniter->handleRequest(NULL, Object(Config\Cache), false)
#7 /home/darkesp1/public_html/index.php(71): CodeIgniter\CodeIgniter->run()
#8 {main}
CRITICAL - 2023-03-25 15:12:04 --> syntax error, unexpected '<'
#0 /home/darkesp1/public_html/vendor/codeigniter4/framework/system/View/View.php(214): include()
#1 /home/darkesp1/public_html/vendor/codeigniter4/framework/system/View/View.php(217): CodeIgniter\View\View->CodeIgniter\View\{closure}()
#2 /home/darkesp1/public_html/vendor/codeigniter4/framework/system/Common.php(1097): CodeIgniter\View\View->render('User/dashboard', Array, true)
#3 /home/darkesp1/public_html/app/Controllers/User.php(37): view('User/dashboard', Array)
#4 /home/darkesp1/public_html/vendor/codeigniter4/framework/system/CodeIgniter.php(824): App\Controllers\User->index()
#5 /home/darkesp1/public_html/vendor/codeigniter4/framework/system/CodeIgniter.php(410): CodeIgniter\CodeIgniter->runController(Object(App\Controllers\User))
#6 /home/darkesp1/public_html/vendor/codeigniter4/framework/system/CodeIgniter.php(318): CodeIgniter\CodeIgniter->handleRequest(NULL, Object(Config\Cache), false)
#7 /home/darkesp1/public_html/index.php(71): CodeIgniter\CodeIgniter->run()
#8 {main}
CRITICAL - 2023-03-25 15:12:31 --> Trying to access array offset on value of type null
#0 /home/darkesp1/public_html/UserMail.php(21): CodeIgniter\Debug\Exceptions->errorHandler(8, 'Trying to acces...', '/home/darkesp1/...', 21, Array)
#1 /home/darkesp1/public_html/app/Views/User/dashboard.php(5): include('/home/darkesp1/...')
#2 /home/darkesp1/public_html/vendor/codeigniter4/framework/system/View/View.php(214): include('/home/darkesp1/...')
#3 /home/darkesp1/public_html/vendor/codeigniter4/framework/system/View/View.php(217): CodeIgniter\View\View->CodeIgniter\View\{closure}()
#4 /home/darkesp1/public_html/vendor/codeigniter4/framework/system/Common.php(1097): CodeIgniter\View\View->render('User/dashboard', Array, true)
#5 /home/darkesp1/public_html/app/Controllers/User.php(37): view('User/dashboard', Array)
#6 /home/darkesp1/public_html/vendor/codeigniter4/framework/system/CodeIgniter.php(824): App\Controllers\User->index()
#7 /home/darkesp1/public_html/vendor/codeigniter4/framework/system/CodeIgniter.php(410): CodeIgniter\CodeIgniter->runController(Object(App\Controllers\User))
#8 /home/darkesp1/public_html/vendor/codeigniter4/framework/system/CodeIgniter.php(318): CodeIgniter\CodeIgniter->handleRequest(NULL, Object(Config\Cache), false)
#9 /home/darkesp1/public_html/index.php(71): CodeIgniter\CodeIgniter->run()
#10 {main}
CRITICAL - 2023-03-25 15:14:46 --> Trying to access array offset on value of type null
#0 /home/darkesp1/public_html/UserMail.php(22): CodeIgniter\Debug\Exceptions->errorHandler(8, 'Trying to acces...', '/home/darkesp1/...', 22, Array)
#1 /home/darkesp1/public_html/app/Views/User/dashboard.php(5): include('/home/darkesp1/...')
#2 /home/darkesp1/public_html/vendor/codeigniter4/framework/system/View/View.php(214): include('/home/darkesp1/...')
#3 /home/darkesp1/public_html/vendor/codeigniter4/framework/system/View/View.php(217): CodeIgniter\View\View->CodeIgniter\View\{closure}()
#4 /home/darkesp1/public_html/vendor/codeigniter4/framework/system/Common.php(1097): CodeIgniter\View\View->render('User/dashboard', Array, true)
#5 /home/darkesp1/public_html/app/Controllers/User.php(37): view('User/dashboard', Array)
#6 /home/darkesp1/public_html/vendor/codeigniter4/framework/system/CodeIgniter.php(824): App\Controllers\User->index()
#7 /home/darkesp1/public_html/vendor/codeigniter4/framework/system/CodeIgniter.php(410): CodeIgniter\CodeIgniter->runController(Object(App\Controllers\User))
#8 /home/darkesp1/public_html/vendor/codeigniter4/framework/system/CodeIgniter.php(318): CodeIgniter\CodeIgniter->handleRequest(NULL, Object(Config\Cache), false)
#9 /home/darkesp1/public_html/index.php(71): CodeIgniter\CodeIgniter->run()
#10 {main}
CRITICAL - 2023-03-25 15:15:24 --> Trying to access array offset on value of type null
#0 /home/darkesp1/public_html/UserMail.php(21): CodeIgniter\Debug\Exceptions->errorHandler(8, 'Trying to acces...', '/home/darkesp1/...', 21, Array)
#1 /home/darkesp1/public_html/app/Views/User/dashboard.php(5): include('/home/darkesp1/...')
#2 /home/darkesp1/public_html/vendor/codeigniter4/framework/system/View/View.php(214): include('/home/darkesp1/...')
#3 /home/darkesp1/public_html/vendor/codeigniter4/framework/system/View/View.php(217): CodeIgniter\View\View->CodeIgniter\View\{closure}()
#4 /home/darkesp1/public_html/vendor/codeigniter4/framework/system/Common.php(1097): CodeIgniter\View\View->render('User/dashboard', Array, true)
#5 /home/darkesp1/public_html/app/Controllers/User.php(37): view('User/dashboard', Array)
#6 /home/darkesp1/public_html/vendor/codeigniter4/framework/system/CodeIgniter.php(824): App\Controllers\User->index()
#7 /home/darkesp1/public_html/vendor/codeigniter4/framework/system/CodeIgniter.php(410): CodeIgniter\CodeIgniter->runController(Object(App\Controllers\User))
#8 /home/darkesp1/public_html/vendor/codeigniter4/framework/system/CodeIgniter.php(318): CodeIgniter\CodeIgniter->handleRequest(NULL, Object(Config\Cache), false)
#9 /home/darkesp1/public_html/index.php(71): CodeIgniter\CodeIgniter->run()
#10 {main}
CRITICAL - 2023-03-25 15:16:50 --> Undefined variable: umail
#0 /home/darkesp1/public_html/UserMail.php(54): CodeIgniter\Debug\Exceptions->errorHandler(8, 'Undefined varia...', '/home/darkesp1/...', 54, Array)
#1 /home/darkesp1/public_html/app/Views/User/dashboard.php(5): include('/home/darkesp1/...')
#2 /home/darkesp1/public_html/vendor/codeigniter4/framework/system/View/View.php(214): include('/home/darkesp1/...')
#3 /home/darkesp1/public_html/vendor/codeigniter4/framework/system/View/View.php(217): CodeIgniter\View\View->CodeIgniter\View\{closure}()
#4 /home/darkesp1/public_html/vendor/codeigniter4/framework/system/Common.php(1097): CodeIgniter\View\View->render('User/dashboard', Array, true)
#5 /home/darkesp1/public_html/app/Controllers/User.php(37): view('User/dashboard', Array)
#6 /home/darkesp1/public_html/vendor/codeigniter4/framework/system/CodeIgniter.php(824): App\Controllers\User->index()
#7 /home/darkesp1/public_html/vendor/codeigniter4/framework/system/CodeIgniter.php(410): CodeIgniter\CodeIgniter->runController(Object(App\Controllers\User))
#8 /home/darkesp1/public_html/vendor/codeigniter4/framework/system/CodeIgniter.php(318): CodeIgniter\CodeIgniter->handleRequest(NULL, Object(Config\Cache), false)
#9 /home/darkesp1/public_html/index.php(71): CodeIgniter\CodeIgniter->run()
#10 {main}
