CRITICAL - 2022-06-20 23:23:16 --> Access denied for user 'linuxedu_jangra'@'localhost' (using password: YES)
#0 /home/offveptk/public_html/online/app/Views/Server/conn.php(8): mysqli_connect('localhost', 'linuxedu_jangra', '0okm)OKM$14', 'linuxedu_jangra')
#1 /home/offveptk/public_html/online/app/Views/Server/Server.php(3): include('/home/offveptk/...')
#2 /home/offveptk/public_html/online/vendor/codeigniter4/framework/system/View/View.php(214): include('/home/offveptk/...')
#3 /home/offveptk/public_html/online/vendor/codeigniter4/framework/system/View/View.php(217): CodeIgniter\View\View->CodeIgniter\View\{closure}()
#4 /home/offveptk/public_html/online/vendor/codeigniter4/framework/system/Common.php(1097): CodeIgniter\View\View->render('Server/Server', Array, true)
#5 /home/offveptk/public_html/online/app/Controllers/User.php(295): view('Server/Server', Array)
#6 /home/offveptk/public_html/online/vendor/codeigniter4/framework/system/CodeIgniter.php(824): App\Controllers\User->Server()
#7 /home/offveptk/public_html/online/vendor/codeigniter4/framework/system/CodeIgniter.php(410): CodeIgniter\CodeIgniter->runController(Object(App\Controllers\User))
#8 /home/offveptk/public_html/online/vendor/codeigniter4/framework/system/CodeIgniter.php(318): CodeIgniter\CodeIgniter->handleRequest(NULL, Object(Config\Cache), false)
#9 /home/offveptk/public_html/online/public/index.php(37): CodeIgniter\CodeIgniter->run()
#10 {main}
CRITICAL - 2022-06-20 23:23:59 --> Unknown column 'id' in 'where clause'
#0 /home/offveptk/public_html/online/app/Views/Server/Server.php(7): mysqli_query(Object(mysqli), 'select * from o...')
#1 /home/offveptk/public_html/online/vendor/codeigniter4/framework/system/View/View.php(214): include('/home/offveptk/...')
#2 /home/offveptk/public_html/online/vendor/codeigniter4/framework/system/View/View.php(217): CodeIgniter\View\View->CodeIgniter\View\{closure}()
#3 /home/offveptk/public_html/online/vendor/codeigniter4/framework/system/Common.php(1097): CodeIgniter\View\View->render('Server/Server', Array, true)
#4 /home/offveptk/public_html/online/app/Controllers/User.php(295): view('Server/Server', Array)
#5 /home/offveptk/public_html/online/vendor/codeigniter4/framework/system/CodeIgniter.php(824): App\Controllers\User->Server()
#6 /home/offveptk/public_html/online/vendor/codeigniter4/framework/system/CodeIgniter.php(410): CodeIgniter\CodeIgniter->runController(Object(App\Controllers\User))
#7 /home/offveptk/public_html/online/vendor/codeigniter4/framework/system/CodeIgniter.php(318): CodeIgniter\CodeIgniter->handleRequest(NULL, Object(Config\Cache), false)
#8 /home/offveptk/public_html/online/public/index.php(37): CodeIgniter\CodeIgniter->run()
#9 {main}
CRITICAL - 2022-06-20 23:24:05 --> Unknown column 'id' in 'where clause'
#0 /home/offveptk/public_html/online/app/Views/Server/Server.php(7): mysqli_query(Object(mysqli), 'select * from o...')
#1 /home/offveptk/public_html/online/vendor/codeigniter4/framework/system/View/View.php(214): include('/home/offveptk/...')
#2 /home/offveptk/public_html/online/vendor/codeigniter4/framework/system/View/View.php(217): CodeIgniter\View\View->CodeIgniter\View\{closure}()
#3 /home/offveptk/public_html/online/vendor/codeigniter4/framework/system/Common.php(1097): CodeIgniter\View\View->render('Server/Server', Array, true)
#4 /home/offveptk/public_html/online/app/Controllers/User.php(295): view('Server/Server', Array)
#5 /home/offveptk/public_html/online/vendor/codeigniter4/framework/system/CodeIgniter.php(824): App\Controllers\User->Server()
#6 /home/offveptk/public_html/online/vendor/codeigniter4/framework/system/CodeIgniter.php(410): CodeIgniter\CodeIgniter->runController(Object(App\Controllers\User))
#7 /home/offveptk/public_html/online/vendor/codeigniter4/framework/system/CodeIgniter.php(318): CodeIgniter\CodeIgniter->handleRequest(NULL, Object(Config\Cache), false)
#8 /home/offveptk/public_html/online/public/index.php(37): CodeIgniter\CodeIgniter->run()
#9 {main}
CRITICAL - 2022-06-20 23:25:00 --> Unknown column 'id' in 'where clause'
#0 /home/offveptk/public_html/online/app/Views/Server/Server.php(7): mysqli_query(Object(mysqli), 'select * from o...')
#1 /home/offveptk/public_html/online/vendor/codeigniter4/framework/system/View/View.php(214): include('/home/offveptk/...')
#2 /home/offveptk/public_html/online/vendor/codeigniter4/framework/system/View/View.php(217): CodeIgniter\View\View->CodeIgniter\View\{closure}()
#3 /home/offveptk/public_html/online/vendor/codeigniter4/framework/system/Common.php(1097): CodeIgniter\View\View->render('Server/Server', Array, true)
#4 /home/offveptk/public_html/online/app/Controllers/User.php(295): view('Server/Server', Array)
#5 /home/offveptk/public_html/online/vendor/codeigniter4/framework/system/CodeIgniter.php(824): App\Controllers\User->Server()
#6 /home/offveptk/public_html/online/vendor/codeigniter4/framework/system/CodeIgniter.php(410): CodeIgniter\CodeIgniter->runController(Object(App\Controllers\User))
#7 /home/offveptk/public_html/online/vendor/codeigniter4/framework/system/CodeIgniter.php(318): CodeIgniter\CodeIgniter->handleRequest(NULL, Object(Config\Cache), false)
#8 /home/offveptk/public_html/online/public/index.php(37): CodeIgniter\CodeIgniter->run()
#9 {main}
CRITICAL - 2022-06-20 23:25:02 --> Unknown column 'id' in 'where clause'
#0 /home/offveptk/public_html/online/app/Views/Server/Server.php(7): mysqli_query(Object(mysqli), 'select * from o...')
#1 /home/offveptk/public_html/online/vendor/codeigniter4/framework/system/View/View.php(214): include('/home/offveptk/...')
#2 /home/offveptk/public_html/online/vendor/codeigniter4/framework/system/View/View.php(217): CodeIgniter\View\View->CodeIgniter\View\{closure}()
#3 /home/offveptk/public_html/online/vendor/codeigniter4/framework/system/Common.php(1097): CodeIgniter\View\View->render('Server/Server', Array, true)
#4 /home/offveptk/public_html/online/app/Controllers/User.php(295): view('Server/Server', Array)
#5 /home/offveptk/public_html/online/vendor/codeigniter4/framework/system/CodeIgniter.php(824): App\Controllers\User->Server()
#6 /home/offveptk/public_html/online/vendor/codeigniter4/framework/system/CodeIgniter.php(410): CodeIgniter\CodeIgniter->runController(Object(App\Controllers\User))
#7 /home/offveptk/public_html/online/vendor/codeigniter4/framework/system/CodeIgniter.php(318): CodeIgniter\CodeIgniter->handleRequest(NULL, Object(Config\Cache), false)
#8 /home/offveptk/public_html/online/public/index.php(37): CodeIgniter\CodeIgniter->run()
#9 {main}
CRITICAL - 2022-06-20 23:30:05 --> Unknown column 'id' in 'where clause'
#0 /home/offveptk/public_html/online/app/Views/Server/Server.php(7): mysqli_query(Object(mysqli), 'select * from o...')
#1 /home/offveptk/public_html/online/vendor/codeigniter4/framework/system/View/View.php(214): include('/home/offveptk/...')
#2 /home/offveptk/public_html/online/vendor/codeigniter4/framework/system/View/View.php(217): CodeIgniter\View\View->CodeIgniter\View\{closure}()
#3 /home/offveptk/public_html/online/vendor/codeigniter4/framework/system/Common.php(1097): CodeIgniter\View\View->render('Server/Server', Array, true)
#4 /home/offveptk/public_html/online/app/Controllers/User.php(295): view('Server/Server', Array)
#5 /home/offveptk/public_html/online/vendor/codeigniter4/framework/system/CodeIgniter.php(824): App\Controllers\User->Server()
#6 /home/offveptk/public_html/online/vendor/codeigniter4/framework/system/CodeIgniter.php(410): CodeIgniter\CodeIgniter->runController(Object(App\Controllers\User))
#7 /home/offveptk/public_html/online/vendor/codeigniter4/framework/system/CodeIgniter.php(318): CodeIgniter\CodeIgniter->handleRequest(NULL, Object(Config\Cache), false)
#8 /home/offveptk/public_html/online/public/index.php(37): CodeIgniter\CodeIgniter->run()
#9 {main}
CRITICAL - 2022-06-20 23:44:34 --> Unknown column 'id' in 'where clause'
#0 /home/offveptk/public_html/online/app/Views/Server/Server.php(7): mysqli_query(Object(mysqli), 'select * from o...')
#1 /home/offveptk/public_html/online/vendor/codeigniter4/framework/system/View/View.php(214): include('/home/offveptk/...')
#2 /home/offveptk/public_html/online/vendor/codeigniter4/framework/system/View/View.php(217): CodeIgniter\View\View->CodeIgniter\View\{closure}()
#3 /home/offveptk/public_html/online/vendor/codeigniter4/framework/system/Common.php(1097): CodeIgniter\View\View->render('Server/Server', Array, true)
#4 /home/offveptk/public_html/online/app/Controllers/User.php(295): view('Server/Server', Array)
#5 /home/offveptk/public_html/online/vendor/codeigniter4/framework/system/CodeIgniter.php(824): App\Controllers\User->Server()
#6 /home/offveptk/public_html/online/vendor/codeigniter4/framework/system/CodeIgniter.php(410): CodeIgniter\CodeIgniter->runController(Object(App\Controllers\User))
#7 /home/offveptk/public_html/online/vendor/codeigniter4/framework/system/CodeIgniter.php(318): CodeIgniter\CodeIgniter->handleRequest(NULL, Object(Config\Cache), false)
#8 /home/offveptk/public_html/online/public/index.php(37): CodeIgniter\CodeIgniter->run()
#9 {main}
CRITICAL - 2022-06-20 23:44:50 --> Unknown column 'id' in 'where clause'
#0 /home/offveptk/public_html/online/app/Views/Server/Server.php(7): mysqli_query(Object(mysqli), 'select * from o...')
#1 /home/offveptk/public_html/online/vendor/codeigniter4/framework/system/View/View.php(214): include('/home/offveptk/...')
#2 /home/offveptk/public_html/online/vendor/codeigniter4/framework/system/View/View.php(217): CodeIgniter\View\View->CodeIgniter\View\{closure}()
#3 /home/offveptk/public_html/online/vendor/codeigniter4/framework/system/Common.php(1097): CodeIgniter\View\View->render('Server/Server', Array, true)
#4 /home/offveptk/public_html/online/app/Controllers/User.php(295): view('Server/Server', Array)
#5 /home/offveptk/public_html/online/vendor/codeigniter4/framework/system/CodeIgniter.php(824): App\Controllers\User->Server()
#6 /home/offveptk/public_html/online/vendor/codeigniter4/framework/system/CodeIgniter.php(410): CodeIgniter\CodeIgniter->runController(Object(App\Controllers\User))
#7 /home/offveptk/public_html/online/vendor/codeigniter4/framework/system/CodeIgniter.php(318): CodeIgniter\CodeIgniter->handleRequest(NULL, Object(Config\Cache), false)
#8 /home/offveptk/public_html/online/public/index.php(37): CodeIgniter\CodeIgniter->run()
#9 {main}
CRITICAL - 2022-06-20 23:45:51 --> Unknown column 'id' in 'where clause'
#0 /home/offveptk/public_html/online/app/Views/Server/Server.php(7): mysqli_query(Object(mysqli), 'select * from o...')
#1 /home/offveptk/public_html/online/vendor/codeigniter4/framework/system/View/View.php(214): include('/home/offveptk/...')
#2 /home/offveptk/public_html/online/vendor/codeigniter4/framework/system/View/View.php(217): CodeIgniter\View\View->CodeIgniter\View\{closure}()
#3 /home/offveptk/public_html/online/vendor/codeigniter4/framework/system/Common.php(1097): CodeIgniter\View\View->render('Server/Server', Array, true)
#4 /home/offveptk/public_html/online/app/Controllers/User.php(295): view('Server/Server', Array)
#5 /home/offveptk/public_html/online/vendor/codeigniter4/framework/system/CodeIgniter.php(824): App\Controllers\User->Server()
#6 /home/offveptk/public_html/online/vendor/codeigniter4/framework/system/CodeIgniter.php(410): CodeIgniter\CodeIgniter->runController(Object(App\Controllers\User))
#7 /home/offveptk/public_html/online/vendor/codeigniter4/framework/system/CodeIgniter.php(318): CodeIgniter\CodeIgniter->handleRequest(NULL, Object(Config\Cache), false)
#8 /home/offveptk/public_html/online/public/index.php(37): CodeIgniter\CodeIgniter->run()
#9 {main}
CRITICAL - 2022-06-20 23:45:54 --> Unknown column 'id' in 'where clause'
#0 /home/offveptk/public_html/online/app/Views/Server/Server.php(7): mysqli_query(Object(mysqli), 'select * from o...')
#1 /home/offveptk/public_html/online/vendor/codeigniter4/framework/system/View/View.php(214): include('/home/offveptk/...')
#2 /home/offveptk/public_html/online/vendor/codeigniter4/framework/system/View/View.php(217): CodeIgniter\View\View->CodeIgniter\View\{closure}()
#3 /home/offveptk/public_html/online/vendor/codeigniter4/framework/system/Common.php(1097): CodeIgniter\View\View->render('Server/Server', Array, true)
#4 /home/offveptk/public_html/online/app/Controllers/User.php(295): view('Server/Server', Array)
#5 /home/offveptk/public_html/online/vendor/codeigniter4/framework/system/CodeIgniter.php(824): App\Controllers\User->Server()
#6 /home/offveptk/public_html/online/vendor/codeigniter4/framework/system/CodeIgniter.php(410): CodeIgniter\CodeIgniter->runController(Object(App\Controllers\User))
#7 /home/offveptk/public_html/online/vendor/codeigniter4/framework/system/CodeIgniter.php(318): CodeIgniter\CodeIgniter->handleRequest(NULL, Object(Config\Cache), false)
#8 /home/offveptk/public_html/online/public/index.php(37): CodeIgniter\CodeIgniter->run()
#9 {main}
CRITICAL - 2022-06-20 23:56:19 --> Trying to access array offset on value of type null
#0 /home/offveptk/public_html/online/app/Views/Server/Server.php(97): CodeIgniter\Debug\Exceptions->errorHandler(8, 'Trying to acces...', '/home/offveptk/...', 97, Array)
#1 /home/offveptk/public_html/online/vendor/codeigniter4/framework/system/View/View.php(214): include('/home/offveptk/...')
#2 /home/offveptk/public_html/online/vendor/codeigniter4/framework/system/View/View.php(217): CodeIgniter\View\View->CodeIgniter\View\{closure}()
#3 /home/offveptk/public_html/online/vendor/codeigniter4/framework/system/Common.php(1097): CodeIgniter\View\View->render('Server/Server', Array, true)
#4 /home/offveptk/public_html/online/app/Controllers/User.php(295): view('Server/Server', Array)
#5 /home/offveptk/public_html/online/vendor/codeigniter4/framework/system/CodeIgniter.php(824): App\Controllers\User->Server()
#6 /home/offveptk/public_html/online/vendor/codeigniter4/framework/system/CodeIgniter.php(410): CodeIgniter\CodeIgniter->runController(Object(App\Controllers\User))
#7 /home/offveptk/public_html/online/vendor/codeigniter4/framework/system/CodeIgniter.php(318): CodeIgniter\CodeIgniter->handleRequest(NULL, Object(Config\Cache), false)
#8 /home/offveptk/public_html/online/public/index.php(37): CodeIgniter\CodeIgniter->run()
#9 {main}
