CRITICAL - 2023-01-19 00:06:12 --> There is no data to update.
#0 /home/mrblacke/public_html/vendor/codeigniter4/framework/system/BaseModel.php(846): CodeIgniter\Database\Exceptions\DataException::forEmptyDataset('update')
#1 /home/mrblacke/public_html/vendor/codeigniter4/framework/system/Model.php(646): CodeIgniter\BaseModel->update(NULL, Array)
#2 /home/mrblacke/public_html/app/Controllers/Keys.php(167): CodeIgniter\Model->update()
#3 /home/mrblacke/public_html/vendor/codeigniter4/framework/system/CodeIgniter.php(824): App\Controllers\Keys->api_key_reset()
#4 /home/mrblacke/public_html/vendor/codeigniter4/framework/system/CodeIgniter.php(410): CodeIgniter\CodeIgniter->runController(Object(App\Controllers\Keys))
#5 /home/mrblacke/public_html/vendor/codeigniter4/framework/system/CodeIgniter.php(318): CodeIgniter\CodeIgniter->handleRequest(NULL, Object(Config\Cache), false)
#6 /home/mrblacke/public_html/index.php(37): CodeIgniter\CodeIgniter->run()
#7 {main}
CRITICAL - 2023-01-19 11:56:20 --> There is no data to update.
#0 /home/mrblacke/public_html/vendor/codeigniter4/framework/system/BaseModel.php(846): CodeIgniter\Database\Exceptions\DataException::forEmptyDataset('update')
#1 /home/mrblacke/public_html/vendor/codeigniter4/framework/system/Model.php(646): CodeIgniter\BaseModel->update(NULL, Array)
#2 /home/mrblacke/public_html/app/Controllers/Keys.php(167): CodeIgniter\Model->update()
#3 /home/mrblacke/public_html/vendor/codeigniter4/framework/system/CodeIgniter.php(824): App\Controllers\Keys->api_key_reset()
#4 /home/mrblacke/public_html/vendor/codeigniter4/framework/system/CodeIgniter.php(410): CodeIgniter\CodeIgniter->runController(Object(App\Controllers\Keys))
#5 /home/mrblacke/public_html/vendor/codeigniter4/framework/system/CodeIgniter.php(318): CodeIgniter\CodeIgniter->handleRequest(NULL, Object(Config\Cache), false)
#6 /home/mrblacke/public_html/index.php(37): CodeIgniter\CodeIgniter->run()
#7 {main}
CRITICAL - 2023-01-19 14:18:11 --> There is no data to update.
#0 /home/mrblacke/public_html/vendor/codeigniter4/framework/system/BaseModel.php(846): CodeIgniter\Database\Exceptions\DataException::forEmptyDataset('update')
#1 /home/mrblacke/public_html/vendor/codeigniter4/framework/system/Model.php(646): CodeIgniter\BaseModel->update(NULL, Array)
#2 /home/mrblacke/public_html/app/Controllers/Keys.php(167): CodeIgniter\Model->update()
#3 /home/mrblacke/public_html/vendor/codeigniter4/framework/system/CodeIgniter.php(824): App\Controllers\Keys->api_key_reset()
#4 /home/mrblacke/public_html/vendor/codeigniter4/framework/system/CodeIgniter.php(410): CodeIgniter\CodeIgniter->runController(Object(App\Controllers\Keys))
#5 /home/mrblacke/public_html/vendor/codeigniter4/framework/system/CodeIgniter.php(318): CodeIgniter\CodeIgniter->handleRequest(NULL, Object(Config\Cache), false)
#6 /home/mrblacke/public_html/index.php(37): CodeIgniter\CodeIgniter->run()
#7 {main}
CRITICAL - 2023-01-19 17:22:21 --> There is no data to update.
#0 /home/mrblacke/public_html/vendor/codeigniter4/framework/system/BaseModel.php(846): CodeIgniter\Database\Exceptions\DataException::forEmptyDataset('update')
#1 /home/mrblacke/public_html/vendor/codeigniter4/framework/system/Model.php(646): CodeIgniter\BaseModel->update(NULL, Array)
#2 /home/mrblacke/public_html/app/Controllers/Keys.php(167): CodeIgniter\Model->update()
#3 /home/mrblacke/public_html/vendor/codeigniter4/framework/system/CodeIgniter.php(824): App\Controllers\Keys->api_key_reset()
#4 /home/mrblacke/public_html/vendor/codeigniter4/framework/system/CodeIgniter.php(410): CodeIgniter\CodeIgniter->runController(Object(App\Controllers\Keys))
#5 /home/mrblacke/public_html/vendor/codeigniter4/framework/system/CodeIgniter.php(318): CodeIgniter\CodeIgniter->handleRequest(NULL, Object(Config\Cache), false)
#6 /home/mrblacke/public_html/index.php(37): CodeIgniter\CodeIgniter->run()
#7 {main}
CRITICAL - 2023-01-19 17:28:45 --> There is no data to update.
#0 /home/mrblacke/public_html/vendor/codeigniter4/framework/system/BaseModel.php(846): CodeIgniter\Database\Exceptions\DataException::forEmptyDataset('update')
#1 /home/mrblacke/public_html/vendor/codeigniter4/framework/system/Model.php(646): CodeIgniter\BaseModel->update(NULL, Array)
#2 /home/mrblacke/public_html/app/Controllers/Keys.php(167): CodeIgniter\Model->update()
#3 /home/mrblacke/public_html/vendor/codeigniter4/framework/system/CodeIgniter.php(824): App\Controllers\Keys->api_key_reset()
#4 /home/mrblacke/public_html/vendor/codeigniter4/framework/system/CodeIgniter.php(410): CodeIgniter\CodeIgniter->runController(Object(App\Controllers\Keys))
#5 /home/mrblacke/public_html/vendor/codeigniter4/framework/system/CodeIgniter.php(318): CodeIgniter\CodeIgniter->handleRequest(NULL, Object(Config\Cache), false)
#6 /home/mrblacke/public_html/index.php(37): CodeIgniter\CodeIgniter->run()
#7 {main}
CRITICAL - 2023-01-19 21:31:30 --> There is no data to update.
#0 /home/mrblacke/public_html/vendor/codeigniter4/framework/system/BaseModel.php(846): CodeIgniter\Database\Exceptions\DataException::forEmptyDataset('update')
#1 /home/mrblacke/public_html/vendor/codeigniter4/framework/system/Model.php(646): CodeIgniter\BaseModel->update(NULL, Array)
#2 /home/mrblacke/public_html/app/Controllers/Keys.php(167): CodeIgniter\Model->update()
#3 /home/mrblacke/public_html/vendor/codeigniter4/framework/system/CodeIgniter.php(824): App\Controllers\Keys->api_key_reset()
#4 /home/mrblacke/public_html/vendor/codeigniter4/framework/system/CodeIgniter.php(410): CodeIgniter\CodeIgniter->runController(Object(App\Controllers\Keys))
#5 /home/mrblacke/public_html/vendor/codeigniter4/framework/system/CodeIgniter.php(318): CodeIgniter\CodeIgniter->handleRequest(NULL, Object(Config\Cache), false)
#6 /home/mrblacke/public_html/index.php(37): CodeIgniter\CodeIgniter->run()
#7 {main}
CRITICAL - 2023-01-19 22:24:26 --> Undefined variable: idKeys
#0 /home/mrblacke/public_html/app/Controllers/Keys.php(563): CodeIgniter\Debug\Exceptions->errorHandler(8, 'Undefined varia...', '/home/mrblacke/...', 563, Array)
#1 /home/mrblacke/public_html/app/Controllers/Keys.php(399): App\Controllers\Keys->generate_action()
#2 /home/mrblacke/public_html/vendor/codeigniter4/framework/system/CodeIgniter.php(824): App\Controllers\Keys->generate()
#3 /home/mrblacke/public_html/vendor/codeigniter4/framework/system/CodeIgniter.php(410): CodeIgniter\CodeIgniter->runController(Object(App\Controllers\Keys))
#4 /home/mrblacke/public_html/vendor/codeigniter4/framework/system/CodeIgniter.php(318): CodeIgniter\CodeIgniter->handleRequest(NULL, Object(Config\Cache), false)
#5 /home/mrblacke/public_html/index.php(37): CodeIgniter\CodeIgniter->run()
#6 {main}
CRITICAL - 2023-01-19 22:24:35 --> Undefined variable: idKeys
#0 /home/mrblacke/public_html/app/Controllers/Keys.php(563): CodeIgniter\Debug\Exceptions->errorHandler(8, 'Undefined varia...', '/home/mrblacke/...', 563, Array)
#1 /home/mrblacke/public_html/app/Controllers/Keys.php(399): App\Controllers\Keys->generate_action()
#2 /home/mrblacke/public_html/vendor/codeigniter4/framework/system/CodeIgniter.php(824): App\Controllers\Keys->generate()
#3 /home/mrblacke/public_html/vendor/codeigniter4/framework/system/CodeIgniter.php(410): CodeIgniter\CodeIgniter->runController(Object(App\Controllers\Keys))
#4 /home/mrblacke/public_html/vendor/codeigniter4/framework/system/CodeIgniter.php(318): CodeIgniter\CodeIgniter->handleRequest(NULL, Object(Config\Cache), false)
#5 /home/mrblacke/public_html/index.php(37): CodeIgniter\CodeIgniter->run()
#6 {main}
CRITICAL - 2023-01-19 22:37:56 --> There is no data to update.
#0 /home/mrblacke/public_html/vendor/codeigniter4/framework/system/BaseModel.php(846): CodeIgniter\Database\Exceptions\DataException::forEmptyDataset('update')
#1 /home/mrblacke/public_html/vendor/codeigniter4/framework/system/Model.php(646): CodeIgniter\BaseModel->update(NULL, Array)
#2 /home/mrblacke/public_html/app/Controllers/Keys.php(167): CodeIgniter\Model->update()
#3 /home/mrblacke/public_html/vendor/codeigniter4/framework/system/CodeIgniter.php(824): App\Controllers\Keys->api_key_reset()
#4 /home/mrblacke/public_html/vendor/codeigniter4/framework/system/CodeIgniter.php(410): CodeIgniter\CodeIgniter->runController(Object(App\Controllers\Keys))
#5 /home/mrblacke/public_html/vendor/codeigniter4/framework/system/CodeIgniter.php(318): CodeIgniter\CodeIgniter->handleRequest(NULL, Object(Config\Cache), false)
#6 /home/mrblacke/public_html/index.php(37): CodeIgniter\CodeIgniter->run()
#7 {main}
