CRITICAL - 2022-07-19 17:46:34 --> Undefined variable: idKeys
#0 /home/linuxedu/public_html/traineeweb.xyz/app/Controllers/Keys.php(457): CodeIgniter\Debug\Exceptions->errorHandler(8, 'Undefined varia...', '/home/linuxedu/...', 457, Array)
#1 /home/linuxedu/public_html/traineeweb.xyz/app/Controllers/Keys.php(306): App\Controllers\Keys->generate_action()
#2 /home/linuxedu/public_html/traineeweb.xyz/vendor/codeigniter4/framework/system/CodeIgniter.php(824): App\Controllers\Keys->generate()
#3 /home/linuxedu/public_html/traineeweb.xyz/vendor/codeigniter4/framework/system/CodeIgniter.php(410): CodeIgniter\CodeIgniter->runController(Object(App\Controllers\Keys))
#4 /home/linuxedu/public_html/traineeweb.xyz/vendor/codeigniter4/framework/system/CodeIgniter.php(318): CodeIgniter\CodeIgniter->handleRequest(NULL, Object(Config\Cache), false)
#5 /home/linuxedu/public_html/traineeweb.xyz/public/index.php(37): CodeIgniter\CodeIgniter->run()
#6 {main}
CRITICAL - 2022-07-19 17:46:42 --> Undefined variable: idKeys
#0 /home/linuxedu/public_html/traineeweb.xyz/app/Controllers/Keys.php(457): CodeIgniter\Debug\Exceptions->errorHandler(8, 'Undefined varia...', '/home/linuxedu/...', 457, Array)
#1 /home/linuxedu/public_html/traineeweb.xyz/app/Controllers/Keys.php(306): App\Controllers\Keys->generate_action()
#2 /home/linuxedu/public_html/traineeweb.xyz/vendor/codeigniter4/framework/system/CodeIgniter.php(824): App\Controllers\Keys->generate()
#3 /home/linuxedu/public_html/traineeweb.xyz/vendor/codeigniter4/framework/system/CodeIgniter.php(410): CodeIgniter\CodeIgniter->runController(Object(App\Controllers\Keys))
#4 /home/linuxedu/public_html/traineeweb.xyz/vendor/codeigniter4/framework/system/CodeIgniter.php(318): CodeIgniter\CodeIgniter->handleRequest(NULL, Object(Config\Cache), false)
#5 /home/linuxedu/public_html/traineeweb.xyz/public/index.php(37): CodeIgniter\CodeIgniter->run()
#6 {main}
CRITICAL - 2022-07-19 17:47:37 --> Undefined variable: idKeys
#0 /home/linuxedu/public_html/traineeweb.xyz/app/Controllers/Keys.php(457): CodeIgniter\Debug\Exceptions->errorHandler(8, 'Undefined varia...', '/home/linuxedu/...', 457, Array)
#1 /home/linuxedu/public_html/traineeweb.xyz/app/Controllers/Keys.php(306): App\Controllers\Keys->generate_action()
#2 /home/linuxedu/public_html/traineeweb.xyz/vendor/codeigniter4/framework/system/CodeIgniter.php(824): App\Controllers\Keys->generate()
#3 /home/linuxedu/public_html/traineeweb.xyz/vendor/codeigniter4/framework/system/CodeIgniter.php(410): CodeIgniter\CodeIgniter->runController(Object(App\Controllers\Keys))
#4 /home/linuxedu/public_html/traineeweb.xyz/vendor/codeigniter4/framework/system/CodeIgniter.php(318): CodeIgniter\CodeIgniter->handleRequest(NULL, Object(Config\Cache), false)
#5 /home/linuxedu/public_html/traineeweb.xyz/public/index.php(37): CodeIgniter\CodeIgniter->run()
#6 {main}
ERROR - 2022-07-19 20:06:00 --> Error connecting to the database: Access denied for user '****'@'localhost' (using password: YES)
CRITICAL - 2022-07-19 20:06:00 --> Unable to connect to the database.
Main connection [MySQLi]: Access denied for user '****'@'localhost' (using password: YES)
#0 /home/linuxedu/public_html/offensive/vendor/codeigniter4/framework/system/Database/BaseConnection.php(577): CodeIgniter\Database\BaseConnection->initialize()
#1 /home/linuxedu/public_html/offensive/vendor/codeigniter4/framework/system/Database/BaseBuilder.php(1443): CodeIgniter\Database\BaseConnection->query('SELECT *\nFROM `...', Array, false)
#2 /home/linuxedu/public_html/offensive/vendor/codeigniter4/framework/system/Model.php(723): CodeIgniter\Database\BaseBuilder->get()
#3 /home/linuxedu/public_html/offensive/app/Models/UserModel.php(29): CodeIgniter\Model->__call('get', Array)
#4 /home/linuxedu/public_html/offensive/app/Filters/AdminFilter.php(17): App\Models\UserModel->getUser('1')
#5 /home/linuxedu/public_html/offensive/vendor/codeigniter4/framework/system/Filters/Filters.php(173): App\Filters\AdminFilter->before(Object(CodeIgniter\HTTP\IncomingRequest), NULL)
#6 /home/linuxedu/public_html/offensive/vendor/codeigniter4/framework/system/CodeIgniter.php(384): CodeIgniter\Filters\Filters->run('admin/manage-us...', 'before')
#7 /home/linuxedu/public_html/offensive/vendor/codeigniter4/framework/system/CodeIgniter.php(318): CodeIgniter\CodeIgniter->handleRequest(NULL, Object(Config\Cache), false)
#8 /home/linuxedu/public_html/offensive/public/index.php(37): CodeIgniter\CodeIgniter->run()
#9 {main}
ERROR - 2022-07-19 20:06:07 --> Error connecting to the database: Access denied for user '****'@'localhost' (using password: YES)
CRITICAL - 2022-07-19 20:06:07 --> Unable to connect to the database.
Main connection [MySQLi]: Access denied for user '****'@'localhost' (using password: YES)
#0 /home/linuxedu/public_html/offensive/vendor/codeigniter4/framework/system/Database/BaseConnection.php(577): CodeIgniter\Database\BaseConnection->initialize()
#1 /home/linuxedu/public_html/offensive/vendor/codeigniter4/framework/system/Database/BaseBuilder.php(1443): CodeIgniter\Database\BaseConnection->query('SELECT *\nFROM `...', Array, false)
#2 /home/linuxedu/public_html/offensive/vendor/codeigniter4/framework/system/Model.php(723): CodeIgniter\Database\BaseBuilder->get()
#3 /home/linuxedu/public_html/offensive/app/Models/UserModel.php(29): CodeIgniter\Model->__call('get', Array)
#4 /home/linuxedu/public_html/offensive/app/Filters/AdminFilter.php(17): App\Models\UserModel->getUser('1')
#5 /home/linuxedu/public_html/offensive/vendor/codeigniter4/framework/system/Filters/Filters.php(173): App\Filters\AdminFilter->before(Object(CodeIgniter\HTTP\IncomingRequest), NULL)
#6 /home/linuxedu/public_html/offensive/vendor/codeigniter4/framework/system/CodeIgniter.php(384): CodeIgniter\Filters\Filters->run('admin/create-re...', 'before')
#7 /home/linuxedu/public_html/offensive/vendor/codeigniter4/framework/system/CodeIgniter.php(318): CodeIgniter\CodeIgniter->handleRequest(NULL, Object(Config\Cache), false)
#8 /home/linuxedu/public_html/offensive/public/index.php(37): CodeIgniter\CodeIgniter->run()
#9 {main}
ERROR - 2022-07-19 20:06:11 --> Error connecting to the database: Access denied for user '****'@'localhost' (using password: YES)
CRITICAL - 2022-07-19 20:06:11 --> Unable to connect to the database.
Main connection [MySQLi]: Access denied for user '****'@'localhost' (using password: YES)
#0 /home/linuxedu/public_html/offensive/vendor/codeigniter4/framework/system/Database/BaseConnection.php(577): CodeIgniter\Database\BaseConnection->initialize()
#1 /home/linuxedu/public_html/offensive/vendor/codeigniter4/framework/system/Database/BaseBuilder.php(1443): CodeIgniter\Database\BaseConnection->query('SELECT *\nFROM `...', Array, false)
#2 /home/linuxedu/public_html/offensive/vendor/codeigniter4/framework/system/Model.php(723): CodeIgniter\Database\BaseBuilder->get()
#3 /home/linuxedu/public_html/offensive/app/Models/UserModel.php(29): CodeIgniter\Model->__call('get', Array)
#4 /home/linuxedu/public_html/offensive/app/Models/UserModel.php(70): App\Models\UserModel->getUser('1')
#5 /home/linuxedu/public_html/offensive/app/Filters/AuthFilter.php(19): App\Models\UserModel->checkAuthFilter()
#6 /home/linuxedu/public_html/offensive/vendor/codeigniter4/framework/system/Filters/Filters.php(173): App\Filters\AuthFilter->before(Object(CodeIgniter\HTTP\IncomingRequest), NULL)
#7 /home/linuxedu/public_html/offensive/vendor/codeigniter4/framework/system/CodeIgniter.php(384): CodeIgniter\Filters\Filters->run('dashboard', 'before')
#8 /home/linuxedu/public_html/offensive/vendor/codeigniter4/framework/system/CodeIgniter.php(318): CodeIgniter\CodeIgniter->handleRequest(NULL, Object(Config\Cache), false)
#9 /home/linuxedu/public_html/offensive/public/index.php(37): CodeIgniter\CodeIgniter->run()
#10 {main}
ERROR - 2022-07-19 20:06:14 --> Error connecting to the database: Access denied for user '****'@'localhost' (using password: YES)
CRITICAL - 2022-07-19 20:06:14 --> Unable to connect to the database.
Main connection [MySQLi]: Access denied for user '****'@'localhost' (using password: YES)
#0 /home/linuxedu/public_html/offensive/vendor/codeigniter4/framework/system/Database/BaseConnection.php(577): CodeIgniter\Database\BaseConnection->initialize()
#1 /home/linuxedu/public_html/offensive/vendor/codeigniter4/framework/system/Database/BaseBuilder.php(1443): CodeIgniter\Database\BaseConnection->query('SELECT *\nFROM `...', Array, false)
#2 /home/linuxedu/public_html/offensive/vendor/codeigniter4/framework/system/Model.php(723): CodeIgniter\Database\BaseBuilder->get()
#3 /home/linuxedu/public_html/offensive/app/Models/UserModel.php(29): CodeIgniter\Model->__call('get', Array)
#4 /home/linuxedu/public_html/offensive/app/Models/UserModel.php(70): App\Models\UserModel->getUser('1')
#5 /home/linuxedu/public_html/offensive/app/Filters/AuthFilter.php(19): App\Models\UserModel->checkAuthFilter()
#6 /home/linuxedu/public_html/offensive/vendor/codeigniter4/framework/system/Filters/Filters.php(173): App\Filters\AuthFilter->before(Object(CodeIgniter\HTTP\IncomingRequest), NULL)
#7 /home/linuxedu/public_html/offensive/vendor/codeigniter4/framework/system/CodeIgniter.php(384): CodeIgniter\Filters\Filters->run('dashboard', 'before')
#8 /home/linuxedu/public_html/offensive/vendor/codeigniter4/framework/system/CodeIgniter.php(318): CodeIgniter\CodeIgniter->handleRequest(NULL, Object(Config\Cache), false)
#9 /home/linuxedu/public_html/offensive/public/index.php(37): CodeIgniter\CodeIgniter->run()
#10 {main}
ERROR - 2022-07-19 20:06:19 --> Error connecting to the database: Access denied for user '****'@'localhost' (using password: YES)
CRITICAL - 2022-07-19 20:06:19 --> Unable to connect to the database.
Main connection [MySQLi]: Access denied for user '****'@'localhost' (using password: YES)
#0 /home/linuxedu/public_html/offensive/vendor/codeigniter4/framework/system/Database/BaseConnection.php(577): CodeIgniter\Database\BaseConnection->initialize()
#1 /home/linuxedu/public_html/offensive/vendor/codeigniter4/framework/system/Database/BaseBuilder.php(1443): CodeIgniter\Database\BaseConnection->query('SELECT *\nFROM `...', Array, false)
#2 /home/linuxedu/public_html/offensive/vendor/codeigniter4/framework/system/Model.php(723): CodeIgniter\Database\BaseBuilder->get()
#3 /home/linuxedu/public_html/offensive/app/Models/UserModel.php(29): CodeIgniter\Model->__call('get', Array)
#4 /home/linuxedu/public_html/offensive/app/Models/UserModel.php(70): App\Models\UserModel->getUser('1')
#5 /home/linuxedu/public_html/offensive/app/Filters/AuthFilter.php(19): App\Models\UserModel->checkAuthFilter()
#6 /home/linuxedu/public_html/offensive/vendor/codeigniter4/framework/system/Filters/Filters.php(173): App\Filters\AuthFilter->before(Object(CodeIgniter\HTTP\IncomingRequest), NULL)
#7 /home/linuxedu/public_html/offensive/vendor/codeigniter4/framework/system/CodeIgniter.php(384): CodeIgniter\Filters\Filters->run('dashboard', 'before')
#8 /home/linuxedu/public_html/offensive/vendor/codeigniter4/framework/system/CodeIgniter.php(318): CodeIgniter\CodeIgniter->handleRequest(NULL, Object(Config\Cache), false)
#9 /home/linuxedu/public_html/offensive/public/index.php(37): CodeIgniter\CodeIgniter->run()
#10 {main}
