CRITICAL - 2023-01-20 15:24:55 --> Undefined variable: idKeys
#0 /home/mrblacke/public_html/app/Controllers/Keys.php(563): CodeIgniter\Debug\Exceptions->errorHandler(8, 'Undefined varia...', '/home/mrblacke/...', 563, Array)
#1 /home/mrblacke/public_html/app/Controllers/Keys.php(399): App\Controllers\Keys->generate_action()
#2 /home/mrblacke/public_html/vendor/codeigniter4/framework/system/CodeIgniter.php(824): App\Controllers\Keys->generate()
#3 /home/mrblacke/public_html/vendor/codeigniter4/framework/system/CodeIgniter.php(410): CodeIgniter\CodeIgniter->runController(Object(App\Controllers\Keys))
#4 /home/mrblacke/public_html/vendor/codeigniter4/framework/system/CodeIgniter.php(318): CodeIgniter\CodeIgniter->handleRequest(NULL, Object(Config\Cache), false)
#5 /home/mrblacke/public_html/index.php(37): CodeIgniter\CodeIgniter->run()
#6 {main}
CRITICAL - 2023-01-20 16:28:12 --> Trying to get property 'level' of non-object
#0 /home/mrblacke/public_html/app/Models/UserModel.php(71): CodeIgniter\Debug\Exceptions->errorHandler(8, 'Trying to get p...', '/home/mrblacke/...', 71, Array)
#1 /home/mrblacke/public_html/app/Filters/AuthFilter.php(19): App\Models\UserModel->checkAuthFilter()
#2 /home/mrblacke/public_html/vendor/codeigniter4/framework/system/Filters/Filters.php(173): App\Filters\AuthFilter->before(Object(CodeIgniter\HTTP\IncomingRequest), NULL)
#3 /home/mrblacke/public_html/vendor/codeigniter4/framework/system/CodeIgniter.php(384): CodeIgniter\Filters\Filters->run('dashboard', 'before')
#4 /home/mrblacke/public_html/vendor/codeigniter4/framework/system/CodeIgniter.php(318): CodeIgniter\CodeIgniter->handleRequest(NULL, Object(Config\Cache), false)
#5 /home/mrblacke/public_html/index.php(37): CodeIgniter\CodeIgniter->run()
#6 {main}
CRITICAL - 2023-01-20 16:28:18 --> Trying to get property 'level' of non-object
#0 /home/mrblacke/public_html/app/Models/UserModel.php(71): CodeIgniter\Debug\Exceptions->errorHandler(8, 'Trying to get p...', '/home/mrblacke/...', 71, Array)
#1 /home/mrblacke/public_html/app/Filters/AuthFilter.php(19): App\Models\UserModel->checkAuthFilter()
#2 /home/mrblacke/public_html/vendor/codeigniter4/framework/system/Filters/Filters.php(173): App\Filters\AuthFilter->before(Object(CodeIgniter\HTTP\IncomingRequest), NULL)
#3 /home/mrblacke/public_html/vendor/codeigniter4/framework/system/CodeIgniter.php(384): CodeIgniter\Filters\Filters->run('dashboard', 'before')
#4 /home/mrblacke/public_html/vendor/codeigniter4/framework/system/CodeIgniter.php(318): CodeIgniter\CodeIgniter->handleRequest(NULL, Object(Config\Cache), false)
#5 /home/mrblacke/public_html/index.php(37): CodeIgniter\CodeIgniter->run()
#6 {main}
CRITICAL - 2023-01-20 16:28:21 --> Trying to get property 'level' of non-object
#0 /home/mrblacke/public_html/app/Models/UserModel.php(71): CodeIgniter\Debug\Exceptions->errorHandler(8, 'Trying to get p...', '/home/mrblacke/...', 71, Array)
#1 /home/mrblacke/public_html/app/Filters/AuthFilter.php(19): App\Models\UserModel->checkAuthFilter()
#2 /home/mrblacke/public_html/vendor/codeigniter4/framework/system/Filters/Filters.php(173): App\Filters\AuthFilter->before(Object(CodeIgniter\HTTP\IncomingRequest), NULL)
#3 /home/mrblacke/public_html/vendor/codeigniter4/framework/system/CodeIgniter.php(384): CodeIgniter\Filters\Filters->run('dashboard', 'before')
#4 /home/mrblacke/public_html/vendor/codeigniter4/framework/system/CodeIgniter.php(318): CodeIgniter\CodeIgniter->handleRequest(NULL, Object(Config\Cache), false)
#5 /home/mrblacke/public_html/index.php(37): CodeIgniter\CodeIgniter->run()
#6 {main}
CRITICAL - 2023-01-20 16:28:23 --> Trying to get property 'level' of non-object
#0 /home/mrblacke/public_html/app/Models/UserModel.php(71): CodeIgniter\Debug\Exceptions->errorHandler(8, 'Trying to get p...', '/home/mrblacke/...', 71, Array)
#1 /home/mrblacke/public_html/app/Filters/AuthFilter.php(19): App\Models\UserModel->checkAuthFilter()
#2 /home/mrblacke/public_html/vendor/codeigniter4/framework/system/Filters/Filters.php(173): App\Filters\AuthFilter->before(Object(CodeIgniter\HTTP\IncomingRequest), NULL)
#3 /home/mrblacke/public_html/vendor/codeigniter4/framework/system/CodeIgniter.php(384): CodeIgniter\Filters\Filters->run('dashboard', 'before')
#4 /home/mrblacke/public_html/vendor/codeigniter4/framework/system/CodeIgniter.php(318): CodeIgniter\CodeIgniter->handleRequest(NULL, Object(Config\Cache), false)
#5 /home/mrblacke/public_html/index.php(37): CodeIgniter\CodeIgniter->run()
#6 {main}
CRITICAL - 2023-01-20 16:28:25 --> Trying to get property 'level' of non-object
#0 /home/mrblacke/public_html/app/Models/UserModel.php(71): CodeIgniter\Debug\Exceptions->errorHandler(8, 'Trying to get p...', '/home/mrblacke/...', 71, Array)
#1 /home/mrblacke/public_html/app/Filters/AuthFilter.php(19): App\Models\UserModel->checkAuthFilter()
#2 /home/mrblacke/public_html/vendor/codeigniter4/framework/system/Filters/Filters.php(173): App\Filters\AuthFilter->before(Object(CodeIgniter\HTTP\IncomingRequest), NULL)
#3 /home/mrblacke/public_html/vendor/codeigniter4/framework/system/CodeIgniter.php(384): CodeIgniter\Filters\Filters->run('dashboard', 'before')
#4 /home/mrblacke/public_html/vendor/codeigniter4/framework/system/CodeIgniter.php(318): CodeIgniter\CodeIgniter->handleRequest(NULL, Object(Config\Cache), false)
#5 /home/mrblacke/public_html/index.php(37): CodeIgniter\CodeIgniter->run()
#6 {main}
CRITICAL - 2023-01-20 16:29:01 --> Trying to get property 'level' of non-object
#0 /home/mrblacke/public_html/app/Models/UserModel.php(71): CodeIgniter\Debug\Exceptions->errorHandler(8, 'Trying to get p...', '/home/mrblacke/...', 71, Array)
#1 /home/mrblacke/public_html/app/Filters/AuthFilter.php(19): App\Models\UserModel->checkAuthFilter()
#2 /home/mrblacke/public_html/vendor/codeigniter4/framework/system/Filters/Filters.php(173): App\Filters\AuthFilter->before(Object(CodeIgniter\HTTP\IncomingRequest), NULL)
#3 /home/mrblacke/public_html/vendor/codeigniter4/framework/system/CodeIgniter.php(384): CodeIgniter\Filters\Filters->run('dashboard', 'before')
#4 /home/mrblacke/public_html/vendor/codeigniter4/framework/system/CodeIgniter.php(318): CodeIgniter\CodeIgniter->handleRequest(NULL, Object(Config\Cache), false)
#5 /home/mrblacke/public_html/index.php(37): CodeIgniter\CodeIgniter->run()
#6 {main}
CRITICAL - 2023-01-20 16:29:17 --> Trying to get property 'level' of non-object
#0 /home/mrblacke/public_html/app/Models/UserModel.php(71): CodeIgniter\Debug\Exceptions->errorHandler(8, 'Trying to get p...', '/home/mrblacke/...', 71, Array)
#1 /home/mrblacke/public_html/app/Filters/AuthFilter.php(19): App\Models\UserModel->checkAuthFilter()
#2 /home/mrblacke/public_html/vendor/codeigniter4/framework/system/Filters/Filters.php(173): App\Filters\AuthFilter->before(Object(CodeIgniter\HTTP\IncomingRequest), NULL)
#3 /home/mrblacke/public_html/vendor/codeigniter4/framework/system/CodeIgniter.php(384): CodeIgniter\Filters\Filters->run('keys/generate', 'before')
#4 /home/mrblacke/public_html/vendor/codeigniter4/framework/system/CodeIgniter.php(318): CodeIgniter\CodeIgniter->handleRequest(NULL, Object(Config\Cache), false)
#5 /home/mrblacke/public_html/index.php(37): CodeIgniter\CodeIgniter->run()
#6 {main}
CRITICAL - 2023-01-20 16:29:34 --> Trying to get property 'level' of non-object
#0 /home/mrblacke/public_html/app/Models/UserModel.php(71): CodeIgniter\Debug\Exceptions->errorHandler(8, 'Trying to get p...', '/home/mrblacke/...', 71, Array)
#1 /home/mrblacke/public_html/app/Filters/AuthFilter.php(19): App\Models\UserModel->checkAuthFilter()
#2 /home/mrblacke/public_html/vendor/codeigniter4/framework/system/Filters/Filters.php(173): App\Filters\AuthFilter->before(Object(CodeIgniter\HTTP\IncomingRequest), NULL)
#3 /home/mrblacke/public_html/vendor/codeigniter4/framework/system/CodeIgniter.php(384): CodeIgniter\Filters\Filters->run('dashboard', 'before')
#4 /home/mrblacke/public_html/vendor/codeigniter4/framework/system/CodeIgniter.php(318): CodeIgniter\CodeIgniter->handleRequest(NULL, Object(Config\Cache), false)
#5 /home/mrblacke/public_html/index.php(37): CodeIgniter\CodeIgniter->run()
#6 {main}
CRITICAL - 2023-01-20 16:31:27 --> Trying to get property 'level' of non-object
#0 /home/mrblacke/public_html/app/Models/UserModel.php(71): CodeIgniter\Debug\Exceptions->errorHandler(8, 'Trying to get p...', '/home/mrblacke/...', 71, Array)
#1 /home/mrblacke/public_html/app/Filters/AuthFilter.php(19): App\Models\UserModel->checkAuthFilter()
#2 /home/mrblacke/public_html/vendor/codeigniter4/framework/system/Filters/Filters.php(173): App\Filters\AuthFilter->before(Object(CodeIgniter\HTTP\IncomingRequest), NULL)
#3 /home/mrblacke/public_html/vendor/codeigniter4/framework/system/CodeIgniter.php(384): CodeIgniter\Filters\Filters->run('dashboard', 'before')
#4 /home/mrblacke/public_html/vendor/codeigniter4/framework/system/CodeIgniter.php(318): CodeIgniter\CodeIgniter->handleRequest(NULL, Object(Config\Cache), false)
#5 /home/mrblacke/public_html/index.php(37): CodeIgniter\CodeIgniter->run()
#6 {main}
CRITICAL - 2023-01-20 22:56:21 --> Trying to get property 'level' of non-object
#0 /home/mrblacke/public_html/app/Models/UserModel.php(71): CodeIgniter\Debug\Exceptions->errorHandler(8, 'Trying to get p...', '/home/mrblacke/...', 71, Array)
#1 /home/mrblacke/public_html/app/Filters/AuthFilter.php(19): App\Models\UserModel->checkAuthFilter()
#2 /home/mrblacke/public_html/vendor/codeigniter4/framework/system/Filters/Filters.php(173): App\Filters\AuthFilter->before(Object(CodeIgniter\HTTP\IncomingRequest), NULL)
#3 /home/mrblacke/public_html/vendor/codeigniter4/framework/system/CodeIgniter.php(384): CodeIgniter\Filters\Filters->run('dashboard', 'before')
#4 /home/mrblacke/public_html/vendor/codeigniter4/framework/system/CodeIgniter.php(318): CodeIgniter\CodeIgniter->handleRequest(NULL, Object(Config\Cache), false)
#5 /home/mrblacke/public_html/index.php(37): CodeIgniter\CodeIgniter->run()
#6 {main}
CRITICAL - 2023-01-20 22:56:57 --> Trying to get property 'level' of non-object
#0 /home/mrblacke/public_html/app/Models/UserModel.php(71): CodeIgniter\Debug\Exceptions->errorHandler(8, 'Trying to get p...', '/home/mrblacke/...', 71, Array)
#1 /home/mrblacke/public_html/app/Filters/AuthFilter.php(19): App\Models\UserModel->checkAuthFilter()
#2 /home/mrblacke/public_html/vendor/codeigniter4/framework/system/Filters/Filters.php(173): App\Filters\AuthFilter->before(Object(CodeIgniter\HTTP\IncomingRequest), NULL)
#3 /home/mrblacke/public_html/vendor/codeigniter4/framework/system/CodeIgniter.php(384): CodeIgniter\Filters\Filters->run('dashboard', 'before')
#4 /home/mrblacke/public_html/vendor/codeigniter4/framework/system/CodeIgniter.php(318): CodeIgniter\CodeIgniter->handleRequest(NULL, Object(Config\Cache), false)
#5 /home/mrblacke/public_html/index.php(37): CodeIgniter\CodeIgniter->run()
#6 {main}
CRITICAL - 2023-01-20 22:56:59 --> Trying to get property 'level' of non-object
#0 /home/mrblacke/public_html/app/Models/UserModel.php(71): CodeIgniter\Debug\Exceptions->errorHandler(8, 'Trying to get p...', '/home/mrblacke/...', 71, Array)
#1 /home/mrblacke/public_html/app/Filters/AuthFilter.php(19): App\Models\UserModel->checkAuthFilter()
#2 /home/mrblacke/public_html/vendor/codeigniter4/framework/system/Filters/Filters.php(173): App\Filters\AuthFilter->before(Object(CodeIgniter\HTTP\IncomingRequest), NULL)
#3 /home/mrblacke/public_html/vendor/codeigniter4/framework/system/CodeIgniter.php(384): CodeIgniter\Filters\Filters->run('dashboard', 'before')
#4 /home/mrblacke/public_html/vendor/codeigniter4/framework/system/CodeIgniter.php(318): CodeIgniter\CodeIgniter->handleRequest(NULL, Object(Config\Cache), false)
#5 /home/mrblacke/public_html/index.php(37): CodeIgniter\CodeIgniter->run()
#6 {main}
CRITICAL - 2023-01-20 22:57:02 --> Trying to get property 'level' of non-object
#0 /home/mrblacke/public_html/app/Models/UserModel.php(71): CodeIgniter\Debug\Exceptions->errorHandler(8, 'Trying to get p...', '/home/mrblacke/...', 71, Array)
#1 /home/mrblacke/public_html/app/Filters/AuthFilter.php(19): App\Models\UserModel->checkAuthFilter()
#2 /home/mrblacke/public_html/vendor/codeigniter4/framework/system/Filters/Filters.php(173): App\Filters\AuthFilter->before(Object(CodeIgniter\HTTP\IncomingRequest), NULL)
#3 /home/mrblacke/public_html/vendor/codeigniter4/framework/system/CodeIgniter.php(384): CodeIgniter\Filters\Filters->run('dashboard', 'before')
#4 /home/mrblacke/public_html/vendor/codeigniter4/framework/system/CodeIgniter.php(318): CodeIgniter\CodeIgniter->handleRequest(NULL, Object(Config\Cache), false)
#5 /home/mrblacke/public_html/index.php(37): CodeIgniter\CodeIgniter->run()
#6 {main}
CRITICAL - 2023-01-20 22:58:36 --> Trying to get property 'level' of non-object
#0 /home/mrblacke/public_html/app/Models/UserModel.php(71): CodeIgniter\Debug\Exceptions->errorHandler(8, 'Trying to get p...', '/home/mrblacke/...', 71, Array)
#1 /home/mrblacke/public_html/app/Filters/AuthFilter.php(19): App\Models\UserModel->checkAuthFilter()
#2 /home/mrblacke/public_html/vendor/codeigniter4/framework/system/Filters/Filters.php(173): App\Filters\AuthFilter->before(Object(CodeIgniter\HTTP\IncomingRequest), NULL)
#3 /home/mrblacke/public_html/vendor/codeigniter4/framework/system/CodeIgniter.php(384): CodeIgniter\Filters\Filters->run('dashboard', 'before')
#4 /home/mrblacke/public_html/vendor/codeigniter4/framework/system/CodeIgniter.php(318): CodeIgniter\CodeIgniter->handleRequest(NULL, Object(Config\Cache), false)
#5 /home/mrblacke/public_html/index.php(37): CodeIgniter\CodeIgniter->run()
#6 {main}
CRITICAL - 2023-01-20 22:58:38 --> Trying to get property 'level' of non-object
#0 /home/mrblacke/public_html/app/Models/UserModel.php(71): CodeIgniter\Debug\Exceptions->errorHandler(8, 'Trying to get p...', '/home/mrblacke/...', 71, Array)
#1 /home/mrblacke/public_html/app/Filters/AuthFilter.php(19): App\Models\UserModel->checkAuthFilter()
#2 /home/mrblacke/public_html/vendor/codeigniter4/framework/system/Filters/Filters.php(173): App\Filters\AuthFilter->before(Object(CodeIgniter\HTTP\IncomingRequest), NULL)
#3 /home/mrblacke/public_html/vendor/codeigniter4/framework/system/CodeIgniter.php(384): CodeIgniter\Filters\Filters->run('dashboard', 'before')
#4 /home/mrblacke/public_html/vendor/codeigniter4/framework/system/CodeIgniter.php(318): CodeIgniter\CodeIgniter->handleRequest(NULL, Object(Config\Cache), false)
#5 /home/mrblacke/public_html/index.php(37): CodeIgniter\CodeIgniter->run()
#6 {main}
CRITICAL - 2023-01-20 22:58:41 --> Trying to get property 'level' of non-object
#0 /home/mrblacke/public_html/app/Models/UserModel.php(71): CodeIgniter\Debug\Exceptions->errorHandler(8, 'Trying to get p...', '/home/mrblacke/...', 71, Array)
#1 /home/mrblacke/public_html/app/Filters/AuthFilter.php(19): App\Models\UserModel->checkAuthFilter()
#2 /home/mrblacke/public_html/vendor/codeigniter4/framework/system/Filters/Filters.php(173): App\Filters\AuthFilter->before(Object(CodeIgniter\HTTP\IncomingRequest), NULL)
#3 /home/mrblacke/public_html/vendor/codeigniter4/framework/system/CodeIgniter.php(384): CodeIgniter\Filters\Filters->run('dashboard', 'before')
#4 /home/mrblacke/public_html/vendor/codeigniter4/framework/system/CodeIgniter.php(318): CodeIgniter\CodeIgniter->handleRequest(NULL, Object(Config\Cache), false)
#5 /home/mrblacke/public_html/index.php(37): CodeIgniter\CodeIgniter->run()
#6 {main}
CRITICAL - 2023-01-20 22:58:50 --> Trying to get property 'level' of non-object
#0 /home/mrblacke/public_html/app/Models/UserModel.php(71): CodeIgniter\Debug\Exceptions->errorHandler(8, 'Trying to get p...', '/home/mrblacke/...', 71, Array)
#1 /home/mrblacke/public_html/app/Filters/AuthFilter.php(19): App\Models\UserModel->checkAuthFilter()
#2 /home/mrblacke/public_html/vendor/codeigniter4/framework/system/Filters/Filters.php(173): App\Filters\AuthFilter->before(Object(CodeIgniter\HTTP\IncomingRequest), NULL)
#3 /home/mrblacke/public_html/vendor/codeigniter4/framework/system/CodeIgniter.php(384): CodeIgniter\Filters\Filters->run('dashboard', 'before')
#4 /home/mrblacke/public_html/vendor/codeigniter4/framework/system/CodeIgniter.php(318): CodeIgniter\CodeIgniter->handleRequest(NULL, Object(Config\Cache), false)
#5 /home/mrblacke/public_html/index.php(37): CodeIgniter\CodeIgniter->run()
#6 {main}
CRITICAL - 2023-01-20 22:58:54 --> Trying to get property 'level' of non-object
#0 /home/mrblacke/public_html/app/Models/UserModel.php(71): CodeIgniter\Debug\Exceptions->errorHandler(8, 'Trying to get p...', '/home/mrblacke/...', 71, Array)
#1 /home/mrblacke/public_html/app/Filters/AuthFilter.php(19): App\Models\UserModel->checkAuthFilter()
#2 /home/mrblacke/public_html/vendor/codeigniter4/framework/system/Filters/Filters.php(173): App\Filters\AuthFilter->before(Object(CodeIgniter\HTTP\IncomingRequest), NULL)
#3 /home/mrblacke/public_html/vendor/codeigniter4/framework/system/CodeIgniter.php(384): CodeIgniter\Filters\Filters->run('dashboard', 'before')
#4 /home/mrblacke/public_html/vendor/codeigniter4/framework/system/CodeIgniter.php(318): CodeIgniter\CodeIgniter->handleRequest(NULL, Object(Config\Cache), false)
#5 /home/mrblacke/public_html/index.php(37): CodeIgniter\CodeIgniter->run()
#6 {main}
CRITICAL - 2023-01-20 22:58:56 --> Trying to get property 'level' of non-object
#0 /home/mrblacke/public_html/app/Models/UserModel.php(71): CodeIgniter\Debug\Exceptions->errorHandler(8, 'Trying to get p...', '/home/mrblacke/...', 71, Array)
#1 /home/mrblacke/public_html/app/Filters/AuthFilter.php(19): App\Models\UserModel->checkAuthFilter()
#2 /home/mrblacke/public_html/vendor/codeigniter4/framework/system/Filters/Filters.php(173): App\Filters\AuthFilter->before(Object(CodeIgniter\HTTP\IncomingRequest), NULL)
#3 /home/mrblacke/public_html/vendor/codeigniter4/framework/system/CodeIgniter.php(384): CodeIgniter\Filters\Filters->run('dashboard', 'before')
#4 /home/mrblacke/public_html/vendor/codeigniter4/framework/system/CodeIgniter.php(318): CodeIgniter\CodeIgniter->handleRequest(NULL, Object(Config\Cache), false)
#5 /home/mrblacke/public_html/index.php(37): CodeIgniter\CodeIgniter->run()
#6 {main}
CRITICAL - 2023-01-20 23:01:10 --> Undefined variable: idKeys
#0 /home/mrblacke/public_html/app/Controllers/Keys.php(563): CodeIgniter\Debug\Exceptions->errorHandler(8, 'Undefined varia...', '/home/mrblacke/...', 563, Array)
#1 /home/mrblacke/public_html/app/Controllers/Keys.php(399): App\Controllers\Keys->generate_action()
#2 /home/mrblacke/public_html/vendor/codeigniter4/framework/system/CodeIgniter.php(824): App\Controllers\Keys->generate()
#3 /home/mrblacke/public_html/vendor/codeigniter4/framework/system/CodeIgniter.php(410): CodeIgniter\CodeIgniter->runController(Object(App\Controllers\Keys))
#4 /home/mrblacke/public_html/vendor/codeigniter4/framework/system/CodeIgniter.php(318): CodeIgniter\CodeIgniter->handleRequest(NULL, Object(Config\Cache), false)
#5 /home/mrblacke/public_html/index.php(37): CodeIgniter\CodeIgniter->run()
#6 {main}
CRITICAL - 2023-01-20 23:05:02 --> Trying to get property 'level' of non-object
#0 /home/mrblacke/public_html/app/Models/UserModel.php(71): CodeIgniter\Debug\Exceptions->errorHandler(8, 'Trying to get p...', '/home/mrblacke/...', 71, Array)
#1 /home/mrblacke/public_html/app/Filters/AuthFilter.php(19): App\Models\UserModel->checkAuthFilter()
#2 /home/mrblacke/public_html/vendor/codeigniter4/framework/system/Filters/Filters.php(173): App\Filters\AuthFilter->before(Object(CodeIgniter\HTTP\IncomingRequest), NULL)
#3 /home/mrblacke/public_html/vendor/codeigniter4/framework/system/CodeIgniter.php(384): CodeIgniter\Filters\Filters->run('dashboard', 'before')
#4 /home/mrblacke/public_html/vendor/codeigniter4/framework/system/CodeIgniter.php(318): CodeIgniter\CodeIgniter->handleRequest(NULL, Object(Config\Cache), false)
#5 /home/mrblacke/public_html/index.php(37): CodeIgniter\CodeIgniter->run()
#6 {main}
CRITICAL - 2023-01-20 23:05:05 --> Trying to get property 'level' of non-object
#0 /home/mrblacke/public_html/app/Models/UserModel.php(71): CodeIgniter\Debug\Exceptions->errorHandler(8, 'Trying to get p...', '/home/mrblacke/...', 71, Array)
#1 /home/mrblacke/public_html/app/Filters/AuthFilter.php(19): App\Models\UserModel->checkAuthFilter()
#2 /home/mrblacke/public_html/vendor/codeigniter4/framework/system/Filters/Filters.php(173): App\Filters\AuthFilter->before(Object(CodeIgniter\HTTP\IncomingRequest), NULL)
#3 /home/mrblacke/public_html/vendor/codeigniter4/framework/system/CodeIgniter.php(384): CodeIgniter\Filters\Filters->run('dashboard', 'before')
#4 /home/mrblacke/public_html/vendor/codeigniter4/framework/system/CodeIgniter.php(318): CodeIgniter\CodeIgniter->handleRequest(NULL, Object(Config\Cache), false)
#5 /home/mrblacke/public_html/index.php(37): CodeIgniter\CodeIgniter->run()
#6 {main}
CRITICAL - 2023-01-20 23:21:08 --> Undefined variable: hed
#0 /home/mrblacke/public_html/mail.php(147): CodeIgniter\Debug\Exceptions->errorHandler(8, 'Undefined varia...', '/home/mrblacke/...', 147, Array)
#1 /home/mrblacke/public_html/app/Views/User/dashboard.php(4): include('/home/mrblacke/...')
#2 /home/mrblacke/public_html/vendor/codeigniter4/framework/system/View/View.php(214): include('/home/mrblacke/...')
#3 /home/mrblacke/public_html/vendor/codeigniter4/framework/system/View/View.php(217): CodeIgniter\View\View->CodeIgniter\View\{closure}()
#4 /home/mrblacke/public_html/vendor/codeigniter4/framework/system/Common.php(1097): CodeIgniter\View\View->render('User/dashboard', Array, true)
#5 /home/mrblacke/public_html/app/Controllers/User.php(35): view('User/dashboard', Array)
#6 /home/mrblacke/public_html/vendor/codeigniter4/framework/system/CodeIgniter.php(824): App\Controllers\User->index()
#7 /home/mrblacke/public_html/vendor/codeigniter4/framework/system/CodeIgniter.php(410): CodeIgniter\CodeIgniter->runController(Object(App\Controllers\User))
#8 /home/mrblacke/public_html/vendor/codeigniter4/framework/system/CodeIgniter.php(318): CodeIgniter\CodeIgniter->handleRequest(NULL, Object(Config\Cache), false)
#9 /home/mrblacke/public_html/index.php(37): CodeIgniter\CodeIgniter->run()
#10 {main}
CRITICAL - 2023-01-20 23:21:14 --> Undefined variable: hed
#0 /home/mrblacke/public_html/mail.php(147): CodeIgniter\Debug\Exceptions->errorHandler(8, 'Undefined varia...', '/home/mrblacke/...', 147, Array)
#1 /home/mrblacke/public_html/app/Views/User/dashboard.php(4): include('/home/mrblacke/...')
#2 /home/mrblacke/public_html/vendor/codeigniter4/framework/system/View/View.php(214): include('/home/mrblacke/...')
#3 /home/mrblacke/public_html/vendor/codeigniter4/framework/system/View/View.php(217): CodeIgniter\View\View->CodeIgniter\View\{closure}()
#4 /home/mrblacke/public_html/vendor/codeigniter4/framework/system/Common.php(1097): CodeIgniter\View\View->render('User/dashboard', Array, true)
#5 /home/mrblacke/public_html/app/Controllers/User.php(35): view('User/dashboard', Array)
#6 /home/mrblacke/public_html/vendor/codeigniter4/framework/system/CodeIgniter.php(824): App\Controllers\User->index()
#7 /home/mrblacke/public_html/vendor/codeigniter4/framework/system/CodeIgniter.php(410): CodeIgniter\CodeIgniter->runController(Object(App\Controllers\User))
#8 /home/mrblacke/public_html/vendor/codeigniter4/framework/system/CodeIgniter.php(318): CodeIgniter\CodeIgniter->handleRequest(NULL, Object(Config\Cache), false)
#9 /home/mrblacke/public_html/index.php(37): CodeIgniter\CodeIgniter->run()
#10 {main}
CRITICAL - 2023-01-20 23:21:44 --> Undefined variable: hed
#0 /home/mrblacke/public_html/mail.php(147): CodeIgniter\Debug\Exceptions->errorHandler(8, 'Undefined varia...', '/home/mrblacke/...', 147, Array)
#1 /home/mrblacke/public_html/app/Views/User/dashboard.php(4): include('/home/mrblacke/...')
#2 /home/mrblacke/public_html/vendor/codeigniter4/framework/system/View/View.php(214): include('/home/mrblacke/...')
#3 /home/mrblacke/public_html/vendor/codeigniter4/framework/system/View/View.php(217): CodeIgniter\View\View->CodeIgniter\View\{closure}()
#4 /home/mrblacke/public_html/vendor/codeigniter4/framework/system/Common.php(1097): CodeIgniter\View\View->render('User/dashboard', Array, true)
#5 /home/mrblacke/public_html/app/Controllers/User.php(35): view('User/dashboard', Array)
#6 /home/mrblacke/public_html/vendor/codeigniter4/framework/system/CodeIgniter.php(824): App\Controllers\User->index()
#7 /home/mrblacke/public_html/vendor/codeigniter4/framework/system/CodeIgniter.php(410): CodeIgniter\CodeIgniter->runController(Object(App\Controllers\User))
#8 /home/mrblacke/public_html/vendor/codeigniter4/framework/system/CodeIgniter.php(318): CodeIgniter\CodeIgniter->handleRequest(NULL, Object(Config\Cache), false)
#9 /home/mrblacke/public_html/index.php(37): CodeIgniter\CodeIgniter->run()
#10 {main}
CRITICAL - 2023-01-20 23:22:01 --> Undefined variable: hed
#0 /home/mrblacke/public_html/mail.php(147): CodeIgniter\Debug\Exceptions->errorHandler(8, 'Undefined varia...', '/home/mrblacke/...', 147, Array)
#1 /home/mrblacke/public_html/app/Views/User/dashboard.php(4): include('/home/mrblacke/...')
#2 /home/mrblacke/public_html/vendor/codeigniter4/framework/system/View/View.php(214): include('/home/mrblacke/...')
#3 /home/mrblacke/public_html/vendor/codeigniter4/framework/system/View/View.php(217): CodeIgniter\View\View->CodeIgniter\View\{closure}()
#4 /home/mrblacke/public_html/vendor/codeigniter4/framework/system/Common.php(1097): CodeIgniter\View\View->render('User/dashboard', Array, true)
#5 /home/mrblacke/public_html/app/Controllers/User.php(35): view('User/dashboard', Array)
#6 /home/mrblacke/public_html/vendor/codeigniter4/framework/system/CodeIgniter.php(824): App\Controllers\User->index()
#7 /home/mrblacke/public_html/vendor/codeigniter4/framework/system/CodeIgniter.php(410): CodeIgniter\CodeIgniter->runController(Object(App\Controllers\User))
#8 /home/mrblacke/public_html/vendor/codeigniter4/framework/system/CodeIgniter.php(318): CodeIgniter\CodeIgniter->handleRequest(NULL, Object(Config\Cache), false)
#9 /home/mrblacke/public_html/index.php(37): CodeIgniter\CodeIgniter->run()
#10 {main}
CRITICAL - 2023-01-20 23:22:23 --> Undefined variable: hed
#0 /home/mrblacke/public_html/mail.php(147): CodeIgniter\Debug\Exceptions->errorHandler(8, 'Undefined varia...', '/home/mrblacke/...', 147, Array)
#1 /home/mrblacke/public_html/app/Views/User/dashboard.php(4): include('/home/mrblacke/...')
#2 /home/mrblacke/public_html/vendor/codeigniter4/framework/system/View/View.php(214): include('/home/mrblacke/...')
#3 /home/mrblacke/public_html/vendor/codeigniter4/framework/system/View/View.php(217): CodeIgniter\View\View->CodeIgniter\View\{closure}()
#4 /home/mrblacke/public_html/vendor/codeigniter4/framework/system/Common.php(1097): CodeIgniter\View\View->render('User/dashboard', Array, true)
#5 /home/mrblacke/public_html/app/Controllers/User.php(35): view('User/dashboard', Array)
#6 /home/mrblacke/public_html/vendor/codeigniter4/framework/system/CodeIgniter.php(824): App\Controllers\User->index()
#7 /home/mrblacke/public_html/vendor/codeigniter4/framework/system/CodeIgniter.php(410): CodeIgniter\CodeIgniter->runController(Object(App\Controllers\User))
#8 /home/mrblacke/public_html/vendor/codeigniter4/framework/system/CodeIgniter.php(318): CodeIgniter\CodeIgniter->handleRequest(NULL, Object(Config\Cache), false)
#9 /home/mrblacke/public_html/index.php(37): CodeIgniter\CodeIgniter->run()
#10 {main}
CRITICAL - 2023-01-20 23:22:42 --> Undefined variable: hed
#0 /home/mrblacke/public_html/mail.php(147): CodeIgniter\Debug\Exceptions->errorHandler(8, 'Undefined varia...', '/home/mrblacke/...', 147, Array)
#1 /home/mrblacke/public_html/app/Views/User/dashboard.php(4): include('/home/mrblacke/...')
#2 /home/mrblacke/public_html/vendor/codeigniter4/framework/system/View/View.php(214): include('/home/mrblacke/...')
#3 /home/mrblacke/public_html/vendor/codeigniter4/framework/system/View/View.php(217): CodeIgniter\View\View->CodeIgniter\View\{closure}()
#4 /home/mrblacke/public_html/vendor/codeigniter4/framework/system/Common.php(1097): CodeIgniter\View\View->render('User/dashboard', Array, true)
#5 /home/mrblacke/public_html/app/Controllers/User.php(35): view('User/dashboard', Array)
#6 /home/mrblacke/public_html/vendor/codeigniter4/framework/system/CodeIgniter.php(824): App\Controllers\User->index()
#7 /home/mrblacke/public_html/vendor/codeigniter4/framework/system/CodeIgniter.php(410): CodeIgniter\CodeIgniter->runController(Object(App\Controllers\User))
#8 /home/mrblacke/public_html/vendor/codeigniter4/framework/system/CodeIgniter.php(318): CodeIgniter\CodeIgniter->handleRequest(NULL, Object(Config\Cache), false)
#9 /home/mrblacke/public_html/index.php(37): CodeIgniter\CodeIgniter->run()
#10 {main}
CRITICAL - 2023-01-20 23:22:44 --> Undefined variable: hed
#0 /home/mrblacke/public_html/mail.php(147): CodeIgniter\Debug\Exceptions->errorHandler(8, 'Undefined varia...', '/home/mrblacke/...', 147, Array)
#1 /home/mrblacke/public_html/app/Views/User/dashboard.php(4): include('/home/mrblacke/...')
#2 /home/mrblacke/public_html/vendor/codeigniter4/framework/system/View/View.php(214): include('/home/mrblacke/...')
#3 /home/mrblacke/public_html/vendor/codeigniter4/framework/system/View/View.php(217): CodeIgniter\View\View->CodeIgniter\View\{closure}()
#4 /home/mrblacke/public_html/vendor/codeigniter4/framework/system/Common.php(1097): CodeIgniter\View\View->render('User/dashboard', Array, true)
#5 /home/mrblacke/public_html/app/Controllers/User.php(35): view('User/dashboard', Array)
#6 /home/mrblacke/public_html/vendor/codeigniter4/framework/system/CodeIgniter.php(824): App\Controllers\User->index()
#7 /home/mrblacke/public_html/vendor/codeigniter4/framework/system/CodeIgniter.php(410): CodeIgniter\CodeIgniter->runController(Object(App\Controllers\User))
#8 /home/mrblacke/public_html/vendor/codeigniter4/framework/system/CodeIgniter.php(318): CodeIgniter\CodeIgniter->handleRequest(NULL, Object(Config\Cache), false)
#9 /home/mrblacke/public_html/index.php(37): CodeIgniter\CodeIgniter->run()
#10 {main}
CRITICAL - 2023-01-20 23:24:09 --> Undefined variable: hed
#0 /home/mrblacke/public_html/mail.php(147): CodeIgniter\Debug\Exceptions->errorHandler(8, 'Undefined varia...', '/home/mrblacke/...', 147, Array)
#1 /home/mrblacke/public_html/app/Views/Keys/list.php(2): include('/home/mrblacke/...')
#2 /home/mrblacke/public_html/vendor/codeigniter4/framework/system/View/View.php(214): include('/home/mrblacke/...')
#3 /home/mrblacke/public_html/vendor/codeigniter4/framework/system/View/View.php(217): CodeIgniter\View\View->CodeIgniter\View\{closure}()
#4 /home/mrblacke/public_html/vendor/codeigniter4/framework/system/Common.php(1097): CodeIgniter\View\View->render('Keys/list', Array, true)
#5 /home/mrblacke/public_html/app/Controllers/Keys.php(79): view('Keys/list', Array)
#6 /home/mrblacke/public_html/vendor/codeigniter4/framework/system/CodeIgniter.php(824): App\Controllers\Keys->index()
#7 /home/mrblacke/public_html/vendor/codeigniter4/framework/system/CodeIgniter.php(410): CodeIgniter\CodeIgniter->runController(Object(App\Controllers\Keys))
#8 /home/mrblacke/public_html/vendor/codeigniter4/framework/system/CodeIgniter.php(318): CodeIgniter\CodeIgniter->handleRequest(NULL, Object(Config\Cache), false)
#9 /home/mrblacke/public_html/index.php(37): CodeIgniter\CodeIgniter->run()
#10 {main}
CRITICAL - 2023-01-20 23:24:15 --> Undefined variable: hed
#0 /home/mrblacke/public_html/mail.php(147): CodeIgniter\Debug\Exceptions->errorHandler(8, 'Undefined varia...', '/home/mrblacke/...', 147, Array)
#1 /home/mrblacke/public_html/app/Views/Keys/key_edit.php(2): include('/home/mrblacke/...')
#2 /home/mrblacke/public_html/vendor/codeigniter4/framework/system/View/View.php(214): include('/home/mrblacke/...')
#3 /home/mrblacke/public_html/vendor/codeigniter4/framework/system/View/View.php(217): CodeIgniter\View\View->CodeIgniter\View\{closure}()
#4 /home/mrblacke/public_html/vendor/codeigniter4/framework/system/Common.php(1097): CodeIgniter\View\View->render('Keys/key_edit', Array, true)
#5 /home/mrblacke/public_html/app/Controllers/Keys.php(204): view('Keys/key_edit', Array)
#6 /home/mrblacke/public_html/vendor/codeigniter4/framework/system/CodeIgniter.php(824): App\Controllers\Keys->edit_key('211')
#7 /home/mrblacke/public_html/vendor/codeigniter4/framework/system/CodeIgniter.php(410): CodeIgniter\CodeIgniter->runController(Object(App\Controllers\Keys))
#8 /home/mrblacke/public_html/vendor/codeigniter4/framework/system/CodeIgniter.php(318): CodeIgniter\CodeIgniter->handleRequest(NULL, Object(Config\Cache), false)
#9 /home/mrblacke/public_html/index.php(37): CodeIgniter\CodeIgniter->run()
#10 {main}
CRITICAL - 2023-01-20 23:24:26 --> Undefined variable: hed
#0 /home/mrblacke/public_html/mail.php(147): CodeIgniter\Debug\Exceptions->errorHandler(8, 'Undefined varia...', '/home/mrblacke/...', 147, Array)
#1 /home/mrblacke/public_html/app/Views/Keys/key_edit.php(2): include('/home/mrblacke/...')
#2 /home/mrblacke/public_html/vendor/codeigniter4/framework/system/View/View.php(214): include('/home/mrblacke/...')
#3 /home/mrblacke/public_html/vendor/codeigniter4/framework/system/View/View.php(217): CodeIgniter\View\View->CodeIgniter\View\{closure}()
#4 /home/mrblacke/public_html/vendor/codeigniter4/framework/system/Common.php(1097): CodeIgniter\View\View->render('Keys/key_edit', Array, true)
#5 /home/mrblacke/public_html/app/Controllers/Keys.php(204): view('Keys/key_edit', Array)
#6 /home/mrblacke/public_html/vendor/codeigniter4/framework/system/CodeIgniter.php(824): App\Controllers\Keys->edit_key('211')
#7 /home/mrblacke/public_html/vendor/codeigniter4/framework/system/CodeIgniter.php(410): CodeIgniter\CodeIgniter->runController(Object(App\Controllers\Keys))
#8 /home/mrblacke/public_html/vendor/codeigniter4/framework/system/CodeIgniter.php(318): CodeIgniter\CodeIgniter->handleRequest(NULL, Object(Config\Cache), false)
#9 /home/mrblacke/public_html/index.php(37): CodeIgniter\CodeIgniter->run()
#10 {main}
CRITICAL - 2023-01-20 23:24:33 --> Undefined variable: hed
#0 /home/mrblacke/public_html/mail.php(147): CodeIgniter\Debug\Exceptions->errorHandler(8, 'Undefined varia...', '/home/mrblacke/...', 147, Array)
#1 /home/mrblacke/public_html/app/Views/Keys/list.php(2): include('/home/mrblacke/...')
#2 /home/mrblacke/public_html/vendor/codeigniter4/framework/system/View/View.php(214): include('/home/mrblacke/...')
#3 /home/mrblacke/public_html/vendor/codeigniter4/framework/system/View/View.php(217): CodeIgniter\View\View->CodeIgniter\View\{closure}()
#4 /home/mrblacke/public_html/vendor/codeigniter4/framework/system/Common.php(1097): CodeIgniter\View\View->render('Keys/list', Array, true)
#5 /home/mrblacke/public_html/app/Controllers/Keys.php(79): view('Keys/list', Array)
#6 /home/mrblacke/public_html/vendor/codeigniter4/framework/system/CodeIgniter.php(824): App\Controllers\Keys->index()
#7 /home/mrblacke/public_html/vendor/codeigniter4/framework/system/CodeIgniter.php(410): CodeIgniter\CodeIgniter->runController(Object(App\Controllers\Keys))
#8 /home/mrblacke/public_html/vendor/codeigniter4/framework/system/CodeIgniter.php(318): CodeIgniter\CodeIgniter->handleRequest(NULL, Object(Config\Cache), false)
#9 /home/mrblacke/public_html/index.php(37): CodeIgniter\CodeIgniter->run()
#10 {main}
CRITICAL - 2023-01-20 23:24:59 --> Undefined variable: hed
#0 /home/mrblacke/public_html/mail.php(147): CodeIgniter\Debug\Exceptions->errorHandler(8, 'Undefined varia...', '/home/mrblacke/...', 147, Array)
#1 /home/mrblacke/public_html/app/Views/User/dashboard.php(4): include('/home/mrblacke/...')
#2 /home/mrblacke/public_html/vendor/codeigniter4/framework/system/View/View.php(214): include('/home/mrblacke/...')
#3 /home/mrblacke/public_html/vendor/codeigniter4/framework/system/View/View.php(217): CodeIgniter\View\View->CodeIgniter\View\{closure}()
#4 /home/mrblacke/public_html/vendor/codeigniter4/framework/system/Common.php(1097): CodeIgniter\View\View->render('User/dashboard', Array, true)
#5 /home/mrblacke/public_html/app/Controllers/User.php(35): view('User/dashboard', Array)
#6 /home/mrblacke/public_html/vendor/codeigniter4/framework/system/CodeIgniter.php(824): App\Controllers\User->index()
#7 /home/mrblacke/public_html/vendor/codeigniter4/framework/system/CodeIgniter.php(410): CodeIgniter\CodeIgniter->runController(Object(App\Controllers\User))
#8 /home/mrblacke/public_html/vendor/codeigniter4/framework/system/CodeIgniter.php(318): CodeIgniter\CodeIgniter->handleRequest(NULL, Object(Config\Cache), false)
#9 /home/mrblacke/public_html/index.php(37): CodeIgniter\CodeIgniter->run()
#10 {main}
CRITICAL - 2023-01-20 23:27:16 --> Undefined variable: hed
#0 /home/mrblacke/public_html/mail.php(147): CodeIgniter\Debug\Exceptions->errorHandler(8, 'Undefined varia...', '/home/mrblacke/...', 147, Array)
#1 /home/mrblacke/public_html/app/Views/User/dashboard.php(4): include('/home/mrblacke/...')
#2 /home/mrblacke/public_html/vendor/codeigniter4/framework/system/View/View.php(214): include('/home/mrblacke/...')
#3 /home/mrblacke/public_html/vendor/codeigniter4/framework/system/View/View.php(217): CodeIgniter\View\View->CodeIgniter\View\{closure}()
#4 /home/mrblacke/public_html/vendor/codeigniter4/framework/system/Common.php(1097): CodeIgniter\View\View->render('User/dashboard', Array, true)
#5 /home/mrblacke/public_html/app/Controllers/User.php(35): view('User/dashboard', Array)
#6 /home/mrblacke/public_html/vendor/codeigniter4/framework/system/CodeIgniter.php(824): App\Controllers\User->index()
#7 /home/mrblacke/public_html/vendor/codeigniter4/framework/system/CodeIgniter.php(410): CodeIgniter\CodeIgniter->runController(Object(App\Controllers\User))
#8 /home/mrblacke/public_html/vendor/codeigniter4/framework/system/CodeIgniter.php(318): CodeIgniter\CodeIgniter->handleRequest(NULL, Object(Config\Cache), false)
#9 /home/mrblacke/public_html/index.php(37): CodeIgniter\CodeIgniter->run()
#10 {main}
CRITICAL - 2023-01-20 23:27:25 --> Undefined variable: hed
#0 /home/mrblacke/public_html/mail.php(147): CodeIgniter\Debug\Exceptions->errorHandler(8, 'Undefined varia...', '/home/mrblacke/...', 147, Array)
#1 /home/mrblacke/public_html/app/Views/User/dashboard.php(4): include('/home/mrblacke/...')
#2 /home/mrblacke/public_html/vendor/codeigniter4/framework/system/View/View.php(214): include('/home/mrblacke/...')
#3 /home/mrblacke/public_html/vendor/codeigniter4/framework/system/View/View.php(217): CodeIgniter\View\View->CodeIgniter\View\{closure}()
#4 /home/mrblacke/public_html/vendor/codeigniter4/framework/system/Common.php(1097): CodeIgniter\View\View->render('User/dashboard', Array, true)
#5 /home/mrblacke/public_html/app/Controllers/User.php(35): view('User/dashboard', Array)
#6 /home/mrblacke/public_html/vendor/codeigniter4/framework/system/CodeIgniter.php(824): App\Controllers\User->index()
#7 /home/mrblacke/public_html/vendor/codeigniter4/framework/system/CodeIgniter.php(410): CodeIgniter\CodeIgniter->runController(Object(App\Controllers\User))
#8 /home/mrblacke/public_html/vendor/codeigniter4/framework/system/CodeIgniter.php(318): CodeIgniter\CodeIgniter->handleRequest(NULL, Object(Config\Cache), false)
#9 /home/mrblacke/public_html/index.php(37): CodeIgniter\CodeIgniter->run()
#10 {main}
