ERROR - 2022-06-22 12:24:54 --> Error connecting to the database: Can't connect to local MySQL server through socket '/var/lib/mysql/mysql.sock' (2)
CRITICAL - 2022-06-22 12:24:54 --> Unable to connect to the database.
Main connection [MySQLi]: Can't connect to local MySQL server through socket '/var/lib/mysql/mysql.sock' (2)
#0 /home/offveptk/public_html/online/vendor/codeigniter4/framework/system/Database/BaseConnection.php(577): CodeIgniter\Database\BaseConnection->initialize()
#1 /home/offveptk/public_html/online/vendor/codeigniter4/framework/system/Database/BaseBuilder.php(1443): CodeIgniter\Database\BaseConnection->query('SELECT *\nFROM `...', Array, false)
#2 /home/offveptk/public_html/online/vendor/codeigniter4/framework/system/Model.php(723): CodeIgniter\Database\BaseBuilder->get()
#3 /home/offveptk/public_html/online/app/Models/UserModel.php(29): CodeIgniter\Model->__call('get', Array)
#4 /home/offveptk/public_html/online/app/Models/UserModel.php(70): App\Models\UserModel->getUser('118')
#5 /home/offveptk/public_html/online/app/Filters/AuthFilter.php(19): App\Models\UserModel->checkAuthFilter()
#6 /home/offveptk/public_html/online/vendor/codeigniter4/framework/system/Filters/Filters.php(173): App\Filters\AuthFilter->before(Object(CodeIgniter\HTTP\IncomingRequest), NULL)
#7 /home/offveptk/public_html/online/vendor/codeigniter4/framework/system/CodeIgniter.php(384): CodeIgniter\Filters\Filters->run('Server', 'before')
#8 /home/offveptk/public_html/online/vendor/codeigniter4/framework/system/CodeIgniter.php(318): CodeIgniter\CodeIgniter->handleRequest(NULL, Object(Config\Cache), false)
#9 /home/offveptk/public_html/online/public/index.php(37): CodeIgniter\CodeIgniter->run()
#10 {main}
ERROR - 2022-06-22 12:25:04 --> Error connecting to the database: Can't connect to local MySQL server through socket '/var/lib/mysql/mysql.sock' (2)
CRITICAL - 2022-06-22 12:25:04 --> Unable to connect to the database.
Main connection [MySQLi]: Can't connect to local MySQL server through socket '/var/lib/mysql/mysql.sock' (2)
#0 /home/offveptk/public_html/online/vendor/codeigniter4/framework/system/Database/BaseConnection.php(577): CodeIgniter\Database\BaseConnection->initialize()
#1 /home/offveptk/public_html/online/vendor/codeigniter4/framework/system/Database/BaseBuilder.php(1443): CodeIgniter\Database\BaseConnection->query('SELECT *\nFROM `...', Array, false)
#2 /home/offveptk/public_html/online/vendor/codeigniter4/framework/system/Model.php(723): CodeIgniter\Database\BaseBuilder->get()
#3 /home/offveptk/public_html/online/app/Models/UserModel.php(29): CodeIgniter\Model->__call('get', Array)
#4 /home/offveptk/public_html/online/app/Models/UserModel.php(70): App\Models\UserModel->getUser('118')
#5 /home/offveptk/public_html/online/app/Filters/AuthFilter.php(19): App\Models\UserModel->checkAuthFilter()
#6 /home/offveptk/public_html/online/vendor/codeigniter4/framework/system/Filters/Filters.php(173): App\Filters\AuthFilter->before(Object(CodeIgniter\HTTP\IncomingRequest), NULL)
#7 /home/offveptk/public_html/online/vendor/codeigniter4/framework/system/CodeIgniter.php(384): CodeIgniter\Filters\Filters->run('dashboard', 'before')
#8 /home/offveptk/public_html/online/vendor/codeigniter4/framework/system/CodeIgniter.php(318): CodeIgniter\CodeIgniter->handleRequest(NULL, Object(Config\Cache), false)
#9 /home/offveptk/public_html/online/public/index.php(37): CodeIgniter\CodeIgniter->run()
#10 {main}
ERROR - 2022-06-22 12:25:07 --> Error connecting to the database: Can't connect to local MySQL server through socket '/var/lib/mysql/mysql.sock' (2)
CRITICAL - 2022-06-22 12:25:07 --> Unable to connect to the database.
Main connection [MySQLi]: Can't connect to local MySQL server through socket '/var/lib/mysql/mysql.sock' (2)
#0 /home/offveptk/public_html/online/vendor/codeigniter4/framework/system/Database/BaseConnection.php(577): CodeIgniter\Database\BaseConnection->initialize()
#1 /home/offveptk/public_html/online/vendor/codeigniter4/framework/system/Database/BaseBuilder.php(1443): CodeIgniter\Database\BaseConnection->query('SELECT *\nFROM `...', Array, false)
#2 /home/offveptk/public_html/online/vendor/codeigniter4/framework/system/Model.php(723): CodeIgniter\Database\BaseBuilder->get()
#3 /home/offveptk/public_html/online/app/Models/UserModel.php(29): CodeIgniter\Model->__call('get', Array)
#4 /home/offveptk/public_html/online/app/Models/UserModel.php(70): App\Models\UserModel->getUser('118')
#5 /home/offveptk/public_html/online/app/Filters/AuthFilter.php(19): App\Models\UserModel->checkAuthFilter()
#6 /home/offveptk/public_html/online/vendor/codeigniter4/framework/system/Filters/Filters.php(173): App\Filters\AuthFilter->before(Object(CodeIgniter\HTTP\IncomingRequest), NULL)
#7 /home/offveptk/public_html/online/vendor/codeigniter4/framework/system/CodeIgniter.php(384): CodeIgniter\Filters\Filters->run('dashboard', 'before')
#8 /home/offveptk/public_html/online/vendor/codeigniter4/framework/system/CodeIgniter.php(318): CodeIgniter\CodeIgniter->handleRequest(NULL, Object(Config\Cache), false)
#9 /home/offveptk/public_html/online/public/index.php(37): CodeIgniter\CodeIgniter->run()
#10 {main}
ERROR - 2022-06-22 12:25:21 --> Error connecting to the database: Can't connect to local MySQL server through socket '/var/lib/mysql/mysql.sock' (2)
CRITICAL - 2022-06-22 12:25:21 --> Unable to connect to the database.
Main connection [MySQLi]: Can't connect to local MySQL server through socket '/var/lib/mysql/mysql.sock' (2)
#0 /home/offveptk/public_html/online/vendor/codeigniter4/framework/system/Database/BaseConnection.php(577): CodeIgniter\Database\BaseConnection->initialize()
#1 /home/offveptk/public_html/online/vendor/codeigniter4/framework/system/Database/BaseBuilder.php(1443): CodeIgniter\Database\BaseConnection->query('SELECT *\nFROM `...', Array, false)
#2 /home/offveptk/public_html/online/vendor/codeigniter4/framework/system/Model.php(723): CodeIgniter\Database\BaseBuilder->get()
#3 /home/offveptk/public_html/online/app/Models/UserModel.php(29): CodeIgniter\Model->__call('get', Array)
#4 /home/offveptk/public_html/online/app/Models/UserModel.php(70): App\Models\UserModel->getUser('118')
#5 /home/offveptk/public_html/online/app/Filters/AuthFilter.php(19): App\Models\UserModel->checkAuthFilter()
#6 /home/offveptk/public_html/online/vendor/codeigniter4/framework/system/Filters/Filters.php(173): App\Filters\AuthFilter->before(Object(CodeIgniter\HTTP\IncomingRequest), NULL)
#7 /home/offveptk/public_html/online/vendor/codeigniter4/framework/system/CodeIgniter.php(384): CodeIgniter\Filters\Filters->run('dashboard', 'before')
#8 /home/offveptk/public_html/online/vendor/codeigniter4/framework/system/CodeIgniter.php(318): CodeIgniter\CodeIgniter->handleRequest(NULL, Object(Config\Cache), false)
#9 /home/offveptk/public_html/online/public/index.php(37): CodeIgniter\CodeIgniter->run()
#10 {main}
CRITICAL - 2022-06-22 12:32:34 --> Trying to access array offset on value of type null
#0 /home/offveptk/public_html/online/app/Controllers/Connect.php(261): CodeIgniter\Debug\Exceptions->errorHandler(8, 'Trying to acces...', '/home/offveptk/...', 261, Array)
#1 /home/offveptk/public_html/online/app/Controllers/Connect.php(39): App\Controllers\Connect->index_post()
#2 /home/offveptk/public_html/online/vendor/codeigniter4/framework/system/CodeIgniter.php(824): App\Controllers\Connect->index()
#3 /home/offveptk/public_html/online/vendor/codeigniter4/framework/system/CodeIgniter.php(410): CodeIgniter\CodeIgniter->runController(Object(App\Controllers\Connect))
#4 /home/offveptk/public_html/online/vendor/codeigniter4/framework/system/CodeIgniter.php(318): CodeIgniter\CodeIgniter->handleRequest(NULL, Object(Config\Cache), false)
#5 /home/offveptk/public_html/online/public/index.php(37): CodeIgniter\CodeIgniter->run()
#6 {main}
CRITICAL - 2022-06-22 12:34:34 --> Trying to access array offset on value of type null
#0 /home/offveptk/public_html/online/app/Controllers/Connect.php(261): CodeIgniter\Debug\Exceptions->errorHandler(8, 'Trying to acces...', '/home/offveptk/...', 261, Array)
#1 /home/offveptk/public_html/online/app/Controllers/Connect.php(39): App\Controllers\Connect->index_post()
#2 /home/offveptk/public_html/online/vendor/codeigniter4/framework/system/CodeIgniter.php(824): App\Controllers\Connect->index()
#3 /home/offveptk/public_html/online/vendor/codeigniter4/framework/system/CodeIgniter.php(410): CodeIgniter\CodeIgniter->runController(Object(App\Controllers\Connect))
#4 /home/offveptk/public_html/online/vendor/codeigniter4/framework/system/CodeIgniter.php(318): CodeIgniter\CodeIgniter->handleRequest(NULL, Object(Config\Cache), false)
#5 /home/offveptk/public_html/online/public/index.php(37): CodeIgniter\CodeIgniter->run()
#6 {main}
CRITICAL - 2022-06-22 12:34:36 --> Trying to access array offset on value of type null
#0 /home/offveptk/public_html/online/app/Controllers/Connect.php(261): CodeIgniter\Debug\Exceptions->errorHandler(8, 'Trying to acces...', '/home/offveptk/...', 261, Array)
#1 /home/offveptk/public_html/online/app/Controllers/Connect.php(39): App\Controllers\Connect->index_post()
#2 /home/offveptk/public_html/online/vendor/codeigniter4/framework/system/CodeIgniter.php(824): App\Controllers\Connect->index()
#3 /home/offveptk/public_html/online/vendor/codeigniter4/framework/system/CodeIgniter.php(410): CodeIgniter\CodeIgniter->runController(Object(App\Controllers\Connect))
#4 /home/offveptk/public_html/online/vendor/codeigniter4/framework/system/CodeIgniter.php(318): CodeIgniter\CodeIgniter->handleRequest(NULL, Object(Config\Cache), false)
#5 /home/offveptk/public_html/online/public/index.php(37): CodeIgniter\CodeIgniter->run()
#6 {main}
CRITICAL - 2022-06-22 12:34:43 --> Trying to access array offset on value of type null
#0 /home/offveptk/public_html/online/app/Controllers/Connect.php(261): CodeIgniter\Debug\Exceptions->errorHandler(8, 'Trying to acces...', '/home/offveptk/...', 261, Array)
#1 /home/offveptk/public_html/online/app/Controllers/Connect.php(39): App\Controllers\Connect->index_post()
#2 /home/offveptk/public_html/online/vendor/codeigniter4/framework/system/CodeIgniter.php(824): App\Controllers\Connect->index()
#3 /home/offveptk/public_html/online/vendor/codeigniter4/framework/system/CodeIgniter.php(410): CodeIgniter\CodeIgniter->runController(Object(App\Controllers\Connect))
#4 /home/offveptk/public_html/online/vendor/codeigniter4/framework/system/CodeIgniter.php(318): CodeIgniter\CodeIgniter->handleRequest(NULL, Object(Config\Cache), false)
#5 /home/offveptk/public_html/online/public/index.php(37): CodeIgniter\CodeIgniter->run()
#6 {main}
CRITICAL - 2022-06-22 12:35:15 --> Trying to access array offset on value of type null
#0 /home/offveptk/public_html/online/app/Controllers/Connect.php(261): CodeIgniter\Debug\Exceptions->errorHandler(8, 'Trying to acces...', '/home/offveptk/...', 261, Array)
#1 /home/offveptk/public_html/online/app/Controllers/Connect.php(39): App\Controllers\Connect->index_post()
#2 /home/offveptk/public_html/online/vendor/codeigniter4/framework/system/CodeIgniter.php(824): App\Controllers\Connect->index()
#3 /home/offveptk/public_html/online/vendor/codeigniter4/framework/system/CodeIgniter.php(410): CodeIgniter\CodeIgniter->runController(Object(App\Controllers\Connect))
#4 /home/offveptk/public_html/online/vendor/codeigniter4/framework/system/CodeIgniter.php(318): CodeIgniter\CodeIgniter->handleRequest(NULL, Object(Config\Cache), false)
#5 /home/offveptk/public_html/online/public/index.php(37): CodeIgniter\CodeIgniter->run()
#6 {main}
ERROR - 2022-06-22 19:00:28 --> Error connecting to the database: Access denied for user '****'@'localhost' (using password: YES)
CRITICAL - 2022-06-22 19:00:28 --> Unable to connect to the database.
Main connection [MySQLi]: Access denied for user '****'@'localhost' (using password: YES)
#0 /home/linuxedu/public_html/FallenXonline/vendor/codeigniter4/framework/system/Database/BaseConnection.php(577): CodeIgniter\Database\BaseConnection->initialize()
#1 /home/linuxedu/public_html/FallenXonline/vendor/codeigniter4/framework/system/Database/BaseBuilder.php(1443): CodeIgniter\Database\BaseConnection->query('SELECT 1\nFROM `...', Array, false)
#2 /home/linuxedu/public_html/FallenXonline/vendor/codeigniter4/framework/system/Validation/Rules.php(116): CodeIgniter\Database\BaseBuilder->get()
#3 /home/linuxedu/public_html/FallenXonline/vendor/codeigniter4/framework/system/Validation/Validation.php(277): CodeIgniter\Validation\Rules->is_not_unique('offensive', 'username', Array, NULL)
#4 /home/linuxedu/public_html/FallenXonline/vendor/codeigniter4/framework/system/Validation/Validation.php(151): CodeIgniter\Validation\Validation->processRules('username', 'username', 'offensive', Array, Array)
#5 /home/linuxedu/public_html/FallenXonline/vendor/codeigniter4/framework/system/Controller.php(160): CodeIgniter\Validation\Validation->run()
#6 /home/linuxedu/public_html/FallenXonline/app/Controllers/Auth.php(77): CodeIgniter\Controller->validate(Array)
#7 /home/linuxedu/public_html/FallenXonline/app/Controllers/Auth.php(31): App\Controllers\Auth->login_action()
#8 /home/linuxedu/public_html/FallenXonline/vendor/codeigniter4/framework/system/CodeIgniter.php(824): App\Controllers\Auth->login()
#9 /home/linuxedu/public_html/FallenXonline/vendor/codeigniter4/framework/system/CodeIgniter.php(410): CodeIgniter\CodeIgniter->runController(Object(App\Controllers\Auth))
#10 /home/linuxedu/public_html/FallenXonline/vendor/codeigniter4/framework/system/CodeIgniter.php(318): CodeIgniter\CodeIgniter->handleRequest(NULL, Object(Config\Cache), false)
#11 /home/linuxedu/public_html/FallenXonline/public/index.php(37): CodeIgniter\CodeIgniter->run()
#12 {main}
CRITICAL - 2022-06-22 19:03:23 --> Trying to access array offset on value of type null
#0 /home/linuxedu/public_html/FallenXonline/app/Views/Server/Server.php(36): CodeIgniter\Debug\Exceptions->errorHandler(8, 'Trying to acces...', '/home/linuxedu/...', 36, Array)
#1 /home/linuxedu/public_html/FallenXonline/vendor/codeigniter4/framework/system/View/View.php(214): include('/home/linuxedu/...')
#2 /home/linuxedu/public_html/FallenXonline/vendor/codeigniter4/framework/system/View/View.php(217): CodeIgniter\View\View->CodeIgniter\View\{closure}()
#3 /home/linuxedu/public_html/FallenXonline/vendor/codeigniter4/framework/system/Common.php(1097): CodeIgniter\View\View->render('Server/Server', Array, true)
#4 /home/linuxedu/public_html/FallenXonline/app/Controllers/User.php(295): view('Server/Server', Array)
#5 /home/linuxedu/public_html/FallenXonline/vendor/codeigniter4/framework/system/CodeIgniter.php(824): App\Controllers\User->Server()
#6 /home/linuxedu/public_html/FallenXonline/vendor/codeigniter4/framework/system/CodeIgniter.php(410): CodeIgniter\CodeIgniter->runController(Object(App\Controllers\User))
#7 /home/linuxedu/public_html/FallenXonline/vendor/codeigniter4/framework/system/CodeIgniter.php(318): CodeIgniter\CodeIgniter->handleRequest(NULL, Object(Config\Cache), false)
#8 /home/linuxedu/public_html/FallenXonline/public/index.php(37): CodeIgniter\CodeIgniter->run()
#9 {main}
CRITICAL - 2022-06-22 19:03:57 --> Trying to access array offset on value of type null
#0 /home/linuxedu/public_html/FallenXonline/app/Views/Server/Server.php(36): CodeIgniter\Debug\Exceptions->errorHandler(8, 'Trying to acces...', '/home/linuxedu/...', 36, Array)
#1 /home/linuxedu/public_html/FallenXonline/vendor/codeigniter4/framework/system/View/View.php(214): include('/home/linuxedu/...')
#2 /home/linuxedu/public_html/FallenXonline/vendor/codeigniter4/framework/system/View/View.php(217): CodeIgniter\View\View->CodeIgniter\View\{closure}()
#3 /home/linuxedu/public_html/FallenXonline/vendor/codeigniter4/framework/system/Common.php(1097): CodeIgniter\View\View->render('Server/Server', Array, true)
#4 /home/linuxedu/public_html/FallenXonline/app/Controllers/User.php(295): view('Server/Server', Array)
#5 /home/linuxedu/public_html/FallenXonline/vendor/codeigniter4/framework/system/CodeIgniter.php(824): App\Controllers\User->Server()
#6 /home/linuxedu/public_html/FallenXonline/vendor/codeigniter4/framework/system/CodeIgniter.php(410): CodeIgniter\CodeIgniter->runController(Object(App\Controllers\User))
#7 /home/linuxedu/public_html/FallenXonline/vendor/codeigniter4/framework/system/CodeIgniter.php(318): CodeIgniter\CodeIgniter->handleRequest(NULL, Object(Config\Cache), false)
#8 /home/linuxedu/public_html/FallenXonline/public/index.php(37): CodeIgniter\CodeIgniter->run()
#9 {main}
CRITICAL - 2022-06-22 19:04:51 --> Trying to access array offset on value of type null
#0 /home/linuxedu/public_html/FallenXonline/app/Views/Server/Server.php(36): CodeIgniter\Debug\Exceptions->errorHandler(8, 'Trying to acces...', '/home/linuxedu/...', 36, Array)
#1 /home/linuxedu/public_html/FallenXonline/vendor/codeigniter4/framework/system/View/View.php(214): include('/home/linuxedu/...')
#2 /home/linuxedu/public_html/FallenXonline/vendor/codeigniter4/framework/system/View/View.php(217): CodeIgniter\View\View->CodeIgniter\View\{closure}()
#3 /home/linuxedu/public_html/FallenXonline/vendor/codeigniter4/framework/system/Common.php(1097): CodeIgniter\View\View->render('Server/Server', Array, true)
#4 /home/linuxedu/public_html/FallenXonline/app/Controllers/User.php(295): view('Server/Server', Array)
#5 /home/linuxedu/public_html/FallenXonline/vendor/codeigniter4/framework/system/CodeIgniter.php(824): App\Controllers\User->Server()
#6 /home/linuxedu/public_html/FallenXonline/vendor/codeigniter4/framework/system/CodeIgniter.php(410): CodeIgniter\CodeIgniter->runController(Object(App\Controllers\User))
#7 /home/linuxedu/public_html/FallenXonline/vendor/codeigniter4/framework/system/CodeIgniter.php(318): CodeIgniter\CodeIgniter->handleRequest(NULL, Object(Config\Cache), false)
#8 /home/linuxedu/public_html/FallenXonline/public/index.php(37): CodeIgniter\CodeIgniter->run()
#9 {main}
CRITICAL - 2022-06-22 19:06:00 --> Trying to access array offset on value of type null
#0 /home/linuxedu/public_html/FallenXonline/app/Views/Server/Server.php(36): CodeIgniter\Debug\Exceptions->errorHandler(8, 'Trying to acces...', '/home/linuxedu/...', 36, Array)
#1 /home/linuxedu/public_html/FallenXonline/vendor/codeigniter4/framework/system/View/View.php(214): include('/home/linuxedu/...')
#2 /home/linuxedu/public_html/FallenXonline/vendor/codeigniter4/framework/system/View/View.php(217): CodeIgniter\View\View->CodeIgniter\View\{closure}()
#3 /home/linuxedu/public_html/FallenXonline/vendor/codeigniter4/framework/system/Common.php(1097): CodeIgniter\View\View->render('Server/Server', Array, true)
#4 /home/linuxedu/public_html/FallenXonline/app/Controllers/User.php(295): view('Server/Server', Array)
#5 /home/linuxedu/public_html/FallenXonline/vendor/codeigniter4/framework/system/CodeIgniter.php(824): App\Controllers\User->Server()
#6 /home/linuxedu/public_html/FallenXonline/vendor/codeigniter4/framework/system/CodeIgniter.php(410): CodeIgniter\CodeIgniter->runController(Object(App\Controllers\User))
#7 /home/linuxedu/public_html/FallenXonline/vendor/codeigniter4/framework/system/CodeIgniter.php(318): CodeIgniter\CodeIgniter->handleRequest(NULL, Object(Config\Cache), false)
#8 /home/linuxedu/public_html/FallenXonline/public/index.php(37): CodeIgniter\CodeIgniter->run()
#9 {main}
CRITICAL - 2022-06-22 19:06:47 --> Trying to access array offset on value of type null
#0 /home/linuxedu/public_html/FallenXonline/app/Views/Server/Server.php(36): CodeIgniter\Debug\Exceptions->errorHandler(8, 'Trying to acces...', '/home/linuxedu/...', 36, Array)
#1 /home/linuxedu/public_html/FallenXonline/vendor/codeigniter4/framework/system/View/View.php(214): include('/home/linuxedu/...')
#2 /home/linuxedu/public_html/FallenXonline/vendor/codeigniter4/framework/system/View/View.php(217): CodeIgniter\View\View->CodeIgniter\View\{closure}()
#3 /home/linuxedu/public_html/FallenXonline/vendor/codeigniter4/framework/system/Common.php(1097): CodeIgniter\View\View->render('Server/Server', Array, true)
#4 /home/linuxedu/public_html/FallenXonline/app/Controllers/User.php(295): view('Server/Server', Array)
#5 /home/linuxedu/public_html/FallenXonline/vendor/codeigniter4/framework/system/CodeIgniter.php(824): App\Controllers\User->Server()
#6 /home/linuxedu/public_html/FallenXonline/vendor/codeigniter4/framework/system/CodeIgniter.php(410): CodeIgniter\CodeIgniter->runController(Object(App\Controllers\User))
#7 /home/linuxedu/public_html/FallenXonline/vendor/codeigniter4/framework/system/CodeIgniter.php(318): CodeIgniter\CodeIgniter->handleRequest(NULL, Object(Config\Cache), false)
#8 /home/linuxedu/public_html/FallenXonline/public/index.php(37): CodeIgniter\CodeIgniter->run()
#9 {main}
CRITICAL - 2022-06-22 19:08:32 --> Trying to access array offset on value of type null
#0 /home/linuxedu/public_html/FallenXonline/app/Views/Server/Server.php(124): CodeIgniter\Debug\Exceptions->errorHandler(8, 'Trying to acces...', '/home/linuxedu/...', 124, Array)
#1 /home/linuxedu/public_html/FallenXonline/vendor/codeigniter4/framework/system/View/View.php(214): include('/home/linuxedu/...')
#2 /home/linuxedu/public_html/FallenXonline/vendor/codeigniter4/framework/system/View/View.php(217): CodeIgniter\View\View->CodeIgniter\View\{closure}()
#3 /home/linuxedu/public_html/FallenXonline/vendor/codeigniter4/framework/system/Common.php(1097): CodeIgniter\View\View->render('Server/Server', Array, true)
#4 /home/linuxedu/public_html/FallenXonline/app/Controllers/User.php(295): view('Server/Server', Array)
#5 /home/linuxedu/public_html/FallenXonline/vendor/codeigniter4/framework/system/CodeIgniter.php(824): App\Controllers\User->Server()
#6 /home/linuxedu/public_html/FallenXonline/vendor/codeigniter4/framework/system/CodeIgniter.php(410): CodeIgniter\CodeIgniter->runController(Object(App\Controllers\User))
#7 /home/linuxedu/public_html/FallenXonline/vendor/codeigniter4/framework/system/CodeIgniter.php(318): CodeIgniter\CodeIgniter->handleRequest(NULL, Object(Config\Cache), false)
#8 /home/linuxedu/public_html/FallenXonline/public/index.php(37): CodeIgniter\CodeIgniter->run()
#9 {main}
CRITICAL - 2022-06-22 19:09:33 --> Trying to access array offset on value of type null
#0 /home/linuxedu/public_html/FallenXonline/app/Views/Server/Server.php(124): CodeIgniter\Debug\Exceptions->errorHandler(8, 'Trying to acces...', '/home/linuxedu/...', 124, Array)
#1 /home/linuxedu/public_html/FallenXonline/vendor/codeigniter4/framework/system/View/View.php(214): include('/home/linuxedu/...')
#2 /home/linuxedu/public_html/FallenXonline/vendor/codeigniter4/framework/system/View/View.php(217): CodeIgniter\View\View->CodeIgniter\View\{closure}()
#3 /home/linuxedu/public_html/FallenXonline/vendor/codeigniter4/framework/system/Common.php(1097): CodeIgniter\View\View->render('Server/Server', Array, true)
#4 /home/linuxedu/public_html/FallenXonline/app/Controllers/User.php(295): view('Server/Server', Array)
#5 /home/linuxedu/public_html/FallenXonline/vendor/codeigniter4/framework/system/CodeIgniter.php(824): App\Controllers\User->Server()
#6 /home/linuxedu/public_html/FallenXonline/vendor/codeigniter4/framework/system/CodeIgniter.php(410): CodeIgniter\CodeIgniter->runController(Object(App\Controllers\User))
#7 /home/linuxedu/public_html/FallenXonline/vendor/codeigniter4/framework/system/CodeIgniter.php(318): CodeIgniter\CodeIgniter->handleRequest(NULL, Object(Config\Cache), false)
#8 /home/linuxedu/public_html/FallenXonline/public/index.php(37): CodeIgniter\CodeIgniter->run()
#9 {main}
CRITICAL - 2022-06-22 19:38:08 --> syntax error, unexpected 'https' (T_STRING), expecting ';'
#0 /home/linuxedu/public_html/FallenXonline/vendor/codeigniter4/framework/system/Autoloader/Autoloader.php(241): CodeIgniter\Autoloader\Autoloader->includeFile('/home/linuxedu/...')
#1 /home/linuxedu/public_html/FallenXonline/vendor/codeigniter4/framework/system/Autoloader/Autoloader.php(219): CodeIgniter\Autoloader\Autoloader->loadInNamespace('App\\Controllers...')
#2 [internal function]: CodeIgniter\Autoloader\Autoloader->loadClass('App\\Controllers...')
#3 [internal function]: spl_autoload_call('App\\Controllers...')
#4 /home/linuxedu/public_html/FallenXonline/vendor/codeigniter4/framework/system/CodeIgniter.php(789): class_exists('\\App\\Controller...', true)
#5 /home/linuxedu/public_html/FallenXonline/vendor/codeigniter4/framework/system/CodeIgniter.php(397): CodeIgniter\CodeIgniter->startController()
#6 /home/linuxedu/public_html/FallenXonline/vendor/codeigniter4/framework/system/CodeIgniter.php(318): CodeIgniter\CodeIgniter->handleRequest(NULL, Object(Config\Cache), false)
#7 /home/linuxedu/public_html/FallenXonline/public/index.php(37): CodeIgniter\CodeIgniter->run()
#8 {main}
CRITICAL - 2022-06-22 19:39:55 --> syntax error, unexpected '@', expecting ';'
#0 /home/linuxedu/public_html/FallenXonline/vendor/codeigniter4/framework/system/Autoloader/Autoloader.php(241): CodeIgniter\Autoloader\Autoloader->includeFile('/home/linuxedu/...')
#1 /home/linuxedu/public_html/FallenXonline/vendor/codeigniter4/framework/system/Autoloader/Autoloader.php(219): CodeIgniter\Autoloader\Autoloader->loadInNamespace('App\\Controllers...')
#2 [internal function]: CodeIgniter\Autoloader\Autoloader->loadClass('App\\Controllers...')
#3 [internal function]: spl_autoload_call('App\\Controllers...')
#4 /home/linuxedu/public_html/FallenXonline/vendor/codeigniter4/framework/system/CodeIgniter.php(789): class_exists('\\App\\Controller...', true)
#5 /home/linuxedu/public_html/FallenXonline/vendor/codeigniter4/framework/system/CodeIgniter.php(397): CodeIgniter\CodeIgniter->startController()
#6 /home/linuxedu/public_html/FallenXonline/vendor/codeigniter4/framework/system/CodeIgniter.php(318): CodeIgniter\CodeIgniter->handleRequest(NULL, Object(Config\Cache), false)
#7 /home/linuxedu/public_html/FallenXonline/public/index.php(37): CodeIgniter\CodeIgniter->run()
#8 {main}
CRITICAL - 2022-06-22 19:44:25 --> syntax error, unexpected 'this' (T_STRING), expecting ';'
#0 /home/linuxedu/public_html/FallenXonline/vendor/codeigniter4/framework/system/Autoloader/Autoloader.php(241): CodeIgniter\Autoloader\Autoloader->includeFile('/home/linuxedu/...')
#1 /home/linuxedu/public_html/FallenXonline/vendor/codeigniter4/framework/system/Autoloader/Autoloader.php(219): CodeIgniter\Autoloader\Autoloader->loadInNamespace('App\\Controllers...')
#2 [internal function]: CodeIgniter\Autoloader\Autoloader->loadClass('App\\Controllers...')
#3 [internal function]: spl_autoload_call('App\\Controllers...')
#4 /home/linuxedu/public_html/FallenXonline/vendor/codeigniter4/framework/system/CodeIgniter.php(789): class_exists('\\App\\Controller...', true)
#5 /home/linuxedu/public_html/FallenXonline/vendor/codeigniter4/framework/system/CodeIgniter.php(397): CodeIgniter\CodeIgniter->startController()
#6 /home/linuxedu/public_html/FallenXonline/vendor/codeigniter4/framework/system/CodeIgniter.php(318): CodeIgniter\CodeIgniter->handleRequest(NULL, Object(Config\Cache), false)
#7 /home/linuxedu/public_html/FallenXonline/public/index.php(37): CodeIgniter\CodeIgniter->run()
#8 {main}
CRITICAL - 2022-06-22 19:44:49 --> syntax error, unexpected 'this' (T_STRING), expecting ';'
#0 /home/linuxedu/public_html/FallenXonline/vendor/codeigniter4/framework/system/Autoloader/Autoloader.php(241): CodeIgniter\Autoloader\Autoloader->includeFile('/home/linuxedu/...')
#1 /home/linuxedu/public_html/FallenXonline/vendor/codeigniter4/framework/system/Autoloader/Autoloader.php(219): CodeIgniter\Autoloader\Autoloader->loadInNamespace('App\\Controllers...')
#2 [internal function]: CodeIgniter\Autoloader\Autoloader->loadClass('App\\Controllers...')
#3 [internal function]: spl_autoload_call('App\\Controllers...')
#4 /home/linuxedu/public_html/FallenXonline/vendor/codeigniter4/framework/system/CodeIgniter.php(789): class_exists('\\App\\Controller...', true)
#5 /home/linuxedu/public_html/FallenXonline/vendor/codeigniter4/framework/system/CodeIgniter.php(397): CodeIgniter\CodeIgniter->startController()
#6 /home/linuxedu/public_html/FallenXonline/vendor/codeigniter4/framework/system/CodeIgniter.php(318): CodeIgniter\CodeIgniter->handleRequest(NULL, Object(Config\Cache), false)
#7 /home/linuxedu/public_html/FallenXonline/public/index.php(37): CodeIgniter\CodeIgniter->run()
#8 {main}
CRITICAL - 2022-06-22 19:45:23 --> syntax error, unexpected 'this' (T_STRING), expecting ';'
#0 /home/linuxedu/public_html/FallenXonline/vendor/codeigniter4/framework/system/Autoloader/Autoloader.php(241): CodeIgniter\Autoloader\Autoloader->includeFile('/home/linuxedu/...')
#1 /home/linuxedu/public_html/FallenXonline/vendor/codeigniter4/framework/system/Autoloader/Autoloader.php(219): CodeIgniter\Autoloader\Autoloader->loadInNamespace('App\\Controllers...')
#2 [internal function]: CodeIgniter\Autoloader\Autoloader->loadClass('App\\Controllers...')
#3 [internal function]: spl_autoload_call('App\\Controllers...')
#4 /home/linuxedu/public_html/FallenXonline/vendor/codeigniter4/framework/system/CodeIgniter.php(789): class_exists('\\App\\Controller...', true)
#5 /home/linuxedu/public_html/FallenXonline/vendor/codeigniter4/framework/system/CodeIgniter.php(397): CodeIgniter\CodeIgniter->startController()
#6 /home/linuxedu/public_html/FallenXonline/vendor/codeigniter4/framework/system/CodeIgniter.php(318): CodeIgniter\CodeIgniter->handleRequest(NULL, Object(Config\Cache), false)
#7 /home/linuxedu/public_html/FallenXonline/public/index.php(37): CodeIgniter\CodeIgniter->run()
#8 {main}
CRITICAL - 2022-06-22 20:26:18 --> Trying to access array offset on value of type null
#0 /home/linuxedu/public_html/FallenXonline/app/Controllers/Connect.php(261): CodeIgniter\Debug\Exceptions->errorHandler(8, 'Trying to acces...', '/home/linuxedu/...', 261, Array)
#1 /home/linuxedu/public_html/FallenXonline/app/Controllers/Connect.php(39): App\Controllers\Connect->index_post()
#2 /home/linuxedu/public_html/FallenXonline/vendor/codeigniter4/framework/system/CodeIgniter.php(824): App\Controllers\Connect->index()
#3 /home/linuxedu/public_html/FallenXonline/vendor/codeigniter4/framework/system/CodeIgniter.php(410): CodeIgniter\CodeIgniter->runController(Object(App\Controllers\Connect))
#4 /home/linuxedu/public_html/FallenXonline/vendor/codeigniter4/framework/system/CodeIgniter.php(318): CodeIgniter\CodeIgniter->handleRequest(NULL, Object(Config\Cache), false)
#5 /home/linuxedu/public_html/FallenXonline/public/index.php(37): CodeIgniter\CodeIgniter->run()
#6 {main}
CRITICAL - 2022-06-22 20:54:27 --> Undefined index: modname
#0 /home/linuxedu/public_html/FallenXonline/app/Views/Server/Server.php(97): CodeIgniter\Debug\Exceptions->errorHandler(8, 'Undefined index...', '/home/linuxedu/...', 97, Array)
#1 /home/linuxedu/public_html/FallenXonline/vendor/codeigniter4/framework/system/View/View.php(214): include('/home/linuxedu/...')
#2 /home/linuxedu/public_html/FallenXonline/vendor/codeigniter4/framework/system/View/View.php(217): CodeIgniter\View\View->CodeIgniter\View\{closure}()
#3 /home/linuxedu/public_html/FallenXonline/vendor/codeigniter4/framework/system/Common.php(1097): CodeIgniter\View\View->render('Server/Server', Array, true)
#4 /home/linuxedu/public_html/FallenXonline/app/Controllers/User.php(295): view('Server/Server', Array)
#5 /home/linuxedu/public_html/FallenXonline/vendor/codeigniter4/framework/system/CodeIgniter.php(824): App\Controllers\User->Server()
#6 /home/linuxedu/public_html/FallenXonline/vendor/codeigniter4/framework/system/CodeIgniter.php(410): CodeIgniter\CodeIgniter->runController(Object(App\Controllers\User))
#7 /home/linuxedu/public_html/FallenXonline/vendor/codeigniter4/framework/system/CodeIgniter.php(318): CodeIgniter\CodeIgniter->handleRequest(NULL, Object(Config\Cache), false)
#8 /home/linuxedu/public_html/FallenXonline/public/index.php(37): CodeIgniter\CodeIgniter->run()
#9 {main}
CRITICAL - 2022-06-22 20:54:53 --> Undefined index: modname
#0 /home/linuxedu/public_html/FallenXonline/app/Views/Server/Server.php(97): CodeIgniter\Debug\Exceptions->errorHandler(8, 'Undefined index...', '/home/linuxedu/...', 97, Array)
#1 /home/linuxedu/public_html/FallenXonline/vendor/codeigniter4/framework/system/View/View.php(214): include('/home/linuxedu/...')
#2 /home/linuxedu/public_html/FallenXonline/vendor/codeigniter4/framework/system/View/View.php(217): CodeIgniter\View\View->CodeIgniter\View\{closure}()
#3 /home/linuxedu/public_html/FallenXonline/vendor/codeigniter4/framework/system/Common.php(1097): CodeIgniter\View\View->render('Server/Server', Array, true)
#4 /home/linuxedu/public_html/FallenXonline/app/Controllers/User.php(295): view('Server/Server', Array)
#5 /home/linuxedu/public_html/FallenXonline/vendor/codeigniter4/framework/system/CodeIgniter.php(824): App\Controllers\User->Server()
#6 /home/linuxedu/public_html/FallenXonline/vendor/codeigniter4/framework/system/CodeIgniter.php(410): CodeIgniter\CodeIgniter->runController(Object(App\Controllers\User))
#7 /home/linuxedu/public_html/FallenXonline/vendor/codeigniter4/framework/system/CodeIgniter.php(318): CodeIgniter\CodeIgniter->handleRequest(NULL, Object(Config\Cache), false)
#8 /home/linuxedu/public_html/FallenXonline/public/index.php(37): CodeIgniter\CodeIgniter->run()
#9 {main}
CRITICAL - 2022-06-22 20:54:55 --> Undefined index: modname
#0 /home/linuxedu/public_html/FallenXonline/app/Views/Server/Server.php(97): CodeIgniter\Debug\Exceptions->errorHandler(8, 'Undefined index...', '/home/linuxedu/...', 97, Array)
#1 /home/linuxedu/public_html/FallenXonline/vendor/codeigniter4/framework/system/View/View.php(214): include('/home/linuxedu/...')
#2 /home/linuxedu/public_html/FallenXonline/vendor/codeigniter4/framework/system/View/View.php(217): CodeIgniter\View\View->CodeIgniter\View\{closure}()
#3 /home/linuxedu/public_html/FallenXonline/vendor/codeigniter4/framework/system/Common.php(1097): CodeIgniter\View\View->render('Server/Server', Array, true)
#4 /home/linuxedu/public_html/FallenXonline/app/Controllers/User.php(295): view('Server/Server', Array)
#5 /home/linuxedu/public_html/FallenXonline/vendor/codeigniter4/framework/system/CodeIgniter.php(824): App\Controllers\User->Server()
#6 /home/linuxedu/public_html/FallenXonline/vendor/codeigniter4/framework/system/CodeIgniter.php(410): CodeIgniter\CodeIgniter->runController(Object(App\Controllers\User))
#7 /home/linuxedu/public_html/FallenXonline/vendor/codeigniter4/framework/system/CodeIgniter.php(318): CodeIgniter\CodeIgniter->handleRequest(NULL, Object(Config\Cache), false)
#8 /home/linuxedu/public_html/FallenXonline/public/index.php(37): CodeIgniter\CodeIgniter->run()
#9 {main}
CRITICAL - 2022-06-22 20:58:44 --> Invalid file: Server/Server.php
#0 /home/linuxedu/public_html/FallenXonline/vendor/codeigniter4/framework/system/View/View.php(198): CodeIgniter\Exceptions\FrameworkException::forInvalidFile('Server/Server.p...')
#1 /home/linuxedu/public_html/FallenXonline/vendor/codeigniter4/framework/system/Common.php(1097): CodeIgniter\View\View->render('Server/Server', Array, true)
#2 /home/linuxedu/public_html/FallenXonline/app/Controllers/User.php(295): view('Server/Server', Array)
#3 /home/linuxedu/public_html/FallenXonline/vendor/codeigniter4/framework/system/CodeIgniter.php(824): App\Controllers\User->Server()
#4 /home/linuxedu/public_html/FallenXonline/vendor/codeigniter4/framework/system/CodeIgniter.php(410): CodeIgniter\CodeIgniter->runController(Object(App\Controllers\User))
#5 /home/linuxedu/public_html/FallenXonline/vendor/codeigniter4/framework/system/CodeIgniter.php(318): CodeIgniter\CodeIgniter->handleRequest(NULL, Object(Config\Cache), false)
#6 /home/linuxedu/public_html/FallenXonline/public/index.php(37): CodeIgniter\CodeIgniter->run()
#7 {main}
CRITICAL - 2022-06-22 23:20:56 --> Undefined index: status
#0 /home/linuxedu/public_html/FallenXonline/app/Views/Layout/Header.php(67): CodeIgniter\Debug\Exceptions->errorHandler(8, 'Undefined index...', '/home/linuxedu/...', 67, Array)
#1 /home/linuxedu/public_html/FallenXonline/vendor/codeigniter4/framework/system/View/View.php(214): include('/home/linuxedu/...')
#2 /home/linuxedu/public_html/FallenXonline/vendor/codeigniter4/framework/system/View/View.php(217): CodeIgniter\View\View->CodeIgniter\View\{closure}()
#3 /home/linuxedu/public_html/FallenXonline/vendor/codeigniter4/framework/system/View/View.php(432): CodeIgniter\View\View->render('Layout/Header', NULL, true)
#4 /home/linuxedu/public_html/FallenXonline/app/Views/Layout/Starter.php(22): CodeIgniter\View\View->include('Layout/Header')
#5 /home/linuxedu/public_html/FallenXonline/vendor/codeigniter4/framework/system/View/View.php(214): include('/home/linuxedu/...')
#6 /home/linuxedu/public_html/FallenXonline/vendor/codeigniter4/framework/system/View/View.php(217): CodeIgniter\View\View->CodeIgniter\View\{closure}()
#7 /home/linuxedu/public_html/FallenXonline/vendor/codeigniter4/framework/system/View/View.php(230): CodeIgniter\View\View->render('Layout/Starter', Array, true)
#8 /home/linuxedu/public_html/FallenXonline/vendor/codeigniter4/framework/system/Common.php(1097): CodeIgniter\View\View->render('Server/Server', Array, true)
#9 /home/linuxedu/public_html/FallenXonline/app/Controllers/User.php(295): view('Server/Server', Array)
#10 /home/linuxedu/public_html/FallenXonline/vendor/codeigniter4/framework/system/CodeIgniter.php(824): App\Controllers\User->Server()
#11 /home/linuxedu/public_html/FallenXonline/vendor/codeigniter4/framework/system/CodeIgniter.php(410): CodeIgniter\CodeIgniter->runController(Object(App\Controllers\User))
#12 /home/linuxedu/public_html/FallenXonline/vendor/codeigniter4/framework/system/CodeIgniter.php(318): CodeIgniter\CodeIgniter->handleRequest(NULL, Object(Config\Cache), false)
#13 /home/linuxedu/public_html/FallenXonline/public/index.php(37): CodeIgniter\CodeIgniter->run()
#14 {main}
